[2026年 03月 24日 星期二 07:00:01 CST] 开始知几-E 数据采集...
/home/nicola/.openclaw/workspace/polymarket-data/weather-models/wmo_collector.py:66: DeprecationWarning: datetime.datetime.utcnow() is deprecated and scheduled for removal in a future version. Use timezone-aware objects to represent datetimes in UTC: datetime.datetime.now(datetime.UTC).
  "fetched_at": datetime.utcnow().isoformat(),
Fetching beijing...
Error fetching beijing: HTTPSConnectionPool(host='api.open-meteo.com', port=443): Max retries exceeded with url: /v1/forecast?latitude=39.9042&longitude=116.4074&daily=temperature_2m_max%2Ctemperature_2m_min%2Cprecipitation_sum%2Cweathercode&timezone=auto&forecast_days=7 (Caused by SSLError(SSLEOFError(8, '[SSL: UNEXPECTED_EOF_WHILE_READING] EOF occurred in violation of protocol (_ssl.c:1000)')))
Fetching shanghai...
Error fetching shanghai: HTTPSConnectionPool(host='api.open-meteo.com', port=443): Max retries exceeded with url: /v1/forecast?latitude=31.2304&longitude=121.4737&daily=temperature_2m_max%2Ctemperature_2m_min%2Cprecipitation_sum%2Cweathercode&timezone=auto&forecast_days=7 (Caused by SSLError(SSLEOFError(8, '[SSL: UNEXPECTED_EOF_WHILE_READING] EOF occurred in violation of protocol (_ssl.c:1000)')))
Fetching chongqing...
Error fetching chongqing: HTTPSConnectionPool(host='api.open-meteo.com', port=443): Max retries exceeded with url: /v1/forecast?latitude=29.4316&longitude=106.9123&daily=temperature_2m_max%2Ctemperature_2m_min%2Cprecipitation_sum%2Cweathercode&timezone=auto&forecast_days=7 (Caused by SSLError(SSLEOFError(8, '[SSL: UNEXPECTED_EOF_WHILE_READING] EOF occurred in violation of protocol (_ssl.c:1000)')))
Fetching shenzhen...
Error fetching shenzhen: HTTPSConnectionPool(host='api.open-meteo.com', port=443): Max retries exceeded with url: /v1/forecast?latitude=22.5431&longitude=114.0579&daily=temperature_2m_max%2Ctemperature_2m_min%2Cprecipitation_sum%2Cweathercode&timezone=auto&forecast_days=7 (Caused by SSLError(SSLEOFError(8, '[SSL: UNEXPECTED_EOF_WHILE_READING] EOF occurred in violation of protocol (_ssl.c:1000)')))
Fetching guangzhou...
Error fetching guangzhou: HTTPSConnectionPool(host='api.open-meteo.com', port=443): Max retries exceeded with url: /v1/forecast?latitude=23.1291&longitude=113.2644&daily=temperature_2m_max%2Ctemperature_2m_min%2Cprecipitation_sum%2Cweathercode&timezone=auto&forecast_days=7 (Caused by SSLError(SSLEOFError(8, '[SSL: UNEXPECTED_EOF_WHILE_READING] EOF occurred in violation of protocol (_ssl.c:1000)')))
Fetching chengdu...
Error fetching chengdu: HTTPSConnectionPool(host='api.open-meteo.com', port=443): Max retries exceeded with url: /v1/forecast?latitude=30.5728&longitude=104.0668&daily=temperature_2m_max%2Ctemperature_2m_min%2Cprecipitation_sum%2Cweathercode&timezone=auto&forecast_days=7 (Caused by SSLError(SSLEOFError(8, '[SSL: UNEXPECTED_EOF_WHILE_READING] EOF occurred in violation of protocol (_ssl.c:1000)')))
Fetching wuhan...
Fetching xian...
Error fetching xian: HTTPSConnectionPool(host='api.open-meteo.com', port=443): Max retries exceeded with url: /v1/forecast?latitude=34.3416&longitude=108.9398&daily=temperature_2m_max%2Ctemperature_2m_min%2Cprecipitation_sum%2Cweathercode&timezone=auto&forecast_days=7 (Caused by SSLError(SSLEOFError(8, '[SSL: UNEXPECTED_EOF_WHILE_READING] EOF occurred in violation of protocol (_ssl.c:1000)')))
Fetching hangzhou...
Error fetching hangzhou: HTTPSConnectionPool(host='api.open-meteo.com', port=443): Max retries exceeded with url: /v1/forecast?latitude=30.2741&longitude=120.1551&daily=temperature_2m_max%2Ctemperature_2m_min%2Cprecipitation_sum%2Cweathercode&timezone=auto&forecast_days=7 (Caused by SSLError(SSLEOFError(8, '[SSL: UNEXPECTED_EOF_WHILE_READING] EOF occurred in violation of protocol (_ssl.c:1000)')))
Fetching nanjing...
Error fetching nanjing: HTTPSConnectionPool(host='api.open-meteo.com', port=443): Max retries exceeded with url: /v1/forecast?latitude=32.0603&longitude=118.7969&daily=temperature_2m_max%2Ctemperature_2m_min%2Cprecipitation_sum%2Cweathercode&timezone=auto&forecast_days=7 (Caused by SSLError(SSLEOFError(8, '[SSL: UNEXPECTED_EOF_WHILE_READING] EOF occurred in violation of protocol (_ssl.c:1000)')))
Fetching new_york...
Fetching london...
Fetching tokyo...
Fetching paris...
Fetching berlin...
Fetching moscow...
Fetching sydney...
Fetching mumbai...
Fetching singapore...
Fetching dubai...
Fetching hong_kong...
Fetching taipei...
Fetching seoul...
Fetching bangkok...
Fetching jakarta...
Error fetching jakarta: HTTPSConnectionPool(host='api.open-meteo.com', port=443): Max retries exceeded with url: /v1/forecast?latitude=-6.2088&longitude=106.8456&daily=temperature_2m_max%2Ctemperature_2m_min%2Cprecipitation_sum%2Cweathercode&timezone=auto&forecast_days=7 (Caused by SSLError(SSLEOFError(8, '[SSL: UNEXPECTED_EOF_WHILE_READING] EOF occurred in violation of protocol (_ssl.c:1000)')))
Fetching manila...
Fetching kuala_lumpur...
Fetching hanoi...
✅ Saved 18 cities to daily_forecasts_20260324.jsonl
/home/nicola/.openclaw/workspace/skills/zhiji/strategy_v21.py:86: DeprecationWarning: datetime.datetime.utcnow() is deprecated and scheduled for removal in a future version. Use timezone-aware objects to represent datetimes in UTC: datetime.datetime.now(datetime.UTC).
  "executed_at": datetime.utcnow().isoformat(),
{
  "strategy": "v2.1",
  "executed_at": "2026-03-23T23:00:47.440908",
  "opportunities_found": 0,
  "top_opportunities": [],
  "total_exposure": 0
}
[2026年 03月 24日 星期二 07:00:47 CST] 知几-E 任务完成
