[2026年 03月 25日 星期三 07:00:01 CST] 开始知几-E 数据采集...
/home/nicola/.openclaw/workspace/polymarket-data/weather-models/wmo_collector.py:66: DeprecationWarning: datetime.datetime.utcnow() is deprecated and scheduled for removal in a future version. Use timezone-aware objects to represent datetimes in UTC: datetime.datetime.now(datetime.UTC).
  "fetched_at": datetime.utcnow().isoformat(),
Fetching beijing...
Fetching shanghai...
Error fetching shanghai: HTTPSConnectionPool(host='api.open-meteo.com', port=443): Max retries exceeded with url: /v1/forecast?latitude=31.2304&longitude=121.4737&daily=temperature_2m_max%2Ctemperature_2m_min%2Cprecipitation_sum%2Cweathercode&timezone=auto&forecast_days=7 (Caused by SSLError(SSLEOFError(8, '[SSL: UNEXPECTED_EOF_WHILE_READING] EOF occurred in violation of protocol (_ssl.c:1000)')))
Fetching chongqing...
Fetching shenzhen...
Fetching guangzhou...
Fetching chengdu...
Fetching wuhan...
Fetching xian...
Fetching hangzhou...
Fetching nanjing...
Fetching new_york...
Fetching london...
Fetching tokyo...
Fetching paris...
Fetching berlin...
Fetching moscow...
Fetching sydney...
Fetching mumbai...
Fetching singapore...
Fetching dubai...
Fetching hong_kong...
Fetching taipei...
Fetching seoul...
Fetching bangkok...
Fetching jakarta...
Fetching manila...
Fetching kuala_lumpur...
Fetching hanoi...
✅ Saved 27 cities to daily_forecasts_20260325.jsonl
/home/nicola/.openclaw/workspace/skills/zhiji/strategy_v21.py:124: DeprecationWarning: datetime.datetime.utcnow() is deprecated and scheduled for removal in a future version. Use timezone-aware objects to represent datetimes in UTC: datetime.datetime.now(datetime.UTC).
  "executed_at": datetime.utcnow().isoformat(),
{
  "strategy": "v2.1",
  "executed_at": "2026-03-24T23:00:59.378011",
  "opportunities_found": 0,
  "top_opportunities": [],
  "total_exposure": 0
}
[2026年 03月 25日 星期三 07:00:59 CST] 知几-E 任务完成
[2026年 03月 25日 星期三 07:54:42 CST] 开始知几-E 数据采集...
/home/nicola/.openclaw/workspace/polymarket-data/weather-models/wmo_collector.py:66: DeprecationWarning: datetime.datetime.utcnow() is deprecated and scheduled for removal in a future version. Use timezone-aware objects to represent datetimes in UTC: datetime.datetime.now(datetime.UTC).
  "fetched_at": datetime.utcnow().isoformat(),
Fetching beijing...
Fetching shanghai...
Fetching chongqing...
Fetching shenzhen...
Fetching guangzhou...
Fetching chengdu...
Fetching wuhan...
Fetching xian...
Fetching hangzhou...
Fetching nanjing...
Fetching new_york...
Fetching london...
Fetching tokyo...
Fetching paris...
Fetching berlin...
Fetching moscow...
Fetching sydney...
Fetching mumbai...
Fetching singapore...
Error fetching singapore: HTTPSConnectionPool(host='api.open-meteo.com', port=443): Max retries exceeded with url: /v1/forecast?latitude=1.3521&longitude=103.8198&daily=temperature_2m_max%2Ctemperature_2m_min%2Cprecipitation_sum%2Cweathercode&timezone=auto&forecast_days=7 (Caused by SSLError(SSLEOFError(8, '[SSL: UNEXPECTED_EOF_WHILE_READING] EOF occurred in violation of protocol (_ssl.c:1000)')))
Fetching dubai...
Fetching hong_kong...
Fetching taipei...
Fetching seoul...
Fetching bangkok...
Fetching jakarta...
Fetching manila...
Fetching kuala_lumpur...
Fetching hanoi...
✅ Saved 27 cities to daily_forecasts_20260325.jsonl
/home/nicola/.openclaw/workspace/skills/zhiji/strategy_v21.py:124: DeprecationWarning: datetime.datetime.utcnow() is deprecated and scheduled for removal in a future version. Use timezone-aware objects to represent datetimes in UTC: datetime.datetime.now(datetime.UTC).
  "executed_at": datetime.utcnow().isoformat(),
{
  "strategy": "v2.1",
  "executed_at": "2026-03-24T23:55:18.677416",
  "opportunities_found": 0,
  "top_opportunities": [],
  "total_exposure": 0
}
[2026年 03月 25日 星期三 07:55:18 CST] 知几-E 任务完成
[2026年 03月 25日 星期三 08:38:14 CST] 开始知几-E 数据采集...
/home/nicola/.openclaw/workspace/polymarket-data/weather-models/wmo_collector.py:66: DeprecationWarning: datetime.datetime.utcnow() is deprecated and scheduled for removal in a future version. Use timezone-aware objects to represent datetimes in UTC: datetime.datetime.now(datetime.UTC).
  "fetched_at": datetime.utcnow().isoformat(),
Fetching beijing...
Fetching shanghai...
Fetching chongqing...
Fetching shenzhen...
Fetching guangzhou...
Fetching chengdu...
Fetching wuhan...
Fetching xian...
Fetching hangzhou...
Fetching nanjing...
Fetching new_york...
Fetching london...
Fetching tokyo...
Fetching paris...
Fetching berlin...
Fetching moscow...
Fetching sydney...
Fetching mumbai...
Fetching singapore...
Fetching dubai...
Error fetching dubai: HTTPSConnectionPool(host='api.open-meteo.com', port=443): Max retries exceeded with url: /v1/forecast?latitude=25.2048&longitude=55.2708&daily=temperature_2m_max%2Ctemperature_2m_min%2Cprecipitation_sum%2Cweathercode&timezone=auto&forecast_days=7 (Caused by SSLError(SSLEOFError(8, '[SSL: UNEXPECTED_EOF_WHILE_READING] EOF occurred in violation of protocol (_ssl.c:1000)')))
Fetching hong_kong...
Fetching taipei...
Fetching seoul...
Fetching bangkok...
Fetching jakarta...
Fetching manila...
Fetching kuala_lumpur...
Fetching hanoi...
✅ Saved 27 cities to daily_forecasts_20260325.jsonl
/home/nicola/.openclaw/workspace/skills/zhiji/strategy_v21.py:124: DeprecationWarning: datetime.datetime.utcnow() is deprecated and scheduled for removal in a future version. Use timezone-aware objects to represent datetimes in UTC: datetime.datetime.now(datetime.UTC).
  "executed_at": datetime.utcnow().isoformat(),
{
  "strategy": "v2.1",
  "executed_at": "2026-03-25T00:38:51.163943",
  "opportunities_found": 0,
  "top_opportunities": [],
  "total_exposure": 0
}
[2026年 03月 25日 星期三 08:38:51 CST] 知几-E 任务完成
