2026-03-26 20:57:43,685 - __main__ - INFO - 🚀 PolyAlert 监控服务启动
2026-03-26 20:57:43,685 - __main__ - INFO - 监控市场数量：10
2026-03-26 20:57:43,685 - __main__ - INFO - 轮询间隔：60秒
2026-03-26 20:57:43,686 - __main__ - INFO - ✅ 数据库初始化完成
2026-03-26 20:57:43,686 - __main__ - INFO - ==================================================
2026-03-26 20:57:43,686 - __main__ - INFO - 开始轮询 - 2026-03-26 20:57:43.686474
2026-03-26 20:57:43,686 - __main__ - INFO - 处理市场：bitcoin-price-2026
2026-03-26 20:57:44,022 - __main__ - WARNING - 市场数据为空：bitcoin-price-2026
2026-03-26 20:57:45,023 - __main__ - INFO - 处理市场：ethereum-price-2026
2026-03-26 20:57:45,433 - __main__ - WARNING - 市场数据为空：ethereum-price-2026
2026-03-26 20:57:46,434 - __main__ - INFO - 处理市场：trump-approval-rating
2026-03-26 20:57:47,134 - __main__ - WARNING - 市场数据为空：trump-approval-rating
2026-03-26 20:57:48,135 - __main__ - INFO - 处理市场：midterm-elections-2026
2026-03-26 20:57:49,150 - __main__ - WARNING - 市场数据为空：midterm-elections-2026
2026-03-26 20:57:50,151 - __main__ - INFO - 处理市场：super-bowl-2026
2026-03-26 20:57:50,786 - __main__ - WARNING - 市场数据为空：super-bowl-2026
2026-03-26 20:57:51,787 - __main__ - INFO - 处理市场：nba-championship-2026
2026-03-26 20:57:53,225 - __main__ - WARNING - 市场数据为空：nba-championship-2026
2026-03-26 20:57:54,226 - __main__ - INFO - 处理市场：hottest-year-2026
2026-03-26 20:57:54,852 - __main__ - WARNING - 市场数据为空：hottest-year-2026
2026-03-26 20:57:55,853 - __main__ - INFO - 处理市场：fed-rate-cut-2026
2026-03-26 20:57:56,189 - __main__ - WARNING - 市场数据为空：fed-rate-cut-2026
2026-03-26 20:57:57,190 - __main__ - INFO - 处理市场：oscars-best-picture-2026
2026-03-26 20:57:57,581 - __main__ - WARNING - 市场数据为空：oscars-best-picture-2026
2026-03-26 20:57:58,582 - __main__ - INFO - 处理市场：us-iran-conflict-2026
2026-03-26 20:57:59,199 - __main__ - WARNING - 市场数据为空：us-iran-conflict-2026
2026-03-26 20:58:00,200 - __main__ - INFO - 轮询完成 - 2026-03-26 20:58:00.200092
2026-03-26 20:58:00,200 - __main__ - INFO - ==================================================
2026-03-26 20:59:00,200 - __main__ - INFO - ==================================================
2026-03-26 20:59:00,201 - __main__ - INFO - 开始轮询 - 2026-03-26 20:59:00.201430
2026-03-26 20:59:00,201 - __main__ - INFO - 处理市场：bitcoin-price-2026
2026-03-26 20:59:00,478 - __main__ - WARNING - 市场数据为空：bitcoin-price-2026
2026-03-26 20:59:01,479 - __main__ - INFO - 处理市场：ethereum-price-2026
2026-03-26 20:59:01,851 - __main__ - WARNING - 市场数据为空：ethereum-price-2026
2026-03-26 20:59:02,852 - __main__ - INFO - 处理市场：trump-approval-rating
2026-03-26 20:59:03,145 - __main__ - WARNING - 市场数据为空：trump-approval-rating
2026-03-26 20:59:04,146 - __main__ - INFO - 处理市场：midterm-elections-2026
2026-03-26 20:59:04,413 - __main__ - WARNING - 市场数据为空：midterm-elections-2026
2026-03-26 20:59:05,414 - __main__ - INFO - 处理市场：super-bowl-2026
2026-03-26 20:59:05,795 - __main__ - WARNING - 市场数据为空：super-bowl-2026
2026-03-26 20:59:06,796 - __main__ - INFO - 处理市场：nba-championship-2026
2026-03-26 20:59:07,394 - __main__ - WARNING - 市场数据为空：nba-championship-2026
2026-03-26 20:59:08,395 - __main__ - INFO - 处理市场：hottest-year-2026
2026-03-26 20:59:08,662 - __main__ - WARNING - 市场数据为空：hottest-year-2026
2026-03-26 20:59:09,663 - __main__ - INFO - 处理市场：fed-rate-cut-2026
2026-03-26 20:59:10,087 - __main__ - WARNING - 市场数据为空：fed-rate-cut-2026
2026-03-26 20:59:11,088 - __main__ - INFO - 处理市场：oscars-best-picture-2026
2026-03-26 20:59:11,357 - __main__ - WARNING - 市场数据为空：oscars-best-picture-2026
2026-03-26 20:59:12,358 - __main__ - INFO - 处理市场：us-iran-conflict-2026
2026-03-26 20:59:12,721 - __main__ - WARNING - 市场数据为空：us-iran-conflict-2026
2026-03-26 20:59:13,722 - __main__ - INFO - 轮询完成 - 2026-03-26 20:59:13.722068
2026-03-26 20:59:13,722 - __main__ - INFO - ==================================================
