╔══════════════════════════════════════════════════════════╗
║  🤖 自动止盈止损管理器 v1.0                               ║
║  太一 AGI · 币安交易策略                                  ║
╚══════════════════════════════════════════════════════════╝

止盈：+10% | 止损：-5%

[2026-03-30T18:06:09.372658] 检查止盈止损...
  📊 ETHUSDT: 0.37% (持有中)

[2026-03-30T18:07:10.238140] 检查止盈止损...
  📊 ETHUSDT: 0.35% (持有中)

[2026-03-30T18:08:10.915116] 检查止盈止损...
  📊 ETHUSDT: 0.34% (持有中)

[2026-03-30T18:09:11.588292] 检查止盈止损...
  📊 ETHUSDT: 0.34% (持有中)

[2026-03-30T18:10:12.224831] 检查止盈止损...
  📊 ETHUSDT: 0.38% (持有中)

[2026-03-30T18:11:12.836706] 检查止盈止损...
  📊 ETHUSDT: 0.41% (持有中)

[2026-03-30T18:12:16.638651] 检查止盈止损...
  📊 ETHUSDT: 0.34% (持有中)

[2026-03-30T18:13:24.485917] 检查止盈止损...
  📊 ETHUSDT: 0.24% (持有中)

[2026-03-30T18:14:26.134358] 检查止盈止损...
  📊 ETHUSDT: 0.28% (持有中)

[2026-03-30T18:15:26.755139] 检查止盈止损...
  📊 ETHUSDT: 0.29% (持有中)

[2026-03-30T18:16:27.463999] 检查止盈止损...
  📊 ETHUSDT: 0.26% (持有中)

[2026-03-30T18:17:28.159116] 检查止盈止损...
  📊 ETHUSDT: 0.30% (持有中)

[2026-03-30T18:18:28.898568] 检查止盈止损...
  📊 ETHUSDT: 0.37% (持有中)

[2026-03-30T18:19:29.670555] 检查止盈止损...
  📊 ETHUSDT: 0.47% (持有中)

[2026-03-30T18:20:30.272427] 检查止盈止损...
  📊 ETHUSDT: 0.49% (持有中)

[2026-03-30T18:21:32.873936] 检查止盈止损...
  📊 ETHUSDT: 0.46% (持有中)

[2026-03-30T18:22:33.588452] 检查止盈止损...
  📊 ETHUSDT: 0.40% (持有中)

[2026-03-30T18:23:34.287759] 检查止盈止损...
  📊 ETHUSDT: 0.41% (持有中)

[2026-03-30T18:24:34.974029] 检查止盈止损...
  📊 ETHUSDT: 0.39% (持有中)

[2026-03-30T18:25:35.659670] 检查止盈止损...
  📊 ETHUSDT: 0.37% (持有中)

[2026-03-30T18:26:36.336445] 检查止盈止损...
  📊 ETHUSDT: 0.34% (持有中)

[2026-03-30T18:27:37.598807] 检查止盈止损...
  📊 ETHUSDT: 0.35% (持有中)

[2026-03-30T18:28:38.266464] 检查止盈止损...
  📊 ETHUSDT: 0.32% (持有中)

[2026-03-30T18:29:39.087249] 检查止盈止损...
  📊 ETHUSDT: 0.32% (持有中)

[2026-03-30T18:30:39.836975] 检查止盈止损...
  📊 ETHUSDT: 0.29% (持有中)

[2026-03-30T18:31:40.561792] 检查止盈止损...
  📊 ETHUSDT: 0.27% (持有中)

[2026-03-30T18:32:41.299235] 检查止盈止损...
  📊 ETHUSDT: 0.27% (持有中)

[2026-03-30T18:33:41.947165] 检查止盈止损...
  📊 ETHUSDT: 0.27% (持有中)

[2026-03-30T18:34:42.636078] 检查止盈止损...
  📊 ETHUSDT: 0.27% (持有中)

[2026-03-30T18:35:43.223345] 检查止盈止损...
  📊 ETHUSDT: 0.27% (持有中)

[2026-03-30T18:36:43.926851] 检查止盈止损...
  📊 ETHUSDT: 0.24% (持有中)

[2026-03-30T18:37:44.675681] 检查止盈止损...
  📊 ETHUSDT: 0.15% (持有中)

[2026-03-30T18:38:45.415799] 检查止盈止损...
  📊 ETHUSDT: 0.10% (持有中)

[2026-03-30T18:39:46.331234] 检查止盈止损...
  📊 ETHUSDT: 0.17% (持有中)

[2026-03-30T18:40:47.020439] 检查止盈止损...
  📊 ETHUSDT: 0.17% (持有中)

[2026-03-30T18:41:47.779205] 检查止盈止损...
  📊 ETHUSDT: 0.14% (持有中)

[2026-03-30T18:42:48.463464] 检查止盈止损...
  📊 ETHUSDT: 0.18% (持有中)

[2026-03-30T18:43:49.137829] 检查止盈止损...
  📊 ETHUSDT: 0.16% (持有中)

[2026-03-30T18:44:49.869296] 检查止盈止损...
  📊 ETHUSDT: 0.19% (持有中)

[2026-03-30T18:45:50.669640] 检查止盈止损...
  📊 ETHUSDT: 0.20% (持有中)

[2026-03-30T18:46:51.356251] 检查止盈止损...
  📊 ETHUSDT: 0.17% (持有中)

[2026-03-30T18:47:52.056480] 检查止盈止损...
  📊 ETHUSDT: 0.21% (持有中)

[2026-03-30T18:48:53.250356] 检查止盈止损...
  📊 ETHUSDT: 0.23% (持有中)

[2026-03-30T18:49:53.923232] 检查止盈止损...
  📊 ETHUSDT: 0.28% (持有中)

[2026-03-30T18:50:54.868683] 检查止盈止损...
  📊 ETHUSDT: 0.43% (持有中)

[2026-03-30T18:51:55.548455] 检查止盈止损...
  📊 ETHUSDT: 0.48% (持有中)

[2026-03-30T18:52:56.237718] 检查止盈止损...
  📊 ETHUSDT: 0.37% (持有中)

[2026-03-30T18:53:56.971199] 检查止盈止损...
  📊 ETHUSDT: 0.37% (持有中)

[2026-03-30T18:54:57.653506] 检查止盈止损...
  📊 ETHUSDT: 0.40% (持有中)

[2026-03-30T18:55:58.592519] 检查止盈止损...
  📊 ETHUSDT: 0.43% (持有中)

[2026-03-30T18:56:59.210528] 检查止盈止损...
  📊 ETHUSDT: 0.43% (持有中)

[2026-03-30T18:57:59.975534] 检查止盈止损...
  📊 ETHUSDT: 0.47% (持有中)

[2026-03-30T18:59:00.613478] 检查止盈止损...
  📊 ETHUSDT: 0.46% (持有中)

[2026-03-30T19:00:01.395724] 检查止盈止损...
  📊 ETHUSDT: 0.52% (持有中)

[2026-03-30T19:01:02.178010] 检查止盈止损...
  📊 ETHUSDT: 0.54% (持有中)

[2026-03-30T19:02:02.876403] 检查止盈止损...
  📊 ETHUSDT: 0.57% (持有中)

[2026-03-30T19:03:03.632633] 检查止盈止损...
  📊 ETHUSDT: 0.62% (持有中)

[2026-03-30T19:04:05.000456] 检查止盈止损...
  📊 ETHUSDT: 0.53% (持有中)

[2026-03-30T19:05:05.619495] 检查止盈止损...
  📊 ETHUSDT: 0.54% (持有中)

[2026-03-30T19:06:06.180306] 检查止盈止损...
  📊 ETHUSDT: 0.54% (持有中)

[2026-03-30T19:07:06.758202] 检查止盈止损...
  📊 ETHUSDT: 0.63% (持有中)

[2026-03-30T19:08:07.374469] 检查止盈止损...
  📊 ETHUSDT: 0.63% (持有中)

[2026-03-30T19:09:09.051018] 检查止盈止损...
  📊 ETHUSDT: 0.67% (持有中)

[2026-03-30T19:10:09.770423] 检查止盈止损...
  📊 ETHUSDT: 0.58% (持有中)

[2026-03-30T19:11:10.343271] 检查止盈止损...
  📊 ETHUSDT: 0.59% (持有中)

[2026-03-30T19:12:12.046974] 检查止盈止损...
  📊 ETHUSDT: 0.65% (持有中)

[2026-03-30T19:13:12.701805] 检查止盈止损...
  📊 ETHUSDT: 0.62% (持有中)

[2026-03-30T19:14:15.360108] 检查止盈止损...
  📊 ETHUSDT: 0.62% (持有中)

[2026-03-30T19:15:16.077687] 检查止盈止损...
  📊 ETHUSDT: 0.60% (持有中)

[2026-03-30T19:16:16.817160] 检查止盈止损...
  📊 ETHUSDT: 0.60% (持有中)

[2026-03-30T19:17:17.499882] 检查止盈止损...
  📊 ETHUSDT: 0.66% (持有中)

[2026-03-30T19:18:18.214052] 检查止盈止损...
  📊 ETHUSDT: 0.72% (持有中)

[2026-03-30T19:19:19.428452] 检查止盈止损...
  📊 ETHUSDT: 0.71% (持有中)

[2026-03-30T19:20:20.146934] 检查止盈止损...
  📊 ETHUSDT: 0.69% (持有中)

[2026-03-30T19:21:20.862704] 检查止盈止损...
  📊 ETHUSDT: 0.73% (持有中)

[2026-03-30T19:22:21.585465] 检查止盈止损...
  📊 ETHUSDT: 0.77% (持有中)

[2026-03-30T19:23:22.304459] 检查止盈止损...
  📊 ETHUSDT: 0.82% (持有中)

[2026-03-30T19:24:23.990965] 检查止盈止损...
  📊 ETHUSDT: 0.82% (持有中)

[2026-03-30T19:25:24.567646] 检查止盈止损...
  📊 ETHUSDT: 0.83% (持有中)

[2026-03-30T19:26:25.220578] 检查止盈止损...
  📊 ETHUSDT: 0.86% (持有中)

[2026-03-30T19:27:26.887027] 检查止盈止损...
  📊 ETHUSDT: 1.17% (持有中)

[2026-03-30T19:28:27.617447] 检查止盈止损...
  📊 ETHUSDT: 0.86% (持有中)

[2026-03-30T19:29:28.329585] 检查止盈止损...
  📊 ETHUSDT: 0.87% (持有中)

[2026-03-30T19:30:28.990757] 检查止盈止损...
  📊 ETHUSDT: 1.05% (持有中)

[2026-03-30T19:31:29.678309] 检查止盈止损...
  📊 ETHUSDT: 0.88% (持有中)

[2026-03-30T19:32:30.333441] 检查止盈止损...
  📊 ETHUSDT: 0.94% (持有中)

[2026-03-30T19:33:30.933040] 检查止盈止损...
  📊 ETHUSDT: 1.00% (持有中)

[2026-03-30T19:34:31.704509] 检查止盈止损...
  📊 ETHUSDT: 0.95% (持有中)

[2026-03-30T19:35:32.417466] 检查止盈止损...
