[2026-04-13 13:30:01] 🔍 开始增强版 Bug 检测和修复...
[2026-04-13 13:30:01] 🔧 修复 self-evolution-trigger.py...
[2026-04-13 13:30:01]   ℹ️  无需修复
[2026-04-13 13:30:01] 🔍 检查其他脚本...
[2026-04-13 13:30:01]   ✅ 检查：merge-emerged-skills.py
[2026-04-13 13:30:01]   ✅ 语法正确：merge-emerged-skills.py
[2026-04-13 13:30:01]   ✅ 检查：distill-all-skills.py
[2026-04-13 13:30:01]   ✅ 语法正确：distill-all-skills.py
[2026-04-13 13:30:01]   ✅ 检查：auto-bug-detector-and-fixer.py
[2026-04-13 13:30:01]   ✅ 语法正确：auto-bug-detector-and-fixer.py
[2026-04-13 13:30:01] ✅ 验证修复...
[2026-04-13 13:30:01]   ✅ 验证通过：self-evolution-trigger.py
[2026-04-13 13:30:01] 📝 生成修复报告...
[2026-04-13 13:30:01] ✅ 报告已生成：enhanced-bug-fix-20260413-133001.md
[2026-04-13 13:30:01] ⏰ 设置定时任务...
[2026-04-13 13:30:01]   ℹ️  定时任务已存在
[2026-04-13 13:30:01] ✅ 增强版 Bug 检测和修复完成！
[2026-04-13 14:00:01] 🔍 开始增强版 Bug 检测和修复...
[2026-04-13 14:00:01] 🔧 修复 self-evolution-trigger.py...
[2026-04-13 14:00:01]   ℹ️  无需修复
[2026-04-13 14:00:01] 🔍 检查其他脚本...
[2026-04-13 14:00:01]   ✅ 检查：merge-emerged-skills.py
[2026-04-13 14:00:01]   ✅ 语法正确：merge-emerged-skills.py
[2026-04-13 14:00:01]   ✅ 检查：distill-all-skills.py
[2026-04-13 14:00:01]   ✅ 语法正确：distill-all-skills.py
[2026-04-13 14:00:01]   ✅ 检查：auto-bug-detector-and-fixer.py
[2026-04-13 14:00:01]   ✅ 语法正确：auto-bug-detector-and-fixer.py
[2026-04-13 14:00:01] ✅ 验证修复...
[2026-04-13 14:00:01]   ✅ 验证通过：self-evolution-trigger.py
[2026-04-13 14:00:01] 📝 生成修复报告...
[2026-04-13 14:00:01] ✅ 报告已生成：enhanced-bug-fix-20260413-140001.md
[2026-04-13 14:00:01] ⏰ 设置定时任务...
[2026-04-13 14:00:01]   ℹ️  定时任务已存在
[2026-04-13 14:00:01] ✅ 增强版 Bug 检测和修复完成！
[2026-04-13 14:30:01] 🔍 开始增强版 Bug 检测和修复...
[2026-04-13 14:30:01] 🔧 修复 self-evolution-trigger.py...
[2026-04-13 14:30:01]   ℹ️  无需修复
[2026-04-13 14:30:01] 🔍 检查其他脚本...
[2026-04-13 14:30:01]   ✅ 检查：merge-emerged-skills.py
[2026-04-13 14:30:01]   ✅ 语法正确：merge-emerged-skills.py
[2026-04-13 14:30:01]   ✅ 检查：distill-all-skills.py
[2026-04-13 14:30:01]   ✅ 语法正确：distill-all-skills.py
[2026-04-13 14:30:01]   ✅ 检查：auto-bug-detector-and-fixer.py
[2026-04-13 14:30:02]   ✅ 语法正确：auto-bug-detector-and-fixer.py
[2026-04-13 14:30:02] ✅ 验证修复...
[2026-04-13 14:30:02]   ✅ 验证通过：self-evolution-trigger.py
[2026-04-13 14:30:02] 📝 生成修复报告...
[2026-04-13 14:30:02] ✅ 报告已生成：enhanced-bug-fix-20260413-143002.md
[2026-04-13 14:30:02] ⏰ 设置定时任务...
[2026-04-13 14:30:02]   ℹ️  定时任务已存在
[2026-04-13 14:30:02] ✅ 增强版 Bug 检测和修复完成！
[2026-04-13 15:00:01] 🔍 开始增强版 Bug 检测和修复...
[2026-04-13 15:00:01] 🔧 修复 self-evolution-trigger.py...
[2026-04-13 15:00:01]   ℹ️  无需修复
[2026-04-13 15:00:01] 🔍 检查其他脚本...
[2026-04-13 15:00:01]   ✅ 检查：merge-emerged-skills.py
[2026-04-13 15:00:01]   ✅ 语法正确：merge-emerged-skills.py
[2026-04-13 15:00:01]   ✅ 检查：distill-all-skills.py
[2026-04-13 15:00:02]   ✅ 语法正确：distill-all-skills.py
[2026-04-13 15:00:02]   ✅ 检查：auto-bug-detector-and-fixer.py
[2026-04-13 15:00:02]   ✅ 语法正确：auto-bug-detector-and-fixer.py
[2026-04-13 15:00:02] ✅ 验证修复...
[2026-04-13 15:00:02]   ✅ 验证通过：self-evolution-trigger.py
[2026-04-13 15:00:02] 📝 生成修复报告...
[2026-04-13 15:00:02] ✅ 报告已生成：enhanced-bug-fix-20260413-150002.md
[2026-04-13 15:00:02] ⏰ 设置定时任务...
[2026-04-13 15:00:02]   ℹ️  定时任务已存在
[2026-04-13 15:00:02] ✅ 增强版 Bug 检测和修复完成！
[2026-04-13 15:30:02] 🔍 开始增强版 Bug 检测和修复...
[2026-04-13 15:30:02] 🔧 修复 self-evolution-trigger.py...
[2026-04-13 15:30:02]   ℹ️  无需修复
[2026-04-13 15:30:02] 🔍 检查其他脚本...
[2026-04-13 15:30:02]   ✅ 检查：merge-emerged-skills.py
[2026-04-13 15:30:02]   ✅ 语法正确：merge-emerged-skills.py
[2026-04-13 15:30:02]   ✅ 检查：distill-all-skills.py
[2026-04-13 15:30:02]   ✅ 语法正确：distill-all-skills.py
[2026-04-13 15:30:02]   ✅ 检查：auto-bug-detector-and-fixer.py
[2026-04-13 15:30:02]   ✅ 语法正确：auto-bug-detector-and-fixer.py
[2026-04-13 15:30:02] ✅ 验证修复...
[2026-04-13 15:30:02]   ✅ 验证通过：self-evolution-trigger.py
[2026-04-13 15:30:02] 📝 生成修复报告...
[2026-04-13 15:30:02] ✅ 报告已生成：enhanced-bug-fix-20260413-153002.md
[2026-04-13 15:30:02] ⏰ 设置定时任务...
[2026-04-13 15:30:02]   ℹ️  定时任务已存在
[2026-04-13 15:30:02] ✅ 增强版 Bug 检测和修复完成！
[2026-04-13 16:00:01] 🔍 开始增强版 Bug 检测和修复...
[2026-04-13 16:00:01] 🔧 修复 self-evolution-trigger.py...
[2026-04-13 16:00:01]   ℹ️  无需修复
[2026-04-13 16:00:01] 🔍 检查其他脚本...
[2026-04-13 16:00:01]   ✅ 检查：merge-emerged-skills.py
[2026-04-13 16:00:01]   ✅ 语法正确：merge-emerged-skills.py
[2026-04-13 16:00:01]   ✅ 检查：distill-all-skills.py
[2026-04-13 16:00:01]   ✅ 语法正确：distill-all-skills.py
[2026-04-13 16:00:01]   ✅ 检查：auto-bug-detector-and-fixer.py
[2026-04-13 16:00:01]   ✅ 语法正确：auto-bug-detector-and-fixer.py
[2026-04-13 16:00:01] ✅ 验证修复...
[2026-04-13 16:00:01]   ✅ 验证通过：self-evolution-trigger.py
[2026-04-13 16:00:01] 📝 生成修复报告...
[2026-04-13 16:00:01] ✅ 报告已生成：enhanced-bug-fix-20260413-160001.md
[2026-04-13 16:00:01] ⏰ 设置定时任务...
[2026-04-13 16:00:01]   ℹ️  定时任务已存在
[2026-04-13 16:00:01] ✅ 增强版 Bug 检测和修复完成！
[2026-04-13 16:30:01] 🔍 开始增强版 Bug 检测和修复...
[2026-04-13 16:30:01] 🔧 修复 self-evolution-trigger.py...
[2026-04-13 16:30:01]   ℹ️  无需修复
[2026-04-13 16:30:01] 🔍 检查其他脚本...
[2026-04-13 16:30:01]   ✅ 检查：merge-emerged-skills.py
[2026-04-13 16:30:01]   ✅ 语法正确：merge-emerged-skills.py
[2026-04-13 16:30:01]   ✅ 检查：distill-all-skills.py
[2026-04-13 16:30:01]   ✅ 语法正确：distill-all-skills.py
[2026-04-13 16:30:01]   ✅ 检查：auto-bug-detector-and-fixer.py
[2026-04-13 16:30:01]   ✅ 语法正确：auto-bug-detector-and-fixer.py
[2026-04-13 16:30:01] ✅ 验证修复...
[2026-04-13 16:30:01]   ✅ 验证通过：self-evolution-trigger.py
[2026-04-13 16:30:01] 📝 生成修复报告...
[2026-04-13 16:30:01] ✅ 报告已生成：enhanced-bug-fix-20260413-163001.md
[2026-04-13 16:30:01] ⏰ 设置定时任务...
[2026-04-13 16:30:01]   ℹ️  定时任务已存在
[2026-04-13 16:30:01] ✅ 增强版 Bug 检测和修复完成！
[2026-04-13 17:00:01] 🔍 开始增强版 Bug 检测和修复...
[2026-04-13 17:00:01] 🔧 修复 self-evolution-trigger.py...
[2026-04-13 17:00:01]   ℹ️  无需修复
[2026-04-13 17:00:01] 🔍 检查其他脚本...
[2026-04-13 17:00:01]   ✅ 检查：merge-emerged-skills.py
[2026-04-13 17:00:02]   ✅ 语法正确：merge-emerged-skills.py
[2026-04-13 17:00:02]   ✅ 检查：distill-all-skills.py
[2026-04-13 17:00:02]   ✅ 语法正确：distill-all-skills.py
[2026-04-13 17:00:02]   ✅ 检查：auto-bug-detector-and-fixer.py
[2026-04-13 17:00:02]   ✅ 语法正确：auto-bug-detector-and-fixer.py
[2026-04-13 17:00:02] ✅ 验证修复...
[2026-04-13 17:00:02]   ✅ 验证通过：self-evolution-trigger.py
[2026-04-13 17:00:02] 📝 生成修复报告...
[2026-04-13 17:00:02] ✅ 报告已生成：enhanced-bug-fix-20260413-170002.md
[2026-04-13 17:00:02] ⏰ 设置定时任务...
[2026-04-13 17:00:02]   ℹ️  定时任务已存在
[2026-04-13 17:00:02] ✅ 增强版 Bug 检测和修复完成！
[2026-04-13 17:30:01] 🔍 开始增强版 Bug 检测和修复...
[2026-04-13 17:30:01] 🔧 修复 self-evolution-trigger.py...
[2026-04-13 17:30:01]   ℹ️  无需修复
[2026-04-13 17:30:01] 🔍 检查其他脚本...
[2026-04-13 17:30:01]   ✅ 检查：merge-emerged-skills.py
[2026-04-13 17:30:01]   ✅ 语法正确：merge-emerged-skills.py
[2026-04-13 17:30:01]   ✅ 检查：distill-all-skills.py
[2026-04-13 17:30:01]   ✅ 语法正确：distill-all-skills.py
[2026-04-13 17:30:01]   ✅ 检查：auto-bug-detector-and-fixer.py
[2026-04-13 17:30:01]   ✅ 语法正确：auto-bug-detector-and-fixer.py
[2026-04-13 17:30:01] ✅ 验证修复...
[2026-04-13 17:30:01]   ✅ 验证通过：self-evolution-trigger.py
[2026-04-13 17:30:01] 📝 生成修复报告...
[2026-04-13 17:30:01] ✅ 报告已生成：enhanced-bug-fix-20260413-173001.md
[2026-04-13 17:30:01] ⏰ 设置定时任务...
[2026-04-13 17:30:01]   ℹ️  定时任务已存在
[2026-04-13 17:30:01] ✅ 增强版 Bug 检测和修复完成！
[2026-04-13 18:00:01] 🔍 开始增强版 Bug 检测和修复...
[2026-04-13 18:00:01] 🔧 修复 self-evolution-trigger.py...
[2026-04-13 18:00:01]   ℹ️  无需修复
[2026-04-13 18:00:01] 🔍 检查其他脚本...
[2026-04-13 18:00:01]   ✅ 检查：merge-emerged-skills.py
[2026-04-13 18:00:01]   ✅ 语法正确：merge-emerged-skills.py
[2026-04-13 18:00:01]   ✅ 检查：distill-all-skills.py
[2026-04-13 18:00:01]   ✅ 语法正确：distill-all-skills.py
[2026-04-13 18:00:01]   ✅ 检查：auto-bug-detector-and-fixer.py
[2026-04-13 18:00:01]   ✅ 语法正确：auto-bug-detector-and-fixer.py
[2026-04-13 18:00:01] ✅ 验证修复...
[2026-04-13 18:00:01]   ✅ 验证通过：self-evolution-trigger.py
[2026-04-13 18:00:01] 📝 生成修复报告...
[2026-04-13 18:00:01] ✅ 报告已生成：enhanced-bug-fix-20260413-180001.md
[2026-04-13 18:00:01] ⏰ 设置定时任务...
[2026-04-13 18:00:01]   ℹ️  定时任务已存在
[2026-04-13 18:00:01] ✅ 增强版 Bug 检测和修复完成！
[2026-04-13 18:30:01] 🔍 开始增强版 Bug 检测和修复...
[2026-04-13 18:30:01] 🔧 修复 self-evolution-trigger.py...
[2026-04-13 18:30:01]   ℹ️  无需修复
[2026-04-13 18:30:01] 🔍 检查其他脚本...
[2026-04-13 18:30:01]   ✅ 检查：merge-emerged-skills.py
[2026-04-13 18:30:01]   ✅ 语法正确：merge-emerged-skills.py
[2026-04-13 18:30:01]   ✅ 检查：distill-all-skills.py
[2026-04-13 18:30:01]   ✅ 语法正确：distill-all-skills.py
[2026-04-13 18:30:01]   ✅ 检查：auto-bug-detector-and-fixer.py
[2026-04-13 18:30:01]   ✅ 语法正确：auto-bug-detector-and-fixer.py
[2026-04-13 18:30:01] ✅ 验证修复...
[2026-04-13 18:30:01]   ✅ 验证通过：self-evolution-trigger.py
[2026-04-13 18:30:01] 📝 生成修复报告...
[2026-04-13 18:30:01] ✅ 报告已生成：enhanced-bug-fix-20260413-183001.md
[2026-04-13 18:30:01] ⏰ 设置定时任务...
[2026-04-13 18:30:01]   ℹ️  定时任务已存在
[2026-04-13 18:30:01] ✅ 增强版 Bug 检测和修复完成！
[2026-04-13 19:00:01] 🔍 开始增强版 Bug 检测和修复...
[2026-04-13 19:00:01] 🔧 修复 self-evolution-trigger.py...
[2026-04-13 19:00:01]   ℹ️  无需修复
[2026-04-13 19:00:01] 🔍 检查其他脚本...
[2026-04-13 19:00:01]   ✅ 检查：merge-emerged-skills.py
[2026-04-13 19:00:02]   ✅ 语法正确：merge-emerged-skills.py
[2026-04-13 19:00:02]   ✅ 检查：distill-all-skills.py
[2026-04-13 19:00:02]   ✅ 语法正确：distill-all-skills.py
[2026-04-13 19:00:02]   ✅ 检查：auto-bug-detector-and-fixer.py
[2026-04-13 19:00:02]   ✅ 语法正确：auto-bug-detector-and-fixer.py
[2026-04-13 19:00:02] ✅ 验证修复...
[2026-04-13 19:00:02]   ✅ 验证通过：self-evolution-trigger.py
[2026-04-13 19:00:02] 📝 生成修复报告...
[2026-04-13 19:00:02] ✅ 报告已生成：enhanced-bug-fix-20260413-190002.md
[2026-04-13 19:00:02] ⏰ 设置定时任务...
[2026-04-13 19:00:02]   ℹ️  定时任务已存在
[2026-04-13 19:00:02] ✅ 增强版 Bug 检测和修复完成！
[2026-04-13 19:30:01] 🔍 开始增强版 Bug 检测和修复...
[2026-04-13 19:30:01] 🔧 修复 self-evolution-trigger.py...
[2026-04-13 19:30:01]   ℹ️  无需修复
[2026-04-13 19:30:01] 🔍 检查其他脚本...
[2026-04-13 19:30:01]   ✅ 检查：merge-emerged-skills.py
[2026-04-13 19:30:01]   ✅ 语法正确：merge-emerged-skills.py
[2026-04-13 19:30:01]   ✅ 检查：distill-all-skills.py
[2026-04-13 19:30:01]   ✅ 语法正确：distill-all-skills.py
[2026-04-13 19:30:01]   ✅ 检查：auto-bug-detector-and-fixer.py
[2026-04-13 19:30:01]   ✅ 语法正确：auto-bug-detector-and-fixer.py
[2026-04-13 19:30:01] ✅ 验证修复...
[2026-04-13 19:30:01]   ✅ 验证通过：self-evolution-trigger.py
[2026-04-13 19:30:01] 📝 生成修复报告...
[2026-04-13 19:30:01] ✅ 报告已生成：enhanced-bug-fix-20260413-193001.md
[2026-04-13 19:30:01] ⏰ 设置定时任务...
[2026-04-13 19:30:01]   ℹ️  定时任务已存在
[2026-04-13 19:30:01] ✅ 增强版 Bug 检测和修复完成！
[2026-04-13 20:00:01] 🔍 开始增强版 Bug 检测和修复...
[2026-04-13 20:00:01] 🔧 修复 self-evolution-trigger.py...
[2026-04-13 20:00:01]   ℹ️  无需修复
[2026-04-13 20:00:01] 🔍 检查其他脚本...
[2026-04-13 20:00:01]   ✅ 检查：merge-emerged-skills.py
[2026-04-13 20:00:01]   ✅ 语法正确：merge-emerged-skills.py
[2026-04-13 20:00:01]   ✅ 检查：distill-all-skills.py
[2026-04-13 20:00:02]   ✅ 语法正确：distill-all-skills.py
[2026-04-13 20:00:02]   ✅ 检查：auto-bug-detector-and-fixer.py
[2026-04-13 20:00:02]   ✅ 语法正确：auto-bug-detector-and-fixer.py
[2026-04-13 20:00:02] ✅ 验证修复...
[2026-04-13 20:00:02]   ✅ 验证通过：self-evolution-trigger.py
[2026-04-13 20:00:02] 📝 生成修复报告...
[2026-04-13 20:00:02] ✅ 报告已生成：enhanced-bug-fix-20260413-200002.md
[2026-04-13 20:00:02] ⏰ 设置定时任务...
[2026-04-13 20:00:02]   ℹ️  定时任务已存在
[2026-04-13 20:00:02] ✅ 增强版 Bug 检测和修复完成！
[2026-04-13 20:30:01] 🔍 开始增强版 Bug 检测和修复...
[2026-04-13 20:30:01] 🔧 修复 self-evolution-trigger.py...
[2026-04-13 20:30:01]   ℹ️  无需修复
[2026-04-13 20:30:01] 🔍 检查其他脚本...
[2026-04-13 20:30:01]   ✅ 检查：merge-emerged-skills.py
[2026-04-13 20:30:01]   ✅ 语法正确：merge-emerged-skills.py
[2026-04-13 20:30:01]   ✅ 检查：distill-all-skills.py
[2026-04-13 20:30:01]   ✅ 语法正确：distill-all-skills.py
[2026-04-13 20:30:01]   ✅ 检查：auto-bug-detector-and-fixer.py
[2026-04-13 20:30:01]   ✅ 语法正确：auto-bug-detector-and-fixer.py
[2026-04-13 20:30:01] ✅ 验证修复...
[2026-04-13 20:30:01]   ✅ 验证通过：self-evolution-trigger.py
[2026-04-13 20:30:01] 📝 生成修复报告...
[2026-04-13 20:30:01] ✅ 报告已生成：enhanced-bug-fix-20260413-203001.md
[2026-04-13 20:30:01] ⏰ 设置定时任务...
[2026-04-13 20:30:01]   ℹ️  定时任务已存在
[2026-04-13 20:30:01] ✅ 增强版 Bug 检测和修复完成！
[2026-04-13 21:00:01] 🔍 开始增强版 Bug 检测和修复...
[2026-04-13 21:00:01] 🔧 修复 self-evolution-trigger.py...
[2026-04-13 21:00:01]   ℹ️  无需修复
[2026-04-13 21:00:01] 🔍 检查其他脚本...
[2026-04-13 21:00:01]   ✅ 检查：merge-emerged-skills.py
[2026-04-13 21:00:01]   ✅ 语法正确：merge-emerged-skills.py
[2026-04-13 21:00:01]   ✅ 检查：distill-all-skills.py
[2026-04-13 21:00:02]   ✅ 语法正确：distill-all-skills.py
[2026-04-13 21:00:02]   ✅ 检查：auto-bug-detector-and-fixer.py
[2026-04-13 21:00:02]   ✅ 语法正确：auto-bug-detector-and-fixer.py
[2026-04-13 21:00:02] ✅ 验证修复...
[2026-04-13 21:00:02]   ✅ 验证通过：self-evolution-trigger.py
[2026-04-13 21:00:02] 📝 生成修复报告...
[2026-04-13 21:00:02] ✅ 报告已生成：enhanced-bug-fix-20260413-210002.md
[2026-04-13 21:00:02] ⏰ 设置定时任务...
[2026-04-13 21:00:02]   ℹ️  定时任务已存在
[2026-04-13 21:00:02] ✅ 增强版 Bug 检测和修复完成！
[2026-04-13 21:30:01] 🔍 开始增强版 Bug 检测和修复...
[2026-04-13 21:30:01] 🔧 修复 self-evolution-trigger.py...
[2026-04-13 21:30:01]   ℹ️  无需修复
[2026-04-13 21:30:01] 🔍 检查其他脚本...
[2026-04-13 21:30:01]   ✅ 检查：merge-emerged-skills.py
[2026-04-13 21:30:01]   ✅ 语法正确：merge-emerged-skills.py
[2026-04-13 21:30:01]   ✅ 检查：distill-all-skills.py
[2026-04-13 21:30:01]   ✅ 语法正确：distill-all-skills.py
[2026-04-13 21:30:01]   ✅ 检查：auto-bug-detector-and-fixer.py
[2026-04-13 21:30:01]   ✅ 语法正确：auto-bug-detector-and-fixer.py
[2026-04-13 21:30:01] ✅ 验证修复...
[2026-04-13 21:30:01]   ✅ 验证通过：self-evolution-trigger.py
[2026-04-13 21:30:01] 📝 生成修复报告...
[2026-04-13 21:30:01] ✅ 报告已生成：enhanced-bug-fix-20260413-213001.md
[2026-04-13 21:30:01] ⏰ 设置定时任务...
[2026-04-13 21:30:01]   ℹ️  定时任务已存在
[2026-04-13 21:30:01] ✅ 增强版 Bug 检测和修复完成！
[2026-04-13 22:00:02] 🔍 开始增强版 Bug 检测和修复...
[2026-04-13 22:00:02] 🔧 修复 self-evolution-trigger.py...
[2026-04-13 22:00:02]   ℹ️  无需修复
[2026-04-13 22:00:02] 🔍 检查其他脚本...
[2026-04-13 22:00:02]   ✅ 检查：merge-emerged-skills.py
[2026-04-13 22:00:02]   ✅ 语法正确：merge-emerged-skills.py
[2026-04-13 22:00:02]   ✅ 检查：distill-all-skills.py
[2026-04-13 22:00:02]   ✅ 语法正确：distill-all-skills.py
[2026-04-13 22:00:02]   ✅ 检查：auto-bug-detector-and-fixer.py
[2026-04-13 22:00:02]   ✅ 语法正确：auto-bug-detector-and-fixer.py
[2026-04-13 22:00:02] ✅ 验证修复...
[2026-04-13 22:00:02]   ✅ 验证通过：self-evolution-trigger.py
[2026-04-13 22:00:02] 📝 生成修复报告...
[2026-04-13 22:00:02] ✅ 报告已生成：enhanced-bug-fix-20260413-220002.md
[2026-04-13 22:00:02] ⏰ 设置定时任务...
[2026-04-13 22:00:02]   ℹ️  定时任务已存在
[2026-04-13 22:00:02] ✅ 增强版 Bug 检测和修复完成！
[2026-04-13 22:30:01] 🔍 开始增强版 Bug 检测和修复...
[2026-04-13 22:30:01] 🔧 修复 self-evolution-trigger.py...
[2026-04-13 22:30:01]   ℹ️  无需修复
[2026-04-13 22:30:01] 🔍 检查其他脚本...
[2026-04-13 22:30:01]   ✅ 检查：merge-emerged-skills.py
[2026-04-13 22:30:01]   ✅ 语法正确：merge-emerged-skills.py
[2026-04-13 22:30:01]   ✅ 检查：distill-all-skills.py
[2026-04-13 22:30:01]   ✅ 语法正确：distill-all-skills.py
[2026-04-13 22:30:01]   ✅ 检查：auto-bug-detector-and-fixer.py
[2026-04-13 22:30:01]   ✅ 语法正确：auto-bug-detector-and-fixer.py
[2026-04-13 22:30:01] ✅ 验证修复...
[2026-04-13 22:30:01]   ✅ 验证通过：self-evolution-trigger.py
[2026-04-13 22:30:01] 📝 生成修复报告...
[2026-04-13 22:30:01] ✅ 报告已生成：enhanced-bug-fix-20260413-223001.md
[2026-04-13 22:30:01] ⏰ 设置定时任务...
[2026-04-13 22:30:01]   ℹ️  定时任务已存在
[2026-04-13 22:30:01] ✅ 增强版 Bug 检测和修复完成！
