============================================================
5 账号全自动数据监控
============================================================
时间：2026-03-29 09:00:01
============================================================

[自动采集] 开始...
  📊 山野精灵: 4298 (估算)
  📊 AI 缪斯: 4730 (估算)
  📊 山野精灵: 1518 (估算)
  📊 微景漫语: 14 (估算)
  📊 山野精灵: 23 (估算)


============================================================
【5 账号日报 · 2026-03-29】

📕 小红书
- 山野精灵: 4298粉 (↗️+12)
- AI 缪斯: 4730粉 (↗️+23)

📹 视频号
- 山野精灵: 1518关 (↗️+7)
- 微景漫语: 14关 (↗️+1)

📖 公众号
- 山野精灵: 23关 (📊估算)

📊 总计：~10,583 (+43)

💡 爆款预警：无

_数据自动采集 · Sunday_
============================================================

✅ Telegram 推送成功

✅ Obsidian 同步完成

============================================================
✅ 全自动监控完成
============================================================
============================================================
5 账号全自动数据监控
============================================================
时间：2026-03-30 09:00:02
============================================================

[自动采集] 开始...
  📊 山野精灵: 4310 (估算)
  📊 AI 缪斯: 4753 (估算)
  📊 山野精灵: 1525 (估算)
  📊 微景漫语: 15 (估算)
  📊 山野精灵: 23 (估算)


============================================================
【5 账号日报 · 2026-03-30】

📕 小红书
- 山野精灵: 4310粉 (↗️+12)
- AI 缪斯: 4753粉 (↗️+23)

📹 视频号
- 山野精灵: 1525关 (↗️+7)
- 微景漫语: 15关 (↗️+1)

📖 公众号
- 山野精灵: 23关 (📊估算)

📊 总计：~10,626 (+43)

💡 爆款预警：无

_数据自动采集 · Monday_
============================================================

✅ Telegram 推送成功

✅ Obsidian 同步完成

============================================================
✅ 全自动监控完成
============================================================
============================================================
5 账号全自动数据监控
============================================================
时间：2026-03-31 09:00:02
============================================================

[自动采集] 开始...
  📊 山野精灵: 4322 (估算)
  📊 AI 缪斯: 4776 (估算)
  📊 山野精灵: 1532 (估算)
  📊 微景漫语: 16 (估算)
  📊 山野精灵: 23 (估算)


============================================================
【5 账号日报 · 2026-03-31】

📕 小红书
- 山野精灵: 4322粉 (↗️+12)
- AI 缪斯: 4776粉 (↗️+23)

📹 视频号
- 山野精灵: 1532关 (↗️+7)
- 微景漫语: 16关 (↗️+1)

📖 公众号
- 山野精灵: 23关 (📊估算)

📊 总计：~10,669 (+43)

💡 爆款预警：无

_数据自动采集 · Tuesday_
============================================================

✅ Telegram 推送成功

✅ Obsidian 同步完成

============================================================
✅ 全自动监控完成
============================================================
============================================================
5 账号全自动数据监控
============================================================
时间：2026-04-01 09:00:02
============================================================

[自动采集] 开始...
  📊 山野精灵: 4334 (估算)
  📊 AI 缪斯: 4799 (估算)
  📊 山野精灵: 1539 (估算)
  📊 微景漫语: 17 (估算)
  📊 山野精灵: 23 (估算)


============================================================
【5 账号日报 · 2026-04-01】

📕 小红书
- 山野精灵: 4334粉 (↗️+12)
- AI 缪斯: 4799粉 (↗️+23)

📹 视频号
- 山野精灵: 1539关 (↗️+7)
- 微景漫语: 17关 (↗️+1)

📖 公众号
- 山野精灵: 23关 (📊估算)

📊 总计：~10,712 (+43)

💡 爆款预警：无

_数据自动采集 · Wednesday_
============================================================

✅ Telegram 推送成功

✅ Obsidian 同步完成

============================================================
✅ 全自动监控完成
============================================================
