[2026-03-25 12:14:39] === 自动补做检查开始 ===
[2026-03-25 12:14:39] ✅ 无失败任务
[2026-03-25 12:16:01] === 自动补做检查开始 ===
[2026-03-25 12:16:02] 🔍 发现失败任务：TASK-009 ()
[2026-03-25 12:16:02]    执行 Bot: 太一
[2026-03-25 12:16:02]    告警时间：12:15
[2026-03-25 12:16:02] ⚡ 触发补做流程...
[2026-03-25 12:16:02] 📝 创建太一补做报告...
[2026-03-25 12:16:02] ✅ 太一补做报告创建完成
[2026-03-25 12:16:02] === 自动补做检查完成 ===
[2026-03-25 12:16:02] 
[2026-03-25 12:18:01] === 自动补做检查开始 ===
[2026-03-25 12:18:01] 🔍 发现失败任务：TASK-009 ()
[2026-03-25 12:18:01]    执行 Bot: 太一
[2026-03-25 12:18:01]    告警时间：12:17
[2026-03-25 12:18:01] ✅ 任务已补做：/home/nicola/.openclaw/workspace/reports/task-009-20260325-retry.md
[2026-03-25 12:20:01] === 自动补做检查开始 ===
[2026-03-25 12:20:01] 🔍 发现失败任务：TASK-009 ()
[2026-03-25 12:20:01]    执行 Bot: 太一
[2026-03-25 12:20:01]    告警时间：12:19
[2026-03-25 12:20:01] ✅ 任务已补做：/home/nicola/.openclaw/workspace/reports/task-009-20260325-retry.md
[2026-03-25 12:22:01] === 自动补做检查开始 ===
[2026-03-25 12:22:01] 🔍 发现失败任务：TASK-009 ()
[2026-03-25 12:22:01]    执行 Bot: 太一
[2026-03-25 12:22:01]    告警时间：12:21
[2026-03-25 12:22:01] ✅ 任务已补做：/home/nicola/.openclaw/workspace/reports/task-009-20260325-retry.md
[2026-03-25 12:24:01] === 自动补做检查开始 ===
[2026-03-25 12:24:01] 🔍 发现失败任务：TASK-009 ()
[2026-03-25 12:24:01]    执行 Bot: 太一
[2026-03-25 12:24:01]    告警时间：12:23
[2026-03-25 12:24:01] ✅ 任务已补做：/home/nicola/.openclaw/workspace/reports/task-009-20260325-retry.md
[2026-03-25 12:26:01] === 自动补做检查开始 ===
[2026-03-25 12:26:01] 🔍 发现失败任务：TASK-009 ()
[2026-03-25 12:26:01]    执行 Bot: 太一
[2026-03-25 12:26:01]    告警时间：12:25
[2026-03-25 12:26:01] ✅ 任务已补做：/home/nicola/.openclaw/workspace/reports/task-009-20260325-retry.md
[2026-03-25 12:28:01] === 自动补做检查开始 ===
[2026-03-25 12:28:01] 🔍 发现失败任务：TASK-009 ()
[2026-03-25 12:28:01]    执行 Bot: 太一
[2026-03-25 12:28:01]    告警时间：12:27
[2026-03-25 12:28:01] ✅ 任务已补做：/home/nicola/.openclaw/workspace/reports/task-009-20260325-retry.md
[2026-03-25 12:30:01] === 自动补做检查开始 ===
[2026-03-25 12:30:01] 🔍 发现失败任务：TASK-009 ()
[2026-03-25 12:30:01]    执行 Bot: 太一
[2026-03-25 12:30:01]    告警时间：12:29
[2026-03-25 12:30:01] ✅ 任务已补做：/home/nicola/.openclaw/workspace/reports/task-009-20260325-retry.md
[2026-03-25 12:32:02] === 自动补做检查开始 ===
[2026-03-25 12:32:02] 🔍 发现失败任务：TASK-009 ()
[2026-03-25 12:32:02]    执行 Bot: 太一
[2026-03-25 12:32:02]    告警时间：12:31
[2026-03-25 12:32:02] ✅ 任务已补做：/home/nicola/.openclaw/workspace/reports/task-009-20260325-retry.md
[2026-03-25 12:34:01] === 自动补做检查开始 ===
[2026-03-25 12:34:01] 🔍 发现失败任务：TASK-009 ()
[2026-03-25 12:34:01]    执行 Bot: 太一
[2026-03-25 12:34:01]    告警时间：12:33
[2026-03-25 12:34:01] ✅ 任务已补做：/home/nicola/.openclaw/workspace/reports/task-009-20260325-retry.md
[2026-03-25 12:36:01] === 自动补做检查开始 ===
[2026-03-25 12:36:01] 🔍 发现失败任务：TASK-009 ()
[2026-03-25 12:36:01]    执行 Bot: 太一
[2026-03-25 12:36:01]    告警时间：12:35
[2026-03-25 12:36:01] ✅ 任务已补做：/home/nicola/.openclaw/workspace/reports/task-009-20260325-retry.md
[2026-03-25 12:38:01] === 自动补做检查开始 ===
[2026-03-25 12:38:01] 🔍 发现失败任务：TASK-009 ()
[2026-03-25 12:38:01]    执行 Bot: 太一
[2026-03-25 12:38:01]    告警时间：12:37
[2026-03-25 12:38:01] ✅ 任务已补做：/home/nicola/.openclaw/workspace/reports/task-009-20260325-retry.md
[2026-03-25 12:40:01] === 自动补做检查开始 ===
[2026-03-25 12:40:01] 🔍 发现失败任务：TASK-009 ()
[2026-03-25 12:40:01]    执行 Bot: 太一
[2026-03-25 12:40:01]    告警时间：12:39
[2026-03-25 12:40:01] ✅ 任务已补做：/home/nicola/.openclaw/workspace/reports/task-009-20260325-retry.md
[2026-03-25 12:42:01] === 自动补做检查开始 ===
[2026-03-25 12:42:01] 🔍 发现失败任务：TASK-009 ()
[2026-03-25 12:42:01]    执行 Bot: 太一
[2026-03-25 12:42:01]    告警时间：12:41
[2026-03-25 12:42:01] ✅ 任务已补做：/home/nicola/.openclaw/workspace/reports/task-009-20260325-retry.md
[2026-03-25 12:44:01] === 自动补做检查开始 ===
[2026-03-25 12:44:01] 🔍 发现失败任务：TASK-009 ()
[2026-03-25 12:44:01]    执行 Bot: 太一
[2026-03-25 12:44:01]    告警时间：12:43
[2026-03-25 12:44:01] ✅ 任务已补做：/home/nicola/.openclaw/workspace/reports/task-009-20260325-retry.md
[2026-03-25 12:46:01] === 自动补做检查开始 ===
[2026-03-25 12:46:01] 🔍 发现失败任务：TASK-009 ()
[2026-03-25 12:46:01]    执行 Bot: 太一
[2026-03-25 12:46:01]    告警时间：12:45
[2026-03-25 12:46:01] ✅ 任务已补做：/home/nicola/.openclaw/workspace/reports/task-009-20260325-retry.md
[2026-03-25 12:48:01] === 自动补做检查开始 ===
[2026-03-25 12:48:02] 🔍 发现失败任务：TASK-009 ()
[2026-03-25 12:48:02]    执行 Bot: 太一
[2026-03-25 12:48:02]    告警时间：12:47
[2026-03-25 12:48:02] ✅ 任务已补做：/home/nicola/.openclaw/workspace/reports/task-009-20260325-retry.md
[2026-03-25 12:50:01] === 自动补做检查开始 ===
[2026-03-25 12:50:01] 🔍 发现失败任务：TASK-009 ()
[2026-03-25 12:50:01]    执行 Bot: 太一
[2026-03-25 12:50:01]    告警时间：12:49
[2026-03-25 12:50:01] ✅ 任务已补做：/home/nicola/.openclaw/workspace/reports/task-009-20260325-retry.md
[2026-03-25 12:52:01] === 自动补做检查开始 ===
[2026-03-25 12:52:01] 🔍 发现失败任务：TASK-009 ()
[2026-03-25 12:52:01]    执行 Bot: 太一
[2026-03-25 12:52:01]    告警时间：12:51
[2026-03-25 12:52:01] ✅ 任务已补做：/home/nicola/.openclaw/workspace/reports/task-009-20260325-retry.md
[2026-03-25 12:54:01] === 自动补做检查开始 ===
[2026-03-25 12:54:01] 🔍 发现失败任务：TASK-009 ()
[2026-03-25 12:54:01]    执行 Bot: 太一
[2026-03-25 12:54:01]    告警时间：12:53
[2026-03-25 12:54:01] ✅ 任务已补做：/home/nicola/.openclaw/workspace/reports/task-009-20260325-retry.md
[2026-03-25 12:56:01] === 自动补做检查开始 ===
[2026-03-25 12:56:01] 🔍 发现失败任务：TASK-009 ()
[2026-03-25 12:56:01]    执行 Bot: 太一
[2026-03-25 12:56:01]    告警时间：12:55
[2026-03-25 12:56:01] ✅ 任务已补做：/home/nicola/.openclaw/workspace/reports/task-009-20260325-retry.md
[2026-03-25 12:58:01] === 自动补做检查开始 ===
[2026-03-25 12:58:01] 🔍 发现失败任务：TASK-009 ()
[2026-03-25 12:58:01]    执行 Bot: 太一
[2026-03-25 12:58:01]    告警时间：12:57
[2026-03-25 12:58:01] ✅ 任务已补做：/home/nicola/.openclaw/workspace/reports/task-009-20260325-retry.md
[2026-03-25 13:00:01] === 自动补做检查开始 ===
[2026-03-25 13:00:01] 🔍 发现失败任务：TASK-009 ()
[2026-03-25 13:00:01]    执行 Bot: 太一
[2026-03-25 13:00:01]    告警时间：12:59
[2026-03-25 13:00:01] ✅ 任务已补做：/home/nicola/.openclaw/workspace/reports/task-009-20260325-retry.md
[2026-03-25 13:02:01] === 自动补做检查开始 ===
[2026-03-25 13:02:01] 🔍 发现失败任务：TASK-009 ()
[2026-03-25 13:02:01]    执行 Bot: 太一
[2026-03-25 13:02:01]    告警时间：12:59
[2026-03-25 13:02:01] ✅ 任务已补做：/home/nicola/.openclaw/workspace/reports/task-009-20260325-retry.md
[2026-03-25 13:04:02] === 自动补做检查开始 ===
[2026-03-25 13:04:02] 🔍 发现失败任务：TASK-009 ()
[2026-03-25 13:04:02]    执行 Bot: 太一
[2026-03-25 13:04:02]    告警时间：12:59
[2026-03-25 13:04:02] ✅ 任务已补做：/home/nicola/.openclaw/workspace/reports/task-009-20260325-retry.md
[2026-03-25 13:06:01] === 自动补做检查开始 ===
[2026-03-25 13:06:01] 🔍 发现失败任务：TASK-009 ()
[2026-03-25 13:06:01]    执行 Bot: 太一
[2026-03-25 13:06:01]    告警时间：12:59
[2026-03-25 13:06:01] ✅ 任务已补做：/home/nicola/.openclaw/workspace/reports/task-009-20260325-retry.md
[2026-03-25 13:08:01] === 自动补做检查开始 ===
[2026-03-25 13:08:01] 🔍 发现失败任务：TASK-009 ()
[2026-03-25 13:08:01]    执行 Bot: 太一
[2026-03-25 13:08:01]    告警时间：12:59
[2026-03-25 13:08:01] ✅ 任务已补做：/home/nicola/.openclaw/workspace/reports/task-009-20260325-retry.md
[2026-03-25 13:10:01] === 自动补做检查开始 ===
[2026-03-25 13:10:01] 🔍 发现失败任务：TASK-009 ()
[2026-03-25 13:10:01]    执行 Bot: 太一
[2026-03-25 13:10:01]    告警时间：12:59
[2026-03-25 13:10:01] ✅ 任务已补做：/home/nicola/.openclaw/workspace/reports/task-009-20260325-retry.md
[2026-03-25 13:12:01] === 自动补做检查开始 ===
[2026-03-25 13:12:01] 🔍 发现失败任务：TASK-009 ()
[2026-03-25 13:12:01]    执行 Bot: 太一
[2026-03-25 13:12:01]    告警时间：12:59
[2026-03-25 13:12:01] ✅ 任务已补做：/home/nicola/.openclaw/workspace/reports/task-009-20260325-retry.md
[2026-03-25 13:14:01] === 自动补做检查开始 ===
[2026-03-25 13:14:01] 🔍 发现失败任务：TASK-009 ()
[2026-03-25 13:14:01]    执行 Bot: 太一
[2026-03-25 13:14:01]    告警时间：12:59
[2026-03-25 13:14:01] ✅ 任务已补做：/home/nicola/.openclaw/workspace/reports/task-009-20260325-retry.md
[2026-03-25 13:16:01] === 自动补做检查开始 ===
[2026-03-25 13:16:01] 🔍 发现失败任务：TASK-009 ()
[2026-03-25 13:16:01]    执行 Bot: 太一
[2026-03-25 13:16:01]    告警时间：12:59
[2026-03-25 13:16:01] ✅ 任务已补做：/home/nicola/.openclaw/workspace/reports/task-009-20260325-retry.md
[2026-03-25 13:18:01] === 自动补做检查开始 ===
[2026-03-25 13:18:01] 🔍 发现失败任务：TASK-009 ()
[2026-03-25 13:18:01]    执行 Bot: 太一
[2026-03-25 13:18:01]    告警时间：12:59
[2026-03-25 13:18:01] ✅ 任务已补做：/home/nicola/.openclaw/workspace/reports/task-009-20260325-retry.md
[2026-03-25 13:20:01] === 自动补做检查开始 ===
[2026-03-25 13:20:01] 🔍 发现失败任务：TASK-009 ()
[2026-03-25 13:20:01]    执行 Bot: 太一
[2026-03-25 13:20:01]    告警时间：12:59
[2026-03-25 13:20:01] ✅ 任务已补做：/home/nicola/.openclaw/workspace/reports/task-009-20260325-retry.md
[2026-03-25 13:22:01] === 自动补做检查开始 ===
[2026-03-25 13:22:01] 🔍 发现失败任务：TASK-009 ()
[2026-03-25 13:22:01]    执行 Bot: 太一
[2026-03-25 13:22:01]    告警时间：12:59
[2026-03-25 13:22:01] ✅ 任务已补做：/home/nicola/.openclaw/workspace/reports/task-009-20260325-retry.md
[2026-03-25 13:24:01] === 自动补做检查开始 ===
[2026-03-25 13:24:01] 🔍 发现失败任务：TASK-009 ()
[2026-03-25 13:24:01]    执行 Bot: 太一
[2026-03-25 13:24:01]    告警时间：12:59
[2026-03-25 13:24:01] ✅ 任务已补做：/home/nicola/.openclaw/workspace/reports/task-009-20260325-retry.md
[2026-03-25 13:26:01] === 自动补做检查开始 ===
[2026-03-25 13:26:01] 🔍 发现失败任务：TASK-009 ()
[2026-03-25 13:26:01]    执行 Bot: 太一
[2026-03-25 13:26:01]    告警时间：12:59
[2026-03-25 13:26:01] ✅ 任务已补做：/home/nicola/.openclaw/workspace/reports/task-009-20260325-retry.md
[2026-03-25 13:28:01] === 自动补做检查开始 ===
[2026-03-25 13:28:01] 🔍 发现失败任务：TASK-009 ()
[2026-03-25 13:28:01]    执行 Bot: 太一
[2026-03-25 13:28:01]    告警时间：12:59
[2026-03-25 13:28:01] ✅ 任务已补做：/home/nicola/.openclaw/workspace/reports/task-009-20260325-retry.md
[2026-03-25 13:30:01] === 自动补做检查开始 ===
[2026-03-25 13:30:01] 🔍 发现失败任务：TASK-009 ()
[2026-03-25 13:30:01]    执行 Bot: 太一
[2026-03-25 13:30:01]    告警时间：12:59
[2026-03-25 13:30:01] ✅ 任务已补做：/home/nicola/.openclaw/workspace/reports/task-009-20260325-retry.md
[2026-03-25 13:32:01] === 自动补做检查开始 ===
[2026-03-25 13:32:01] 🔍 发现失败任务：TASK-009 ()
[2026-03-25 13:32:01]    执行 Bot: 太一
[2026-03-25 13:32:01]    告警时间：12:59
[2026-03-25 13:32:01] ✅ 任务已补做：/home/nicola/.openclaw/workspace/reports/task-009-20260325-retry.md
[2026-03-25 13:34:01] === 自动补做检查开始 ===
[2026-03-25 13:34:01] 🔍 发现失败任务：TASK-009 ()
[2026-03-25 13:34:01]    执行 Bot: 太一
[2026-03-25 13:34:01]    告警时间：12:59
[2026-03-25 13:34:01] ✅ 任务已补做：/home/nicola/.openclaw/workspace/reports/task-009-20260325-retry.md
[2026-03-25 13:36:01] === 自动补做检查开始 ===
[2026-03-25 13:36:01] 🔍 发现失败任务：TASK-009 ()
[2026-03-25 13:36:01]    执行 Bot: 太一
[2026-03-25 13:36:01]    告警时间：12:59
[2026-03-25 13:36:01] ✅ 任务已补做：/home/nicola/.openclaw/workspace/reports/task-009-20260325-retry.md
[2026-03-25 13:38:01] === 自动补做检查开始 ===
[2026-03-25 13:38:01] 🔍 发现失败任务：TASK-009 ()
[2026-03-25 13:38:01]    执行 Bot: 太一
[2026-03-25 13:38:01]    告警时间：12:59
[2026-03-25 13:38:01] ✅ 任务已补做：/home/nicola/.openclaw/workspace/reports/task-009-20260325-retry.md
[2026-03-25 13:40:01] === 自动补做检查开始 ===
[2026-03-25 13:40:01] 🔍 发现失败任务：TASK-009 ()
[2026-03-25 13:40:01]    执行 Bot: 太一
[2026-03-25 13:40:01]    告警时间：12:59
[2026-03-25 13:40:01] ✅ 任务已补做：/home/nicola/.openclaw/workspace/reports/task-009-20260325-retry.md
[2026-03-25 13:42:01] === 自动补做检查开始 ===
[2026-03-25 13:42:01] 🔍 发现失败任务：TASK-009 ()
[2026-03-25 13:42:01]    执行 Bot: 太一
[2026-03-25 13:42:01]    告警时间：12:59
[2026-03-25 13:42:01] ✅ 任务已补做：/home/nicola/.openclaw/workspace/reports/task-009-20260325-retry.md
[2026-03-25 13:44:01] === 自动补做检查开始 ===
[2026-03-25 13:44:01] 🔍 发现失败任务：TASK-009 ()
[2026-03-25 13:44:01]    执行 Bot: 太一
[2026-03-25 13:44:01]    告警时间：12:59
[2026-03-25 13:44:01] ✅ 任务已补做：/home/nicola/.openclaw/workspace/reports/task-009-20260325-retry.md
[2026-03-25 13:46:01] === 自动补做检查开始 ===
[2026-03-25 13:46:01] 🔍 发现失败任务：TASK-009 ()
[2026-03-25 13:46:01]    执行 Bot: 太一
[2026-03-25 13:46:01]    告警时间：12:59
[2026-03-25 13:46:01] ✅ 任务已补做：/home/nicola/.openclaw/workspace/reports/task-009-20260325-retry.md
[2026-03-25 13:48:01] === 自动补做检查开始 ===
[2026-03-25 13:48:01] 🔍 发现失败任务：TASK-009 ()
[2026-03-25 13:48:01]    执行 Bot: 太一
[2026-03-25 13:48:01]    告警时间：12:59
[2026-03-25 13:48:01] ✅ 任务已补做：/home/nicola/.openclaw/workspace/reports/task-009-20260325-retry.md
[2026-03-25 13:50:01] === 自动补做检查开始 ===
[2026-03-25 13:50:01] 🔍 发现失败任务：TASK-009 ()
[2026-03-25 13:50:01]    执行 Bot: 太一
[2026-03-25 13:50:01]    告警时间：12:59
[2026-03-25 13:50:01] ✅ 任务已补做：/home/nicola/.openclaw/workspace/reports/task-009-20260325-retry.md
[2026-03-25 13:52:01] === 自动补做检查开始 ===
[2026-03-25 13:52:01] 🔍 发现失败任务：TASK-009 ()
[2026-03-25 13:52:01]    执行 Bot: 太一
[2026-03-25 13:52:01]    告警时间：12:59
[2026-03-25 13:52:01] ✅ 任务已补做：/home/nicola/.openclaw/workspace/reports/task-009-20260325-retry.md
[2026-03-25 13:54:01] === 自动补做检查开始 ===
[2026-03-25 13:54:01] 🔍 发现失败任务：TASK-009 ()
[2026-03-25 13:54:01]    执行 Bot: 太一
[2026-03-25 13:54:01]    告警时间：12:59
[2026-03-25 13:54:01] ✅ 任务已补做：/home/nicola/.openclaw/workspace/reports/task-009-20260325-retry.md
[2026-03-25 13:56:01] === 自动补做检查开始 ===
[2026-03-25 13:56:01] 🔍 发现失败任务：TASK-009 ()
[2026-03-25 13:56:01]    执行 Bot: 太一
[2026-03-25 13:56:01]    告警时间：12:59
[2026-03-25 13:56:01] ✅ 任务已补做：/home/nicola/.openclaw/workspace/reports/task-009-20260325-retry.md
[2026-03-25 13:58:01] === 自动补做检查开始 ===
[2026-03-25 13:58:01] 🔍 发现失败任务：TASK-009 ()
[2026-03-25 13:58:01]    执行 Bot: 太一
[2026-03-25 13:58:01]    告警时间：12:59
[2026-03-25 13:58:01] ✅ 任务已补做：/home/nicola/.openclaw/workspace/reports/task-009-20260325-retry.md
[2026-03-25 14:00:01] === 自动补做检查开始 ===
[2026-03-25 14:00:01] 🔍 发现失败任务：TASK-009 ()
[2026-03-25 14:00:01]    执行 Bot: 太一
[2026-03-25 14:00:01]    告警时间：12:59
[2026-03-25 14:00:01] ✅ 任务已补做：/home/nicola/.openclaw/workspace/reports/task-009-20260325-retry.md
[2026-03-25 14:02:01] === 自动补做检查开始 ===
[2026-03-25 14:02:01] 🔍 发现失败任务：TASK-009 ()
[2026-03-25 14:02:01]    执行 Bot: 太一
[2026-03-25 14:02:01]    告警时间：12:59
[2026-03-25 14:02:01] ✅ 任务已补做：/home/nicola/.openclaw/workspace/reports/task-009-20260325-retry.md
[2026-03-25 14:04:01] === 自动补做检查开始 ===
[2026-03-25 14:04:01] 🔍 发现失败任务：TASK-009 ()
[2026-03-25 14:04:01]    执行 Bot: 太一
[2026-03-25 14:04:01]    告警时间：12:59
[2026-03-25 14:04:01] ✅ 任务已补做：/home/nicola/.openclaw/workspace/reports/task-009-20260325-retry.md
[2026-03-25 14:06:01] === 自动补做检查开始 ===
[2026-03-25 14:06:01] 🔍 发现失败任务：TASK-011 ()
[2026-03-25 14:06:01]    执行 Bot: 知几
[2026-03-25 14:06:01]    告警时间：14:05
[2026-03-25 14:06:01] ⚡ 触发补做流程...
[2026-03-25 14:06:01] 📢 通知 知几 执行补做...
[2026-03-25 14:06:01] ⚠️ 需要 知几 手动补做
[2026-03-25 14:06:01] === 自动补做检查完成 ===
[2026-03-25 14:06:01] 
[2026-03-25 14:08:01] === 自动补做检查开始 ===
[2026-03-25 14:08:01] 🔍 发现失败任务：TASK-011 ()
[2026-03-25 14:08:01]    执行 Bot: 知几
[2026-03-25 14:08:01]    告警时间：14:07
[2026-03-25 14:08:01] ⚡ 触发补做流程...
[2026-03-25 14:08:01] 📢 通知 知几 执行补做...
[2026-03-25 14:08:01] ⚠️ 需要 知几 手动补做
[2026-03-25 14:08:01] === 自动补做检查完成 ===
[2026-03-25 14:08:01] 
[2026-03-25 14:10:01] === 自动补做检查开始 ===
[2026-03-25 14:10:01] 🔍 发现失败任务：TASK-011 ()
[2026-03-25 14:10:01]    执行 Bot: 知几
[2026-03-25 14:10:01]    告警时间：14:09
[2026-03-25 14:10:01] ⚡ 触发补做流程...
[2026-03-25 14:10:01] 📢 通知 知几 执行补做...
[2026-03-25 14:10:01] ⚠️ 需要 知几 手动补做
[2026-03-25 14:10:01] === 自动补做检查完成 ===
[2026-03-25 14:10:01] 
[2026-03-25 14:12:01] === 自动补做检查开始 ===
[2026-03-25 14:12:01] 🔍 发现失败任务：TASK-011 ()
[2026-03-25 14:12:01]    执行 Bot: 知几
[2026-03-25 14:12:01]    告警时间：14:11
[2026-03-25 14:12:01] ⚡ 触发补做流程...
[2026-03-25 14:12:01] 📢 通知 知几 执行补做...
[2026-03-25 14:12:01] ⚠️ 需要 知几 手动补做
[2026-03-25 14:12:01] === 自动补做检查完成 ===
[2026-03-25 14:12:01] 
[2026-03-25 14:14:01] === 自动补做检查开始 ===
[2026-03-25 14:14:01] 🔍 发现失败任务：TASK-011 ()
[2026-03-25 14:14:01]    执行 Bot: 知几
[2026-03-25 14:14:01]    告警时间：14:13
[2026-03-25 14:14:01] ⚡ 触发补做流程...
[2026-03-25 14:14:01] 📢 通知 知几 执行补做...
[2026-03-25 14:14:01] ⚠️ 需要 知几 手动补做
[2026-03-25 14:14:01] === 自动补做检查完成 ===
[2026-03-25 14:14:01] 
[2026-03-25 14:16:01] === 自动补做检查开始 ===
[2026-03-25 14:16:01] 🔍 发现失败任务：TASK-011 ()
[2026-03-25 14:16:01]    执行 Bot: 知几
[2026-03-25 14:16:01]    告警时间：14:15
[2026-03-25 14:16:01] ⚡ 触发补做流程...
[2026-03-25 14:16:01] 📢 通知 知几 执行补做...
[2026-03-25 14:16:01] ⚠️ 需要 知几 手动补做
[2026-03-25 14:16:01] === 自动补做检查完成 ===
[2026-03-25 14:16:01] 
[2026-03-25 14:18:01] === 自动补做检查开始 ===
[2026-03-25 14:18:01] 🔍 发现失败任务：TASK-011 ()
[2026-03-25 14:18:01]    执行 Bot: 知几
[2026-03-25 14:18:01]    告警时间：14:17
[2026-03-25 14:18:01] ⚡ 触发补做流程...
[2026-03-25 14:18:01] 📢 通知 知几 执行补做...
[2026-03-25 14:18:01] ⚠️ 需要 知几 手动补做
[2026-03-25 14:18:01] === 自动补做检查完成 ===
[2026-03-25 14:18:01] 
[2026-03-25 14:20:01] === 自动补做检查开始 ===
[2026-03-25 14:20:01] 🔍 发现失败任务：TASK-011 ()
[2026-03-25 14:20:01]    执行 Bot: 知几
[2026-03-25 14:20:01]    告警时间：14:19
[2026-03-25 14:20:01] ⚡ 触发补做流程...
[2026-03-25 14:20:01] 📢 通知 知几 执行补做...
[2026-03-25 14:20:01] ⚠️ 需要 知几 手动补做
[2026-03-25 14:20:01] === 自动补做检查完成 ===
[2026-03-25 14:20:01] 
[2026-03-25 14:22:01] === 自动补做检查开始 ===
[2026-03-25 14:22:01] 🔍 发现失败任务：TASK-011 ()
[2026-03-25 14:22:01]    执行 Bot: 知几
[2026-03-25 14:22:01]    告警时间：14:21
[2026-03-25 14:22:01] ⚡ 触发补做流程...
[2026-03-25 14:22:01] 📢 通知 知几 执行补做...
[2026-03-25 14:22:01] ⚠️ 需要 知几 手动补做
[2026-03-25 14:22:01] === 自动补做检查完成 ===
[2026-03-25 14:22:01] 
[2026-03-25 14:24:01] === 自动补做检查开始 ===
[2026-03-25 14:24:01] 🔍 发现失败任务：TASK-011 ()
[2026-03-25 14:24:01]    执行 Bot: 知几
[2026-03-25 14:24:01]    告警时间：14:23
[2026-03-25 14:24:01] ⚡ 触发补做流程...
[2026-03-25 14:24:01] 📢 通知 知几 执行补做...
[2026-03-25 14:24:01] ⚠️ 需要 知几 手动补做
[2026-03-25 14:24:01] === 自动补做检查完成 ===
[2026-03-25 14:24:01] 
[2026-03-25 14:26:01] === 自动补做检查开始 ===
[2026-03-25 14:26:01] 🔍 发现失败任务：TASK-011 ()
[2026-03-25 14:26:01]    执行 Bot: 知几
[2026-03-25 14:26:01]    告警时间：14:25
[2026-03-25 14:26:01] ⚡ 触发补做流程...
[2026-03-25 14:26:01] 📢 通知 知几 执行补做...
[2026-03-25 14:26:01] ⚠️ 需要 知几 手动补做
[2026-03-25 14:26:01] === 自动补做检查完成 ===
[2026-03-25 14:26:01] 
[2026-03-25 14:28:01] === 自动补做检查开始 ===
[2026-03-25 14:28:01] 🔍 发现失败任务：TASK-011 ()
[2026-03-25 14:28:01]    执行 Bot: 知几
[2026-03-25 14:28:01]    告警时间：14:27
[2026-03-25 14:28:01] ⚡ 触发补做流程...
[2026-03-25 14:28:01] 📢 通知 知几 执行补做...
[2026-03-25 14:28:01] ⚠️ 需要 知几 手动补做
[2026-03-25 14:28:01] === 自动补做检查完成 ===
[2026-03-25 14:28:01] 
[2026-03-25 14:30:01] === 自动补做检查开始 ===
[2026-03-25 14:30:01] 🔍 发现失败任务：TASK-011 ()
[2026-03-25 14:30:01]    执行 Bot: 知几
[2026-03-25 14:30:01]    告警时间：14:29
[2026-03-25 14:30:01] ⚡ 触发补做流程...
[2026-03-25 14:30:01] 📢 通知 知几 执行补做...
[2026-03-25 14:30:01] ⚠️ 需要 知几 手动补做
[2026-03-25 14:30:01] === 自动补做检查完成 ===
[2026-03-25 14:30:01] 
[2026-03-25 14:32:01] === 自动补做检查开始 ===
[2026-03-25 14:32:01] 🔍 发现失败任务：TASK-011 ()
[2026-03-25 14:32:01]    执行 Bot: 知几
[2026-03-25 14:32:01]    告警时间：14:31
[2026-03-25 14:32:01] ⚡ 触发补做流程...
[2026-03-25 14:32:01] 📢 通知 知几 执行补做...
[2026-03-25 14:32:01] ⚠️ 需要 知几 手动补做
[2026-03-25 14:32:01] === 自动补做检查完成 ===
[2026-03-25 14:32:01] 
[2026-03-25 14:34:01] === 自动补做检查开始 ===
[2026-03-25 14:34:01] 🔍 发现失败任务：TASK-011 ()
[2026-03-25 14:34:01]    执行 Bot: 知几
[2026-03-25 14:34:01]    告警时间：14:33
[2026-03-25 14:34:01] ⚡ 触发补做流程...
[2026-03-25 14:34:01] 📢 通知 知几 执行补做...
[2026-03-25 14:34:01] ⚠️ 需要 知几 手动补做
[2026-03-25 14:34:01] === 自动补做检查完成 ===
[2026-03-25 14:34:01] 
[2026-03-25 14:36:01] === 自动补做检查开始 ===
[2026-03-25 14:36:01] 🔍 发现失败任务：TASK-011 ()
[2026-03-25 14:36:01]    执行 Bot: 知几
[2026-03-25 14:36:01]    告警时间：14:35
[2026-03-25 14:36:01] ⚡ 触发补做流程...
[2026-03-25 14:36:01] 📢 通知 知几 执行补做...
[2026-03-25 14:36:01] ⚠️ 需要 知几 手动补做
[2026-03-25 14:36:01] === 自动补做检查完成 ===
[2026-03-25 14:36:01] 
[2026-03-25 14:38:01] === 自动补做检查开始 ===
[2026-03-25 14:38:01] 🔍 发现失败任务：TASK-011 ()
[2026-03-25 14:38:01]    执行 Bot: 知几
[2026-03-25 14:38:01]    告警时间：14:37
[2026-03-25 14:38:01] ⚡ 触发补做流程...
[2026-03-25 14:38:01] 📢 通知 知几 执行补做...
[2026-03-25 14:38:01] ⚠️ 需要 知几 手动补做
[2026-03-25 14:38:01] === 自动补做检查完成 ===
[2026-03-25 14:38:01] 
[2026-03-25 14:40:01] === 自动补做检查开始 ===
[2026-03-25 14:40:01] 🔍 发现失败任务：TASK-011 ()
[2026-03-25 14:40:01]    执行 Bot: 知几
[2026-03-25 14:40:01]    告警时间：14:39
[2026-03-25 14:40:01] ⚡ 触发补做流程...
[2026-03-25 14:40:01] 📢 通知 知几 执行补做...
[2026-03-25 14:40:01] ⚠️ 需要 知几 手动补做
[2026-03-25 14:40:01] === 自动补做检查完成 ===
[2026-03-25 14:40:01] 
[2026-03-25 14:42:01] === 自动补做检查开始 ===
[2026-03-25 14:42:01] 🔍 发现失败任务：TASK-011 ()
[2026-03-25 14:42:01]    执行 Bot: 知几
[2026-03-25 14:42:01]    告警时间：14:41
[2026-03-25 14:42:01] ⚡ 触发补做流程...
[2026-03-25 14:42:01] 📢 通知 知几 执行补做...
[2026-03-25 14:42:01] ⚠️ 需要 知几 手动补做
[2026-03-25 14:42:01] === 自动补做检查完成 ===
[2026-03-25 14:42:01] 
[2026-03-25 14:44:01] === 自动补做检查开始 ===
[2026-03-25 14:44:01] 🔍 发现失败任务：TASK-011 ()
[2026-03-25 14:44:01]    执行 Bot: 知几
[2026-03-25 14:44:01]    告警时间：14:43
[2026-03-25 14:44:01] ⚡ 触发补做流程...
[2026-03-25 14:44:01] 📢 通知 知几 执行补做...
[2026-03-25 14:44:01] ⚠️ 需要 知几 手动补做
[2026-03-25 14:44:01] === 自动补做检查完成 ===
[2026-03-25 14:44:01] 
[2026-03-25 14:46:01] === 自动补做检查开始 ===
[2026-03-25 14:46:01] 🔍 发现失败任务：TASK-011 ()
[2026-03-25 14:46:01]    执行 Bot: 知几
[2026-03-25 14:46:01]    告警时间：14:45
[2026-03-25 14:46:01] ⚡ 触发补做流程...
[2026-03-25 14:46:01] 📢 通知 知几 执行补做...
[2026-03-25 14:46:01] ⚠️ 需要 知几 手动补做
[2026-03-25 14:46:01] === 自动补做检查完成 ===
[2026-03-25 14:46:01] 
[2026-03-25 14:48:01] === 自动补做检查开始 ===
[2026-03-25 14:48:01] 🔍 发现失败任务：TASK-011 ()
[2026-03-25 14:48:01]    执行 Bot: 知几
[2026-03-25 14:48:01]    告警时间：14:47
[2026-03-25 14:48:01] ⚡ 触发补做流程...
[2026-03-25 14:48:01] 📢 通知 知几 执行补做...
[2026-03-25 14:48:01] ⚠️ 需要 知几 手动补做
[2026-03-25 14:48:01] === 自动补做检查完成 ===
[2026-03-25 14:48:01] 
[2026-03-25 14:50:01] === 自动补做检查开始 ===
[2026-03-25 14:50:01] 🔍 发现失败任务：TASK-011 ()
[2026-03-25 14:50:01]    执行 Bot: 知几
[2026-03-25 14:50:01]    告警时间：14:49
[2026-03-25 14:50:01] ⚡ 触发补做流程...
[2026-03-25 14:50:01] 📢 通知 知几 执行补做...
[2026-03-25 14:50:01] ⚠️ 需要 知几 手动补做
[2026-03-25 14:50:01] === 自动补做检查完成 ===
[2026-03-25 14:50:01] 
[2026-03-25 14:52:01] === 自动补做检查开始 ===
[2026-03-25 14:52:01] 🔍 发现失败任务：TASK-011 ()
[2026-03-25 14:52:01]    执行 Bot: 知几
[2026-03-25 14:52:01]    告警时间：14:51
[2026-03-25 14:52:01] ⚡ 触发补做流程...
[2026-03-25 14:52:01] 📢 通知 知几 执行补做...
[2026-03-25 14:52:01] ⚠️ 需要 知几 手动补做
[2026-03-25 14:52:01] === 自动补做检查完成 ===
[2026-03-25 14:52:01] 
[2026-03-25 14:54:01] === 自动补做检查开始 ===
[2026-03-25 14:54:01] 🔍 发现失败任务：TASK-011 ()
[2026-03-25 14:54:01]    执行 Bot: 知几
[2026-03-25 14:54:01]    告警时间：14:53
[2026-03-25 14:54:01] ⚡ 触发补做流程...
[2026-03-25 14:54:01] 📢 通知 知几 执行补做...
[2026-03-25 14:54:01] ⚠️ 需要 知几 手动补做
[2026-03-25 14:54:01] === 自动补做检查完成 ===
[2026-03-25 14:54:01] 
[2026-03-25 14:56:01] === 自动补做检查开始 ===
[2026-03-25 14:56:01] 🔍 发现失败任务：TASK-011 ()
[2026-03-25 14:56:01]    执行 Bot: 知几
[2026-03-25 14:56:01]    告警时间：14:55
[2026-03-25 14:56:01] ⚡ 触发补做流程...
[2026-03-25 14:56:01] 📢 通知 知几 执行补做...
[2026-03-25 14:56:01] ⚠️ 需要 知几 手动补做
[2026-03-25 14:56:01] === 自动补做检查完成 ===
[2026-03-25 14:56:01] 
[2026-03-25 14:58:01] === 自动补做检查开始 ===
[2026-03-25 14:58:01] 🔍 发现失败任务：TASK-011 ()
[2026-03-25 14:58:01]    执行 Bot: 知几
[2026-03-25 14:58:01]    告警时间：14:57
[2026-03-25 14:58:01] ⚡ 触发补做流程...
[2026-03-25 14:58:01] 📢 通知 知几 执行补做...
[2026-03-25 14:58:01] ⚠️ 需要 知几 手动补做
[2026-03-25 14:58:01] === 自动补做检查完成 ===
[2026-03-25 14:58:01] 
[2026-03-25 15:00:01] === 自动补做检查开始 ===
[2026-03-25 15:00:02] 🔍 发现失败任务：TASK-011 ()
[2026-03-25 15:00:02]    执行 Bot: 知几
[2026-03-25 15:00:02]    告警时间：14:59
[2026-03-25 15:00:02] ⚡ 触发补做流程...
[2026-03-25 15:00:02] 📢 通知 知几 执行补做...
[2026-03-25 15:00:02] ⚠️ 需要 知几 手动补做
[2026-03-25 15:00:02] === 自动补做检查完成 ===
[2026-03-25 15:00:02] 
[2026-03-25 15:02:01] === 自动补做检查开始 ===
[2026-03-25 15:02:01] 🔍 发现失败任务：TASK-011 ()
[2026-03-25 15:02:01]    执行 Bot: 知几
[2026-03-25 15:02:01]    告警时间：14:59
[2026-03-25 15:02:01] ⚡ 触发补做流程...
[2026-03-25 15:02:01] 📢 通知 知几 执行补做...
[2026-03-25 15:02:01] ⚠️ 需要 知几 手动补做
[2026-03-25 15:02:01] === 自动补做检查完成 ===
[2026-03-25 15:02:01] 
[2026-03-25 15:04:01] === 自动补做检查开始 ===
[2026-03-25 15:04:01] 🔍 发现失败任务：TASK-011 ()
[2026-03-25 15:04:01]    执行 Bot: 知几
[2026-03-25 15:04:01]    告警时间：14:59
[2026-03-25 15:04:01] ⚡ 触发补做流程...
[2026-03-25 15:04:01] 📢 通知 知几 执行补做...
[2026-03-25 15:04:01] ⚠️ 需要 知几 手动补做
[2026-03-25 15:04:01] === 自动补做检查完成 ===
[2026-03-25 15:04:01] 
[2026-03-25 15:06:01] === 自动补做检查开始 ===
[2026-03-25 15:06:01] 🔍 发现失败任务：TASK-011 ()
[2026-03-25 15:06:01]    执行 Bot: 知几
[2026-03-25 15:06:01]    告警时间：14:59
[2026-03-25 15:06:01] ⚡ 触发补做流程...
[2026-03-25 15:06:01] 📢 通知 知几 执行补做...
[2026-03-25 15:06:01] ⚠️ 需要 知几 手动补做
[2026-03-25 15:06:01] === 自动补做检查完成 ===
[2026-03-25 15:06:01] 
[2026-03-25 15:08:01] === 自动补做检查开始 ===
[2026-03-25 15:08:01] 🔍 发现失败任务：TASK-011 ()
[2026-03-25 15:08:01]    执行 Bot: 知几
[2026-03-25 15:08:01]    告警时间：14:59
[2026-03-25 15:08:01] ⚡ 触发补做流程...
[2026-03-25 15:08:01] 📢 通知 知几 执行补做...
[2026-03-25 15:08:01] ⚠️ 需要 知几 手动补做
[2026-03-25 15:08:01] === 自动补做检查完成 ===
[2026-03-25 15:08:01] 
[2026-03-25 15:10:01] === 自动补做检查开始 ===
[2026-03-25 15:10:01] 🔍 发现失败任务：TASK-011 ()
[2026-03-25 15:10:01]    执行 Bot: 知几
[2026-03-25 15:10:01]    告警时间：14:59
[2026-03-25 15:10:01] ⚡ 触发补做流程...
[2026-03-25 15:10:01] 📢 通知 知几 执行补做...
[2026-03-25 15:10:01] ⚠️ 需要 知几 手动补做
[2026-03-25 15:10:01] === 自动补做检查完成 ===
[2026-03-25 15:10:01] 
[2026-03-25 15:12:01] === 自动补做检查开始 ===
[2026-03-25 15:12:01] 🔍 发现失败任务：TASK-011 ()
[2026-03-25 15:12:01]    执行 Bot: 知几
[2026-03-25 15:12:01]    告警时间：14:59
[2026-03-25 15:12:01] ⚡ 触发补做流程...
[2026-03-25 15:12:01] 📢 通知 知几 执行补做...
[2026-03-25 15:12:01] ⚠️ 需要 知几 手动补做
[2026-03-25 15:12:01] === 自动补做检查完成 ===
[2026-03-25 15:12:01] 
[2026-03-25 15:14:01] === 自动补做检查开始 ===
[2026-03-25 15:14:01] 🔍 发现失败任务：TASK-011 ()
[2026-03-25 15:14:01]    执行 Bot: 知几
[2026-03-25 15:14:01]    告警时间：14:59
[2026-03-25 15:14:01] ⚡ 触发补做流程...
[2026-03-25 15:14:01] 📢 通知 知几 执行补做...
[2026-03-25 15:14:01] ⚠️ 需要 知几 手动补做
[2026-03-25 15:14:01] === 自动补做检查完成 ===
[2026-03-25 15:14:01] 
[2026-03-25 15:16:01] === 自动补做检查开始 ===
[2026-03-25 15:16:01] 🔍 发现失败任务：TASK-011 ()
[2026-03-25 15:16:01]    执行 Bot: 知几
[2026-03-25 15:16:01]    告警时间：14:59
[2026-03-25 15:16:01] ⚡ 触发补做流程...
[2026-03-25 15:16:01] 📢 通知 知几 执行补做...
[2026-03-25 15:16:01] ⚠️ 需要 知几 手动补做
[2026-03-25 15:16:01] === 自动补做检查完成 ===
[2026-03-25 15:16:01] 
[2026-03-25 15:18:01] === 自动补做检查开始 ===
[2026-03-25 15:18:01] 🔍 发现失败任务：TASK-011 ()
[2026-03-25 15:18:01]    执行 Bot: 知几
[2026-03-25 15:18:01]    告警时间：14:59
[2026-03-25 15:18:01] ⚡ 触发补做流程...
[2026-03-25 15:18:01] 📢 通知 知几 执行补做...
[2026-03-25 15:18:01] ⚠️ 需要 知几 手动补做
[2026-03-25 15:18:01] === 自动补做检查完成 ===
[2026-03-25 15:18:01] 
[2026-03-25 15:20:01] === 自动补做检查开始 ===
[2026-03-25 15:20:01] 🔍 发现失败任务：TASK-011 ()
[2026-03-25 15:20:01]    执行 Bot: 知几
[2026-03-25 15:20:01]    告警时间：14:59
[2026-03-25 15:20:01] ⚡ 触发补做流程...
[2026-03-25 15:20:01] 📢 通知 知几 执行补做...
[2026-03-25 15:20:01] ⚠️ 需要 知几 手动补做
[2026-03-25 15:20:01] === 自动补做检查完成 ===
[2026-03-25 15:20:01] 
[2026-03-25 15:22:01] === 自动补做检查开始 ===
[2026-03-25 15:22:01] 🔍 发现失败任务：TASK-011 ()
[2026-03-25 15:22:01]    执行 Bot: 知几
[2026-03-25 15:22:01]    告警时间：14:59
[2026-03-25 15:22:01] ⚡ 触发补做流程...
[2026-03-25 15:22:01] 📢 通知 知几 执行补做...
[2026-03-25 15:22:01] ⚠️ 需要 知几 手动补做
[2026-03-25 15:22:01] === 自动补做检查完成 ===
[2026-03-25 15:22:01] 
[2026-03-25 15:24:01] === 自动补做检查开始 ===
[2026-03-25 15:24:01] 🔍 发现失败任务：TASK-011 ()
[2026-03-25 15:24:01]    执行 Bot: 知几
[2026-03-25 15:24:01]    告警时间：14:59
[2026-03-25 15:24:01] ⚡ 触发补做流程...
[2026-03-25 15:24:01] 📢 通知 知几 执行补做...
[2026-03-25 15:24:01] ⚠️ 需要 知几 手动补做
[2026-03-25 15:24:01] === 自动补做检查完成 ===
[2026-03-25 15:24:01] 
[2026-03-25 15:26:01] === 自动补做检查开始 ===
[2026-03-25 15:26:01] 🔍 发现失败任务：TASK-011 ()
[2026-03-25 15:26:01]    执行 Bot: 知几
[2026-03-25 15:26:01]    告警时间：14:59
[2026-03-25 15:26:01] ⚡ 触发补做流程...
[2026-03-25 15:26:01] 📢 通知 知几 执行补做...
[2026-03-25 15:26:01] ⚠️ 需要 知几 手动补做
[2026-03-25 15:26:01] === 自动补做检查完成 ===
[2026-03-25 15:26:01] 
[2026-03-25 15:28:01] === 自动补做检查开始 ===
[2026-03-25 15:28:01] 🔍 发现失败任务：TASK-011 ()
[2026-03-25 15:28:01]    执行 Bot: 知几
[2026-03-25 15:28:01]    告警时间：14:59
[2026-03-25 15:28:01] ⚡ 触发补做流程...
[2026-03-25 15:28:01] 📢 通知 知几 执行补做...
[2026-03-25 15:28:01] ⚠️ 需要 知几 手动补做
[2026-03-25 15:28:01] === 自动补做检查完成 ===
[2026-03-25 15:28:01] 
[2026-03-25 15:30:01] === 自动补做检查开始 ===
[2026-03-25 15:30:01] 🔍 发现失败任务：TASK-011 ()
[2026-03-25 15:30:01]    执行 Bot: 知几
[2026-03-25 15:30:01]    告警时间：14:59
[2026-03-25 15:30:01] ⚡ 触发补做流程...
[2026-03-25 15:30:01] 📢 通知 知几 执行补做...
[2026-03-25 15:30:01] ⚠️ 需要 知几 手动补做
[2026-03-25 15:30:01] === 自动补做检查完成 ===
[2026-03-25 15:30:01] 
[2026-03-25 15:32:01] === 自动补做检查开始 ===
[2026-03-25 15:32:01] 🔍 发现失败任务：TASK-011 ()
[2026-03-25 15:32:01]    执行 Bot: 知几
[2026-03-25 15:32:01]    告警时间：14:59
[2026-03-25 15:32:01] ⚡ 触发补做流程...
[2026-03-25 15:32:01] 📢 通知 知几 执行补做...
[2026-03-25 15:32:01] ⚠️ 需要 知几 手动补做
[2026-03-25 15:32:01] === 自动补做检查完成 ===
[2026-03-25 15:32:01] 
[2026-03-25 15:34:01] === 自动补做检查开始 ===
[2026-03-25 15:34:01] 🔍 发现失败任务：TASK-011 ()
[2026-03-25 15:34:01]    执行 Bot: 知几
[2026-03-25 15:34:01]    告警时间：14:59
[2026-03-25 15:34:01] ⚡ 触发补做流程...
[2026-03-25 15:34:01] 📢 通知 知几 执行补做...
[2026-03-25 15:34:01] ⚠️ 需要 知几 手动补做
[2026-03-25 15:34:01] === 自动补做检查完成 ===
[2026-03-25 15:34:01] 
[2026-03-25 15:36:01] === 自动补做检查开始 ===
[2026-03-25 15:36:01] ✅ 无失败任务
[2026-03-25 15:38:01] === 自动补做检查开始 ===
[2026-03-25 15:38:01] ✅ 无失败任务
[2026-03-25 15:40:01] === 自动补做检查开始 ===
[2026-03-25 15:40:01] ✅ 无失败任务
[2026-03-25 15:42:01] === 自动补做检查开始 ===
[2026-03-25 15:42:01] ✅ 无失败任务
[2026-03-25 15:44:01] === 自动补做检查开始 ===
[2026-03-25 15:44:01] ✅ 无失败任务
[2026-03-25 15:46:01] === 自动补做检查开始 ===
[2026-03-25 15:46:01] ✅ 无失败任务
[2026-03-25 15:48:01] === 自动补做检查开始 ===
[2026-03-25 15:48:01] ✅ 无失败任务
[2026-03-25 15:50:01] === 自动补做检查开始 ===
[2026-03-25 15:50:01] ✅ 无失败任务
