[2026-03-25 08:00:01] [罔两] 收集竞品数据...
[2026-03-25 08:00:01] [罔两] 竞品数据收集完成
[2026-03-25 08:00:01] 任务 'wangliang-competitor' 执行完毕
[2026-03-25 08:00:01.501471] 开始扫描跨境贸易机会...

【跨境外贸日报】2026-03-25

🔥 高价值机会：

1. Supply of Industrial Generators
   平台：UNGM
   金额：$200,000
   市场：Ukraine
   截止：2026-04-15
   优先级：P0

2. Medical Equipment Procurement
   平台：World Bank
   金额：$150,000
   市场：Middle East
   截止：2026-04-20
   优先级：P0

3. Agricultural Engines Supply
   平台：DG Market
   金额：$50,000
   市场：Southeast Asia
   截止：2026-04-10
   优先级：P1

📊 市场动态：
- 乌克兰重建需求 +150%
- 中东基建需求 +50%
- 东南亚农业需求 +80%

🎯 今日推荐：
重点关注通用发动机 (20-200HP)
目标客户：建筑公司/政府项目

来源：罔两情报系统

✓ 报告已保存：/home/nicola/polymarket-data/cross-border/daily_report_2026-03-25.md
