# Cron 告警日志 - 已重置
重置时间：2026-03-26 23:25:52
=== Cron 任务监控检查 ===
检查时间：2026-03-26 23:25:52
[2026-03-26 23:25:52] ✅ suwen-健康检查: 正常
[2026-03-26 23:25:52] ✅ paoding-支出记录: 正常
[2026-03-26 23:25:52] ✅ zhiji-鲸鱼追踪: 正常
=== Cron 任务监控检查 ===
检查时间：2026-03-26 23:28:34
[2026-03-26 23:28:34] ✅ suwen-健康检查: 正常
[2026-03-26 23:28:34] ✅ paoding-支出记录: 正常
[2026-03-26 23:28:34] ✅ zhiji-鲸鱼追踪: 正常
=== Cron 任务监控检查 ===
检查时间：2026-03-27 00:00:01
=== Cron 任务监控检查 ===
检查时间：2026-03-27 01:00:01
=== Cron 任务监控检查 ===
检查时间：2026-03-27 02:00:01
=== Cron 任务监控检查 ===
检查时间：2026-03-27 03:00:02
=== Cron 任务监控检查 ===
检查时间：2026-03-27 04:00:01
=== Cron 任务监控检查 ===
检查时间：2026-03-27 05:00:01
=== Cron 任务监控检查 ===
检查时间：2026-03-27 06:00:01
=== Cron 任务监控检查 ===
检查时间：2026-03-27 07:00:01
=== Cron 任务监控检查 ===
检查时间：2026-03-27 08:00:02
=== Cron 任务监控检查 ===
检查时间：2026-03-27 09:00:01
[2026-03-27 09:00:01] ✅ suwen-健康检查: 正常
[2026-03-27 09:00:01] ✅ paoding-支出记录: 正常
=== Cron 任务监控检查 ===
检查时间：2026-03-27 10:00:01
[2026-03-27 10:00:01] ✅ suwen-健康检查: 正常
[2026-03-27 10:00:01] ✅ paoding-支出记录: 正常
=== Cron 任务监控检查 ===
检查时间：2026-03-27 11:00:01
[2026-03-27 11:00:01] ✅ suwen-健康检查: 正常
[2026-03-27 11:00:01] ✅ paoding-支出记录: 正常
=== Cron 任务监控检查 ===
检查时间：2026-03-27 12:00:02
[2026-03-27 12:00:02] ✅ suwen-健康检查: 正常
[2026-03-27 12:00:02] ✅ paoding-支出记录: 正常
=== Cron 任务监控检查 ===
检查时间：2026-03-27 13:00:02
[2026-03-27 13:00:02] ✅ suwen-健康检查: 正常
[2026-03-27 13:00:02] ✅ paoding-支出记录: 正常
=== Cron 任务监控检查 ===
检查时间：2026-03-27 14:00:02
[2026-03-27 14:00:02] ✅ suwen-健康检查: 正常
[2026-03-27 14:00:02] ✅ paoding-支出记录: 正常
[2026-03-27 14:00:02] ✅ zhiji-鲸鱼追踪: 正常
=== Cron 任务监控检查 ===
检查时间：2026-03-27 15:00:01
[2026-03-27 15:00:01] ✅ suwen-健康检查: 正常
[2026-03-27 15:00:01] ✅ paoding-支出记录: 正常
[2026-03-27 15:00:01] ✅ zhiji-鲸鱼追踪: 正常
=== Cron 任务监控检查 ===
检查时间：2026-03-27 16:00:02
[2026-03-27 16:00:02] ✅ suwen-健康检查: 正常
[2026-03-27 16:00:02] ✅ paoding-支出记录: 正常
[2026-03-27 16:00:02] ✅ zhiji-鲸鱼追踪: 正常
=== Cron 任务监控检查 ===
检查时间：2026-03-27 17:00:01
[2026-03-27 17:00:01] ✅ suwen-健康检查: 正常
[2026-03-27 17:00:01] ✅ paoding-支出记录: 正常
[2026-03-27 17:00:01] ✅ zhiji-鲸鱼追踪: 正常
=== Cron 任务监控检查 ===
检查时间：2026-03-27 18:00:01
[2026-03-27 18:00:01] ✅ suwen-健康检查: 正常
[2026-03-27 18:00:01] ✅ paoding-支出记录: 正常
[2026-03-27 18:00:01] ✅ zhiji-鲸鱼追踪: 正常
=== Cron 任务监控检查 ===
检查时间：2026-03-27 19:00:01
[2026-03-27 19:00:01] ✅ suwen-健康检查: 正常
[2026-03-27 19:00:01] ✅ paoding-支出记录: 正常
[2026-03-27 19:00:01] ✅ zhiji-鲸鱼追踪: 正常
=== Cron 任务监控检查 ===
检查时间：2026-03-27 20:00:01
[2026-03-27 20:00:01] ✅ suwen-健康检查: 正常
[2026-03-27 20:00:01] ✅ paoding-支出记录: 正常
[2026-03-27 20:00:01] ✅ zhiji-鲸鱼追踪: 正常
