[2026-03-26 08:21:16] ❌ Telegram Token 未找到
[2026-03-26 08:21:46] ❌ Telegram Token 未找到
[2026-03-26 08:21:52] ❌ Telegram Token 未找到
[2026-03-26 08:21:59] ✅ 通知发送成功：定时任务测试
[2026-03-26 08:36:17] ✅ 通知发送成功：定时任务检查
[2026-03-26 09:00:03] ✅ 通知发送成功：任务完成
[2026-03-26 09:00:03] ✅ 通知发送成功：鲸鱼追踪完成
[2026-03-26 09:00:03] ✅ 通知发送成功：公众号采集完成
[2026-03-26 09:18:12] ✅ 通知发送成功：定时任务成果报告
[2026-03-26 09:30:02] ✅ 通知发送成功：任务完成
[2026-03-26 09:55:33] ✅ 通知发送成功：AI 生图完成
[2026-03-26 09:57:08] ✅ 通知发送成功：三亚旅游攻略完成
[2026-03-26 10:00:02] ✅ 通知发送成功：知几 X 发布
[2026-03-26 11:19:57] ✅ 通知发送成功：md2pdf Skill 创建完成
[2026-03-26 12:00:02] ✅ 通知发送成功：小红书监控完成
[2026-03-26 12:34:18] ✅ 通知发送成功：X 热点追踪配置完成
[2026-03-26 12:35:30] ✅ 通知发送成功：鲸鱼追踪配置完成
[2026-03-26 12:36:07] ❌ 通知发送失败：天气预测配置完成
[2026-03-26 12:39:37] ✅ 通知发送成功：Polymarket 天气预测监控
[2026-03-26 12:44:40] ✅ 通知发送成功：Polymarket 学习配置完成
[2026-03-26 12:59:26] ✅ 通知发送成功：知几 Polymarket 指导配置完成
[2026-03-26 13:11:50] ✅ 通知发送成功：三平台热点追踪配置完成
[2026-03-26 13:17:29] ✅ 通知发送成功：重庆定额文件查询完成
[2026-03-26 13:26:20] ✅ 通知发送成功：重庆定额知识库创建完成
[2026-03-26 16:00:03] ✅ 通知发送成功：鲸鱼追踪完成
[2026-03-26 16:00:03] ✅ 通知发送成功：X 热点搜索完成
[2026-03-26 18:00:02] ✅ 通知发送成功：小红书监控完成
[2026-03-26 18:00:03] ✅ 通知发送成功：任务完成
[2026-03-26 20:00:03] ✅ 通知发送成功：鲸鱼追踪完成
[2026-03-27 00:00:03] ✅ 通知发送成功：X 热点搜索完成
[2026-03-27 00:00:03] ✅ 通知发送成功：鲸鱼追踪完成
[2026-03-27 00:00:05] ❌ 通知发送失败：天气预测
[2026-03-27 04:00:02] ✅ 通知发送成功：鲸鱼追踪完成
[2026-03-27 04:00:03] ✅ 通知发送成功：天气预测
[2026-03-27 08:00:02] ✅ 通知发送成功：鲸鱼追踪完成
[2026-03-27 08:00:02] ✅ 通知发送成功：X 热点搜索完成
[2026-03-27 08:00:02] ✅ 通知发送成功：小红书监控完成
[2026-03-27 08:00:08] ✅ 通知发送成功：天气预测
[2026-03-27 09:00:02] ✅ 通知发送成功：公众号采集完成
[2026-03-27 09:30:02] ✅ 通知发送成功：AI 生图完成
[2026-03-27 10:00:02] ✅ 通知发送成功：知几 X 发布
[2026-03-27 11:30:06] ✅ 通知发送成功：知几 X 发布
[2026-03-27 12:00:07] ❌ 通知发送失败：鲸鱼追踪完成
[2026-03-27 12:00:07] ❌ 通知发送失败：小红书监控完成
[2026-03-27 12:00:12] ❌ 通知发送失败：天气预测
[2026-03-27 14:03:13] ✅ 通知发送成功：鲸鱼追踪完成
[2026-03-27 16:00:02] ✅ 通知发送成功：鲸鱼追踪完成
[2026-03-27 16:00:03] ❌ 通知发送失败：X 热点搜索完成
[2026-03-27 16:00:03] ✅ 通知发送成功：天气预测
[2026-03-27 18:00:02] ✅ 通知发送成功：任务完成
[2026-03-27 18:00:02] ✅ 通知发送成功：小红书监控完成
[2026-03-27 20:00:02] ✅ 通知发送成功：鲸鱼追踪完成
[2026-03-27 20:00:03] ✅ 通知发送成功：天气预测
[2026-03-28 00:00:02] ✅ 通知发送成功：鲸鱼追踪完成
[2026-03-28 00:00:02] ✅ 通知发送成功：X 热点搜索完成
[2026-03-28 00:00:04] ✅ 通知发送成功：天气预测
[2026-03-28 04:00:02] ✅ 通知发送成功：鲸鱼追踪完成
[2026-03-28 04:00:03] ✅ 通知发送成功：天气预测
[2026-03-28 08:00:02] ✅ 通知发送成功：鲸鱼追踪完成
[2026-03-28 08:00:02] ✅ 通知发送成功：小红书监控完成
[2026-03-28 08:00:02] ✅ 通知发送成功：X 热点搜索完成
[2026-03-28 08:00:04] ✅ 通知发送成功：天气预测
[2026-03-28 09:00:02] ✅ 通知发送成功：公众号采集完成
[2026-03-28 09:30:02] ✅ 通知发送成功：AI 生图完成
[2026-03-28 10:00:12] ✅ 通知发送成功：知几 X 发布
[2026-03-28 12:00:02] ✅ 通知发送成功：小红书监控完成
[2026-03-28 12:00:02] ✅ 通知发送成功：鲸鱼追踪完成
[2026-03-28 12:00:03] ✅ 通知发送成功：天气预测
[2026-03-28 16:00:02] ✅ 通知发送成功：鲸鱼追踪完成
[2026-03-28 16:00:02] ✅ 通知发送成功：X 热点搜索完成
[2026-03-28 16:00:04] ✅ 通知发送成功：天气预测
[2026-03-28 18:00:02] ✅ 通知发送成功：任务完成
[2026-03-28 18:00:02] ✅ 通知发送成功：小红书监控完成
[2026-03-28 20:00:02] ✅ 通知发送成功：鲸鱼追踪完成
[2026-03-28 20:00:05] ✅ 通知发送成功：天气预测
[2026-03-29 00:00:03] ✅ 通知发送成功：鲸鱼追踪完成
[2026-03-29 00:00:03] ✅ 通知发送成功：X 热点搜索完成
[2026-03-29 04:00:02] ✅ 通知发送成功：鲸鱼追踪完成
[2026-03-29 08:00:02] ✅ 通知发送成功：鲸鱼追踪完成
[2026-03-29 08:00:02] ✅ 通知发送成功：X 热点搜索完成
[2026-03-29 08:00:03] ✅ 通知发送成功：小红书监控完成
[2026-03-29 09:00:02] ✅ 通知发送成功：公众号采集完成
[2026-03-29 09:30:02] ✅ 通知发送成功：AI 生图完成
[2026-03-29 10:00:12] ✅ 通知发送成功：知几 X 发布
[2026-03-29 10:28:58] ✅ 通知发送成功：AI 生图完成
[2026-03-29 10:33:29] ✅ 通知发送成功：AI 生图完成
[2026-03-29 11:47:07] ✅ 通知发送成功：AI 生图完成
[2026-03-29 11:50:45] ✅ 通知发送成功：X 热点搜索完成
[2026-03-29 12:00:02] ✅ 通知发送成功：鲸鱼追踪完成
[2026-03-29 12:00:02] ✅ 通知发送成功：小红书监控完成
[2026-03-29 14:45:58] ✅ 通知发送成功：AI 生图完成
[2026-03-29 14:46:49] ✅ 通知发送成功：AI 生图完成
[2026-03-29 14:48:14] ✅ 通知发送成功：AI 生图完成
[2026-03-29 16:00:02] ✅ 通知发送成功：鲸鱼追踪完成
[2026-03-29 16:00:02] ✅ 通知发送成功：X 热点搜索完成
[2026-03-29 18:00:02] ✅ 通知发送成功：任务完成
[2026-03-29 18:00:02] ✅ 通知发送成功：小红书监控完成
[2026-03-29 20:00:02] ✅ 通知发送成功：鲸鱼追踪完成
[2026-03-30 00:00:02] ✅ 通知发送成功：鲸鱼追踪完成
[2026-03-30 00:00:02] ✅ 通知发送成功：X 热点搜索完成
[2026-03-30 04:00:02] ✅ 通知发送成功：鲸鱼追踪完成
[2026-03-30 08:00:02] ✅ 通知发送成功：鲸鱼追踪完成
[2026-03-30 08:00:03] ✅ 通知发送成功：小红书监控完成
[2026-03-30 08:00:03] ✅ 通知发送成功：X 热点搜索完成
[2026-03-30 09:00:03] ✅ 通知发送成功：公众号采集完成
[2026-03-30 09:30:02] ✅ 通知发送成功：AI 生图完成
[2026-03-30 10:00:12] ✅ 通知发送成功：知几 X 发布
[2026-03-30 12:00:02] ✅ 通知发送成功：小红书监控完成
[2026-03-30 12:00:03] ✅ 通知发送成功：鲸鱼追踪完成
[2026-03-30 16:00:02] ✅ 通知发送成功：X 热点搜索完成
[2026-03-30 16:00:02] ✅ 通知发送成功：鲸鱼追踪完成
[2026-03-30 18:00:02] ✅ 通知发送成功：任务完成
[2026-03-30 18:00:02] ✅ 通知发送成功：小红书监控完成
[2026-03-30 20:00:02] ✅ 通知发送成功：鲸鱼追踪完成
[2026-03-30 23:36:51] ✅ 通知发送成功：公众号采集完成
[2026-03-30 23:37:02] ✅ 通知发送成功：知几 X 发布
[2026-03-31 00:00:04] ✅ 通知发送成功：X 热点搜索完成
[2026-03-31 00:00:04] ✅ 通知发送成功：鲸鱼追踪完成
[2026-03-31 04:00:02] ✅ 通知发送成功：鲸鱼追踪完成
[2026-03-31 08:00:02] ✅ 通知发送成功：鲸鱼追踪完成
[2026-03-31 08:00:02] ✅ 通知发送成功：X 热点搜索完成
[2026-03-31 08:00:03] ✅ 通知发送成功：小红书监控完成
[2026-03-31 09:00:02] ✅ 通知发送成功：三平台热点追踪
[2026-03-31 09:00:03] ❌ 通知发送失败：公众号采集完成
[2026-03-31 09:30:03] ✅ 通知发送成功：AI 生图完成
[2026-03-31 10:00:15] ✅ 通知发送成功：知几 X 发布
[2026-03-31 12:00:02] ✅ 通知发送成功：鲸鱼追踪完成
[2026-03-31 12:00:02] ✅ 通知发送成功：小红书监控完成
[2026-03-31 16:00:02] ✅ 通知发送成功：鲸鱼追踪完成
[2026-03-31 16:00:15] ✅ 通知发送成功：X 热点搜索完成
[2026-03-31 18:00:02] ✅ 通知发送成功：任务完成
[2026-03-31 18:00:02] ✅ 通知发送成功：小红书监控完成
[2026-03-31 20:00:02] ✅ 通知发送成功：鲸鱼追踪完成
[2026-04-01 00:00:02] ✅ 通知发送成功：鲸鱼追踪完成
[2026-04-01 00:00:03] ✅ 通知发送成功：X 热点搜索完成
[2026-04-01 04:00:02] ✅ 通知发送成功：鲸鱼追踪完成
[2026-04-01 08:00:02] ✅ 通知发送成功：鲸鱼追踪完成
[2026-04-01 08:00:02] ✅ 通知发送成功：X 热点搜索完成
[2026-04-01 08:00:02] ✅ 通知发送成功：小红书监控完成
[2026-04-01 09:00:02] ✅ 通知发送成功：三平台热点追踪
[2026-04-01 09:00:03] ✅ 通知发送成功：公众号采集完成
[2026-04-01 09:30:03] ✅ 通知发送成功：AI 生图完成
[2026-04-01 10:00:12] ✅ 通知发送成功：知几 X 发布
[2026-04-01 12:00:02] ✅ 通知发送成功：鲸鱼追踪完成
[2026-04-01 12:00:02] ✅ 通知发送成功：小红书监控完成
[2026-04-01 16:00:02] ✅ 通知发送成功：鲸鱼追踪完成
[2026-04-01 16:00:02] ✅ 通知发送成功：X 热点搜索完成
[2026-04-01 18:00:02] ✅ 通知发送成功：任务完成
[2026-04-01 18:00:02] ✅ 通知发送成功：小红书监控完成
[2026-04-01 20:00:02] ✅ 通知发送成功：鲸鱼追踪完成
[2026-04-02 00:00:02] ✅ 通知发送成功：鲸鱼追踪完成
[2026-04-02 00:00:02] ✅ 通知发送成功：X 热点搜索完成
[2026-04-02 04:00:02] ✅ 通知发送成功：鲸鱼追踪完成
[2026-04-02 08:00:02] ✅ 通知发送成功：小红书监控完成
[2026-04-02 08:00:02] ✅ 通知发送成功：鲸鱼追踪完成
[2026-04-02 08:00:02] ❌ 通知发送失败：X 热点搜索完成
[2026-04-02 09:00:02] ✅ 通知发送成功：公众号采集完成
[2026-04-02 09:00:02] ✅ 通知发送成功：三平台热点追踪
[2026-04-02 09:30:02] ✅ 通知发送成功：AI 生图完成
[2026-04-02 10:00:20] ✅ 通知发送成功：知几 X 发布
[2026-04-02 12:00:02] ✅ 通知发送成功：鲸鱼追踪完成
[2026-04-02 12:00:02] ✅ 通知发送成功：小红书监控完成
