✅ 所有任务正常
✅ 所有任务正常
✅ 所有任务正常
✅ 所有任务正常
✅ 所有任务正常
✅ 所有任务正常
✅ 所有任务正常
✅ 所有任务正常

⚠️  发现 1 个任务异常，详见：/home/nicola/.openclaw/workspace/logs/cron-alerts.log
[plugins] feishu_doc: Registered feishu_doc, feishu_app_scopes
[plugins] feishu_chat: Registered feishu_chat tool
[plugins] feishu_wiki: Registered feishu_wiki tool
[plugins] feishu_drive: Registered feishu_drive tool
[plugins] feishu_bitable: Registered bitable tools

⚠️  发现 4 个任务异常，详见：/home/nicola/.openclaw/workspace/logs/cron-alerts.log
[plugins] feishu_doc: Registered feishu_doc, feishu_app_scopes
[plugins] feishu_chat: Registered feishu_chat tool
[plugins] feishu_wiki: Registered feishu_wiki tool
[plugins] feishu_drive: Registered feishu_drive tool
[plugins] feishu_bitable: Registered bitable tools

⚠️  发现 7 个任务异常，详见：/home/nicola/.openclaw/workspace/logs/cron-alerts.log
[plugins] feishu_doc: Registered feishu_doc, feishu_app_scopes
[plugins] feishu_chat: Registered feishu_chat tool
[plugins] feishu_wiki: Registered feishu_wiki tool
[plugins] feishu_drive: Registered feishu_drive tool
[plugins] feishu_bitable: Registered bitable tools

⚠️  发现 10 个任务异常，详见：/home/nicola/.openclaw/workspace/logs/cron-alerts.log
[plugins] feishu_doc: Registered feishu_doc, feishu_app_scopes
[plugins] feishu_chat: Registered feishu_chat tool
[plugins] feishu_wiki: Registered feishu_wiki tool
[plugins] feishu_drive: Registered feishu_drive tool
[plugins] feishu_bitable: Registered bitable tools

⚠️  发现 13 个任务异常，详见：/home/nicola/.openclaw/workspace/logs/cron-alerts.log
[plugins] feishu_doc: Registered feishu_doc, feishu_app_scopes
[plugins] feishu_chat: Registered feishu_chat tool
[plugins] feishu_wiki: Registered feishu_wiki tool
[plugins] feishu_drive: Registered feishu_drive tool
[plugins] feishu_bitable: Registered bitable tools

⚠️  发现 16 个任务异常，详见：/home/nicola/.openclaw/workspace/logs/cron-alerts.log
[plugins] feishu_doc: Registered feishu_doc, feishu_app_scopes
[plugins] feishu_chat: Registered feishu_chat tool
[plugins] feishu_wiki: Registered feishu_wiki tool
[plugins] feishu_drive: Registered feishu_drive tool
[plugins] feishu_bitable: Registered bitable tools

⚠️  发现 19 个任务异常，详见：/home/nicola/.openclaw/workspace/logs/cron-alerts.log
[plugins] feishu_doc: Registered feishu_doc, feishu_app_scopes
[plugins] feishu_chat: Registered feishu_chat tool
[plugins] feishu_wiki: Registered feishu_wiki tool
[plugins] feishu_drive: Registered feishu_drive tool
[plugins] feishu_bitable: Registered bitable tools
✅ 所有任务正常
✅ 所有任务正常
✅ 所有任务正常
✅ 所有任务正常
✅ 所有任务正常
✅ 所有任务正常
✅ 所有任务正常
✅ 所有任务正常
✅ 所有任务正常
✅ 所有任务正常
✅ 所有任务正常
✅ 所有任务正常
✅ 所有任务正常
✅ 所有任务正常
✅ 所有任务正常
✅ 所有任务正常
✅ 所有任务正常
