[2026-03-24 18:00:01] [知几] 生成交易日报...
[2026-03-24 18:00:01] [知几] 交易日报完成
[2026-03-24 18:00:01] 任务 'zhiji-report' 执行完毕
[2026-03-25 07:00:01] [知几] 开始气象数据采集...
Zhiji first trade reminder: 2026年 03月 25日 星期三 10:00:01 CST
[2026-03-25 15:48:07] [知几] 开始鲸鱼钱包监控...
[2026-03-25 15:48:07] [知几] 鲸鱼钱包监控完成
[2026-03-25 15:48:07] 任务 'zhiji-whale' 执行完毕
[2026-03-26 18:00:01] 知几交易日报生成中...
[2026-03-26 18:00:01] ✅ 交易日报完成
{"ok":true,"result":{"message_id":4852,"from":{"id":8351068758,"is_bot":true,"first_name":"\u592a\u4e00\uff08AGI\uff09","username":"sayelfbot"},"chat":{"id":7073481596,"first_name":"nicola","last_name":"king","type":"private"},"date":1774519202,"text":"\ud83d\udcf1 \u4efb\u52a1\u5b8c\u6210\n\n\u4efb\u52a1\u5df2\u6267\u884c\n\n\u65f6\u95f4\uff1a2026-03-26 18:00","entities":[{"offset":3,"length":4,"type":"bold"}]}}✅ 通知已发送到 Telegram
[2026-03-27 18:00:01] 知几交易日报生成中...
[2026-03-27 18:00:01] ✅ 交易日报完成
{"ok":true,"result":{"message_id":5288,"from":{"id":8351068758,"is_bot":true,"first_name":"\u592a\u4e00\uff08AGI\uff09","username":"sayelfbot"},"chat":{"id":7073481596,"first_name":"nicola","last_name":"king","type":"private"},"date":1774605602,"text":"\ud83d\udcf1 \u4efb\u52a1\u5b8c\u6210\n\n\u4efb\u52a1\u5df2\u6267\u884c\n\n\u65f6\u95f4\uff1a2026-03-27 18:00","entities":[{"offset":3,"length":4,"type":"bold"}]}}✅ 通知已发送到 Telegram
[2026-03-28 18:00:01] 知几交易日报生成中...
[2026-03-28 18:00:01] ✅ 交易日报完成
{"ok":true,"result":{"message_id":5824,"from":{"id":8351068758,"is_bot":true,"first_name":"\u592a\u4e00\uff08AGI\uff09","username":"sayelfbot"},"chat":{"id":7073481596,"first_name":"nicola","last_name":"king","type":"private"},"date":1774692002,"text":"\ud83d\udcf1 \u4efb\u52a1\u5b8c\u6210\n\n\u4efb\u52a1\u5df2\u6267\u884c\n\n\u65f6\u95f4\uff1a2026-03-28 18:00","entities":[{"offset":3,"length":4,"type":"bold"}]}}✅ 通知已发送到 Telegram
[2026-03-29 18:00:01] 知几交易日报生成中...
[2026-03-29 18:00:01] ✅ 交易日报完成
{"ok":true,"result":{"message_id":6356,"from":{"id":8351068758,"is_bot":true,"first_name":"\u592a\u4e00\uff08AGI\uff09","username":"sayelfbot"},"chat":{"id":7073481596,"first_name":"nicola","last_name":"king","type":"private"},"date":1774778402,"text":"\ud83d\udcf1 \u4efb\u52a1\u5b8c\u6210\n\n\u4efb\u52a1\u5df2\u6267\u884c\n\n\u65f6\u95f4\uff1a2026-03-29 18:00","entities":[{"offset":3,"length":4,"type":"bold"}]}}✅ 通知已发送到 Telegram
[2026-03-30 18:00:01] 知几交易日报生成中...
[2026-03-30 18:00:01] ✅ 交易日报完成
{"ok":true,"result":{"message_id":6542,"from":{"id":8351068758,"is_bot":true,"first_name":"\u592a\u4e00\uff08AGI\uff09","username":"sayelfbot"},"chat":{"id":7073481596,"first_name":"nicola","last_name":"king","type":"private"},"date":1774864802,"text":"\ud83d\udcf1 \u4efb\u52a1\u5b8c\u6210\n\n\u4efb\u52a1\u5df2\u6267\u884c\n\n\u65f6\u95f4\uff1a2026-03-30 18:00","entities":[{"offset":3,"length":4,"type":"bold"}]}}✅ 通知已发送到 Telegram
[2026-03-31 18:00:01] 知几交易日报生成中...
[2026-03-31 18:00:01] ✅ 交易日报完成
{"ok":true,"result":{"message_id":6829,"from":{"id":8351068758,"is_bot":true,"first_name":"\u592a\u4e00\uff08AGI\uff09","username":"sayelfbot"},"chat":{"id":7073481596,"first_name":"nicola","last_name":"king","type":"private"},"date":1774951202,"text":"\ud83d\udcf1 \u4efb\u52a1\u5b8c\u6210\n\n\u4efb\u52a1\u5df2\u6267\u884c\n\n\u65f6\u95f4\uff1a2026-03-31 18:00","entities":[{"offset":3,"length":4,"type":"bold"}]}}✅ 通知已发送到 Telegram
[2026-04-01 18:00:01] 知几交易日报生成中...
[2026-04-01 18:00:01] ✅ 交易日报完成
{"ok":true,"result":{"message_id":6941,"from":{"id":8351068758,"is_bot":true,"first_name":"\u592a\u4e00\uff08AGI\uff09","username":"sayelfbot"},"chat":{"id":7073481596,"first_name":"nicola","last_name":"king","type":"private"},"date":1775037602,"text":"\ud83d\udcf1 \u4efb\u52a1\u5b8c\u6210\n\n\u4efb\u52a1\u5df2\u6267\u884c\n\n\u65f6\u95f4\uff1a2026-04-01 18:00","entities":[{"offset":3,"length":4,"type":"bold"}]}}✅ 通知已发送到 Telegram
