[2026-03-25 08:00:01.501725] 开始生成 X 内容...

📱 准备发布到 X (@SayelfTea)
内容：【加密早报 · 03/25】

隔夜热点：
• BTC $70,500 (+2.3%)
• ETH $2,155 (+1.8%)
• Polymarket 24h 交易量 $50M

今日关注：
• ...

✅ 发布内容已保存：/home/nicola/.taiyi/zhiji/x-posts/post_20260325_080001.md

📋 发布方式（免费自动化）:
1. 打开文件，复制内容
2. 粘贴到 X 发布
3. 或配置 Telegram Bot 自动推送

✅ 已同步到 Telegram
[2026-03-26 10:00:01] === X 自动发布 ===
[2026-03-26 10:00:01] ✅ X 发布完成
/home/nicola/.openclaw/workspace/skills/zhiji/post-x-daily.sh: 行 10: （每日: 未找到命令
[2026-03-26 10:00:01] 知几-X 自动发布执行中...
[2026-03-26 10:00:01] ✅ 知几-X 发布完成
{"ok":true,"result":{"message_id":4659,"from":{"id":8351068758,"is_bot":true,"first_name":"\u592a\u4e00\uff08AGI\uff09","username":"sayelfbot"},"chat":{"id":7073481596,"first_name":"nicola","last_name":"king","type":"private"},"date":1774490402,"text":"\ud83d\udcf1 \u77e5\u51e0 X \u53d1\u5e03\n\n\u2705 \u5185\u5bb9\u5df2\u53d1\u5e03\u5230 X\n\n\u65f6\u95f4\uff1a2026-03-26 10:00","entities":[{"offset":3,"length":7,"type":"bold"}]}}✅ 通知已发送到 Telegram
[2026-03-27 10:00:01] === X 自动发布 ===
[2026-03-27 10:00:01] ✅ X 发布完成
/home/nicola/.openclaw/workspace/skills/zhiji/post-x-daily.sh: 行 10: （每日: 未找到命令
[2026-03-27 10:00:01] 知几-X 自动发布执行中...
[2026-03-27 10:00:01] ✅ 知几-X 发布完成
{"ok":true,"result":{"message_id":5210,"from":{"id":8351068758,"is_bot":true,"first_name":"\u592a\u4e00\uff08AGI\uff09","username":"sayelfbot"},"chat":{"id":7073481596,"first_name":"nicola","last_name":"king","type":"private"},"date":1774576801,"text":"\ud83d\udcf1 \u77e5\u51e0 X \u53d1\u5e03\n\n\u2705 \u5185\u5bb9\u5df2\u53d1\u5e03\u5230 X\n\n\u65f6\u95f4\uff1a2026-03-27 10:00","entities":[{"offset":3,"length":7,"type":"bold"}]}}✅ 通知已发送到 Telegram
[2026-03-27 11:30:05] === X 自动发布 ===
[2026-03-27 11:30:05] ✅ X 发布完成
[2026-03-28 10:00:01] === X 自动发布开始 ===
======================================================================
  知几-E X 平台自动发布
======================================================================

【1/3】生成发布内容...
  内容长度：174 字符

【2/3】浏览器自动化发布...
🌐 启动浏览器（持久化配置）...
📱 访问 X 平台...
⚠️  需要登录

   请先运行登录脚本（仅首次）：
   python3 /home/nicola/.openclaw/workspace/skills/zhiji/x-login.py

【3/3】发布失败，保存草稿...
✅ 草稿已保存：/home/nicola/.taiyi/zhiji/x-posts/post_20260328_100011.md

======================================================================
[2026-03-28 10:00:11] ✅ X 发布完成
[2026-03-28 10:00:11] === X 自动发布结束 ===
{"ok":true,"result":{"message_id":5695,"from":{"id":8351068758,"is_bot":true,"first_name":"\u592a\u4e00\uff08AGI\uff09","username":"sayelfbot"},"chat":{"id":7073481596,"first_name":"nicola","last_name":"king","type":"private"},"date":1774663212,"text":"\ud83d\udcf1 \u77e5\u51e0 X \u53d1\u5e03\n\n\u2705 \u5185\u5bb9\u5df2\u53d1\u5e03\u5230 X\n\n\u65f6\u95f4\uff1a2026-03-28 10:00","entities":[{"offset":3,"length":7,"type":"bold"}]}}✅ 通知已发送到 Telegram
[2026-03-29 10:00:01] === X 自动发布开始 ===
======================================================================
  知几-E X 平台自动发布
======================================================================

【1/3】生成发布内容...
  内容长度：174 字符

【2/3】浏览器自动化发布...
🌐 启动浏览器（持久化配置）...
📱 访问 X 平台...
⚠️  需要登录

   请先运行登录脚本（仅首次）：
   python3 /home/nicola/.openclaw/workspace/skills/zhiji/x-login.py

【3/3】发布失败，保存草稿...
✅ 草稿已保存：/home/nicola/.taiyi/zhiji/x-posts/post_20260329_100011.md

======================================================================
[2026-03-29 10:00:11] ✅ X 发布完成
[2026-03-29 10:00:11] === X 自动发布结束 ===
{"ok":true,"result":{"message_id":6173,"from":{"id":8351068758,"is_bot":true,"first_name":"\u592a\u4e00\uff08AGI\uff09","username":"sayelfbot"},"chat":{"id":7073481596,"first_name":"nicola","last_name":"king","type":"private"},"date":1774749612,"text":"\ud83d\udcf1 \u77e5\u51e0 X \u53d1\u5e03\n\n\u2705 \u5185\u5bb9\u5df2\u53d1\u5e03\u5230 X\n\n\u65f6\u95f4\uff1a2026-03-29 10:00","entities":[{"offset":3,"length":7,"type":"bold"}]}}✅ 通知已发送到 Telegram
[2026-03-30 10:00:01] === X 自动发布开始 ===
======================================================================
  知几-E X 平台自动发布
======================================================================

【1/3】生成发布内容...
  内容长度：174 字符

【2/3】浏览器自动化发布...
🌐 启动浏览器（持久化配置）...
📱 访问 X 平台...
⚠️  需要登录

   请先运行登录脚本（仅首次）：
   python3 /home/nicola/.openclaw/workspace/skills/zhiji/x-login.py

【3/3】发布失败，保存草稿...
✅ 草稿已保存：/home/nicola/.taiyi/zhiji/x-posts/post_20260330_100010.md

======================================================================
[2026-03-30 10:00:10] ✅ X 发布完成
[2026-03-30 10:00:10] === X 自动发布结束 ===
{"ok":true,"result":{"message_id":6492,"from":{"id":8351068758,"is_bot":true,"first_name":"\u592a\u4e00\uff08AGI\uff09","username":"sayelfbot"},"chat":{"id":7073481596,"first_name":"nicola","last_name":"king","type":"private"},"date":1774836011,"text":"\ud83d\udcf1 \u77e5\u51e0 X \u53d1\u5e03\n\n\u2705 \u5185\u5bb9\u5df2\u53d1\u5e03\u5230 X\n\n\u65f6\u95f4\uff1a2026-03-30 10:00","entities":[{"offset":3,"length":7,"type":"bold"}]}}✅ 通知已发送到 Telegram
[2026-03-30 23:36:48] === X 自动发布开始 ===
======================================================================
  知几-E X 平台自动发布
======================================================================

【1/3】生成发布内容...
  内容长度：174 字符

【2/3】浏览器自动化发布...
🌐 启动浏览器（持久化配置）...
📱 访问 X 平台...
⚠️  需要登录

   请先运行登录脚本（仅首次）：
   python3 /home/nicola/.openclaw/workspace/skills/zhiji/x-login.py

【3/3】发布失败，保存草稿...
✅ 草稿已保存：/home/nicola/.taiyi/zhiji/x-posts/post_20260330_233700.md

======================================================================
[2026-03-30 23:37:00] ✅ X 发布完成
[2026-03-30 23:37:00] === X 自动发布结束 ===
[2026-03-31 10:00:01] === X 自动发布开始 ===
======================================================================
  知几-E X 平台自动发布
======================================================================

【1/3】生成发布内容...
  内容长度：174 字符

【2/3】浏览器自动化发布...
🌐 启动浏览器（持久化配置）...
📱 访问 X 平台...
⚠️  需要登录

   请先运行登录脚本（仅首次）：
   python3 /home/nicola/.openclaw/workspace/skills/zhiji/x-login.py

【3/3】发布失败，保存草稿...
✅ 草稿已保存：/home/nicola/.taiyi/zhiji/x-posts/post_20260331_100013.md

======================================================================
[2026-03-31 10:00:13] ✅ X 发布完成
[2026-03-31 10:00:13] === X 自动发布结束 ===
{"ok":true,"result":{"message_id":6721,"from":{"id":8351068758,"is_bot":true,"first_name":"\u592a\u4e00\uff08AGI\uff09","username":"sayelfbot"},"chat":{"id":7073481596,"first_name":"nicola","last_name":"king","type":"private"},"date":1774922414,"text":"\ud83d\udcf1 \u77e5\u51e0 X \u53d1\u5e03\n\n\u2705 \u5185\u5bb9\u5df2\u53d1\u5e03\u5230 X\n\n\u65f6\u95f4\uff1a2026-03-31 10:00","entities":[{"offset":3,"length":7,"type":"bold"}]}}✅ 通知已发送到 Telegram
[2026-04-01 10:00:01] === X 自动发布开始 ===
======================================================================
  知几-E X 平台自动发布
======================================================================

【1/3】生成发布内容...
  内容长度：174 字符

【2/3】浏览器自动化发布...
🌐 启动浏览器（持久化配置）...
📱 访问 X 平台...
⚠️  需要登录

   请先运行登录脚本（仅首次）：
   python3 /home/nicola/.openclaw/workspace/skills/zhiji/x-login.py

【3/3】发布失败，保存草稿...
✅ 草稿已保存：/home/nicola/.taiyi/zhiji/x-posts/post_20260401_100011.md

======================================================================
[2026-04-01 10:00:11] ✅ X 发布完成
[2026-04-01 10:00:11] === X 自动发布结束 ===
{"ok":true,"result":{"message_id":6936,"from":{"id":8351068758,"is_bot":true,"first_name":"\u592a\u4e00\uff08AGI\uff09","username":"sayelfbot"},"chat":{"id":7073481596,"first_name":"nicola","last_name":"king","type":"private"},"date":1775008812,"text":"\ud83d\udcf1 \u77e5\u51e0 X \u53d1\u5e03\n\n\u2705 \u5185\u5bb9\u5df2\u53d1\u5e03\u5230 X\n\n\u65f6\u95f4\uff1a2026-04-01 10:00","entities":[{"offset":3,"length":7,"type":"bold"}]}}✅ 通知已发送到 Telegram
