[2026-03-26 09:00:01] === 开始鲸鱼追踪 ===
[2026-03-26 09:00:01] ✅ 鲸鱼追踪完成
{"ok":true,"result":{"message_id":4643,"from":{"id":8351068758,"is_bot":true,"first_name":"\u592a\u4e00\uff08AGI\uff09","username":"sayelfbot"},"chat":{"id":7073481596,"first_name":"nicola","last_name":"king","type":"private"},"date":1774486803,"text":"\ud83d\udcf1 \u9cb8\u9c7c\u8ffd\u8e2a\u5b8c\u6210\n\n\u2705 \u77e5\u51e0\u9cb8\u9c7c\u76d1\u63a7\u5df2\u5b8c\u6210\n\n\u65f6\u95f4\uff1a2026-03-26 09:00","entities":[{"offset":3,"length":6,"type":"bold"}]}}✅ 通知已发送到 Telegram
[2026-03-26 16:00:01] === 开始鲸鱼追踪 ===
[2026-03-26 16:00:01] ✅ 鲸鱼追踪完成
{"ok":true,"result":{"message_id":4841,"from":{"id":8351068758,"is_bot":true,"first_name":"\u592a\u4e00\uff08AGI\uff09","username":"sayelfbot"},"chat":{"id":7073481596,"first_name":"nicola","last_name":"king","type":"private"},"date":1774512002,"text":"\ud83d\udcf1 \u9cb8\u9c7c\u8ffd\u8e2a\u5b8c\u6210\n\n\u2705 \u77e5\u51e0\u9cb8\u9c7c\u76d1\u63a7\u5df2\u5b8c\u6210\n\n\u65f6\u95f4\uff1a2026-03-26 16:00","entities":[{"offset":3,"length":6,"type":"bold"}]}}✅ 通知已发送到 Telegram
[2026-03-26 20:00:01] === 开始鲸鱼追踪 ===
[2026-03-26 20:00:01] ✅ 鲸鱼追踪完成
{"ok":true,"result":{"message_id":4875,"from":{"id":8351068758,"is_bot":true,"first_name":"\u592a\u4e00\uff08AGI\uff09","username":"sayelfbot"},"chat":{"id":7073481596,"first_name":"nicola","last_name":"king","type":"private"},"date":1774526402,"text":"\ud83d\udcf1 \u9cb8\u9c7c\u8ffd\u8e2a\u5b8c\u6210\n\n\u2705 \u77e5\u51e0\u9cb8\u9c7c\u76d1\u63a7\u5df2\u5b8c\u6210\n\n\u65f6\u95f4\uff1a2026-03-26 20:00","entities":[{"offset":3,"length":6,"type":"bold"}]}}✅ 通知已发送到 Telegram
[2026-03-27 00:00:01] === 开始鲸鱼追踪 ===
[2026-03-27 00:00:01] ✅ 鲸鱼追踪完成
{"ok":true,"result":{"message_id":5146,"from":{"id":8351068758,"is_bot":true,"first_name":"\u592a\u4e00\uff08AGI\uff09","username":"sayelfbot"},"chat":{"id":7073481596,"first_name":"nicola","last_name":"king","type":"private"},"date":1774540802,"text":"\ud83d\udcf1 \u9cb8\u9c7c\u8ffd\u8e2a\u5b8c\u6210\n\n\u2705 \u77e5\u51e0\u9cb8\u9c7c\u76d1\u63a7\u5df2\u5b8c\u6210\n\n\u65f6\u95f4\uff1a2026-03-27 00:00","entities":[{"offset":3,"length":6,"type":"bold"}]}}✅ 通知已发送到 Telegram
[2026-03-27 04:00:01] === 开始鲸鱼追踪 ===
[2026-03-27 04:00:01] ✅ 鲸鱼追踪完成
{"ok":true,"result":{"message_id":5157,"from":{"id":8351068758,"is_bot":true,"first_name":"\u592a\u4e00\uff08AGI\uff09","username":"sayelfbot"},"chat":{"id":7073481596,"first_name":"nicola","last_name":"king","type":"private"},"date":1774555202,"text":"\ud83d\udcf1 \u9cb8\u9c7c\u8ffd\u8e2a\u5b8c\u6210\n\n\u2705 \u77e5\u51e0\u9cb8\u9c7c\u76d1\u63a7\u5df2\u5b8c\u6210\n\n\u65f6\u95f4\uff1a2026-03-27 04:00","entities":[{"offset":3,"length":6,"type":"bold"}]}}✅ 通知已发送到 Telegram
[2026-03-27 08:00:02] === 开始鲸鱼追踪 ===
[2026-03-27 08:00:02] ✅ 鲸鱼追踪完成
{"ok":true,"result":{"message_id":5159,"from":{"id":8351068758,"is_bot":true,"first_name":"\u592a\u4e00\uff08AGI\uff09","username":"sayelfbot"},"chat":{"id":7073481596,"first_name":"nicola","last_name":"king","type":"private"},"date":1774569602,"text":"\ud83d\udcf1 \u9cb8\u9c7c\u8ffd\u8e2a\u5b8c\u6210\n\n\u2705 \u77e5\u51e0\u9cb8\u9c7c\u76d1\u63a7\u5df2\u5b8c\u6210\n\n\u65f6\u95f4\uff1a2026-03-27 08:00","entities":[{"offset":3,"length":6,"type":"bold"}]}}✅ 通知已发送到 Telegram
[2026-03-27 12:00:02] === 开始鲸鱼追踪 ===
[2026-03-27 12:00:02] ✅ 鲸鱼追踪完成
❌ 通知发送失败
[2026-03-27 14:03:26] === 开始鲸鱼追踪 ===
[2026-03-27 14:03:26] ✅ 鲸鱼追踪完成
[2026-03-27 14:03:26] ✅ 通知已发送到 Telegram
[2026-03-27 16:00:02] === 开始鲸鱼追踪 ===
[2026-03-27 16:00:02] ✅ 鲸鱼追踪完成
{"ok":true,"result":{"message_id":5266,"from":{"id":8351068758,"is_bot":true,"first_name":"\u592a\u4e00\uff08AGI\uff09","username":"sayelfbot"},"chat":{"id":7073481596,"first_name":"nicola","last_name":"king","type":"private"},"date":1774598402,"text":"\ud83d\udcf1 \u9cb8\u9c7c\u8ffd\u8e2a\u5b8c\u6210\n\n\u2705 \u77e5\u51e0\u9cb8\u9c7c\u76d1\u63a7\u5df2\u5b8c\u6210\n\n\u65f6\u95f4\uff1a2026-03-27 16:00","entities":[{"offset":3,"length":6,"type":"bold"}]}}✅ 通知已发送到 Telegram
