/bin/bash: 行 1: /home/nicola/.openclaw/workspace/skills/suwen/weather-forecast.sh: 权限不够
/bin/bash: 行 1: /home/nicola/.openclaw/workspace/skills/suwen/weather-forecast.sh: 权限不够
[2026-03-27 00:00:01] === 开始天气预测 ===
[2026-03-27 00:00:03] 🌤️ 三亚天气：+25°C ⛅  83% ←9km/h
[2026-03-27 00:00:03] ✅ 天气预测完成
❌ 通知发送失败
[2026-03-27 04:00:01] === 开始天气预测 ===
[2026-03-27 04:00:02] 🌤️ 三亚天气：+25°C ⛅  83% ←10km/h
[2026-03-27 04:00:02] ✅ 天气预测完成
{"ok":true,"result":{"message_id":5158,"from":{"id":8351068758,"is_bot":true,"first_name":"\u592a\u4e00\uff08AGI\uff09","username":"sayelfbot"},"chat":{"id":7073481596,"first_name":"nicola","last_name":"king","type":"private"},"date":1774555203,"text":"\ud83d\udcf1 \u5929\u6c14\u9884\u6d4b\n\n\ud83c\udf24\ufe0f \u4e09\u4e9a\u5929\u6c14\uff1a 25\u00b0C \u26c5  83% \u219010km/h\n\n\u65f6\u95f4\uff1a2026-03-27 04:00","entities":[{"offset":3,"length":4,"type":"bold"}]}}✅ 通知已发送到 Telegram
[2026-03-27 08:00:02] === 开始天气预测 ===
[2026-03-27 08:00:07] 🌤️ 三亚天气：weather fetch failed: unexpected status code: 500
[2026-03-27 08:00:07] ✅ 天气预测完成
{"ok":true,"result":{"message_id":5162,"from":{"id":8351068758,"is_bot":true,"first_name":"\u592a\u4e00\uff08AGI\uff09","username":"sayelfbot"},"chat":{"id":7073481596,"first_name":"nicola","last_name":"king","type":"private"},"date":1774569608,"text":"\ud83d\udcf1 \u5929\u6c14\u9884\u6d4b\n\n\ud83c\udf24\ufe0f \u4e09\u4e9a\u5929\u6c14\uff1aweather fetch failed: unexpected status code: 500\n\n\u65f6\u95f4\uff1a2026-03-27 08:00","entities":[{"offset":3,"length":4,"type":"bold"}]}}✅ 通知已发送到 Telegram
[2026-03-27 12:00:02] === 开始天气预测 ===
[2026-03-27 12:00:07] 🌤️ 三亚天气：天气数据获取失败
[2026-03-27 12:00:07] ✅ 天气预测完成
❌ 通知发送失败
[2026-03-27 16:00:02] === 开始天气预测 ===
[2026-03-27 16:00:02] 🌤️ 三亚天气：+28°C ☀️   70% ↖14km/h
[2026-03-27 16:00:02] ✅ 天气预测完成
{"ok":true,"result":{"message_id":5267,"from":{"id":8351068758,"is_bot":true,"first_name":"\u592a\u4e00\uff08AGI\uff09","username":"sayelfbot"},"chat":{"id":7073481596,"first_name":"nicola","last_name":"king","type":"private"},"date":1774598403,"text":"\ud83d\udcf1 \u5929\u6c14\u9884\u6d4b\n\n\ud83c\udf24\ufe0f \u4e09\u4e9a\u5929\u6c14\uff1a 28\u00b0C \u2600\ufe0f   70% \u219614km/h\n\n\u65f6\u95f4\uff1a2026-03-27 16:00","entities":[{"offset":3,"length":4,"type":"bold"}]}}✅ 通知已发送到 Telegram
[2026-03-27 20:00:01] === 开始天气预测 ===
[2026-03-27 20:00:02] 🌤️ 三亚天气：+27°C ☀️   74% ↖10km/h
[2026-03-27 20:00:02] ✅ 天气预测完成
{"ok":true,"result":{"message_id":5442,"from":{"id":8351068758,"is_bot":true,"first_name":"\u592a\u4e00\uff08AGI\uff09","username":"sayelfbot"},"chat":{"id":7073481596,"first_name":"nicola","last_name":"king","type":"private"},"date":1774612803,"text":"\ud83d\udcf1 \u5929\u6c14\u9884\u6d4b\n\n\ud83c\udf24\ufe0f \u4e09\u4e9a\u5929\u6c14\uff1a 27\u00b0C \u2600\ufe0f   74% \u219610km/h\n\n\u65f6\u95f4\uff1a2026-03-27 20:00","entities":[{"offset":3,"length":4,"type":"bold"}]}}✅ 通知已发送到 Telegram
[2026-03-28 00:00:01] === 开始天气预测 ===
[2026-03-28 00:00:03] 🌤️ 三亚天气：+25°C ⛅  79% ↙11km/h
[2026-03-28 00:00:03] ✅ 天气预测完成
{"ok":true,"result":{"message_id":5612,"from":{"id":8351068758,"is_bot":true,"first_name":"\u592a\u4e00\uff08AGI\uff09","username":"sayelfbot"},"chat":{"id":7073481596,"first_name":"nicola","last_name":"king","type":"private"},"date":1774627204,"text":"\ud83d\udcf1 \u5929\u6c14\u9884\u6d4b\n\n\ud83c\udf24\ufe0f \u4e09\u4e9a\u5929\u6c14\uff1a 25\u00b0C \u26c5  79% \u219911km/h\n\n\u65f6\u95f4\uff1a2026-03-28 00:00","entities":[{"offset":3,"length":4,"type":"bold"}]}}✅ 通知已发送到 Telegram
[2026-03-28 04:00:01] === 开始天气预测 ===
[2026-03-28 04:00:02] 🌤️ 三亚天气：+24°C 🌦   83% ↙10km/h
[2026-03-28 04:00:02] ✅ 天气预测完成
{"ok":true,"result":{"message_id":5614,"from":{"id":8351068758,"is_bot":true,"first_name":"\u592a\u4e00\uff08AGI\uff09","username":"sayelfbot"},"chat":{"id":7073481596,"first_name":"nicola","last_name":"king","type":"private"},"date":1774641603,"text":"\ud83d\udcf1 \u5929\u6c14\u9884\u6d4b\n\n\ud83c\udf24\ufe0f \u4e09\u4e9a\u5929\u6c14\uff1a 24\u00b0C \ud83c\udf26   83% \u219910km/h\n\n\u65f6\u95f4\uff1a2026-03-28 04:00","entities":[{"offset":3,"length":4,"type":"bold"}]}}✅ 通知已发送到 Telegram
[2026-03-28 08:00:01] === 开始天气预测 ===
[2026-03-28 08:00:03] 🌤️ 三亚天气：+24°C ⛅  83% ↙9km/h
[2026-03-28 08:00:03] ✅ 天气预测完成
{"ok":true,"result":{"message_id":5618,"from":{"id":8351068758,"is_bot":true,"first_name":"\u592a\u4e00\uff08AGI\uff09","username":"sayelfbot"},"chat":{"id":7073481596,"first_name":"nicola","last_name":"king","type":"private"},"date":1774656003,"text":"\ud83d\udcf1 \u5929\u6c14\u9884\u6d4b\n\n\ud83c\udf24\ufe0f \u4e09\u4e9a\u5929\u6c14\uff1a 24\u00b0C \u26c5  83% \u21999km/h\n\n\u65f6\u95f4\uff1a2026-03-28 08:00","entities":[{"offset":3,"length":4,"type":"bold"}]}}✅ 通知已发送到 Telegram
[2026-03-28 12:00:01] === 开始天气预测 ===
[2026-03-28 12:00:02] 🌤️ 三亚天气：+29°C ☀️   66% ↖15km/h
[2026-03-28 12:00:02] ✅ 天气预测完成
{"ok":true,"result":{"message_id":5712,"from":{"id":8351068758,"is_bot":true,"first_name":"\u592a\u4e00\uff08AGI\uff09","username":"sayelfbot"},"chat":{"id":7073481596,"first_name":"nicola","last_name":"king","type":"private"},"date":1774670403,"text":"\ud83d\udcf1 \u5929\u6c14\u9884\u6d4b\n\n\ud83c\udf24\ufe0f \u4e09\u4e9a\u5929\u6c14\uff1a 29\u00b0C \u2600\ufe0f   66% \u219615km/h\n\n\u65f6\u95f4\uff1a2026-03-28 12:00","entities":[{"offset":3,"length":4,"type":"bold"}]}}✅ 通知已发送到 Telegram
[2026-03-28 16:00:01] === 开始天气预测 ===
[2026-03-28 16:00:03] 🌤️ 三亚天气：+29°C ☀️   70% ↖13km/h
[2026-03-28 16:00:03] ✅ 天气预测完成
{"ok":true,"result":{"message_id":5810,"from":{"id":8351068758,"is_bot":true,"first_name":"\u592a\u4e00\uff08AGI\uff09","username":"sayelfbot"},"chat":{"id":7073481596,"first_name":"nicola","last_name":"king","type":"private"},"date":1774684804,"text":"\ud83d\udcf1 \u5929\u6c14\u9884\u6d4b\n\n\ud83c\udf24\ufe0f \u4e09\u4e9a\u5929\u6c14\uff1a 29\u00b0C \u2600\ufe0f   70% \u219613km/h\n\n\u65f6\u95f4\uff1a2026-03-28 16:00","entities":[{"offset":3,"length":4,"type":"bold"}]}}✅ 通知已发送到 Telegram
[2026-03-28 20:00:01] === 开始天气预测 ===
[2026-03-28 20:00:04] 🌤️ 三亚天气：+28°C ☀️   70% ←13km/h
[2026-03-28 20:00:04] ✅ 天气预测完成
{"ok":true,"result":{"message_id":5887,"from":{"id":8351068758,"is_bot":true,"first_name":"\u592a\u4e00\uff08AGI\uff09","username":"sayelfbot"},"chat":{"id":7073481596,"first_name":"nicola","last_name":"king","type":"private"},"date":1774699204,"text":"\ud83d\udcf1 \u5929\u6c14\u9884\u6d4b\n\n\ud83c\udf24\ufe0f \u4e09\u4e9a\u5929\u6c14\uff1a 28\u00b0C \u2600\ufe0f   70% \u219013km/h\n\n\u65f6\u95f4\uff1a2026-03-28 20:00","entities":[{"offset":3,"length":4,"type":"bold"}]}}✅ 通知已发送到 Telegram
