[2026-03-24 18:00:01] [知几] 生成交易日报...
[2026-03-24 18:00:01] [庖丁] 生成财务报表...
[2026-03-24 18:00:01] [知几] 交易日报完成
[2026-03-24 18:00:01] [庖丁] 财务报表完成
[2026-03-24 18:00:01] 任务 'zhiji-report' 执行完毕
[2026-03-24 18:00:01] 任务 'paoding-finance' 执行完毕
[2026-03-24 21:00:01] [素问] 记录技术日志...
[2026-03-24 21:00:01] [素问] 技术日志完成
[2026-03-24 21:00:01] [素问] 记录技术日志...
[2026-03-24 21:00:01] 任务 'suwen-log' 执行完毕
[2026-03-24 21:00:01] [素问] 技术日志完成
[2026-03-24 21:00:01] 任务 'suwen-log' 执行完毕
[2026-03-24 23:00:01] [太一] 写心里感悟日记...
[2026-03-24 23:00:01] [太一] 心里感悟完成
[2026-03-24 23:00:01] 任务 'taiyi-diary' 执行完毕
[2026-03-25 07:00:01] [知几] 开始气象数据采集...
[2026-03-25 08:00:01] [山木] 发布小红书 - 治愈系壁纸...
[2026-03-25 08:00:01] [山木] 小红书壁纸发布完成
[2026-03-25 08:00:01] [太一] 生成日报框架...
[2026-03-25 08:00:01] 任务 'shanmu-am' 执行完毕
[2026-03-25 08:00:01] [罔两] 收集竞品数据...
[2026-03-25 08:00:01] [罔两] 竞品数据收集完成
[2026-03-25 08:00:01] 任务 'wangliang-competitor' 执行完毕
[2026-03-25 15:48:07] [素问] 系统健康检查...
[2026-03-25 15:48:07] [素问] 系统健康检查完成
[2026-03-25 15:48:07] 任务 'suwen-health' 执行完毕
[2026-03-25 15:48:07] [庖丁] 整理支出记录...
[2026-03-25 15:48:07] [庖丁] 支出记录完成
[2026-03-25 15:48:07] 任务 'paoding-expense' 执行完毕
[2026-03-25 15:48:07] [知几] 开始鲸鱼钱包监控...
[2026-03-25 15:48:07] [知几] 鲸鱼钱包监控完成
[2026-03-25 15:48:07] 任务 'zhiji-whale' 执行完毕
