/bin/bash: 行 1: /home/nicola/.openclaw/workspace/scripts/dashboard-auto-manager.sh: 权限不够
/bin/bash: 行 1: /home/nicola/.openclaw/workspace/scripts/dashboard-auto-manager.sh: 权限不够
/bin/bash: 行 1: /home/nicola/.openclaw/workspace/scripts/dashboard-auto-manager.sh: 权限不够
/bin/bash: 行 1: /home/nicola/.openclaw/workspace/scripts/dashboard-auto-manager.sh: 权限不够
/bin/bash: 行 1: /home/nicola/.openclaw/workspace/scripts/dashboard-auto-manager.sh: 权限不够
/bin/bash: 行 1: /home/nicola/.openclaw/workspace/scripts/dashboard-auto-manager.sh: 权限不够
/bin/bash: 行 1: /home/nicola/.openclaw/workspace/scripts/dashboard-auto-manager.sh: 权限不够
/bin/bash: 行 1: /home/nicola/.openclaw/workspace/scripts/dashboard-auto-manager.sh: 权限不够
/bin/bash: 行 1: /home/nicola/.openclaw/workspace/scripts/dashboard-auto-manager.sh: 权限不够
/bin/bash: 行 1: /home/nicola/.openclaw/workspace/scripts/dashboard-auto-manager.sh: 权限不够
/bin/bash: 行 1: /home/nicola/.openclaw/workspace/scripts/dashboard-auto-manager.sh: 权限不够
/bin/bash: 行 1: /home/nicola/.openclaw/workspace/scripts/dashboard-auto-manager.sh: 权限不够
[2026-04-10 01:21:43] ========== Dashboard 自动管理检查 ==========
[2026-04-10 01:21:43] ========== 检查完成 ==========
[2026-04-10 01:21:43] 
[2026-04-10 01:22:01] ========== Dashboard 自动管理检查 ==========
[2026-04-10 01:22:01] ========== Dashboard 自动管理检查 ==========
[2026-04-10 01:22:01] ========== 检查完成 ==========
[2026-04-10 01:22:01] ========== 检查完成 ==========
[2026-04-10 01:22:01] 
[2026-04-10 01:22:01] 
[2026-04-10 01:24:01] ========== Dashboard 自动管理检查 ==========
[2026-04-10 01:24:01] ========== Dashboard 自动管理检查 ==========
[2026-04-10 01:24:01] ========== 检查完成 ==========
[2026-04-10 01:24:01] ========== 检查完成 ==========
[2026-04-10 01:24:01] 
[2026-04-10 01:24:01] 
[2026-04-10 01:26:01] ========== Dashboard 自动管理检查 ==========
[2026-04-10 01:26:01] ========== Dashboard 自动管理检查 ==========
[2026-04-10 01:26:01] ========== 检查完成 ==========
[2026-04-10 01:26:01] ========== 检查完成 ==========
[2026-04-10 01:26:01] 
[2026-04-10 01:26:01] 
[2026-04-10 01:28:01] ========== Dashboard 自动管理检查 ==========
[2026-04-10 01:28:01] ========== Dashboard 自动管理检查 ==========
[2026-04-10 01:28:01] ========== 检查完成 ==========
[2026-04-10 01:28:01] ========== 检查完成 ==========
[2026-04-10 01:28:01] 
[2026-04-10 01:28:01] 
[2026-04-10 01:30:01] ========== Dashboard 自动管理检查 ==========
[2026-04-10 01:30:01] ========== Dashboard 自动管理检查 ==========
[2026-04-10 01:30:01] ========== 检查完成 ==========
[2026-04-10 01:30:01] ========== 检查完成 ==========
[2026-04-10 01:30:01] 
[2026-04-10 01:30:01] 
[2026-04-10 01:32:01] ========== Dashboard 自动管理检查 ==========
[2026-04-10 01:32:01] ========== Dashboard 自动管理检查 ==========
[2026-04-10 01:32:01] ========== 检查完成 ==========
[2026-04-10 01:32:01] ========== 检查完成 ==========
[2026-04-10 01:32:01] 
[2026-04-10 01:32:01] 
[2026-04-10 01:34:01] ========== Dashboard 自动管理检查 ==========
[2026-04-10 01:34:01] ========== Dashboard 自动管理检查 ==========
[2026-04-10 01:34:01] ========== 检查完成 ==========
[2026-04-10 01:34:01] ========== 检查完成 ==========
[2026-04-10 01:34:01] 
[2026-04-10 01:34:01] 
[2026-04-10 01:36:01] ========== Dashboard 自动管理检查 ==========
[2026-04-10 01:36:01] ========== Dashboard 自动管理检查 ==========
[2026-04-10 01:36:01] ========== 检查完成 ==========
[2026-04-10 01:36:01] ========== 检查完成 ==========
[2026-04-10 01:36:01] 
[2026-04-10 01:36:01] 
[2026-04-10 01:38:01] ========== Dashboard 自动管理检查 ==========
[2026-04-10 01:38:01] ========== Dashboard 自动管理检查 ==========
[2026-04-10 01:38:01] ========== 检查完成 ==========
[2026-04-10 01:38:01] ========== 检查完成 ==========
[2026-04-10 01:38:01] 
[2026-04-10 01:38:01] 
[2026-04-10 01:40:01] ========== Dashboard 自动管理检查 ==========
[2026-04-10 01:40:01] ========== Dashboard 自动管理检查 ==========
[2026-04-10 01:40:01] ========== 检查完成 ==========
[2026-04-10 01:40:01] ========== 检查完成 ==========
[2026-04-10 01:40:01] 
[2026-04-10 01:40:01] 
[2026-04-10 01:42:01] ========== Dashboard 自动管理检查 ==========
[2026-04-10 01:42:01] ========== Dashboard 自动管理检查 ==========
[2026-04-10 01:42:01] ========== 检查完成 ==========
[2026-04-10 01:42:01] ========== 检查完成 ==========
[2026-04-10 01:42:01] 
[2026-04-10 01:42:01] 
[2026-04-10 01:44:01] ========== Dashboard 自动管理检查 ==========
[2026-04-10 01:44:01] ========== Dashboard 自动管理检查 ==========
[2026-04-10 01:44:01] ========== 检查完成 ==========
[2026-04-10 01:44:01] ========== 检查完成 ==========
[2026-04-10 01:44:01] 
[2026-04-10 01:44:01] 
[2026-04-10 01:46:01] ========== Dashboard 自动管理检查 ==========
[2026-04-10 01:46:01] ========== Dashboard 自动管理检查 ==========
[2026-04-10 01:46:01] ========== 检查完成 ==========
[2026-04-10 01:46:01] ========== 检查完成 ==========
[2026-04-10 01:46:01] 
[2026-04-10 01:46:01] 
[2026-04-10 01:48:01] ========== Dashboard 自动管理检查 ==========
[2026-04-10 01:48:01] ========== Dashboard 自动管理检查 ==========
[2026-04-10 01:48:01] ========== 检查完成 ==========
[2026-04-10 01:48:01] ========== 检查完成 ==========
[2026-04-10 01:48:01] 
[2026-04-10 01:48:01] 
[2026-04-10 01:50:01] ========== Dashboard 自动管理检查 ==========
[2026-04-10 01:50:01] ========== Dashboard 自动管理检查 ==========
[2026-04-10 01:50:01] ========== 检查完成 ==========
[2026-04-10 01:50:01] ========== 检查完成 ==========
[2026-04-10 01:50:01] 
[2026-04-10 01:50:01] 
[2026-04-10 01:52:01] ========== Dashboard 自动管理检查 ==========
[2026-04-10 01:52:01] ========== Dashboard 自动管理检查 ==========
[2026-04-10 01:52:01] ========== 检查完成 ==========
[2026-04-10 01:52:01] ========== 检查完成 ==========
[2026-04-10 01:52:01] 
[2026-04-10 01:52:01] 
[2026-04-10 01:54:01] ========== Dashboard 自动管理检查 ==========
[2026-04-10 01:54:01] ========== Dashboard 自动管理检查 ==========
[2026-04-10 01:54:01] ========== 检查完成 ==========
[2026-04-10 01:54:01] ========== 检查完成 ==========
[2026-04-10 01:54:01] 
[2026-04-10 01:54:01] 
[2026-04-10 01:56:01] ========== Dashboard 自动管理检查 ==========
[2026-04-10 01:56:01] ========== Dashboard 自动管理检查 ==========
[2026-04-10 01:56:01] ========== 检查完成 ==========
[2026-04-10 01:56:01] ========== 检查完成 ==========
[2026-04-10 01:56:01] 
[2026-04-10 01:56:01] 
[2026-04-10 01:58:01] ========== Dashboard 自动管理检查 ==========
[2026-04-10 01:58:01] ========== Dashboard 自动管理检查 ==========
[2026-04-10 01:58:01] ========== 检查完成 ==========
[2026-04-10 01:58:01] ========== 检查完成 ==========
[2026-04-10 01:58:01] 
[2026-04-10 01:58:01] 
[2026-04-10 02:00:01] ========== Dashboard 自动管理检查 ==========
[2026-04-10 02:00:01] ========== Dashboard 自动管理检查 ==========
[2026-04-10 02:00:01] ========== 检查完成 ==========
[2026-04-10 02:00:01] ========== 检查完成 ==========
[2026-04-10 02:00:01] 
[2026-04-10 02:00:01] 
[2026-04-10 02:02:01] ========== Dashboard 自动管理检查 ==========
[2026-04-10 02:02:01] ========== Dashboard 自动管理检查 ==========
[2026-04-10 02:02:01] ========== 检查完成 ==========
[2026-04-10 02:02:01] ========== 检查完成 ==========
[2026-04-10 02:02:01] 
[2026-04-10 02:02:01] 
[2026-04-10 02:04:01] ========== Dashboard 自动管理检查 ==========
[2026-04-10 02:04:01] ========== Dashboard 自动管理检查 ==========
[2026-04-10 02:04:01] ========== 检查完成 ==========
[2026-04-10 02:04:01] ========== 检查完成 ==========
[2026-04-10 02:04:01] 
[2026-04-10 02:04:01] 
[2026-04-10 02:06:01] ========== Dashboard 自动管理检查 ==========
[2026-04-10 02:06:01] ========== Dashboard 自动管理检查 ==========
[2026-04-10 02:06:01] ========== 检查完成 ==========
[2026-04-10 02:06:01] ========== 检查完成 ==========
[2026-04-10 02:06:01] 
[2026-04-10 02:06:01] 
[2026-04-10 02:08:01] ========== Dashboard 自动管理检查 ==========
[2026-04-10 02:08:01] ========== Dashboard 自动管理检查 ==========
[2026-04-10 02:08:01] ========== 检查完成 ==========
[2026-04-10 02:08:01] ========== 检查完成 ==========
[2026-04-10 02:08:01] 
[2026-04-10 02:08:01] 
[2026-04-10 02:10:01] ========== Dashboard 自动管理检查 ==========
[2026-04-10 02:10:01] ========== Dashboard 自动管理检查 ==========
[2026-04-10 02:10:01] ========== 检查完成 ==========
[2026-04-10 02:10:01] ========== 检查完成 ==========
[2026-04-10 02:10:01] 
[2026-04-10 02:10:01] 
[2026-04-10 02:12:01] ========== Dashboard 自动管理检查 ==========
[2026-04-10 02:12:01] ========== Dashboard 自动管理检查 ==========
[2026-04-10 02:12:01] ========== 检查完成 ==========
[2026-04-10 02:12:01] ========== 检查完成 ==========
[2026-04-10 02:12:01] 
[2026-04-10 02:12:01] 
[2026-04-10 02:14:01] ========== Dashboard 自动管理检查 ==========
[2026-04-10 02:14:01] ========== Dashboard 自动管理检查 ==========
[2026-04-10 02:14:01] ========== 检查完成 ==========
[2026-04-10 02:14:01] ========== 检查完成 ==========
[2026-04-10 02:14:01] 
[2026-04-10 02:14:01] 
[2026-04-10 02:16:01] ========== Dashboard 自动管理检查 ==========
[2026-04-10 02:16:01] ========== Dashboard 自动管理检查 ==========
[2026-04-10 02:16:01] ========== 检查完成 ==========
[2026-04-10 02:16:01] ========== 检查完成 ==========
[2026-04-10 02:16:01] 
[2026-04-10 02:16:01] 
[2026-04-10 02:18:01] ========== Dashboard 自动管理检查 ==========
[2026-04-10 02:18:01] ========== Dashboard 自动管理检查 ==========
[2026-04-10 02:18:01] ========== 检查完成 ==========
[2026-04-10 02:18:01] ========== 检查完成 ==========
[2026-04-10 02:18:01] 
[2026-04-10 02:18:01] 
[2026-04-10 02:20:01] ========== Dashboard 自动管理检查 ==========
[2026-04-10 02:20:01] ========== Dashboard 自动管理检查 ==========
[2026-04-10 02:20:01] ========== 检查完成 ==========
[2026-04-10 02:20:01] ========== 检查完成 ==========
[2026-04-10 02:20:01] 
[2026-04-10 02:20:01] 
[2026-04-10 02:22:01] ========== Dashboard 自动管理检查 ==========
[2026-04-10 02:22:01] ========== Dashboard 自动管理检查 ==========
[2026-04-10 02:22:01] ========== 检查完成 ==========
[2026-04-10 02:22:01] ========== 检查完成 ==========
[2026-04-10 02:22:01] 
[2026-04-10 02:22:01] 
[2026-04-10 02:24:01] ========== Dashboard 自动管理检查 ==========
[2026-04-10 02:24:01] ========== Dashboard 自动管理检查 ==========
[2026-04-10 02:24:01] ========== 检查完成 ==========
[2026-04-10 02:24:01] ========== 检查完成 ==========
[2026-04-10 02:24:01] 
[2026-04-10 02:24:01] 
[2026-04-10 02:26:01] ========== Dashboard 自动管理检查 ==========
[2026-04-10 02:26:01] ========== Dashboard 自动管理检查 ==========
[2026-04-10 02:26:01] ========== 检查完成 ==========
[2026-04-10 02:26:01] ========== 检查完成 ==========
[2026-04-10 02:26:01] 
[2026-04-10 02:26:01] 
[2026-04-10 02:28:01] ========== Dashboard 自动管理检查 ==========
[2026-04-10 02:28:01] ========== Dashboard 自动管理检查 ==========
[2026-04-10 02:28:01] ========== 检查完成 ==========
[2026-04-10 02:28:01] ========== 检查完成 ==========
[2026-04-10 02:28:01] 
[2026-04-10 02:28:01] 
[2026-04-10 02:30:01] ========== Dashboard 自动管理检查 ==========
[2026-04-10 02:30:01] ========== Dashboard 自动管理检查 ==========
[2026-04-10 02:30:01] ========== 检查完成 ==========
[2026-04-10 02:30:01] ========== 检查完成 ==========
[2026-04-10 02:30:01] 
[2026-04-10 02:30:01] 
[2026-04-10 02:32:01] ========== Dashboard 自动管理检查 ==========
[2026-04-10 02:32:01] ========== Dashboard 自动管理检查 ==========
[2026-04-10 02:32:01] ========== 检查完成 ==========
[2026-04-10 02:32:01] ========== 检查完成 ==========
[2026-04-10 02:32:01] 
[2026-04-10 02:32:01] 
[2026-04-10 02:34:01] ========== Dashboard 自动管理检查 ==========
[2026-04-10 02:34:01] ========== Dashboard 自动管理检查 ==========
[2026-04-10 02:34:01] ========== 检查完成 ==========
[2026-04-10 02:34:01] ========== 检查完成 ==========
[2026-04-10 02:34:01] 
[2026-04-10 02:34:01] 
[2026-04-10 02:36:01] ========== Dashboard 自动管理检查 ==========
[2026-04-10 02:36:01] ========== Dashboard 自动管理检查 ==========
[2026-04-10 02:36:01] ========== 检查完成 ==========
[2026-04-10 02:36:01] ========== 检查完成 ==========
[2026-04-10 02:36:01] 
[2026-04-10 02:36:01] 
[2026-04-10 02:38:01] ========== Dashboard 自动管理检查 ==========
[2026-04-10 02:38:01] ========== Dashboard 自动管理检查 ==========
[2026-04-10 02:38:01] ========== 检查完成 ==========
[2026-04-10 02:38:01] ========== 检查完成 ==========
[2026-04-10 02:38:01] 
[2026-04-10 02:38:01] 
[2026-04-10 02:40:01] ========== Dashboard 自动管理检查 ==========
[2026-04-10 02:40:01] ========== Dashboard 自动管理检查 ==========
[2026-04-10 02:40:01] ========== 检查完成 ==========
[2026-04-10 02:40:01] ========== 检查完成 ==========
[2026-04-10 02:40:01] 
[2026-04-10 02:40:01] 
[2026-04-10 02:42:01] ========== Dashboard 自动管理检查 ==========
[2026-04-10 02:42:01] ========== Dashboard 自动管理检查 ==========
[2026-04-10 02:42:01] ========== 检查完成 ==========
[2026-04-10 02:42:01] ========== 检查完成 ==========
[2026-04-10 02:42:01] 
[2026-04-10 02:42:01] 
[2026-04-10 02:44:01] ========== Dashboard 自动管理检查 ==========
[2026-04-10 02:44:01] ========== Dashboard 自动管理检查 ==========
[2026-04-10 02:44:01] ========== 检查完成 ==========
[2026-04-10 02:44:01] ========== 检查完成 ==========
[2026-04-10 02:44:01] 
[2026-04-10 02:44:01] 
[2026-04-10 02:46:01] ========== Dashboard 自动管理检查 ==========
[2026-04-10 02:46:01] ========== Dashboard 自动管理检查 ==========
[2026-04-10 02:46:01] ========== 检查完成 ==========
[2026-04-10 02:46:01] ========== 检查完成 ==========
[2026-04-10 02:46:01] 
[2026-04-10 02:46:01] 
[2026-04-10 02:48:01] ========== Dashboard 自动管理检查 ==========
[2026-04-10 02:48:01] ========== Dashboard 自动管理检查 ==========
[2026-04-10 02:48:01] ========== 检查完成 ==========
[2026-04-10 02:48:01] ========== 检查完成 ==========
[2026-04-10 02:48:01] 
[2026-04-10 02:48:01] 
[2026-04-10 02:50:01] ========== Dashboard 自动管理检查 ==========
[2026-04-10 02:50:01] ========== Dashboard 自动管理检查 ==========
[2026-04-10 02:50:01] ========== 检查完成 ==========
[2026-04-10 02:50:01] ========== 检查完成 ==========
[2026-04-10 02:50:01] 
[2026-04-10 02:50:01] 
[2026-04-10 02:52:01] ========== Dashboard 自动管理检查 ==========
[2026-04-10 02:52:01] ========== Dashboard 自动管理检查 ==========
[2026-04-10 02:52:01] ========== 检查完成 ==========
[2026-04-10 02:52:01] ========== 检查完成 ==========
[2026-04-10 02:52:01] 
[2026-04-10 02:52:01] 
[2026-04-10 02:54:01] ========== Dashboard 自动管理检查 ==========
[2026-04-10 02:54:01] ========== Dashboard 自动管理检查 ==========
[2026-04-10 02:54:01] ========== 检查完成 ==========
[2026-04-10 02:54:01] ========== 检查完成 ==========
[2026-04-10 02:54:01] 
[2026-04-10 02:54:01] 
[2026-04-10 02:56:01] ========== Dashboard 自动管理检查 ==========
[2026-04-10 02:56:01] ========== Dashboard 自动管理检查 ==========
[2026-04-10 02:56:01] ========== 检查完成 ==========
[2026-04-10 02:56:01] ========== 检查完成 ==========
[2026-04-10 02:56:01] 
[2026-04-10 02:56:01] 
[2026-04-10 02:58:01] ========== Dashboard 自动管理检查 ==========
[2026-04-10 02:58:01] ========== Dashboard 自动管理检查 ==========
[2026-04-10 02:58:01] ========== 检查完成 ==========
[2026-04-10 02:58:01] ========== 检查完成 ==========
[2026-04-10 02:58:01] 
[2026-04-10 02:58:01] 
[2026-04-10 03:00:01] ========== Dashboard 自动管理检查 ==========
[2026-04-10 03:00:01] ========== Dashboard 自动管理检查 ==========
[2026-04-10 03:00:01] ========== 检查完成 ==========
[2026-04-10 03:00:01] ========== 检查完成 ==========
[2026-04-10 03:00:01] 
[2026-04-10 03:00:01] 
[2026-04-10 03:02:01] ========== Dashboard 自动管理检查 ==========
[2026-04-10 03:02:01] ========== Dashboard 自动管理检查 ==========
[2026-04-10 03:02:01] ========== 检查完成 ==========
[2026-04-10 03:02:01] ========== 检查完成 ==========
[2026-04-10 03:02:01] 
[2026-04-10 03:02:01] 
[2026-04-10 03:04:01] ========== Dashboard 自动管理检查 ==========
[2026-04-10 03:04:01] ========== Dashboard 自动管理检查 ==========
[2026-04-10 03:04:01] ========== 检查完成 ==========
[2026-04-10 03:04:01] ========== 检查完成 ==========
[2026-04-10 03:04:01] 
[2026-04-10 03:04:01] 
[2026-04-10 03:06:01] ========== Dashboard 自动管理检查 ==========
[2026-04-10 03:06:01] ========== Dashboard 自动管理检查 ==========
[2026-04-10 03:06:01] ========== 检查完成 ==========
[2026-04-10 03:06:01] ========== 检查完成 ==========
[2026-04-10 03:06:01] 
[2026-04-10 03:06:01] 
[2026-04-10 03:08:01] ========== Dashboard 自动管理检查 ==========
[2026-04-10 03:08:01] ========== Dashboard 自动管理检查 ==========
[2026-04-10 03:08:01] ========== 检查完成 ==========
[2026-04-10 03:08:01] ========== 检查完成 ==========
[2026-04-10 03:08:01] 
[2026-04-10 03:08:01] 
[2026-04-10 03:10:01] ========== Dashboard 自动管理检查 ==========
[2026-04-10 03:10:01] ========== Dashboard 自动管理检查 ==========
[2026-04-10 03:10:01] ========== 检查完成 ==========
[2026-04-10 03:10:01] ========== 检查完成 ==========
[2026-04-10 03:10:01] 
[2026-04-10 03:10:01] 
[2026-04-10 03:12:01] ========== Dashboard 自动管理检查 ==========
[2026-04-10 03:12:01] ========== Dashboard 自动管理检查 ==========
[2026-04-10 03:12:01] ========== 检查完成 ==========
[2026-04-10 03:12:01] ========== 检查完成 ==========
[2026-04-10 03:12:01] 
[2026-04-10 03:12:01] 
[2026-04-10 03:14:01] ========== Dashboard 自动管理检查 ==========
[2026-04-10 03:14:01] ========== Dashboard 自动管理检查 ==========
[2026-04-10 03:14:01] ========== 检查完成 ==========
[2026-04-10 03:14:01] ========== 检查完成 ==========
[2026-04-10 03:14:01] 
[2026-04-10 03:14:01] 
[2026-04-10 03:16:01] ========== Dashboard 自动管理检查 ==========
[2026-04-10 03:16:01] ========== Dashboard 自动管理检查 ==========
[2026-04-10 03:16:01] ========== 检查完成 ==========
[2026-04-10 03:16:01] ========== 检查完成 ==========
[2026-04-10 03:16:01] 
[2026-04-10 03:16:01] 
[2026-04-10 03:18:01] ========== Dashboard 自动管理检查 ==========
[2026-04-10 03:18:01] ========== Dashboard 自动管理检查 ==========
[2026-04-10 03:18:01] ========== 检查完成 ==========
[2026-04-10 03:18:01] ========== 检查完成 ==========
[2026-04-10 03:18:01] 
[2026-04-10 03:18:01] 
[2026-04-10 03:20:01] ========== Dashboard 自动管理检查 ==========
[2026-04-10 03:20:01] ========== Dashboard 自动管理检查 ==========
[2026-04-10 03:20:01] ========== 检查完成 ==========
[2026-04-10 03:20:01] ========== 检查完成 ==========
[2026-04-10 03:20:01] 
[2026-04-10 03:20:01] 
[2026-04-10 03:22:01] ========== Dashboard 自动管理检查 ==========
[2026-04-10 03:22:01] ========== Dashboard 自动管理检查 ==========
[2026-04-10 03:22:01] ========== 检查完成 ==========
[2026-04-10 03:22:01] ========== 检查完成 ==========
[2026-04-10 03:22:01] 
[2026-04-10 03:22:01] 
[2026-04-10 03:24:01] ========== Dashboard 自动管理检查 ==========
[2026-04-10 03:24:01] ========== Dashboard 自动管理检查 ==========
[2026-04-10 03:24:01] ========== 检查完成 ==========
[2026-04-10 03:24:01] ========== 检查完成 ==========
[2026-04-10 03:24:01] 
[2026-04-10 03:24:01] 
[2026-04-10 03:26:01] ========== Dashboard 自动管理检查 ==========
[2026-04-10 03:26:01] ========== Dashboard 自动管理检查 ==========
[2026-04-10 03:26:01] ========== 检查完成 ==========
[2026-04-10 03:26:01] ========== 检查完成 ==========
[2026-04-10 03:26:01] 
[2026-04-10 03:26:01] 
[2026-04-10 03:28:01] ========== Dashboard 自动管理检查 ==========
[2026-04-10 03:28:01] ========== Dashboard 自动管理检查 ==========
[2026-04-10 03:28:01] ========== 检查完成 ==========
[2026-04-10 03:28:01] ========== 检查完成 ==========
[2026-04-10 03:28:01] 
[2026-04-10 03:28:01] 
[2026-04-10 03:30:01] ========== Dashboard 自动管理检查 ==========
[2026-04-10 03:30:01] ========== Dashboard 自动管理检查 ==========
[2026-04-10 03:30:01] ========== 检查完成 ==========
[2026-04-10 03:30:01] ========== 检查完成 ==========
[2026-04-10 03:30:01] 
[2026-04-10 03:30:01] 
[2026-04-10 03:32:01] ========== Dashboard 自动管理检查 ==========
[2026-04-10 03:32:01] ========== Dashboard 自动管理检查 ==========
[2026-04-10 03:32:01] ========== 检查完成 ==========
[2026-04-10 03:32:01] ========== 检查完成 ==========
[2026-04-10 03:32:01] 
[2026-04-10 03:32:01] 
[2026-04-10 03:34:01] ========== Dashboard 自动管理检查 ==========
[2026-04-10 03:34:01] ========== Dashboard 自动管理检查 ==========
[2026-04-10 03:34:01] ========== 检查完成 ==========
[2026-04-10 03:34:01] ========== 检查完成 ==========
[2026-04-10 03:34:01] 
[2026-04-10 03:34:01] 
[2026-04-10 03:36:01] ========== Dashboard 自动管理检查 ==========
[2026-04-10 03:36:01] ========== Dashboard 自动管理检查 ==========
[2026-04-10 03:36:01] ========== 检查完成 ==========
[2026-04-10 03:36:01] ========== 检查完成 ==========
[2026-04-10 03:36:01] 
[2026-04-10 03:36:01] 
[2026-04-10 03:38:01] ========== Dashboard 自动管理检查 ==========
[2026-04-10 03:38:01] ========== Dashboard 自动管理检查 ==========
[2026-04-10 03:38:01] ========== 检查完成 ==========
[2026-04-10 03:38:01] ========== 检查完成 ==========
[2026-04-10 03:38:01] 
[2026-04-10 03:38:01] 
[2026-04-10 03:40:01] ========== Dashboard 自动管理检查 ==========
[2026-04-10 03:40:01] ========== Dashboard 自动管理检查 ==========
[2026-04-10 03:40:01] ========== 检查完成 ==========
[2026-04-10 03:40:01] ========== 检查完成 ==========
[2026-04-10 03:40:01] 
[2026-04-10 03:40:01] 
[2026-04-10 03:42:01] ========== Dashboard 自动管理检查 ==========
[2026-04-10 03:42:01] ========== Dashboard 自动管理检查 ==========
[2026-04-10 03:42:01] ========== 检查完成 ==========
[2026-04-10 03:42:01] ========== 检查完成 ==========
[2026-04-10 03:42:01] 
[2026-04-10 03:42:01] 
[2026-04-10 03:44:01] ========== Dashboard 自动管理检查 ==========
[2026-04-10 03:44:01] ========== Dashboard 自动管理检查 ==========
[2026-04-10 03:44:01] ========== 检查完成 ==========
[2026-04-10 03:44:01] ========== 检查完成 ==========
[2026-04-10 03:44:01] 
[2026-04-10 03:44:01] 
[2026-04-10 03:46:01] ========== Dashboard 自动管理检查 ==========
[2026-04-10 03:46:01] ========== Dashboard 自动管理检查 ==========
[2026-04-10 03:46:01] ========== 检查完成 ==========
[2026-04-10 03:46:01] ========== 检查完成 ==========
[2026-04-10 03:46:01] 
[2026-04-10 03:46:01] 
[2026-04-10 03:48:01] ========== Dashboard 自动管理检查 ==========
[2026-04-10 03:48:01] ========== Dashboard 自动管理检查 ==========
[2026-04-10 03:48:01] ========== 检查完成 ==========
[2026-04-10 03:48:01] ========== 检查完成 ==========
[2026-04-10 03:48:01] 
[2026-04-10 03:48:01] 
[2026-04-10 03:50:01] ========== Dashboard 自动管理检查 ==========
[2026-04-10 03:50:01] ========== Dashboard 自动管理检查 ==========
[2026-04-10 03:50:01] ========== 检查完成 ==========
[2026-04-10 03:50:01] ========== 检查完成 ==========
[2026-04-10 03:50:01] 
[2026-04-10 03:50:01] 
[2026-04-10 03:52:01] ========== Dashboard 自动管理检查 ==========
[2026-04-10 03:52:01] ========== Dashboard 自动管理检查 ==========
[2026-04-10 03:52:01] ========== 检查完成 ==========
[2026-04-10 03:52:01] ========== 检查完成 ==========
[2026-04-10 03:52:01] 
[2026-04-10 03:52:01] 
[2026-04-10 03:54:01] ========== Dashboard 自动管理检查 ==========
[2026-04-10 03:54:01] ========== Dashboard 自动管理检查 ==========
[2026-04-10 03:54:01] ========== 检查完成 ==========
[2026-04-10 03:54:01] ========== 检查完成 ==========
[2026-04-10 03:54:01] 
[2026-04-10 03:54:01] 
[2026-04-10 03:56:01] ========== Dashboard 自动管理检查 ==========
[2026-04-10 03:56:01] ========== Dashboard 自动管理检查 ==========
[2026-04-10 03:56:01] ========== 检查完成 ==========
[2026-04-10 03:56:01] ========== 检查完成 ==========
[2026-04-10 03:56:01] 
[2026-04-10 03:56:01] 
[2026-04-10 03:58:01] ========== Dashboard 自动管理检查 ==========
[2026-04-10 03:58:01] ========== Dashboard 自动管理检查 ==========
[2026-04-10 03:58:01] ========== 检查完成 ==========
[2026-04-10 03:58:01] ========== 检查完成 ==========
[2026-04-10 03:58:01] 
[2026-04-10 03:58:01] 
[2026-04-10 04:00:01] ========== Dashboard 自动管理检查 ==========
[2026-04-10 04:00:01] ========== Dashboard 自动管理检查 ==========
[2026-04-10 04:00:01] ========== 检查完成 ==========
[2026-04-10 04:00:01] ========== 检查完成 ==========
[2026-04-10 04:00:01] 
[2026-04-10 04:00:01] 
[2026-04-10 04:02:01] ========== Dashboard 自动管理检查 ==========
[2026-04-10 04:02:01] ========== Dashboard 自动管理检查 ==========
[2026-04-10 04:02:01] ========== 检查完成 ==========
[2026-04-10 04:02:01] ========== 检查完成 ==========
[2026-04-10 04:02:01] 
[2026-04-10 04:02:01] 
[2026-04-10 04:04:01] ========== Dashboard 自动管理检查 ==========
[2026-04-10 04:04:01] ========== Dashboard 自动管理检查 ==========
[2026-04-10 04:04:01] ========== 检查完成 ==========
[2026-04-10 04:04:01] ========== 检查完成 ==========
[2026-04-10 04:04:01] 
[2026-04-10 04:04:01] 
[2026-04-10 04:06:01] ========== Dashboard 自动管理检查 ==========
[2026-04-10 04:06:01] ========== Dashboard 自动管理检查 ==========
[2026-04-10 04:06:01] ========== 检查完成 ==========
[2026-04-10 04:06:01] ========== 检查完成 ==========
[2026-04-10 04:06:01] 
[2026-04-10 04:06:01] 
[2026-04-10 04:08:01] ========== Dashboard 自动管理检查 ==========
[2026-04-10 04:08:01] ========== Dashboard 自动管理检查 ==========
[2026-04-10 04:08:01] ========== 检查完成 ==========
[2026-04-10 04:08:01] ========== 检查完成 ==========
[2026-04-10 04:08:01] 
[2026-04-10 04:08:01] 
[2026-04-10 04:10:02] ========== Dashboard 自动管理检查 ==========
[2026-04-10 04:10:02] ========== Dashboard 自动管理检查 ==========
[2026-04-10 04:10:02] ========== 检查完成 ==========
[2026-04-10 04:10:02] ========== 检查完成 ==========
[2026-04-10 04:10:02] 
[2026-04-10 04:10:02] 
[2026-04-10 04:12:01] ========== Dashboard 自动管理检查 ==========
[2026-04-10 04:12:01] ========== Dashboard 自动管理检查 ==========
[2026-04-10 04:12:01] ========== 检查完成 ==========
[2026-04-10 04:12:01] ========== 检查完成 ==========
[2026-04-10 04:12:01] 
[2026-04-10 04:12:01] 
[2026-04-10 04:14:01] ========== Dashboard 自动管理检查 ==========
[2026-04-10 04:14:01] ========== Dashboard 自动管理检查 ==========
[2026-04-10 04:14:01] ========== 检查完成 ==========
[2026-04-10 04:14:01] ========== 检查完成 ==========
[2026-04-10 04:14:01] 
[2026-04-10 04:14:01] 
[2026-04-10 04:16:01] ========== Dashboard 自动管理检查 ==========
[2026-04-10 04:16:01] ========== Dashboard 自动管理检查 ==========
[2026-04-10 04:16:01] ========== 检查完成 ==========
[2026-04-10 04:16:01] ========== 检查完成 ==========
[2026-04-10 04:16:01] 
[2026-04-10 04:16:01] 
[2026-04-10 04:18:01] ========== Dashboard 自动管理检查 ==========
[2026-04-10 04:18:01] ========== Dashboard 自动管理检查 ==========
[2026-04-10 04:18:01] ========== 检查完成 ==========
[2026-04-10 04:18:01] ========== 检查完成 ==========
[2026-04-10 04:18:01] 
[2026-04-10 04:18:01] 
[2026-04-10 04:20:01] ========== Dashboard 自动管理检查 ==========
[2026-04-10 04:20:01] ========== Dashboard 自动管理检查 ==========
[2026-04-10 04:20:01] ========== 检查完成 ==========
[2026-04-10 04:20:01] ========== 检查完成 ==========
[2026-04-10 04:20:01] 
[2026-04-10 04:20:01] 
[2026-04-10 04:22:01] ========== Dashboard 自动管理检查 ==========
[2026-04-10 04:22:01] ========== Dashboard 自动管理检查 ==========
[2026-04-10 04:22:01] ========== 检查完成 ==========
[2026-04-10 04:22:01] ========== 检查完成 ==========
[2026-04-10 04:22:01] 
[2026-04-10 04:22:01] 
[2026-04-10 04:24:01] ========== Dashboard 自动管理检查 ==========
[2026-04-10 04:24:01] ========== Dashboard 自动管理检查 ==========
[2026-04-10 04:24:01] ========== 检查完成 ==========
[2026-04-10 04:24:01] ========== 检查完成 ==========
[2026-04-10 04:24:01] 
[2026-04-10 04:24:01] 
[2026-04-10 04:26:01] ========== Dashboard 自动管理检查 ==========
[2026-04-10 04:26:01] ========== Dashboard 自动管理检查 ==========
[2026-04-10 04:26:01] ========== 检查完成 ==========
[2026-04-10 04:26:01] ========== 检查完成 ==========
[2026-04-10 04:26:01] 
[2026-04-10 04:26:01] 
[2026-04-10 04:28:01] ========== Dashboard 自动管理检查 ==========
[2026-04-10 04:28:01] ========== Dashboard 自动管理检查 ==========
[2026-04-10 04:28:01] ========== 检查完成 ==========
[2026-04-10 04:28:01] ========== 检查完成 ==========
[2026-04-10 04:28:01] 
[2026-04-10 04:28:01] 
[2026-04-10 04:30:01] ========== Dashboard 自动管理检查 ==========
[2026-04-10 04:30:01] ========== Dashboard 自动管理检查 ==========
[2026-04-10 04:30:01] ========== 检查完成 ==========
[2026-04-10 04:30:01] ========== 检查完成 ==========
[2026-04-10 04:30:01] 
[2026-04-10 04:30:01] 
[2026-04-10 04:32:01] ========== Dashboard 自动管理检查 ==========
[2026-04-10 04:32:01] ========== Dashboard 自动管理检查 ==========
[2026-04-10 04:32:01] ========== 检查完成 ==========
[2026-04-10 04:32:01] ========== 检查完成 ==========
[2026-04-10 04:32:01] 
[2026-04-10 04:32:01] 
[2026-04-10 04:34:01] ========== Dashboard 自动管理检查 ==========
[2026-04-10 04:34:01] ========== Dashboard 自动管理检查 ==========
[2026-04-10 04:34:01] ========== 检查完成 ==========
[2026-04-10 04:34:01] ========== 检查完成 ==========
[2026-04-10 04:34:01] 
[2026-04-10 04:34:01] 
[2026-04-10 04:36:01] ========== Dashboard 自动管理检查 ==========
[2026-04-10 04:36:01] ========== Dashboard 自动管理检查 ==========
[2026-04-10 04:36:01] ========== 检查完成 ==========
[2026-04-10 04:36:01] ========== 检查完成 ==========
[2026-04-10 04:36:01] 
[2026-04-10 04:36:01] 
[2026-04-10 04:38:01] ========== Dashboard 自动管理检查 ==========
[2026-04-10 04:38:01] ========== Dashboard 自动管理检查 ==========
[2026-04-10 04:38:01] ========== 检查完成 ==========
[2026-04-10 04:38:01] ========== 检查完成 ==========
[2026-04-10 04:38:01] 
[2026-04-10 04:38:01] 
[2026-04-10 04:40:01] ========== Dashboard 自动管理检查 ==========
[2026-04-10 04:40:01] ========== Dashboard 自动管理检查 ==========
[2026-04-10 04:40:01] ========== 检查完成 ==========
[2026-04-10 04:40:01] ========== 检查完成 ==========
[2026-04-10 04:40:01] 
[2026-04-10 04:40:01] 
[2026-04-10 04:42:01] ========== Dashboard 自动管理检查 ==========
[2026-04-10 04:42:01] ========== Dashboard 自动管理检查 ==========
[2026-04-10 04:42:01] ========== 检查完成 ==========
[2026-04-10 04:42:01] ========== 检查完成 ==========
[2026-04-10 04:42:01] 
[2026-04-10 04:42:01] 
[2026-04-10 04:44:01] ========== Dashboard 自动管理检查 ==========
[2026-04-10 04:44:01] ========== Dashboard 自动管理检查 ==========
[2026-04-10 04:44:01] ========== 检查完成 ==========
[2026-04-10 04:44:01] ========== 检查完成 ==========
[2026-04-10 04:44:01] 
[2026-04-10 04:44:01] 
[2026-04-10 04:46:01] ========== Dashboard 自动管理检查 ==========
[2026-04-10 04:46:01] ========== Dashboard 自动管理检查 ==========
[2026-04-10 04:46:01] ========== 检查完成 ==========
[2026-04-10 04:46:01] ========== 检查完成 ==========
[2026-04-10 04:46:01] 
[2026-04-10 04:46:01] 
[2026-04-10 04:48:01] ========== Dashboard 自动管理检查 ==========
[2026-04-10 04:48:01] ========== Dashboard 自动管理检查 ==========
[2026-04-10 04:48:01] ========== 检查完成 ==========
[2026-04-10 04:48:01] ========== 检查完成 ==========
[2026-04-10 04:48:01] 
[2026-04-10 04:48:01] 
[2026-04-10 04:50:01] ========== Dashboard 自动管理检查 ==========
[2026-04-10 04:50:01] ========== Dashboard 自动管理检查 ==========
[2026-04-10 04:50:01] ========== 检查完成 ==========
[2026-04-10 04:50:01] ========== 检查完成 ==========
[2026-04-10 04:50:01] 
[2026-04-10 04:50:01] 
[2026-04-10 04:52:01] ========== Dashboard 自动管理检查 ==========
[2026-04-10 04:52:01] ========== Dashboard 自动管理检查 ==========
[2026-04-10 04:52:01] ========== 检查完成 ==========
[2026-04-10 04:52:01] ========== 检查完成 ==========
[2026-04-10 04:52:01] 
[2026-04-10 04:52:01] 
[2026-04-10 04:54:01] ========== Dashboard 自动管理检查 ==========
[2026-04-10 04:54:01] ========== Dashboard 自动管理检查 ==========
[2026-04-10 04:54:01] ========== 检查完成 ==========
[2026-04-10 04:54:01] ========== 检查完成 ==========
[2026-04-10 04:54:01] 
[2026-04-10 04:54:01] 
[2026-04-10 04:56:01] ========== Dashboard 自动管理检查 ==========
[2026-04-10 04:56:01] ========== Dashboard 自动管理检查 ==========
[2026-04-10 04:56:01] ========== 检查完成 ==========
[2026-04-10 04:56:01] ========== 检查完成 ==========
[2026-04-10 04:56:01] 
[2026-04-10 04:56:01] 
[2026-04-10 04:58:01] ========== Dashboard 自动管理检查 ==========
[2026-04-10 04:58:01] ========== Dashboard 自动管理检查 ==========
[2026-04-10 04:58:01] ========== 检查完成 ==========
[2026-04-10 04:58:01] ========== 检查完成 ==========
[2026-04-10 04:58:01] 
[2026-04-10 04:58:01] 
[2026-04-10 05:00:01] ========== Dashboard 自动管理检查 ==========
[2026-04-10 05:00:01] ========== Dashboard 自动管理检查 ==========
[2026-04-10 05:00:01] ========== 检查完成 ==========
[2026-04-10 05:00:01] ========== 检查完成 ==========
[2026-04-10 05:00:01] 
[2026-04-10 05:00:01] 
[2026-04-10 05:02:01] ========== Dashboard 自动管理检查 ==========
[2026-04-10 05:02:01] ========== Dashboard 自动管理检查 ==========
[2026-04-10 05:02:01] ========== 检查完成 ==========
[2026-04-10 05:02:01] ========== 检查完成 ==========
[2026-04-10 05:02:01] 
[2026-04-10 05:02:01] 
[2026-04-10 05:04:01] ========== Dashboard 自动管理检查 ==========
[2026-04-10 05:04:01] ========== Dashboard 自动管理检查 ==========
[2026-04-10 05:04:01] ========== 检查完成 ==========
[2026-04-10 05:04:01] ========== 检查完成 ==========
[2026-04-10 05:04:01] 
[2026-04-10 05:04:01] 
[2026-04-10 05:06:01] ========== Dashboard 自动管理检查 ==========
[2026-04-10 05:06:01] ========== Dashboard 自动管理检查 ==========
[2026-04-10 05:06:01] ========== 检查完成 ==========
[2026-04-10 05:06:01] ========== 检查完成 ==========
[2026-04-10 05:06:01] 
[2026-04-10 05:06:01] 
[2026-04-10 05:08:01] ========== Dashboard 自动管理检查 ==========
[2026-04-10 05:08:01] ========== Dashboard 自动管理检查 ==========
[2026-04-10 05:08:01] ========== 检查完成 ==========
[2026-04-10 05:08:01] ========== 检查完成 ==========
[2026-04-10 05:08:01] 
[2026-04-10 05:08:01] 
[2026-04-10 05:10:01] ========== Dashboard 自动管理检查 ==========
[2026-04-10 05:10:01] ========== Dashboard 自动管理检查 ==========
[2026-04-10 05:10:01] ========== 检查完成 ==========
[2026-04-10 05:10:01] ========== 检查完成 ==========
[2026-04-10 05:10:01] 
[2026-04-10 05:10:01] 
[2026-04-10 05:12:01] ========== Dashboard 自动管理检查 ==========
[2026-04-10 05:12:01] ========== Dashboard 自动管理检查 ==========
[2026-04-10 05:12:01] ========== 检查完成 ==========
[2026-04-10 05:12:01] ========== 检查完成 ==========
[2026-04-10 05:12:01] 
[2026-04-10 05:12:01] 
[2026-04-10 05:14:01] ========== Dashboard 自动管理检查 ==========
[2026-04-10 05:14:01] ========== Dashboard 自动管理检查 ==========
[2026-04-10 05:14:01] ========== 检查完成 ==========
[2026-04-10 05:14:01] ========== 检查完成 ==========
[2026-04-10 05:14:01] 
[2026-04-10 05:14:01] 
[2026-04-10 05:16:01] ========== Dashboard 自动管理检查 ==========
[2026-04-10 05:16:01] ========== Dashboard 自动管理检查 ==========
[2026-04-10 05:16:01] ========== 检查完成 ==========
[2026-04-10 05:16:01] ========== 检查完成 ==========
[2026-04-10 05:16:01] 
[2026-04-10 05:16:01] 
[2026-04-10 05:18:01] ========== Dashboard 自动管理检查 ==========
[2026-04-10 05:18:01] ========== Dashboard 自动管理检查 ==========
[2026-04-10 05:18:01] ========== 检查完成 ==========
[2026-04-10 05:18:01] ========== 检查完成 ==========
[2026-04-10 05:18:01] 
[2026-04-10 05:18:01] 
[2026-04-10 05:20:01] ========== Dashboard 自动管理检查 ==========
[2026-04-10 05:20:01] ========== Dashboard 自动管理检查 ==========
[2026-04-10 05:20:01] ========== 检查完成 ==========
[2026-04-10 05:20:01] ========== 检查完成 ==========
[2026-04-10 05:20:01] 
[2026-04-10 05:20:01] 
[2026-04-10 05:22:01] ========== Dashboard 自动管理检查 ==========
[2026-04-10 05:22:01] ========== Dashboard 自动管理检查 ==========
[2026-04-10 05:22:01] ========== 检查完成 ==========
[2026-04-10 05:22:01] ========== 检查完成 ==========
[2026-04-10 05:22:01] 
[2026-04-10 05:22:01] 
[2026-04-10 05:24:01] ========== Dashboard 自动管理检查 ==========
[2026-04-10 05:24:01] ========== Dashboard 自动管理检查 ==========
[2026-04-10 05:24:01] ========== 检查完成 ==========
[2026-04-10 05:24:01] ========== 检查完成 ==========
[2026-04-10 05:24:01] 
[2026-04-10 05:24:01] 
[2026-04-10 05:26:01] ========== Dashboard 自动管理检查 ==========
[2026-04-10 05:26:01] ========== Dashboard 自动管理检查 ==========
[2026-04-10 05:26:01] ========== 检查完成 ==========
[2026-04-10 05:26:01] ========== 检查完成 ==========
[2026-04-10 05:26:01] 
[2026-04-10 05:26:01] 
[2026-04-10 05:28:01] ========== Dashboard 自动管理检查 ==========
[2026-04-10 05:28:01] ========== Dashboard 自动管理检查 ==========
[2026-04-10 05:28:01] ========== 检查完成 ==========
[2026-04-10 05:28:01] ========== 检查完成 ==========
[2026-04-10 05:28:01] 
[2026-04-10 05:28:01] 
[2026-04-10 05:30:01] ========== Dashboard 自动管理检查 ==========
[2026-04-10 05:30:01] ========== Dashboard 自动管理检查 ==========
[2026-04-10 05:30:01] ========== 检查完成 ==========
[2026-04-10 05:30:01] ========== 检查完成 ==========
[2026-04-10 05:30:01] 
[2026-04-10 05:30:01] 
[2026-04-10 05:32:01] ========== Dashboard 自动管理检查 ==========
[2026-04-10 05:32:01] ========== Dashboard 自动管理检查 ==========
[2026-04-10 05:32:01] ========== 检查完成 ==========
[2026-04-10 05:32:01] ========== 检查完成 ==========
[2026-04-10 05:32:01] 
[2026-04-10 05:32:01] 
[2026-04-10 05:34:01] ========== Dashboard 自动管理检查 ==========
[2026-04-10 05:34:01] ========== Dashboard 自动管理检查 ==========
[2026-04-10 05:34:01] ========== 检查完成 ==========
[2026-04-10 05:34:01] ========== 检查完成 ==========
[2026-04-10 05:34:01] 
[2026-04-10 05:34:01] 
[2026-04-10 05:36:01] ========== Dashboard 自动管理检查 ==========
[2026-04-10 05:36:01] ========== Dashboard 自动管理检查 ==========
[2026-04-10 05:36:01] ========== 检查完成 ==========
[2026-04-10 05:36:01] ========== 检查完成 ==========
[2026-04-10 05:36:01] 
[2026-04-10 05:36:01] 
[2026-04-10 05:38:01] ========== Dashboard 自动管理检查 ==========
[2026-04-10 05:38:01] ========== Dashboard 自动管理检查 ==========
[2026-04-10 05:38:01] ========== 检查完成 ==========
[2026-04-10 05:38:01] ========== 检查完成 ==========
[2026-04-10 05:38:01] 
[2026-04-10 05:38:01] 
[2026-04-10 05:40:01] ========== Dashboard 自动管理检查 ==========
[2026-04-10 05:40:01] ========== Dashboard 自动管理检查 ==========
[2026-04-10 05:40:01] ========== 检查完成 ==========
[2026-04-10 05:40:01] ========== 检查完成 ==========
[2026-04-10 05:40:01] 
[2026-04-10 05:40:01] 
[2026-04-10 05:42:01] ========== Dashboard 自动管理检查 ==========
[2026-04-10 05:42:01] ========== Dashboard 自动管理检查 ==========
[2026-04-10 05:42:01] ========== 检查完成 ==========
[2026-04-10 05:42:01] ========== 检查完成 ==========
[2026-04-10 05:42:01] 
[2026-04-10 05:42:01] 
[2026-04-10 05:44:01] ========== Dashboard 自动管理检查 ==========
[2026-04-10 05:44:01] ========== Dashboard 自动管理检查 ==========
[2026-04-10 05:44:01] ========== 检查完成 ==========
[2026-04-10 05:44:01] ========== 检查完成 ==========
[2026-04-10 05:44:01] 
[2026-04-10 05:44:01] 
[2026-04-10 05:46:01] ========== Dashboard 自动管理检查 ==========
[2026-04-10 05:46:01] ========== Dashboard 自动管理检查 ==========
[2026-04-10 05:46:01] ========== 检查完成 ==========
[2026-04-10 05:46:01] ========== 检查完成 ==========
[2026-04-10 05:46:01] 
[2026-04-10 05:46:01] 
[2026-04-10 05:48:01] ========== Dashboard 自动管理检查 ==========
[2026-04-10 05:48:01] ========== Dashboard 自动管理检查 ==========
[2026-04-10 05:48:01] ========== 检查完成 ==========
[2026-04-10 05:48:01] ========== 检查完成 ==========
[2026-04-10 05:48:01] 
[2026-04-10 05:48:01] 
[2026-04-10 05:50:02] ========== Dashboard 自动管理检查 ==========
[2026-04-10 05:50:02] ========== Dashboard 自动管理检查 ==========
[2026-04-10 05:50:02] ========== 检查完成 ==========
[2026-04-10 05:50:02] ========== 检查完成 ==========
[2026-04-10 05:50:02] 
[2026-04-10 05:50:02] 
[2026-04-10 05:52:01] ========== Dashboard 自动管理检查 ==========
[2026-04-10 05:52:01] ========== Dashboard 自动管理检查 ==========
[2026-04-10 05:52:01] ========== 检查完成 ==========
[2026-04-10 05:52:01] ========== 检查完成 ==========
[2026-04-10 05:52:01] 
[2026-04-10 05:52:01] 
[2026-04-10 05:54:01] ========== Dashboard 自动管理检查 ==========
[2026-04-10 05:54:01] ========== Dashboard 自动管理检查 ==========
[2026-04-10 05:54:01] ========== 检查完成 ==========
[2026-04-10 05:54:01] ========== 检查完成 ==========
[2026-04-10 05:54:01] 
[2026-04-10 05:54:01] 
[2026-04-10 05:56:01] ========== Dashboard 自动管理检查 ==========
[2026-04-10 05:56:01] ========== Dashboard 自动管理检查 ==========
[2026-04-10 05:56:01] ========== 检查完成 ==========
[2026-04-10 05:56:01] ========== 检查完成 ==========
[2026-04-10 05:56:01] 
[2026-04-10 05:56:01] 
[2026-04-10 05:58:01] ========== Dashboard 自动管理检查 ==========
[2026-04-10 05:58:01] ========== Dashboard 自动管理检查 ==========
[2026-04-10 05:58:01] ========== 检查完成 ==========
[2026-04-10 05:58:01] ========== 检查完成 ==========
[2026-04-10 05:58:01] 
[2026-04-10 05:58:01] 
[2026-04-10 06:00:01] ========== Dashboard 自动管理检查 ==========
[2026-04-10 06:00:01] ========== Dashboard 自动管理检查 ==========
[2026-04-10 06:00:01] ========== 检查完成 ==========
[2026-04-10 06:00:01] ========== 检查完成 ==========
[2026-04-10 06:00:01] 
[2026-04-10 06:00:01] 
[2026-04-10 06:02:01] ========== Dashboard 自动管理检查 ==========
[2026-04-10 06:02:01] ========== Dashboard 自动管理检查 ==========
[2026-04-10 06:02:01] ========== 检查完成 ==========
[2026-04-10 06:02:01] ========== 检查完成 ==========
[2026-04-10 06:02:01] 
[2026-04-10 06:02:01] 
[2026-04-10 06:04:01] ========== Dashboard 自动管理检查 ==========
[2026-04-10 06:04:01] ========== Dashboard 自动管理检查 ==========
[2026-04-10 06:04:01] ========== 检查完成 ==========
[2026-04-10 06:04:01] ========== 检查完成 ==========
[2026-04-10 06:04:01] 
[2026-04-10 06:04:01] 
[2026-04-10 06:06:01] ========== Dashboard 自动管理检查 ==========
[2026-04-10 06:06:01] ========== Dashboard 自动管理检查 ==========
[2026-04-10 06:06:01] ========== 检查完成 ==========
[2026-04-10 06:06:01] ========== 检查完成 ==========
[2026-04-10 06:06:01] 
[2026-04-10 06:06:01] 
[2026-04-10 06:08:01] ========== Dashboard 自动管理检查 ==========
[2026-04-10 06:08:01] ========== Dashboard 自动管理检查 ==========
[2026-04-10 06:08:01] ========== 检查完成 ==========
[2026-04-10 06:08:01] ========== 检查完成 ==========
[2026-04-10 06:08:01] 
[2026-04-10 06:08:01] 
[2026-04-10 06:10:01] ========== Dashboard 自动管理检查 ==========
[2026-04-10 06:10:01] ========== Dashboard 自动管理检查 ==========
[2026-04-10 06:10:01] ========== 检查完成 ==========
[2026-04-10 06:10:01] ========== 检查完成 ==========
[2026-04-10 06:10:01] 
[2026-04-10 06:10:01] 
[2026-04-10 06:12:01] ========== Dashboard 自动管理检查 ==========
[2026-04-10 06:12:01] ========== Dashboard 自动管理检查 ==========
[2026-04-10 06:12:01] ========== 检查完成 ==========
[2026-04-10 06:12:01] ========== 检查完成 ==========
[2026-04-10 06:12:01] 
[2026-04-10 06:12:01] 
[2026-04-10 06:14:01] ========== Dashboard 自动管理检查 ==========
[2026-04-10 06:14:01] ========== Dashboard 自动管理检查 ==========
[2026-04-10 06:14:01] ========== 检查完成 ==========
[2026-04-10 06:14:01] ========== 检查完成 ==========
[2026-04-10 06:14:01] 
[2026-04-10 06:14:01] 
[2026-04-10 06:16:01] ========== Dashboard 自动管理检查 ==========
[2026-04-10 06:16:01] ========== Dashboard 自动管理检查 ==========
[2026-04-10 06:16:01] ========== 检查完成 ==========
[2026-04-10 06:16:01] ========== 检查完成 ==========
[2026-04-10 06:16:01] 
[2026-04-10 06:16:01] 
[2026-04-10 06:18:01] ========== Dashboard 自动管理检查 ==========
[2026-04-10 06:18:01] ========== Dashboard 自动管理检查 ==========
[2026-04-10 06:18:01] ========== 检查完成 ==========
[2026-04-10 06:18:01] ========== 检查完成 ==========
[2026-04-10 06:18:01] 
[2026-04-10 06:18:01] 
[2026-04-10 06:20:01] ========== Dashboard 自动管理检查 ==========
[2026-04-10 06:20:01] ========== Dashboard 自动管理检查 ==========
[2026-04-10 06:20:01] ========== 检查完成 ==========
[2026-04-10 06:20:01] ========== 检查完成 ==========
[2026-04-10 06:20:01] 
[2026-04-10 06:20:01] 
[2026-04-10 06:22:01] ========== Dashboard 自动管理检查 ==========
[2026-04-10 06:22:01] ========== Dashboard 自动管理检查 ==========
[2026-04-10 06:22:01] ========== 检查完成 ==========
[2026-04-10 06:22:01] ========== 检查完成 ==========
[2026-04-10 06:22:01] 
[2026-04-10 06:22:01] 
[2026-04-10 06:24:01] ========== Dashboard 自动管理检查 ==========
[2026-04-10 06:24:01] ========== Dashboard 自动管理检查 ==========
[2026-04-10 06:24:01] ========== 检查完成 ==========
[2026-04-10 06:24:01] ========== 检查完成 ==========
[2026-04-10 06:24:01] 
[2026-04-10 06:24:01] 
[2026-04-10 06:26:01] ========== Dashboard 自动管理检查 ==========
[2026-04-10 06:26:01] ========== Dashboard 自动管理检查 ==========
[2026-04-10 06:26:01] ========== 检查完成 ==========
[2026-04-10 06:26:01] ========== 检查完成 ==========
[2026-04-10 06:26:01] 
[2026-04-10 06:26:01] 
[2026-04-10 06:28:01] ========== Dashboard 自动管理检查 ==========
[2026-04-10 06:28:01] ========== Dashboard 自动管理检查 ==========
[2026-04-10 06:28:01] ========== 检查完成 ==========
[2026-04-10 06:28:01] ========== 检查完成 ==========
[2026-04-10 06:28:01] 
[2026-04-10 06:28:01] 
[2026-04-10 06:30:01] ========== Dashboard 自动管理检查 ==========
[2026-04-10 06:30:01] ========== Dashboard 自动管理检查 ==========
[2026-04-10 06:30:01] ========== 检查完成 ==========
[2026-04-10 06:30:01] ========== 检查完成 ==========
[2026-04-10 06:30:01] 
[2026-04-10 06:30:01] 
[2026-04-10 06:32:01] ========== Dashboard 自动管理检查 ==========
[2026-04-10 06:32:01] ========== Dashboard 自动管理检查 ==========
[2026-04-10 06:32:01] ========== 检查完成 ==========
[2026-04-10 06:32:01] ========== 检查完成 ==========
[2026-04-10 06:32:01] 
[2026-04-10 06:32:01] 
[2026-04-10 06:34:01] ========== Dashboard 自动管理检查 ==========
[2026-04-10 06:34:01] ========== Dashboard 自动管理检查 ==========
[2026-04-10 06:34:01] ========== 检查完成 ==========
[2026-04-10 06:34:01] ========== 检查完成 ==========
[2026-04-10 06:34:01] 
[2026-04-10 06:34:01] 
[2026-04-10 06:36:01] ========== Dashboard 自动管理检查 ==========
[2026-04-10 06:36:01] ========== Dashboard 自动管理检查 ==========
[2026-04-10 06:36:01] ========== 检查完成 ==========
[2026-04-10 06:36:01] ========== 检查完成 ==========
[2026-04-10 06:36:01] 
[2026-04-10 06:36:01] 
[2026-04-10 06:38:01] ========== Dashboard 自动管理检查 ==========
[2026-04-10 06:38:01] ========== Dashboard 自动管理检查 ==========
[2026-04-10 06:38:01] ========== 检查完成 ==========
[2026-04-10 06:38:01] ========== 检查完成 ==========
[2026-04-10 06:38:01] 
[2026-04-10 06:38:01] 
[2026-04-10 06:40:01] ========== Dashboard 自动管理检查 ==========
[2026-04-10 06:40:01] ========== Dashboard 自动管理检查 ==========
[2026-04-10 06:40:01] ========== 检查完成 ==========
[2026-04-10 06:40:01] ========== 检查完成 ==========
[2026-04-10 06:40:01] 
[2026-04-10 06:40:01] 
[2026-04-10 06:42:01] ========== Dashboard 自动管理检查 ==========
[2026-04-10 06:42:01] ========== Dashboard 自动管理检查 ==========
[2026-04-10 06:42:01] ========== 检查完成 ==========
[2026-04-10 06:42:01] ========== 检查完成 ==========
[2026-04-10 06:42:01] 
[2026-04-10 06:42:01] 
[2026-04-10 06:44:01] ========== Dashboard 自动管理检查 ==========
[2026-04-10 06:44:01] ========== Dashboard 自动管理检查 ==========
[2026-04-10 06:44:01] ========== 检查完成 ==========
[2026-04-10 06:44:01] ========== 检查完成 ==========
[2026-04-10 06:44:01] 
[2026-04-10 06:44:01] 
[2026-04-10 06:46:01] ========== Dashboard 自动管理检查 ==========
[2026-04-10 06:46:01] ========== Dashboard 自动管理检查 ==========
[2026-04-10 06:46:01] ========== 检查完成 ==========
[2026-04-10 06:46:01] ========== 检查完成 ==========
[2026-04-10 06:46:01] 
[2026-04-10 06:46:01] 
[2026-04-10 06:48:01] ========== Dashboard 自动管理检查 ==========
[2026-04-10 06:48:01] ========== Dashboard 自动管理检查 ==========
[2026-04-10 06:48:01] ========== 检查完成 ==========
[2026-04-10 06:48:01] ========== 检查完成 ==========
[2026-04-10 06:48:01] 
[2026-04-10 06:48:01] 
[2026-04-10 06:50:01] ========== Dashboard 自动管理检查 ==========
[2026-04-10 06:50:01] ========== Dashboard 自动管理检查 ==========
[2026-04-10 06:50:01] ========== 检查完成 ==========
[2026-04-10 06:50:01] ========== 检查完成 ==========
[2026-04-10 06:50:01] 
[2026-04-10 06:50:01] 
[2026-04-10 06:52:01] ========== Dashboard 自动管理检查 ==========
[2026-04-10 06:52:01] ========== Dashboard 自动管理检查 ==========
[2026-04-10 06:52:01] ========== 检查完成 ==========
[2026-04-10 06:52:01] ========== 检查完成 ==========
[2026-04-10 06:52:01] 
[2026-04-10 06:52:01] 
[2026-04-10 06:54:01] ========== Dashboard 自动管理检查 ==========
[2026-04-10 06:54:01] ========== Dashboard 自动管理检查 ==========
[2026-04-10 06:54:01] ========== 检查完成 ==========
[2026-04-10 06:54:01] ========== 检查完成 ==========
[2026-04-10 06:54:01] 
[2026-04-10 06:54:01] 
[2026-04-10 06:56:01] ========== Dashboard 自动管理检查 ==========
[2026-04-10 06:56:01] ========== Dashboard 自动管理检查 ==========
[2026-04-10 06:56:01] ========== 检查完成 ==========
[2026-04-10 06:56:01] ========== 检查完成 ==========
[2026-04-10 06:56:01] 
[2026-04-10 06:56:01] 
[2026-04-10 06:58:01] ========== Dashboard 自动管理检查 ==========
[2026-04-10 06:58:01] ========== Dashboard 自动管理检查 ==========
[2026-04-10 06:58:01] ========== 检查完成 ==========
[2026-04-10 06:58:01] ========== 检查完成 ==========
[2026-04-10 06:58:01] 
[2026-04-10 06:58:01] 
[2026-04-10 07:00:01] ========== Dashboard 自动管理检查 ==========
[2026-04-10 07:00:01] ========== Dashboard 自动管理检查 ==========
[2026-04-10 07:00:01] ========== 检查完成 ==========
[2026-04-10 07:00:01] ========== 检查完成 ==========
[2026-04-10 07:00:01] 
[2026-04-10 07:00:01] 
[2026-04-10 07:02:01] ========== Dashboard 自动管理检查 ==========
[2026-04-10 07:02:01] ========== Dashboard 自动管理检查 ==========
[2026-04-10 07:02:01] ========== 检查完成 ==========
[2026-04-10 07:02:01] ========== 检查完成 ==========
[2026-04-10 07:02:01] 
[2026-04-10 07:02:01] 
[2026-04-10 07:04:01] ========== Dashboard 自动管理检查 ==========
[2026-04-10 07:04:01] ========== Dashboard 自动管理检查 ==========
[2026-04-10 07:04:01] ========== 检查完成 ==========
[2026-04-10 07:04:01] ========== 检查完成 ==========
[2026-04-10 07:04:01] 
[2026-04-10 07:04:01] 
[2026-04-10 07:06:01] ========== Dashboard 自动管理检查 ==========
[2026-04-10 07:06:01] ========== Dashboard 自动管理检查 ==========
[2026-04-10 07:06:01] ========== 检查完成 ==========
[2026-04-10 07:06:01] ========== 检查完成 ==========
[2026-04-10 07:06:01] 
[2026-04-10 07:06:01] 
[2026-04-10 07:08:01] ========== Dashboard 自动管理检查 ==========
[2026-04-10 07:08:01] ========== Dashboard 自动管理检查 ==========
[2026-04-10 07:08:01] ========== 检查完成 ==========
[2026-04-10 07:08:01] ========== 检查完成 ==========
[2026-04-10 07:08:01] 
[2026-04-10 07:08:01] 
[2026-04-10 07:10:01] ========== Dashboard 自动管理检查 ==========
[2026-04-10 07:10:01] ========== Dashboard 自动管理检查 ==========
[2026-04-10 07:10:01] ========== 检查完成 ==========
[2026-04-10 07:10:01] ========== 检查完成 ==========
[2026-04-10 07:10:01] 
[2026-04-10 07:10:01] 
[2026-04-10 07:12:01] ========== Dashboard 自动管理检查 ==========
[2026-04-10 07:12:01] ========== Dashboard 自动管理检查 ==========
[2026-04-10 07:12:01] ========== 检查完成 ==========
[2026-04-10 07:12:01] ========== 检查完成 ==========
[2026-04-10 07:12:01] 
[2026-04-10 07:12:01] 
[2026-04-10 07:14:01] ========== Dashboard 自动管理检查 ==========
[2026-04-10 07:14:01] ========== Dashboard 自动管理检查 ==========
[2026-04-10 07:14:01] ========== 检查完成 ==========
[2026-04-10 07:14:01] ========== 检查完成 ==========
[2026-04-10 07:14:01] 
[2026-04-10 07:14:01] 
[2026-04-10 07:16:01] ========== Dashboard 自动管理检查 ==========
[2026-04-10 07:16:01] ========== Dashboard 自动管理检查 ==========
[2026-04-10 07:16:01] ========== 检查完成 ==========
[2026-04-10 07:16:01] ========== 检查完成 ==========
[2026-04-10 07:16:01] 
[2026-04-10 07:16:01] 
[2026-04-10 07:18:01] ========== Dashboard 自动管理检查 ==========
[2026-04-10 07:18:01] ========== Dashboard 自动管理检查 ==========
[2026-04-10 07:18:01] ========== 检查完成 ==========
[2026-04-10 07:18:01] ========== 检查完成 ==========
[2026-04-10 07:18:01] 
[2026-04-10 07:18:01] 
[2026-04-10 07:20:01] ========== Dashboard 自动管理检查 ==========
[2026-04-10 07:20:01] ========== Dashboard 自动管理检查 ==========
[2026-04-10 07:20:01] ========== 检查完成 ==========
[2026-04-10 07:20:01] ========== 检查完成 ==========
[2026-04-10 07:20:01] 
[2026-04-10 07:20:01] 
[2026-04-10 07:22:01] ========== Dashboard 自动管理检查 ==========
[2026-04-10 07:22:01] ========== Dashboard 自动管理检查 ==========
[2026-04-10 07:22:01] ========== 检查完成 ==========
[2026-04-10 07:22:01] ========== 检查完成 ==========
[2026-04-10 07:22:01] 
[2026-04-10 07:22:01] 
[2026-04-10 07:24:01] ========== Dashboard 自动管理检查 ==========
[2026-04-10 07:24:01] ========== Dashboard 自动管理检查 ==========
[2026-04-10 07:24:01] ========== 检查完成 ==========
[2026-04-10 07:24:01] ========== 检查完成 ==========
[2026-04-10 07:24:01] 
[2026-04-10 07:24:01] 
[2026-04-10 07:26:01] ========== Dashboard 自动管理检查 ==========
[2026-04-10 07:26:01] ========== Dashboard 自动管理检查 ==========
[2026-04-10 07:26:01] ========== 检查完成 ==========
[2026-04-10 07:26:01] ========== 检查完成 ==========
[2026-04-10 07:26:01] 
[2026-04-10 07:26:01] 
[2026-04-10 07:28:01] ========== Dashboard 自动管理检查 ==========
[2026-04-10 07:28:01] ========== Dashboard 自动管理检查 ==========
[2026-04-10 07:28:01] ========== 检查完成 ==========
[2026-04-10 07:28:01] ========== 检查完成 ==========
[2026-04-10 07:28:01] 
[2026-04-10 07:28:01] 
[2026-04-10 07:30:01] ========== Dashboard 自动管理检查 ==========
[2026-04-10 07:30:01] ========== Dashboard 自动管理检查 ==========
[2026-04-10 07:30:01] ========== 检查完成 ==========
[2026-04-10 07:30:01] ========== 检查完成 ==========
[2026-04-10 07:30:01] 
[2026-04-10 07:30:01] 
[2026-04-10 07:32:01] ========== Dashboard 自动管理检查 ==========
[2026-04-10 07:32:01] ========== Dashboard 自动管理检查 ==========
[2026-04-10 07:32:01] ========== 检查完成 ==========
[2026-04-10 07:32:01] ========== 检查完成 ==========
[2026-04-10 07:32:01] 
[2026-04-10 07:32:01] 
[2026-04-10 07:34:01] ========== Dashboard 自动管理检查 ==========
[2026-04-10 07:34:01] ========== Dashboard 自动管理检查 ==========
[2026-04-10 07:34:01] ========== 检查完成 ==========
[2026-04-10 07:34:01] ========== 检查完成 ==========
[2026-04-10 07:34:01] 
[2026-04-10 07:34:01] 
[2026-04-10 07:36:01] ========== Dashboard 自动管理检查 ==========
[2026-04-10 07:36:01] ========== Dashboard 自动管理检查 ==========
[2026-04-10 07:36:01] ========== 检查完成 ==========
[2026-04-10 07:36:01] ========== 检查完成 ==========
[2026-04-10 07:36:01] 
[2026-04-10 07:36:01] 
[2026-04-10 07:38:01] ========== Dashboard 自动管理检查 ==========
[2026-04-10 07:38:01] ========== Dashboard 自动管理检查 ==========
[2026-04-10 07:38:01] ========== 检查完成 ==========
[2026-04-10 07:38:01] ========== 检查完成 ==========
[2026-04-10 07:38:01] 
[2026-04-10 07:38:01] 
[2026-04-10 07:40:01] ========== Dashboard 自动管理检查 ==========
[2026-04-10 07:40:01] ========== Dashboard 自动管理检查 ==========
[2026-04-10 07:40:01] ========== 检查完成 ==========
[2026-04-10 07:40:01] ========== 检查完成 ==========
[2026-04-10 07:40:01] 
[2026-04-10 07:40:01] 
[2026-04-10 07:42:01] ========== Dashboard 自动管理检查 ==========
[2026-04-10 07:42:01] ========== Dashboard 自动管理检查 ==========
[2026-04-10 07:42:01] ========== 检查完成 ==========
[2026-04-10 07:42:01] ========== 检查完成 ==========
[2026-04-10 07:42:01] 
[2026-04-10 07:42:01] 
[2026-04-10 07:44:01] ========== Dashboard 自动管理检查 ==========
[2026-04-10 07:44:01] ========== Dashboard 自动管理检查 ==========
[2026-04-10 07:44:01] ========== 检查完成 ==========
[2026-04-10 07:44:01] ========== 检查完成 ==========
[2026-04-10 07:44:01] 
[2026-04-10 07:44:01] 
[2026-04-10 07:46:01] ========== Dashboard 自动管理检查 ==========
[2026-04-10 07:46:01] ========== Dashboard 自动管理检查 ==========
[2026-04-10 07:46:01] ========== 检查完成 ==========
[2026-04-10 07:46:01] ========== 检查完成 ==========
[2026-04-10 07:46:01] 
[2026-04-10 07:46:01] 
[2026-04-10 07:48:01] ========== Dashboard 自动管理检查 ==========
[2026-04-10 07:48:01] ========== Dashboard 自动管理检查 ==========
[2026-04-10 07:48:01] ========== 检查完成 ==========
[2026-04-10 07:48:01] ========== 检查完成 ==========
[2026-04-10 07:48:01] 
[2026-04-10 07:48:01] 
[2026-04-10 07:50:01] ========== Dashboard 自动管理检查 ==========
[2026-04-10 07:50:01] ========== Dashboard 自动管理检查 ==========
[2026-04-10 07:50:01] ========== 检查完成 ==========
[2026-04-10 07:50:01] ========== 检查完成 ==========
[2026-04-10 07:50:01] 
[2026-04-10 07:50:01] 
[2026-04-10 07:52:01] ========== Dashboard 自动管理检查 ==========
[2026-04-10 07:52:01] ========== Dashboard 自动管理检查 ==========
[2026-04-10 07:52:01] ========== 检查完成 ==========
[2026-04-10 07:52:01] ========== 检查完成 ==========
[2026-04-10 07:52:01] 
[2026-04-10 07:52:01] 
[2026-04-10 07:54:01] ========== Dashboard 自动管理检查 ==========
[2026-04-10 07:54:01] ========== Dashboard 自动管理检查 ==========
[2026-04-10 07:54:01] ========== 检查完成 ==========
[2026-04-10 07:54:01] ========== 检查完成 ==========
[2026-04-10 07:54:01] 
[2026-04-10 07:54:01] 
[2026-04-10 07:56:01] ========== Dashboard 自动管理检查 ==========
[2026-04-10 07:56:01] ========== Dashboard 自动管理检查 ==========
[2026-04-10 07:56:01] ========== 检查完成 ==========
[2026-04-10 07:56:01] ========== 检查完成 ==========
[2026-04-10 07:56:01] 
[2026-04-10 07:56:01] 
[2026-04-10 07:58:01] ========== Dashboard 自动管理检查 ==========
[2026-04-10 07:58:01] ========== Dashboard 自动管理检查 ==========
[2026-04-10 07:58:01] ========== 检查完成 ==========
[2026-04-10 07:58:01] ========== 检查完成 ==========
[2026-04-10 07:58:01] 
[2026-04-10 07:58:01] 
[2026-04-10 08:00:01] ========== Dashboard 自动管理检查 ==========
[2026-04-10 08:00:01] ========== Dashboard 自动管理检查 ==========
[2026-04-10 08:00:01] ========== 检查完成 ==========
[2026-04-10 08:00:01] ========== 检查完成 ==========
[2026-04-10 08:00:01] 
[2026-04-10 08:00:01] 
[2026-04-10 08:02:01] ========== Dashboard 自动管理检查 ==========
[2026-04-10 08:02:01] ========== Dashboard 自动管理检查 ==========
[2026-04-10 08:02:01] ========== 检查完成 ==========
[2026-04-10 08:02:01] ========== 检查完成 ==========
[2026-04-10 08:02:01] 
[2026-04-10 08:02:01] 
[2026-04-10 08:04:01] ========== Dashboard 自动管理检查 ==========
[2026-04-10 08:04:01] ========== Dashboard 自动管理检查 ==========
[2026-04-10 08:04:01] ========== 检查完成 ==========
[2026-04-10 08:04:01] ========== 检查完成 ==========
[2026-04-10 08:04:01] 
[2026-04-10 08:04:01] 
[2026-04-10 08:06:01] ========== Dashboard 自动管理检查 ==========
[2026-04-10 08:06:01] ========== Dashboard 自动管理检查 ==========
[2026-04-10 08:06:01] ========== 检查完成 ==========
[2026-04-10 08:06:01] ========== 检查完成 ==========
[2026-04-10 08:06:01] 
[2026-04-10 08:06:01] 
[2026-04-10 08:08:01] ========== Dashboard 自动管理检查 ==========
[2026-04-10 08:08:01] ========== Dashboard 自动管理检查 ==========
[2026-04-10 08:08:01] ========== 检查完成 ==========
[2026-04-10 08:08:01] ========== 检查完成 ==========
[2026-04-10 08:08:01] 
[2026-04-10 08:08:01] 
[2026-04-10 08:10:01] ========== Dashboard 自动管理检查 ==========
[2026-04-10 08:10:01] ========== Dashboard 自动管理检查 ==========
[2026-04-10 08:10:01] ========== 检查完成 ==========
[2026-04-10 08:10:01] ========== 检查完成 ==========
[2026-04-10 08:10:01] 
[2026-04-10 08:10:01] 
[2026-04-10 08:12:01] ========== Dashboard 自动管理检查 ==========
[2026-04-10 08:12:01] ========== Dashboard 自动管理检查 ==========
[2026-04-10 08:12:01] ========== 检查完成 ==========
[2026-04-10 08:12:01] ========== 检查完成 ==========
[2026-04-10 08:12:01] 
[2026-04-10 08:12:01] 
[2026-04-10 08:14:01] ========== Dashboard 自动管理检查 ==========
[2026-04-10 08:14:01] ========== Dashboard 自动管理检查 ==========
[2026-04-10 08:14:01] ========== 检查完成 ==========
[2026-04-10 08:14:01] ========== 检查完成 ==========
[2026-04-10 08:14:01] 
[2026-04-10 08:14:01] 
[2026-04-10 08:16:01] ========== Dashboard 自动管理检查 ==========
[2026-04-10 08:16:01] ========== Dashboard 自动管理检查 ==========
[2026-04-10 08:16:01] ========== 检查完成 ==========
[2026-04-10 08:16:01] ========== 检查完成 ==========
[2026-04-10 08:16:01] 
[2026-04-10 08:16:01] 
[2026-04-10 08:18:01] ========== Dashboard 自动管理检查 ==========
[2026-04-10 08:18:01] ========== Dashboard 自动管理检查 ==========
[2026-04-10 08:18:01] ========== 检查完成 ==========
[2026-04-10 08:18:01] ========== 检查完成 ==========
[2026-04-10 08:18:01] 
[2026-04-10 08:18:01] 
[2026-04-10 08:20:01] ========== Dashboard 自动管理检查 ==========
[2026-04-10 08:20:01] ========== Dashboard 自动管理检查 ==========
[2026-04-10 08:20:01] ========== 检查完成 ==========
[2026-04-10 08:20:01] ========== 检查完成 ==========
[2026-04-10 08:20:01] 
[2026-04-10 08:20:01] 
[2026-04-10 08:22:01] ========== Dashboard 自动管理检查 ==========
[2026-04-10 08:22:01] ========== Dashboard 自动管理检查 ==========
[2026-04-10 08:22:01] ========== 检查完成 ==========
[2026-04-10 08:22:01] ========== 检查完成 ==========
[2026-04-10 08:22:01] 
[2026-04-10 08:22:01] 
[2026-04-10 08:24:01] ========== Dashboard 自动管理检查 ==========
[2026-04-10 08:24:01] ========== Dashboard 自动管理检查 ==========
[2026-04-10 08:24:01] ========== 检查完成 ==========
[2026-04-10 08:24:01] ========== 检查完成 ==========
[2026-04-10 08:24:01] 
[2026-04-10 08:24:01] 
[2026-04-10 08:26:01] ========== Dashboard 自动管理检查 ==========
[2026-04-10 08:26:01] ========== Dashboard 自动管理检查 ==========
[2026-04-10 08:26:01] ========== 检查完成 ==========
[2026-04-10 08:26:01] ========== 检查完成 ==========
[2026-04-10 08:26:01] 
[2026-04-10 08:26:01] 
[2026-04-10 08:28:01] ========== Dashboard 自动管理检查 ==========
[2026-04-10 08:28:01] ========== Dashboard 自动管理检查 ==========
[2026-04-10 08:28:01] ========== 检查完成 ==========
[2026-04-10 08:28:01] ========== 检查完成 ==========
[2026-04-10 08:28:01] 
[2026-04-10 08:28:01] 
[2026-04-10 08:30:01] ========== Dashboard 自动管理检查 ==========
[2026-04-10 08:30:01] ========== Dashboard 自动管理检查 ==========
[2026-04-10 08:30:01] ========== 检查完成 ==========
[2026-04-10 08:30:01] ========== 检查完成 ==========
[2026-04-10 08:30:01] 
[2026-04-10 08:30:01] 
[2026-04-10 08:32:01] ========== Dashboard 自动管理检查 ==========
[2026-04-10 08:32:01] ========== Dashboard 自动管理检查 ==========
[2026-04-10 08:32:01] ========== 检查完成 ==========
[2026-04-10 08:32:01] ========== 检查完成 ==========
[2026-04-10 08:32:01] 
[2026-04-10 08:32:01] 
[2026-04-10 08:34:01] ========== Dashboard 自动管理检查 ==========
[2026-04-10 08:34:01] ========== Dashboard 自动管理检查 ==========
[2026-04-10 08:34:01] ========== 检查完成 ==========
[2026-04-10 08:34:01] ========== 检查完成 ==========
[2026-04-10 08:34:01] 
[2026-04-10 08:34:01] 
[2026-04-10 08:36:01] ========== Dashboard 自动管理检查 ==========
[2026-04-10 08:36:01] ========== Dashboard 自动管理检查 ==========
[2026-04-10 08:36:01] ========== 检查完成 ==========
[2026-04-10 08:36:01] ========== 检查完成 ==========
[2026-04-10 08:36:01] 
[2026-04-10 08:36:01] 
[2026-04-10 08:38:01] ========== Dashboard 自动管理检查 ==========
[2026-04-10 08:38:01] ========== Dashboard 自动管理检查 ==========
[2026-04-10 08:38:01] ========== 检查完成 ==========
[2026-04-10 08:38:01] ========== 检查完成 ==========
[2026-04-10 08:38:01] 
[2026-04-10 08:38:01] 
[2026-04-10 08:40:02] ========== Dashboard 自动管理检查 ==========
[2026-04-10 08:40:02] ========== Dashboard 自动管理检查 ==========
[2026-04-10 08:40:02] ========== 检查完成 ==========
[2026-04-10 08:40:02] ========== 检查完成 ==========
[2026-04-10 08:40:02] 
[2026-04-10 08:40:02] 
[2026-04-10 08:42:01] ========== Dashboard 自动管理检查 ==========
[2026-04-10 08:42:01] ========== Dashboard 自动管理检查 ==========
[2026-04-10 08:42:01] ========== 检查完成 ==========
[2026-04-10 08:42:01] ========== 检查完成 ==========
[2026-04-10 08:42:01] 
[2026-04-10 08:42:01] 
[2026-04-10 08:44:01] ========== Dashboard 自动管理检查 ==========
[2026-04-10 08:44:01] ========== Dashboard 自动管理检查 ==========
[2026-04-10 08:44:01] ========== 检查完成 ==========
[2026-04-10 08:44:01] ========== 检查完成 ==========
[2026-04-10 08:44:01] 
[2026-04-10 08:44:01] 
[2026-04-10 08:46:01] ========== Dashboard 自动管理检查 ==========
[2026-04-10 08:46:01] ========== Dashboard 自动管理检查 ==========
[2026-04-10 08:46:01] ========== 检查完成 ==========
[2026-04-10 08:46:01] ========== 检查完成 ==========
[2026-04-10 08:46:01] 
[2026-04-10 08:46:01] 
[2026-04-10 08:48:01] ========== Dashboard 自动管理检查 ==========
[2026-04-10 08:48:01] ========== Dashboard 自动管理检查 ==========
[2026-04-10 08:48:01] ========== 检查完成 ==========
[2026-04-10 08:48:01] ========== 检查完成 ==========
[2026-04-10 08:48:01] 
[2026-04-10 08:48:01] 
[2026-04-10 08:50:01] ========== Dashboard 自动管理检查 ==========
[2026-04-10 08:50:01] ========== Dashboard 自动管理检查 ==========
[2026-04-10 08:50:01] ========== 检查完成 ==========
[2026-04-10 08:50:01] ========== 检查完成 ==========
[2026-04-10 08:50:01] 
[2026-04-10 08:50:01] 
[2026-04-10 08:52:01] ========== Dashboard 自动管理检查 ==========
[2026-04-10 08:52:01] ========== Dashboard 自动管理检查 ==========
[2026-04-10 08:52:01] ========== 检查完成 ==========
[2026-04-10 08:52:01] ========== 检查完成 ==========
[2026-04-10 08:52:01] 
[2026-04-10 08:52:01] 
[2026-04-10 08:54:01] ========== Dashboard 自动管理检查 ==========
[2026-04-10 08:54:01] ========== Dashboard 自动管理检查 ==========
[2026-04-10 08:54:01] ========== 检查完成 ==========
[2026-04-10 08:54:01] ========== 检查完成 ==========
[2026-04-10 08:54:01] 
[2026-04-10 08:54:01] 
[2026-04-10 08:56:01] ========== Dashboard 自动管理检查 ==========
[2026-04-10 08:56:01] ========== Dashboard 自动管理检查 ==========
[2026-04-10 08:56:01] ========== 检查完成 ==========
[2026-04-10 08:56:01] ========== 检查完成 ==========
[2026-04-10 08:56:01] 
[2026-04-10 08:56:01] 
[2026-04-10 08:58:01] ========== Dashboard 自动管理检查 ==========
[2026-04-10 08:58:01] ========== Dashboard 自动管理检查 ==========
[2026-04-10 08:58:01] ========== 检查完成 ==========
[2026-04-10 08:58:01] ========== 检查完成 ==========
[2026-04-10 08:58:01] 
[2026-04-10 08:58:01] 
[2026-04-10 09:00:01] ========== Dashboard 自动管理检查 ==========
[2026-04-10 09:00:01] ========== Dashboard 自动管理检查 ==========
[2026-04-10 09:00:01] ========== 检查完成 ==========
[2026-04-10 09:00:01] ========== 检查完成 ==========
[2026-04-10 09:00:01] 
[2026-04-10 09:00:01] 
[2026-04-10 09:02:01] ========== Dashboard 自动管理检查 ==========
[2026-04-10 09:02:01] ========== Dashboard 自动管理检查 ==========
[2026-04-10 09:02:01] ========== 检查完成 ==========
[2026-04-10 09:02:01] ========== 检查完成 ==========
[2026-04-10 09:02:01] 
[2026-04-10 09:02:01] 
[2026-04-10 09:04:01] ========== Dashboard 自动管理检查 ==========
[2026-04-10 09:04:01] ========== Dashboard 自动管理检查 ==========
[2026-04-10 09:04:01] ========== 检查完成 ==========
[2026-04-10 09:04:01] ========== 检查完成 ==========
[2026-04-10 09:04:01] 
[2026-04-10 09:04:01] 
[2026-04-10 09:06:01] ========== Dashboard 自动管理检查 ==========
[2026-04-10 09:06:01] ========== Dashboard 自动管理检查 ==========
[2026-04-10 09:06:01] ========== 检查完成 ==========
[2026-04-10 09:06:01] ========== 检查完成 ==========
[2026-04-10 09:06:01] 
[2026-04-10 09:06:01] 
[2026-04-10 09:08:01] ========== Dashboard 自动管理检查 ==========
[2026-04-10 09:08:01] ========== Dashboard 自动管理检查 ==========
[2026-04-10 09:08:01] ========== 检查完成 ==========
[2026-04-10 09:08:01] ========== 检查完成 ==========
[2026-04-10 09:08:01] 
[2026-04-10 09:08:01] 
[2026-04-10 09:10:01] ========== Dashboard 自动管理检查 ==========
[2026-04-10 09:10:01] ========== Dashboard 自动管理检查 ==========
[2026-04-10 09:10:01] ========== 检查完成 ==========
[2026-04-10 09:10:01] ========== 检查完成 ==========
[2026-04-10 09:10:01] 
[2026-04-10 09:10:01] 
[2026-04-10 09:12:01] ========== Dashboard 自动管理检查 ==========
[2026-04-10 09:12:01] ========== Dashboard 自动管理检查 ==========
[2026-04-10 09:12:01] ========== 检查完成 ==========
[2026-04-10 09:12:01] ========== 检查完成 ==========
[2026-04-10 09:12:01] 
[2026-04-10 09:12:01] 
