2026-03-27 22:42:32,558 - GMGNAutoTrading - INFO - 🚀 GMGN 自动交易启动...
2026-03-27 22:42:32,558 - GMGNAutoTrading - INFO - 💰 主钱包：5C1bQnC9wSnVUbzUsXPNQ8eB6VvmYPx6DvQrvvbw9zCq
2026-03-27 22:42:32,558 - GMGNAutoTrading - INFO - 💵 总资金：1.7 SOL ($150)
2026-03-27 22:42:32,558 - GMGNAutoTrading - INFO - 🔍 监控钱包：5C1bQnC9wSnVUbzUsXPNQ8eB6VvmYPx6DvQrvvbw9zCq
2026-03-27 22:43:08,979 - GMGNAutoTrading - INFO - 🚀 GMGN 自动交易启动...
2026-03-27 22:43:08,979 - GMGNAutoTrading - INFO - 💰 主钱包：5C1bQnC9wSnVUbzUsXPNQ8eB6VvmYPx6DvQrvvbw9zCq
2026-03-27 22:43:08,979 - GMGNAutoTrading - INFO - 💵 总资金：1.7 SOL ($150)
2026-03-27 22:43:08,979 - GMGNAutoTrading - INFO - 🔍 监控钱包：5C1bQnC9wSnVUbzUsXPNQ8eB6VvmYPx6DvQrvvbw9zCq
2026-03-27 22:43:08,979 - GMGNAutoTrading - INFO - 
【GMGN 自动交易日报】

日期：2026-03-27
钱包：5C1bQnC9wSnVUbzUsXPNQ8eB6VvmYPx6DvQrvvbw9zCq
总资金：1.7 SOL ($150)
今日盈亏：$0.00
累计盈亏：$0.00

风控状态：✅ 安全

*太一 AGI 自动发送*

2026-03-27 22:43:08,979 - GMGNAutoTrading - INFO - ✅ GMGN 自动交易已启动
2026-03-27 22:43:17,043 - GMGNAutoTrading - INFO - 🚀 GMGN 自动交易启动...
2026-03-27 22:43:17,043 - GMGNAutoTrading - INFO - 💰 主钱包：5C1bQnC9wSnVUbzUsXPNQ8eB6VvmYPx6DvQrvvbw9zCq
2026-03-27 22:43:17,043 - GMGNAutoTrading - INFO - 💵 总资金：1.7 SOL ($150)
2026-03-27 22:43:17,043 - GMGNAutoTrading - INFO - 🔍 监控钱包：5C1bQnC9wSnVUbzUsXPNQ8eB6VvmYPx6DvQrvvbw9zCq
2026-03-27 22:43:17,043 - GMGNAutoTrading - INFO - 
【GMGN 自动交易日报】

日期：2026-03-27
钱包：5C1bQnC9wSnVUbzUsXPNQ8eB6VvmYPx6DvQrvvbw9zCq
总资金：1.7 SOL ($150)
今日盈亏：$0.00
累计盈亏：$0.00

风控状态：✅ 安全

*太一 AGI 自动发送*

2026-03-27 22:43:17,043 - GMGNAutoTrading - INFO - ✅ GMGN 自动交易已启动
