2026-04-12 21:51:37,469 - Level4Scheduler - INFO - 🧬 Level 4 自进化调度器启动...
2026-04-12 21:51:37,469 - Level4Scheduler - INFO -   无整合历史，从头开始
2026-04-12 21:51:37,469 - Level4Scheduler - INFO - 🧬 Level 4 自进化调度器已初始化
2026-04-12 21:51:37,469 - Level4Scheduler - INFO -   配置：{'weekly_evolution': True, 'emergence_check_interval': 15, 'history_consolidation': True, 'level4_maintenance': True}
2026-04-12 21:51:37,469 - Level4Scheduler - INFO -   历史数据：0 次记录
2026-04-12 21:51:37,469 - Level4Scheduler - INFO - 🧬 开始运行 Level 4 调度器...
2026-04-12 21:51:37,469 - Level4Scheduler - INFO - 📊 检查自进化状态...
2026-04-12 21:51:37,470 - Level4Scheduler - INFO - ✅ 自进化状态：Level 4, 有序度：98.5%
2026-04-12 21:51:37,470 - Level4Scheduler - INFO - 🔮 检测能力涌现...
2026-04-12 21:51:37,472 - Level4Scheduler - INFO - 📊 检查自进化状态...
2026-04-12 21:51:37,473 - Level4Scheduler - INFO - ✅ 自进化状态：Level 4, 有序度：98.5%
2026-04-12 21:51:37,473 - Level4Scheduler - INFO - 📊 检查自进化状态...
2026-04-12 21:51:37,474 - Level4Scheduler - INFO - ✅ 自进化状态：Level 4, 有序度：98.5%
2026-04-12 21:51:37,474 - Level4Scheduler - INFO - ✅ 检测到 5 个涌现信号:
2026-04-12 21:51:37,474 - Level4Scheduler - INFO -     - 太一自进化运行中
2026-04-12 21:51:37,474 - Level4Scheduler - INFO -     - Bot 舰队 100% 自进化
2026-04-12 21:51:37,474 - Level4Scheduler - INFO -     - 今日技能涌现：78 个
2026-04-12 21:51:37,474 - Level4Scheduler - INFO -     - Level 4 维持正常
2026-04-12 21:51:37,474 - Level4Scheduler - INFO -     - 系统有序度：98.5%
2026-04-12 21:51:37,474 - Level4Scheduler - INFO - 📚 整合进化历史...
2026-04-12 21:51:37,475 - Level4Scheduler - INFO - 📊 检查自进化状态...
2026-04-12 21:51:37,475 - Level4Scheduler - INFO - ✅ 自进化状态：Level 4, 有序度：98.5%
2026-04-12 21:51:37,476 - Level4Scheduler - INFO - ✅ 进化历史已整合：/home/nicola/.openclaw/workspace/.evolution/consolidated_history.json
2026-04-12 21:51:37,476 - Level4Scheduler - INFO - ⚙️ 维持 Level 4...
2026-04-12 21:51:37,476 - Level4Scheduler - INFO - ✅ Level 4 维持完成
2026-04-12 21:51:37,476 - Level4Scheduler - INFO - 📝 生成调度报告...
2026-04-12 21:51:37,476 - Level4Scheduler - INFO - ✅ 调度报告已生成：/home/nicola/.openclaw/workspace/reports/level4-scheduler-report-20260412.md
2026-04-12 21:51:37,476 - Level4Scheduler - INFO - ✅ Level 4 调度器完成！
2026-04-12 21:51:37,476 - Level4Scheduler - INFO -   自进化状态：Level 4
2026-04-12 21:51:37,476 - Level4Scheduler - INFO -   能力涌现：5 个信号
2026-04-12 21:51:37,476 - Level4Scheduler - INFO -   系统有序度：98.5%
2026-04-12 21:51:37,476 - Level4Scheduler - INFO - ✅ Level 4 调度器完成！
