============================================================
太一记忆 → Obsidian 同步
============================================================
时间：2026-03-28 11:46:58
目标：/home/nicola/ObsidianVault/TaiyiMemory
============================================================

✅ memory → Daily (49 文件)
⏭️  已是软链接：MEMORY.md
✅ core.md → Core/core.md
✅ residual.md → Core/residual.md

============================================================
同步完成：4/4
============================================================
============================================================
太一记忆 → Obsidian 同步
============================================================
时间：2026-03-28 23:00:01
目标：/home/nicola/ObsidianVault/TaiyiMemory
============================================================

✅ memory → Daily (50 文件)
⏭️  已是软链接：MEMORY.md
✅ core.md → Core/core.md
✅ residual.md → Core/residual.md

============================================================
同步完成：4/4
============================================================
============================================================
太一记忆 → Obsidian 同步
============================================================
时间：2026-03-29 09:00:02
目标：/home/nicola/ObsidianVault/TaiyiMemory
============================================================

✅ memory → Daily (50 文件)
⏭️  已是软链接：MEMORY.md
✅ core.md → Core/core.md
✅ residual.md → Core/residual.md

============================================================
同步完成：4/4
============================================================
============================================================
太一记忆 → Obsidian 同步
============================================================
时间：2026-03-29 23:00:01
目标：/home/nicola/ObsidianVault/TaiyiMemory
============================================================

✅ memory → Daily (51 文件)
⏭️  已是软链接：MEMORY.md
✅ core.md → Core/core.md
✅ residual.md → Core/residual.md

============================================================
同步完成：4/4
============================================================
============================================================
太一记忆 → Obsidian 同步
============================================================
时间：2026-03-30 09:00:03
目标：/home/nicola/ObsidianVault/TaiyiMemory
============================================================

✅ memory → Daily (52 文件)
⏭️  已是软链接：MEMORY.md
✅ core.md → Core/core.md
✅ residual.md → Core/residual.md

============================================================
同步完成：4/4
============================================================
============================================================
太一记忆 → Obsidian 同步
============================================================
时间：2026-03-30 23:00:01
目标：/home/nicola/ObsidianVault/TaiyiMemory
============================================================

✅ memory → Daily (56 文件)
⏭️  已是软链接：MEMORY.md
✅ core.md → Core/core.md
✅ residual.md → Core/residual.md

============================================================
同步完成：4/4
============================================================
============================================================
太一记忆 → Obsidian 同步
============================================================
时间：2026-03-31 09:00:03
目标：/home/nicola/ObsidianVault/TaiyiMemory
============================================================

✅ memory → Daily (58 文件)
⏭️  已是软链接：MEMORY.md
✅ core.md → Core/core.md
✅ residual.md → Core/residual.md

============================================================
同步完成：4/4
============================================================
============================================================
太一记忆 → Obsidian 同步
============================================================
时间：2026-03-31 23:00:01
目标：/home/nicola/ObsidianVault/TaiyiMemory
============================================================

✅ memory → Daily (58 文件)
⏭️  已是软链接：MEMORY.md
✅ core.md → Core/core.md
✅ residual.md → Core/residual.md

============================================================
同步完成：4/4
============================================================
============================================================
太一记忆 → Obsidian 同步
============================================================
时间：2026-04-01 09:00:03
目标：/home/nicola/ObsidianVault/TaiyiMemory
============================================================

✅ memory → Daily (59 文件)
⏭️  已是软链接：MEMORY.md
✅ core.md → Core/core.md
✅ residual.md → Core/residual.md

============================================================
同步完成：4/4
============================================================
============================================================
太一记忆 → Obsidian 同步
============================================================
时间：2026-04-01 23:00:01
目标：/home/nicola/ObsidianVault/TaiyiMemory
============================================================

✅ memory → Daily (59 文件)
⏭️  已是软链接：MEMORY.md
✅ core.md → Core/core.md
✅ residual.md → Core/residual.md

============================================================
同步完成：4/4
============================================================
