🚀 PolyAlert Monitor 启动...
📊 监控钱包数：1
📱 Telegram 频道：@taiyi_free

⏰ 检查时间：2026-03-27 20:38:12
❌ 获取交易记录失败：404 Client Error: Not Found for url: https://gamma-api.polymarket.com/trades?maker=0x678c1Ca68564f918b4142930cC5B5eDAe7CB2Adf&limit=10
⏳ 60 秒后再次检查...

⏰ 检查时间：2026-03-27 20:39:12
❌ 获取交易记录失败：404 Client Error: Not Found for url: https://gamma-api.polymarket.com/trades?maker=0x678c1Ca68564f918b4142930cC5B5eDAe7CB2Adf&limit=10
⏳ 60 秒后再次检查...

⏰ 检查时间：2026-03-27 20:40:13
❌ 获取交易记录失败：404 Client Error: Not Found for url: https://gamma-api.polymarket.com/trades?maker=0x678c1Ca68564f918b4142930cC5B5eDAe7CB2Adf&limit=10
⏳ 60 秒后再次检查...

⏰ 检查时间：2026-03-27 20:41:13
❌ 获取交易记录失败：404 Client Error: Not Found for url: https://gamma-api.polymarket.com/trades?maker=0x678c1Ca68564f918b4142930cC5B5eDAe7CB2Adf&limit=10
⏳ 60 秒后再次检查...

⏰ 检查时间：2026-03-27 20:42:14
❌ 获取交易记录失败：404 Client Error: Not Found for url: https://gamma-api.polymarket.com/trades?maker=0x678c1Ca68564f918b4142930cC5B5eDAe7CB2Adf&limit=10
⏳ 60 秒后再次检查...

⏰ 检查时间：2026-03-27 20:43:14
❌ 获取交易记录失败：404 Client Error: Not Found for url: https://gamma-api.polymarket.com/trades?maker=0x678c1Ca68564f918b4142930cC5B5eDAe7CB2Adf&limit=10
⏳ 60 秒后再次检查...

⏰ 检查时间：2026-03-27 20:44:15
❌ 获取交易记录失败：404 Client Error: Not Found for url: https://gamma-api.polymarket.com/trades?maker=0x678c1Ca68564f918b4142930cC5B5eDAe7CB2Adf&limit=10
⏳ 60 秒后再次检查...

⏰ 检查时间：2026-03-27 20:45:15
❌ 获取交易记录失败：404 Client Error: Not Found for url: https://gamma-api.polymarket.com/trades?maker=0x678c1Ca68564f918b4142930cC5B5eDAe7CB2Adf&limit=10
⏳ 60 秒后再次检查...

⏰ 检查时间：2026-03-27 20:46:16
❌ 获取交易记录失败：404 Client Error: Not Found for url: https://gamma-api.polymarket.com/trades?maker=0x678c1Ca68564f918b4142930cC5B5eDAe7CB2Adf&limit=10
⏳ 60 秒后再次检查...

⏰ 检查时间：2026-03-27 20:47:16
❌ 获取交易记录失败：404 Client Error: Not Found for url: https://gamma-api.polymarket.com/trades?maker=0x678c1Ca68564f918b4142930cC5B5eDAe7CB2Adf&limit=10
⏳ 60 秒后再次检查...

⏰ 检查时间：2026-03-27 20:48:17
❌ 获取交易记录失败：404 Client Error: Not Found for url: https://gamma-api.polymarket.com/trades?maker=0x678c1Ca68564f918b4142930cC5B5eDAe7CB2Adf&limit=10
⏳ 60 秒后再次检查...

⏰ 检查时间：2026-03-27 20:49:17
❌ 获取交易记录失败：404 Client Error: Not Found for url: https://gamma-api.polymarket.com/trades?maker=0x678c1Ca68564f918b4142930cC5B5eDAe7CB2Adf&limit=10
⏳ 60 秒后再次检查...

⏰ 检查时间：2026-03-27 20:50:17
❌ 获取交易记录失败：404 Client Error: Not Found for url: https://gamma-api.polymarket.com/trades?maker=0x678c1Ca68564f918b4142930cC5B5eDAe7CB2Adf&limit=10
⏳ 60 秒后再次检查...

⏰ 检查时间：2026-03-27 20:51:18
❌ 获取交易记录失败：404 Client Error: Not Found for url: https://gamma-api.polymarket.com/trades?maker=0x678c1Ca68564f918b4142930cC5B5eDAe7CB2Adf&limit=10
⏳ 60 秒后再次检查...

⏰ 检查时间：2026-03-27 20:52:18
❌ 获取交易记录失败：404 Client Error: Not Found for url: https://gamma-api.polymarket.com/trades?maker=0x678c1Ca68564f918b4142930cC5B5eDAe7CB2Adf&limit=10
⏳ 60 秒后再次检查...

⏰ 检查时间：2026-03-27 20:53:19
❌ 获取交易记录失败：404 Client Error: Not Found for url: https://gamma-api.polymarket.com/trades?maker=0x678c1Ca68564f918b4142930cC5B5eDAe7CB2Adf&limit=10
⏳ 60 秒后再次检查...

⏰ 检查时间：2026-03-27 20:54:19
❌ 获取交易记录失败：404 Client Error: Not Found for url: https://gamma-api.polymarket.com/trades?maker=0x678c1Ca68564f918b4142930cC5B5eDAe7CB2Adf&limit=10
⏳ 60 秒后再次检查...

⏰ 检查时间：2026-03-27 20:55:20
❌ 获取交易记录失败：404 Client Error: Not Found for url: https://gamma-api.polymarket.com/trades?maker=0x678c1Ca68564f918b4142930cC5B5eDAe7CB2Adf&limit=10
⏳ 60 秒后再次检查...

⏰ 检查时间：2026-03-27 20:56:20
❌ 获取交易记录失败：404 Client Error: Not Found for url: https://gamma-api.polymarket.com/trades?maker=0x678c1Ca68564f918b4142930cC5B5eDAe7CB2Adf&limit=10
⏳ 60 秒后再次检查...

⏰ 检查时间：2026-03-27 20:57:21
❌ 获取交易记录失败：404 Client Error: Not Found for url: https://gamma-api.polymarket.com/trades?maker=0x678c1Ca68564f918b4142930cC5B5eDAe7CB2Adf&limit=10
⏳ 60 秒后再次检查...

⏰ 检查时间：2026-03-27 20:58:21
❌ 获取交易记录失败：404 Client Error: Not Found for url: https://gamma-api.polymarket.com/trades?maker=0x678c1Ca68564f918b4142930cC5B5eDAe7CB2Adf&limit=10
⏳ 60 秒后再次检查...

⏰ 检查时间：2026-03-27 20:59:22
❌ 获取交易记录失败：404 Client Error: Not Found for url: https://gamma-api.polymarket.com/trades?maker=0x678c1Ca68564f918b4142930cC5B5eDAe7CB2Adf&limit=10
⏳ 60 秒后再次检查...

⏰ 检查时间：2026-03-27 21:00:22
❌ 获取交易记录失败：404 Client Error: Not Found for url: https://gamma-api.polymarket.com/trades?maker=0x678c1Ca68564f918b4142930cC5B5eDAe7CB2Adf&limit=10
⏳ 60 秒后再次检查...

⏰ 检查时间：2026-03-27 21:01:23
❌ 获取交易记录失败：404 Client Error: Not Found for url: https://gamma-api.polymarket.com/trades?maker=0x678c1Ca68564f918b4142930cC5B5eDAe7CB2Adf&limit=10
⏳ 60 秒后再次检查...

⏰ 检查时间：2026-03-27 21:02:23
❌ 获取交易记录失败：404 Client Error: Not Found for url: https://gamma-api.polymarket.com/trades?maker=0x678c1Ca68564f918b4142930cC5B5eDAe7CB2Adf&limit=10
⏳ 60 秒后再次检查...

⏰ 检查时间：2026-03-27 21:03:24
❌ 获取交易记录失败：404 Client Error: Not Found for url: https://gamma-api.polymarket.com/trades?maker=0x678c1Ca68564f918b4142930cC5B5eDAe7CB2Adf&limit=10
⏳ 60 秒后再次检查...

⏰ 检查时间：2026-03-27 21:04:24
❌ 获取交易记录失败：404 Client Error: Not Found for url: https://gamma-api.polymarket.com/trades?maker=0x678c1Ca68564f918b4142930cC5B5eDAe7CB2Adf&limit=10
⏳ 60 秒后再次检查...

⏰ 检查时间：2026-03-27 21:05:25
❌ 获取交易记录失败：404 Client Error: Not Found for url: https://gamma-api.polymarket.com/trades?maker=0x678c1Ca68564f918b4142930cC5B5eDAe7CB2Adf&limit=10
⏳ 60 秒后再次检查...

⏰ 检查时间：2026-03-27 21:06:25
❌ 获取交易记录失败：404 Client Error: Not Found for url: https://gamma-api.polymarket.com/trades?maker=0x678c1Ca68564f918b4142930cC5B5eDAe7CB2Adf&limit=10
⏳ 60 秒后再次检查...

⏰ 检查时间：2026-03-27 21:07:26
❌ 获取交易记录失败：404 Client Error: Not Found for url: https://gamma-api.polymarket.com/trades?maker=0x678c1Ca68564f918b4142930cC5B5eDAe7CB2Adf&limit=10
⏳ 60 秒后再次检查...

⏰ 检查时间：2026-03-27 21:08:26
❌ 获取交易记录失败：404 Client Error: Not Found for url: https://gamma-api.polymarket.com/trades?maker=0x678c1Ca68564f918b4142930cC5B5eDAe7CB2Adf&limit=10
⏳ 60 秒后再次检查...

⏰ 检查时间：2026-03-27 21:09:27
❌ 获取交易记录失败：404 Client Error: Not Found for url: https://gamma-api.polymarket.com/trades?maker=0x678c1Ca68564f918b4142930cC5B5eDAe7CB2Adf&limit=10
⏳ 60 秒后再次检查...

⏰ 检查时间：2026-03-27 21:10:27
❌ 获取交易记录失败：404 Client Error: Not Found for url: https://gamma-api.polymarket.com/trades?maker=0x678c1Ca68564f918b4142930cC5B5eDAe7CB2Adf&limit=10
⏳ 60 秒后再次检查...

⏰ 检查时间：2026-03-27 21:11:28
❌ 获取交易记录失败：404 Client Error: Not Found for url: https://gamma-api.polymarket.com/trades?maker=0x678c1Ca68564f918b4142930cC5B5eDAe7CB2Adf&limit=10
⏳ 60 秒后再次检查...

⏰ 检查时间：2026-03-27 21:12:28
❌ 获取交易记录失败：404 Client Error: Not Found for url: https://gamma-api.polymarket.com/trades?maker=0x678c1Ca68564f918b4142930cC5B5eDAe7CB2Adf&limit=10
⏳ 60 秒后再次检查...

⏰ 检查时间：2026-03-27 21:13:28
❌ 获取交易记录失败：HTTPSConnectionPool(host='gamma-api.polymarket.com', port=443): Max retries exceeded with url: /trades?maker=0x678c1Ca68564f918b4142930cC5B5eDAe7CB2Adf&limit=10 (Caused by SSLError(SSLEOFError(8, '[SSL: UNEXPECTED_EOF_WHILE_READING] EOF occurred in violation of protocol (_ssl.c:1000)')))
⏳ 60 秒后再次检查...

⏰ 检查时间：2026-03-27 21:14:30
❌ 获取交易记录失败：404 Client Error: Not Found for url: https://gamma-api.polymarket.com/trades?maker=0x678c1Ca68564f918b4142930cC5B5eDAe7CB2Adf&limit=10
⏳ 60 秒后再次检查...

⏰ 检查时间：2026-03-27 21:15:30
❌ 获取交易记录失败：404 Client Error: Not Found for url: https://gamma-api.polymarket.com/trades?maker=0x678c1Ca68564f918b4142930cC5B5eDAe7CB2Adf&limit=10
⏳ 60 秒后再次检查...

⏰ 检查时间：2026-03-27 21:16:31
❌ 获取交易记录失败：404 Client Error: Not Found for url: https://gamma-api.polymarket.com/trades?maker=0x678c1Ca68564f918b4142930cC5B5eDAe7CB2Adf&limit=10
⏳ 60 秒后再次检查...

⏰ 检查时间：2026-03-27 21:17:31
❌ 获取交易记录失败：HTTPSConnectionPool(host='gamma-api.polymarket.com', port=443): Max retries exceeded with url: /trades?maker=0x678c1Ca68564f918b4142930cC5B5eDAe7CB2Adf&limit=10 (Caused by SSLError(SSLEOFError(8, '[SSL: UNEXPECTED_EOF_WHILE_READING] EOF occurred in violation of protocol (_ssl.c:1000)')))
⏳ 60 秒后再次检查...

⏰ 检查时间：2026-03-27 21:18:32
❌ 获取交易记录失败：404 Client Error: Not Found for url: https://gamma-api.polymarket.com/trades?maker=0x678c1Ca68564f918b4142930cC5B5eDAe7CB2Adf&limit=10
⏳ 60 秒后再次检查...

⏰ 检查时间：2026-03-27 21:19:33
❌ 获取交易记录失败：404 Client Error: Not Found for url: https://gamma-api.polymarket.com/trades?maker=0x678c1Ca68564f918b4142930cC5B5eDAe7CB2Adf&limit=10
⏳ 60 秒后再次检查...

⏰ 检查时间：2026-03-27 21:20:34
❌ 获取交易记录失败：404 Client Error: Not Found for url: https://gamma-api.polymarket.com/trades?maker=0x678c1Ca68564f918b4142930cC5B5eDAe7CB2Adf&limit=10
⏳ 60 秒后再次检查...

⏰ 检查时间：2026-03-27 21:21:34
❌ 获取交易记录失败：404 Client Error: Not Found for url: https://gamma-api.polymarket.com/trades?maker=0x678c1Ca68564f918b4142930cC5B5eDAe7CB2Adf&limit=10
⏳ 60 秒后再次检查...

⏰ 检查时间：2026-03-27 21:22:35
❌ 获取交易记录失败：404 Client Error: Not Found for url: https://gamma-api.polymarket.com/trades?maker=0x678c1Ca68564f918b4142930cC5B5eDAe7CB2Adf&limit=10
⏳ 60 秒后再次检查...

⏰ 检查时间：2026-03-27 21:23:35
❌ 获取交易记录失败：404 Client Error: Not Found for url: https://gamma-api.polymarket.com/trades?maker=0x678c1Ca68564f918b4142930cC5B5eDAe7CB2Adf&limit=10
⏳ 60 秒后再次检查...

⏰ 检查时间：2026-03-27 21:24:36
❌ 获取交易记录失败：404 Client Error: Not Found for url: https://gamma-api.polymarket.com/trades?maker=0x678c1Ca68564f918b4142930cC5B5eDAe7CB2Adf&limit=10
⏳ 60 秒后再次检查...

⏰ 检查时间：2026-03-27 21:25:36
❌ 获取交易记录失败：404 Client Error: Not Found for url: https://gamma-api.polymarket.com/trades?maker=0x678c1Ca68564f918b4142930cC5B5eDAe7CB2Adf&limit=10
⏳ 60 秒后再次检查...

⏰ 检查时间：2026-03-27 21:26:37
❌ 获取交易记录失败：404 Client Error: Not Found for url: https://gamma-api.polymarket.com/trades?maker=0x678c1Ca68564f918b4142930cC5B5eDAe7CB2Adf&limit=10
⏳ 60 秒后再次检查...

⏰ 检查时间：2026-03-27 21:27:37
❌ 获取交易记录失败：404 Client Error: Not Found for url: https://gamma-api.polymarket.com/trades?maker=0x678c1Ca68564f918b4142930cC5B5eDAe7CB2Adf&limit=10
⏳ 60 秒后再次检查...

⏰ 检查时间：2026-03-27 21:28:38
❌ 获取交易记录失败：404 Client Error: Not Found for url: https://gamma-api.polymarket.com/trades?maker=0x678c1Ca68564f918b4142930cC5B5eDAe7CB2Adf&limit=10
⏳ 60 秒后再次检查...

⏰ 检查时间：2026-03-27 21:29:38
❌ 获取交易记录失败：404 Client Error: Not Found for url: https://gamma-api.polymarket.com/trades?maker=0x678c1Ca68564f918b4142930cC5B5eDAe7CB2Adf&limit=10
⏳ 60 秒后再次检查...

⏰ 检查时间：2026-03-27 21:30:39
❌ 获取交易记录失败：HTTPSConnectionPool(host='gamma-api.polymarket.com', port=443): Max retries exceeded with url: /trades?maker=0x678c1Ca68564f918b4142930cC5B5eDAe7CB2Adf&limit=10 (Caused by SSLError(SSLEOFError(8, '[SSL: UNEXPECTED_EOF_WHILE_READING] EOF occurred in violation of protocol (_ssl.c:1000)')))
⏳ 60 秒后再次检查...

⏰ 检查时间：2026-03-27 21:31:40
❌ 获取交易记录失败：404 Client Error: Not Found for url: https://gamma-api.polymarket.com/trades?maker=0x678c1Ca68564f918b4142930cC5B5eDAe7CB2Adf&limit=10
⏳ 60 秒后再次检查...

⏰ 检查时间：2026-03-27 21:32:41
❌ 获取交易记录失败：404 Client Error: Not Found for url: https://gamma-api.polymarket.com/trades?maker=0x678c1Ca68564f918b4142930cC5B5eDAe7CB2Adf&limit=10
⏳ 60 秒后再次检查...

⏰ 检查时间：2026-03-27 21:33:41
❌ 获取交易记录失败：404 Client Error: Not Found for url: https://gamma-api.polymarket.com/trades?maker=0x678c1Ca68564f918b4142930cC5B5eDAe7CB2Adf&limit=10
⏳ 60 秒后再次检查...

⏰ 检查时间：2026-03-27 21:34:42
❌ 获取交易记录失败：404 Client Error: Not Found for url: https://gamma-api.polymarket.com/trades?maker=0x678c1Ca68564f918b4142930cC5B5eDAe7CB2Adf&limit=10
⏳ 60 秒后再次检查...

⏰ 检查时间：2026-03-27 21:35:42
❌ 获取交易记录失败：404 Client Error: Not Found for url: https://gamma-api.polymarket.com/trades?maker=0x678c1Ca68564f918b4142930cC5B5eDAe7CB2Adf&limit=10
⏳ 60 秒后再次检查...

⏰ 检查时间：2026-03-27 21:36:42
❌ 获取交易记录失败：404 Client Error: Not Found for url: https://gamma-api.polymarket.com/trades?maker=0x678c1Ca68564f918b4142930cC5B5eDAe7CB2Adf&limit=10
⏳ 60 秒后再次检查...

⏰ 检查时间：2026-03-27 21:37:43
❌ 获取交易记录失败：404 Client Error: Not Found for url: https://gamma-api.polymarket.com/trades?maker=0x678c1Ca68564f918b4142930cC5B5eDAe7CB2Adf&limit=10
⏳ 60 秒后再次检查...

⏰ 检查时间：2026-03-27 21:38:44
❌ 获取交易记录失败：404 Client Error: Not Found for url: https://gamma-api.polymarket.com/trades?maker=0x678c1Ca68564f918b4142930cC5B5eDAe7CB2Adf&limit=10
⏳ 60 秒后再次检查...

⏰ 检查时间：2026-03-27 21:39:44
❌ 获取交易记录失败：404 Client Error: Not Found for url: https://gamma-api.polymarket.com/trades?maker=0x678c1Ca68564f918b4142930cC5B5eDAe7CB2Adf&limit=10
⏳ 60 秒后再次检查...

⏰ 检查时间：2026-03-27 21:40:45
❌ 获取交易记录失败：404 Client Error: Not Found for url: https://gamma-api.polymarket.com/trades?maker=0x678c1Ca68564f918b4142930cC5B5eDAe7CB2Adf&limit=10
⏳ 60 秒后再次检查...

⏰ 检查时间：2026-03-27 21:41:46
❌ 获取交易记录失败：404 Client Error: Not Found for url: https://gamma-api.polymarket.com/trades?maker=0x678c1Ca68564f918b4142930cC5B5eDAe7CB2Adf&limit=10
⏳ 60 秒后再次检查...

⏰ 检查时间：2026-03-27 21:42:46
❌ 获取交易记录失败：404 Client Error: Not Found for url: https://gamma-api.polymarket.com/trades?maker=0x678c1Ca68564f918b4142930cC5B5eDAe7CB2Adf&limit=10
⏳ 60 秒后再次检查...

⏰ 检查时间：2026-03-27 21:43:47
❌ 获取交易记录失败：404 Client Error: Not Found for url: https://gamma-api.polymarket.com/trades?maker=0x678c1Ca68564f918b4142930cC5B5eDAe7CB2Adf&limit=10
⏳ 60 秒后再次检查...

⏰ 检查时间：2026-03-27 21:44:47
❌ 获取交易记录失败：404 Client Error: Not Found for url: https://gamma-api.polymarket.com/trades?maker=0x678c1Ca68564f918b4142930cC5B5eDAe7CB2Adf&limit=10
⏳ 60 秒后再次检查...

⏰ 检查时间：2026-03-27 21:45:48
❌ 获取交易记录失败：404 Client Error: Not Found for url: https://gamma-api.polymarket.com/trades?maker=0x678c1Ca68564f918b4142930cC5B5eDAe7CB2Adf&limit=10
⏳ 60 秒后再次检查...

⏰ 检查时间：2026-03-27 21:46:49
❌ 获取交易记录失败：404 Client Error: Not Found for url: https://gamma-api.polymarket.com/trades?maker=0x678c1Ca68564f918b4142930cC5B5eDAe7CB2Adf&limit=10
⏳ 60 秒后再次检查...

⏰ 检查时间：2026-03-27 21:47:49
❌ 获取交易记录失败：404 Client Error: Not Found for url: https://gamma-api.polymarket.com/trades?maker=0x678c1Ca68564f918b4142930cC5B5eDAe7CB2Adf&limit=10
⏳ 60 秒后再次检查...

⏰ 检查时间：2026-03-27 21:48:50
❌ 获取交易记录失败：404 Client Error: Not Found for url: https://gamma-api.polymarket.com/trades?maker=0x678c1Ca68564f918b4142930cC5B5eDAe7CB2Adf&limit=10
⏳ 60 秒后再次检查...

⏰ 检查时间：2026-03-27 21:49:51
❌ 获取交易记录失败：404 Client Error: Not Found for url: https://gamma-api.polymarket.com/trades?maker=0x678c1Ca68564f918b4142930cC5B5eDAe7CB2Adf&limit=10
⏳ 60 秒后再次检查...

⏰ 检查时间：2026-03-27 21:50:51
❌ 获取交易记录失败：404 Client Error: Not Found for url: https://gamma-api.polymarket.com/trades?maker=0x678c1Ca68564f918b4142930cC5B5eDAe7CB2Adf&limit=10
⏳ 60 秒后再次检查...

⏰ 检查时间：2026-03-27 21:51:51
❌ 获取交易记录失败：404 Client Error: Not Found for url: https://gamma-api.polymarket.com/trades?maker=0x678c1Ca68564f918b4142930cC5B5eDAe7CB2Adf&limit=10
⏳ 60 秒后再次检查...

⏰ 检查时间：2026-03-27 21:52:52
❌ 获取交易记录失败：404 Client Error: Not Found for url: https://gamma-api.polymarket.com/trades?maker=0x678c1Ca68564f918b4142930cC5B5eDAe7CB2Adf&limit=10
⏳ 60 秒后再次检查...

⏰ 检查时间：2026-03-27 21:53:52
❌ 获取交易记录失败：404 Client Error: Not Found for url: https://gamma-api.polymarket.com/trades?maker=0x678c1Ca68564f918b4142930cC5B5eDAe7CB2Adf&limit=10
⏳ 60 秒后再次检查...

⏰ 检查时间：2026-03-27 21:54:53
❌ 获取交易记录失败：404 Client Error: Not Found for url: https://gamma-api.polymarket.com/trades?maker=0x678c1Ca68564f918b4142930cC5B5eDAe7CB2Adf&limit=10
⏳ 60 秒后再次检查...

⏰ 检查时间：2026-03-27 21:55:54
❌ 获取交易记录失败：404 Client Error: Not Found for url: https://gamma-api.polymarket.com/trades?maker=0x678c1Ca68564f918b4142930cC5B5eDAe7CB2Adf&limit=10
⏳ 60 秒后再次检查...

⏰ 检查时间：2026-03-27 21:56:54
❌ 获取交易记录失败：404 Client Error: Not Found for url: https://gamma-api.polymarket.com/trades?maker=0x678c1Ca68564f918b4142930cC5B5eDAe7CB2Adf&limit=10
⏳ 60 秒后再次检查...

⏰ 检查时间：2026-03-27 21:57:55
❌ 获取交易记录失败：404 Client Error: Not Found for url: https://gamma-api.polymarket.com/trades?maker=0x678c1Ca68564f918b4142930cC5B5eDAe7CB2Adf&limit=10
⏳ 60 秒后再次检查...

⏰ 检查时间：2026-03-27 21:58:56
❌ 获取交易记录失败：404 Client Error: Not Found for url: https://gamma-api.polymarket.com/trades?maker=0x678c1Ca68564f918b4142930cC5B5eDAe7CB2Adf&limit=10
⏳ 60 秒后再次检查...

⏰ 检查时间：2026-03-27 21:59:56
❌ 获取交易记录失败：404 Client Error: Not Found for url: https://gamma-api.polymarket.com/trades?maker=0x678c1Ca68564f918b4142930cC5B5eDAe7CB2Adf&limit=10
⏳ 60 秒后再次检查...

⏰ 检查时间：2026-03-27 22:00:57
❌ 获取交易记录失败：404 Client Error: Not Found for url: https://gamma-api.polymarket.com/trades?maker=0x678c1Ca68564f918b4142930cC5B5eDAe7CB2Adf&limit=10
⏳ 60 秒后再次检查...

⏰ 检查时间：2026-03-27 22:01:58
❌ 获取交易记录失败：404 Client Error: Not Found for url: https://gamma-api.polymarket.com/trades?maker=0x678c1Ca68564f918b4142930cC5B5eDAe7CB2Adf&limit=10
⏳ 60 秒后再次检查...

⏰ 检查时间：2026-03-27 22:02:58
❌ 获取交易记录失败：404 Client Error: Not Found for url: https://gamma-api.polymarket.com/trades?maker=0x678c1Ca68564f918b4142930cC5B5eDAe7CB2Adf&limit=10
⏳ 60 秒后再次检查...

⏰ 检查时间：2026-03-27 22:03:59
❌ 获取交易记录失败：404 Client Error: Not Found for url: https://gamma-api.polymarket.com/trades?maker=0x678c1Ca68564f918b4142930cC5B5eDAe7CB2Adf&limit=10
⏳ 60 秒后再次检查...

⏰ 检查时间：2026-03-27 22:05:00
❌ 获取交易记录失败：404 Client Error: Not Found for url: https://gamma-api.polymarket.com/trades?maker=0x678c1Ca68564f918b4142930cC5B5eDAe7CB2Adf&limit=10
⏳ 60 秒后再次检查...

⏰ 检查时间：2026-03-27 22:06:00
❌ 获取交易记录失败：404 Client Error: Not Found for url: https://gamma-api.polymarket.com/trades?maker=0x678c1Ca68564f918b4142930cC5B5eDAe7CB2Adf&limit=10
⏳ 60 秒后再次检查...

⏰ 检查时间：2026-03-27 22:07:01
❌ 获取交易记录失败：404 Client Error: Not Found for url: https://gamma-api.polymarket.com/trades?maker=0x678c1Ca68564f918b4142930cC5B5eDAe7CB2Adf&limit=10
⏳ 60 秒后再次检查...

⏰ 检查时间：2026-03-27 22:08:01
❌ 获取交易记录失败：404 Client Error: Not Found for url: https://gamma-api.polymarket.com/trades?maker=0x678c1Ca68564f918b4142930cC5B5eDAe7CB2Adf&limit=10
⏳ 60 秒后再次检查...

⏰ 检查时间：2026-03-27 22:09:02
❌ 获取交易记录失败：404 Client Error: Not Found for url: https://gamma-api.polymarket.com/trades?maker=0x678c1Ca68564f918b4142930cC5B5eDAe7CB2Adf&limit=10
⏳ 60 秒后再次检查...

⏰ 检查时间：2026-03-27 22:10:02
❌ 获取交易记录失败：404 Client Error: Not Found for url: https://gamma-api.polymarket.com/trades?maker=0x678c1Ca68564f918b4142930cC5B5eDAe7CB2Adf&limit=10
⏳ 60 秒后再次检查...

⏰ 检查时间：2026-03-27 22:11:03
❌ 获取交易记录失败：HTTPSConnectionPool(host='gamma-api.polymarket.com', port=443): Max retries exceeded with url: /trades?maker=0x678c1Ca68564f918b4142930cC5B5eDAe7CB2Adf&limit=10 (Caused by SSLError(SSLEOFError(8, '[SSL: UNEXPECTED_EOF_WHILE_READING] EOF occurred in violation of protocol (_ssl.c:1000)')))
⏳ 60 秒后再次检查...

⏰ 检查时间：2026-03-27 22:12:04
❌ 获取交易记录失败：404 Client Error: Not Found for url: https://gamma-api.polymarket.com/trades?maker=0x678c1Ca68564f918b4142930cC5B5eDAe7CB2Adf&limit=10
⏳ 60 秒后再次检查...

⏰ 检查时间：2026-03-27 22:13:04
❌ 获取交易记录失败：404 Client Error: Not Found for url: https://gamma-api.polymarket.com/trades?maker=0x678c1Ca68564f918b4142930cC5B5eDAe7CB2Adf&limit=10
⏳ 60 秒后再次检查...

⏰ 检查时间：2026-03-27 22:14:05
❌ 获取交易记录失败：404 Client Error: Not Found for url: https://gamma-api.polymarket.com/trades?maker=0x678c1Ca68564f918b4142930cC5B5eDAe7CB2Adf&limit=10
⏳ 60 秒后再次检查...

⏰ 检查时间：2026-03-27 22:15:05
❌ 获取交易记录失败：404 Client Error: Not Found for url: https://gamma-api.polymarket.com/trades?maker=0x678c1Ca68564f918b4142930cC5B5eDAe7CB2Adf&limit=10
⏳ 60 秒后再次检查...

⏰ 检查时间：2026-03-27 22:16:06
❌ 获取交易记录失败：404 Client Error: Not Found for url: https://gamma-api.polymarket.com/trades?maker=0x678c1Ca68564f918b4142930cC5B5eDAe7CB2Adf&limit=10
⏳ 60 秒后再次检查...

⏰ 检查时间：2026-03-27 22:17:06
❌ 获取交易记录失败：404 Client Error: Not Found for url: https://gamma-api.polymarket.com/trades?maker=0x678c1Ca68564f918b4142930cC5B5eDAe7CB2Adf&limit=10
⏳ 60 秒后再次检查...

⏰ 检查时间：2026-03-27 22:18:07
❌ 获取交易记录失败：404 Client Error: Not Found for url: https://gamma-api.polymarket.com/trades?maker=0x678c1Ca68564f918b4142930cC5B5eDAe7CB2Adf&limit=10
⏳ 60 秒后再次检查...

⏰ 检查时间：2026-03-27 22:19:07
❌ 获取交易记录失败：404 Client Error: Not Found for url: https://gamma-api.polymarket.com/trades?maker=0x678c1Ca68564f918b4142930cC5B5eDAe7CB2Adf&limit=10
⏳ 60 秒后再次检查...

⏰ 检查时间：2026-03-27 22:20:08
❌ 获取交易记录失败：404 Client Error: Not Found for url: https://gamma-api.polymarket.com/trades?maker=0x678c1Ca68564f918b4142930cC5B5eDAe7CB2Adf&limit=10
⏳ 60 秒后再次检查...

⏰ 检查时间：2026-03-27 22:21:08
❌ 获取交易记录失败：404 Client Error: Not Found for url: https://gamma-api.polymarket.com/trades?maker=0x678c1Ca68564f918b4142930cC5B5eDAe7CB2Adf&limit=10
⏳ 60 秒后再次检查...

⏰ 检查时间：2026-03-27 22:22:08
❌ 获取交易记录失败：404 Client Error: Not Found for url: https://gamma-api.polymarket.com/trades?maker=0x678c1Ca68564f918b4142930cC5B5eDAe7CB2Adf&limit=10
⏳ 60 秒后再次检查...

⏰ 检查时间：2026-03-27 22:23:09
❌ 获取交易记录失败：404 Client Error: Not Found for url: https://gamma-api.polymarket.com/trades?maker=0x678c1Ca68564f918b4142930cC5B5eDAe7CB2Adf&limit=10
⏳ 60 秒后再次检查...

⏰ 检查时间：2026-03-27 22:24:10
❌ 获取交易记录失败：404 Client Error: Not Found for url: https://gamma-api.polymarket.com/trades?maker=0x678c1Ca68564f918b4142930cC5B5eDAe7CB2Adf&limit=10
⏳ 60 秒后再次检查...

⏰ 检查时间：2026-03-27 22:25:10
❌ 获取交易记录失败：404 Client Error: Not Found for url: https://gamma-api.polymarket.com/trades?maker=0x678c1Ca68564f918b4142930cC5B5eDAe7CB2Adf&limit=10
⏳ 60 秒后再次检查...

⏰ 检查时间：2026-03-27 22:26:11
❌ 获取交易记录失败：404 Client Error: Not Found for url: https://gamma-api.polymarket.com/trades?maker=0x678c1Ca68564f918b4142930cC5B5eDAe7CB2Adf&limit=10
⏳ 60 秒后再次检查...

⏰ 检查时间：2026-03-27 22:27:11
❌ 获取交易记录失败：404 Client Error: Not Found for url: https://gamma-api.polymarket.com/trades?maker=0x678c1Ca68564f918b4142930cC5B5eDAe7CB2Adf&limit=10
⏳ 60 秒后再次检查...

⏰ 检查时间：2026-03-27 22:28:12
❌ 获取交易记录失败：404 Client Error: Not Found for url: https://gamma-api.polymarket.com/trades?maker=0x678c1Ca68564f918b4142930cC5B5eDAe7CB2Adf&limit=10
⏳ 60 秒后再次检查...

⏰ 检查时间：2026-03-27 22:29:12
❌ 获取交易记录失败：404 Client Error: Not Found for url: https://gamma-api.polymarket.com/trades?maker=0x678c1Ca68564f918b4142930cC5B5eDAe7CB2Adf&limit=10
⏳ 60 秒后再次检查...

⏰ 检查时间：2026-03-27 22:30:13
❌ 获取交易记录失败：404 Client Error: Not Found for url: https://gamma-api.polymarket.com/trades?maker=0x678c1Ca68564f918b4142930cC5B5eDAe7CB2Adf&limit=10
⏳ 60 秒后再次检查...

⏰ 检查时间：2026-03-27 22:31:13
❌ 获取交易记录失败：404 Client Error: Not Found for url: https://gamma-api.polymarket.com/trades?maker=0x678c1Ca68564f918b4142930cC5B5eDAe7CB2Adf&limit=10
⏳ 60 秒后再次检查...

⏰ 检查时间：2026-03-27 22:32:14
❌ 获取交易记录失败：404 Client Error: Not Found for url: https://gamma-api.polymarket.com/trades?maker=0x678c1Ca68564f918b4142930cC5B5eDAe7CB2Adf&limit=10
⏳ 60 秒后再次检查...

⏰ 检查时间：2026-03-27 22:33:14
❌ 获取交易记录失败：404 Client Error: Not Found for url: https://gamma-api.polymarket.com/trades?maker=0x678c1Ca68564f918b4142930cC5B5eDAe7CB2Adf&limit=10
⏳ 60 秒后再次检查...

⏰ 检查时间：2026-03-27 22:34:15
❌ 获取交易记录失败：404 Client Error: Not Found for url: https://gamma-api.polymarket.com/trades?maker=0x678c1Ca68564f918b4142930cC5B5eDAe7CB2Adf&limit=10
⏳ 60 秒后再次检查...

⏰ 检查时间：2026-03-27 22:35:16
❌ 获取交易记录失败：404 Client Error: Not Found for url: https://gamma-api.polymarket.com/trades?maker=0x678c1Ca68564f918b4142930cC5B5eDAe7CB2Adf&limit=10
⏳ 60 秒后再次检查...

⏰ 检查时间：2026-03-27 22:36:16
❌ 获取交易记录失败：404 Client Error: Not Found for url: https://gamma-api.polymarket.com/trades?maker=0x678c1Ca68564f918b4142930cC5B5eDAe7CB2Adf&limit=10
⏳ 60 秒后再次检查...

⏰ 检查时间：2026-03-27 22:37:17
❌ 获取交易记录失败：404 Client Error: Not Found for url: https://gamma-api.polymarket.com/trades?maker=0x678c1Ca68564f918b4142930cC5B5eDAe7CB2Adf&limit=10
⏳ 60 秒后再次检查...

⏰ 检查时间：2026-03-27 22:38:18
❌ 获取交易记录失败：404 Client Error: Not Found for url: https://gamma-api.polymarket.com/trades?maker=0x678c1Ca68564f918b4142930cC5B5eDAe7CB2Adf&limit=10
⏳ 60 秒后再次检查...

⏰ 检查时间：2026-03-27 22:39:19
❌ 获取交易记录失败：404 Client Error: Not Found for url: https://gamma-api.polymarket.com/trades?maker=0x678c1Ca68564f918b4142930cC5B5eDAe7CB2Adf&limit=10
⏳ 60 秒后再次检查...

⏰ 检查时间：2026-03-27 22:40:19
❌ 获取交易记录失败：404 Client Error: Not Found for url: https://gamma-api.polymarket.com/trades?maker=0x678c1Ca68564f918b4142930cC5B5eDAe7CB2Adf&limit=10
⏳ 60 秒后再次检查...

⏰ 检查时间：2026-03-27 22:41:20
❌ 获取交易记录失败：404 Client Error: Not Found for url: https://gamma-api.polymarket.com/trades?maker=0x678c1Ca68564f918b4142930cC5B5eDAe7CB2Adf&limit=10
⏳ 60 秒后再次检查...

⏰ 检查时间：2026-03-27 22:42:20
❌ 获取交易记录失败：404 Client Error: Not Found for url: https://gamma-api.polymarket.com/trades?maker=0x678c1Ca68564f918b4142930cC5B5eDAe7CB2Adf&limit=10
⏳ 60 秒后再次检查...

⏰ 检查时间：2026-03-27 22:43:21
❌ 获取交易记录失败：404 Client Error: Not Found for url: https://gamma-api.polymarket.com/trades?maker=0x678c1Ca68564f918b4142930cC5B5eDAe7CB2Adf&limit=10
⏳ 60 秒后再次检查...

⏰ 检查时间：2026-03-27 22:44:21
❌ 获取交易记录失败：404 Client Error: Not Found for url: https://gamma-api.polymarket.com/trades?maker=0x678c1Ca68564f918b4142930cC5B5eDAe7CB2Adf&limit=10
⏳ 60 秒后再次检查...

⏰ 检查时间：2026-03-27 22:45:22
❌ 获取交易记录失败：404 Client Error: Not Found for url: https://gamma-api.polymarket.com/trades?maker=0x678c1Ca68564f918b4142930cC5B5eDAe7CB2Adf&limit=10
⏳ 60 秒后再次检查...

⏰ 检查时间：2026-03-27 22:46:22
❌ 获取交易记录失败：404 Client Error: Not Found for url: https://gamma-api.polymarket.com/trades?maker=0x678c1Ca68564f918b4142930cC5B5eDAe7CB2Adf&limit=10
⏳ 60 秒后再次检查...

⏰ 检查时间：2026-03-27 22:47:23
❌ 获取交易记录失败：404 Client Error: Not Found for url: https://gamma-api.polymarket.com/trades?maker=0x678c1Ca68564f918b4142930cC5B5eDAe7CB2Adf&limit=10
⏳ 60 秒后再次检查...

⏰ 检查时间：2026-03-27 22:48:23
❌ 获取交易记录失败：404 Client Error: Not Found for url: https://gamma-api.polymarket.com/trades?maker=0x678c1Ca68564f918b4142930cC5B5eDAe7CB2Adf&limit=10
⏳ 60 秒后再次检查...

⏰ 检查时间：2026-03-27 22:49:23
❌ 获取交易记录失败：404 Client Error: Not Found for url: https://gamma-api.polymarket.com/trades?maker=0x678c1Ca68564f918b4142930cC5B5eDAe7CB2Adf&limit=10
⏳ 60 秒后再次检查...

⏰ 检查时间：2026-03-27 22:50:24
❌ 获取交易记录失败：HTTPSConnectionPool(host='gamma-api.polymarket.com', port=443): Max retries exceeded with url: /trades?maker=0x678c1Ca68564f918b4142930cC5B5eDAe7CB2Adf&limit=10 (Caused by SSLError(SSLEOFError(8, '[SSL: UNEXPECTED_EOF_WHILE_READING] EOF occurred in violation of protocol (_ssl.c:1000)')))
⏳ 60 秒后再次检查...

⏰ 检查时间：2026-03-27 22:51:25
❌ 获取交易记录失败：404 Client Error: Not Found for url: https://gamma-api.polymarket.com/trades?maker=0x678c1Ca68564f918b4142930cC5B5eDAe7CB2Adf&limit=10
⏳ 60 秒后再次检查...

⏰ 检查时间：2026-03-27 22:52:25
❌ 获取交易记录失败：404 Client Error: Not Found for url: https://gamma-api.polymarket.com/trades?maker=0x678c1Ca68564f918b4142930cC5B5eDAe7CB2Adf&limit=10
⏳ 60 秒后再次检查...

⏰ 检查时间：2026-03-27 22:53:26
❌ 获取交易记录失败：HTTPSConnectionPool(host='gamma-api.polymarket.com', port=443): Max retries exceeded with url: /trades?maker=0x678c1Ca68564f918b4142930cC5B5eDAe7CB2Adf&limit=10 (Caused by SSLError(SSLEOFError(8, '[SSL: UNEXPECTED_EOF_WHILE_READING] EOF occurred in violation of protocol (_ssl.c:1000)')))
⏳ 60 秒后再次检查...

⏰ 检查时间：2026-03-27 22:54:27
❌ 获取交易记录失败：404 Client Error: Not Found for url: https://gamma-api.polymarket.com/trades?maker=0x678c1Ca68564f918b4142930cC5B5eDAe7CB2Adf&limit=10
⏳ 60 秒后再次检查...

⏰ 检查时间：2026-03-27 22:55:27
❌ 获取交易记录失败：404 Client Error: Not Found for url: https://gamma-api.polymarket.com/trades?maker=0x678c1Ca68564f918b4142930cC5B5eDAe7CB2Adf&limit=10
⏳ 60 秒后再次检查...

⏰ 检查时间：2026-03-27 22:56:28
❌ 获取交易记录失败：404 Client Error: Not Found for url: https://gamma-api.polymarket.com/trades?maker=0x678c1Ca68564f918b4142930cC5B5eDAe7CB2Adf&limit=10
⏳ 60 秒后再次检查...

⏰ 检查时间：2026-03-27 22:57:29
❌ 获取交易记录失败：404 Client Error: Not Found for url: https://gamma-api.polymarket.com/trades?maker=0x678c1Ca68564f918b4142930cC5B5eDAe7CB2Adf&limit=10
⏳ 60 秒后再次检查...

⏰ 检查时间：2026-03-27 22:58:30
❌ 获取交易记录失败：404 Client Error: Not Found for url: https://gamma-api.polymarket.com/trades?maker=0x678c1Ca68564f918b4142930cC5B5eDAe7CB2Adf&limit=10
⏳ 60 秒后再次检查...

⏰ 检查时间：2026-03-27 22:59:30
❌ 获取交易记录失败：404 Client Error: Not Found for url: https://gamma-api.polymarket.com/trades?maker=0x678c1Ca68564f918b4142930cC5B5eDAe7CB2Adf&limit=10
⏳ 60 秒后再次检查...

⏰ 检查时间：2026-03-27 23:00:31
❌ 获取交易记录失败：404 Client Error: Not Found for url: https://gamma-api.polymarket.com/trades?maker=0x678c1Ca68564f918b4142930cC5B5eDAe7CB2Adf&limit=10
⏳ 60 秒后再次检查...

⏰ 检查时间：2026-03-27 23:01:32
❌ 获取交易记录失败：HTTPSConnectionPool(host='gamma-api.polymarket.com', port=443): Max retries exceeded with url: /trades?maker=0x678c1Ca68564f918b4142930cC5B5eDAe7CB2Adf&limit=10 (Caused by SSLError(SSLEOFError(8, '[SSL: UNEXPECTED_EOF_WHILE_READING] EOF occurred in violation of protocol (_ssl.c:1000)')))
⏳ 60 秒后再次检查...

⏰ 检查时间：2026-03-27 23:02:33
❌ 获取交易记录失败：404 Client Error: Not Found for url: https://gamma-api.polymarket.com/trades?maker=0x678c1Ca68564f918b4142930cC5B5eDAe7CB2Adf&limit=10
⏳ 60 秒后再次检查...

⏰ 检查时间：2026-03-27 23:03:34
❌ 获取交易记录失败：404 Client Error: Not Found for url: https://gamma-api.polymarket.com/trades?maker=0x678c1Ca68564f918b4142930cC5B5eDAe7CB2Adf&limit=10
⏳ 60 秒后再次检查...

⏰ 检查时间：2026-03-27 23:04:34
❌ 获取交易记录失败：404 Client Error: Not Found for url: https://gamma-api.polymarket.com/trades?maker=0x678c1Ca68564f918b4142930cC5B5eDAe7CB2Adf&limit=10
⏳ 60 秒后再次检查...

⏰ 检查时间：2026-03-27 23:05:35
❌ 获取交易记录失败：404 Client Error: Not Found for url: https://gamma-api.polymarket.com/trades?maker=0x678c1Ca68564f918b4142930cC5B5eDAe7CB2Adf&limit=10
⏳ 60 秒后再次检查...

⏰ 检查时间：2026-03-27 23:06:35
❌ 获取交易记录失败：404 Client Error: Not Found for url: https://gamma-api.polymarket.com/trades?maker=0x678c1Ca68564f918b4142930cC5B5eDAe7CB2Adf&limit=10
⏳ 60 秒后再次检查...

⏰ 检查时间：2026-03-27 23:07:37
❌ 获取交易记录失败：404 Client Error: Not Found for url: https://gamma-api.polymarket.com/trades?maker=0x678c1Ca68564f918b4142930cC5B5eDAe7CB2Adf&limit=10
⏳ 60 秒后再次检查...

⏰ 检查时间：2026-03-27 23:08:38
❌ 获取交易记录失败：404 Client Error: Not Found for url: https://gamma-api.polymarket.com/trades?maker=0x678c1Ca68564f918b4142930cC5B5eDAe7CB2Adf&limit=10
⏳ 60 秒后再次检查...

⏰ 检查时间：2026-03-27 23:09:38
❌ 获取交易记录失败：404 Client Error: Not Found for url: https://gamma-api.polymarket.com/trades?maker=0x678c1Ca68564f918b4142930cC5B5eDAe7CB2Adf&limit=10
⏳ 60 秒后再次检查...

⏰ 检查时间：2026-03-27 23:10:39
❌ 获取交易记录失败：404 Client Error: Not Found for url: https://gamma-api.polymarket.com/trades?maker=0x678c1Ca68564f918b4142930cC5B5eDAe7CB2Adf&limit=10
⏳ 60 秒后再次检查...

⏰ 检查时间：2026-03-27 23:11:39
❌ 获取交易记录失败：404 Client Error: Not Found for url: https://gamma-api.polymarket.com/trades?maker=0x678c1Ca68564f918b4142930cC5B5eDAe7CB2Adf&limit=10
⏳ 60 秒后再次检查...

⏰ 检查时间：2026-03-27 23:12:40
❌ 获取交易记录失败：404 Client Error: Not Found for url: https://gamma-api.polymarket.com/trades?maker=0x678c1Ca68564f918b4142930cC5B5eDAe7CB2Adf&limit=10
⏳ 60 秒后再次检查...

⏰ 检查时间：2026-03-27 23:13:40
❌ 获取交易记录失败：404 Client Error: Not Found for url: https://gamma-api.polymarket.com/trades?maker=0x678c1Ca68564f918b4142930cC5B5eDAe7CB2Adf&limit=10
⏳ 60 秒后再次检查...

⏰ 检查时间：2026-03-27 23:14:41
❌ 获取交易记录失败：404 Client Error: Not Found for url: https://gamma-api.polymarket.com/trades?maker=0x678c1Ca68564f918b4142930cC5B5eDAe7CB2Adf&limit=10
⏳ 60 秒后再次检查...

⏰ 检查时间：2026-03-27 23:15:41
❌ 获取交易记录失败：404 Client Error: Not Found for url: https://gamma-api.polymarket.com/trades?maker=0x678c1Ca68564f918b4142930cC5B5eDAe7CB2Adf&limit=10
⏳ 60 秒后再次检查...

⏰ 检查时间：2026-03-27 23:16:42
❌ 获取交易记录失败：HTTPSConnectionPool(host='gamma-api.polymarket.com', port=443): Max retries exceeded with url: /trades?maker=0x678c1Ca68564f918b4142930cC5B5eDAe7CB2Adf&limit=10 (Caused by SSLError(SSLEOFError(8, '[SSL: UNEXPECTED_EOF_WHILE_READING] EOF occurred in violation of protocol (_ssl.c:1000)')))
⏳ 60 秒后再次检查...

⏰ 检查时间：2026-03-27 23:17:43
❌ 获取交易记录失败：404 Client Error: Not Found for url: https://gamma-api.polymarket.com/trades?maker=0x678c1Ca68564f918b4142930cC5B5eDAe7CB2Adf&limit=10
⏳ 60 秒后再次检查...

⏰ 检查时间：2026-03-27 23:18:43
❌ 获取交易记录失败：404 Client Error: Not Found for url: https://gamma-api.polymarket.com/trades?maker=0x678c1Ca68564f918b4142930cC5B5eDAe7CB2Adf&limit=10
⏳ 60 秒后再次检查...

⏰ 检查时间：2026-03-27 23:19:44
❌ 获取交易记录失败：404 Client Error: Not Found for url: https://gamma-api.polymarket.com/trades?maker=0x678c1Ca68564f918b4142930cC5B5eDAe7CB2Adf&limit=10
⏳ 60 秒后再次检查...

⏰ 检查时间：2026-03-27 23:20:44
❌ 获取交易记录失败：404 Client Error: Not Found for url: https://gamma-api.polymarket.com/trades?maker=0x678c1Ca68564f918b4142930cC5B5eDAe7CB2Adf&limit=10
⏳ 60 秒后再次检查...

⏰ 检查时间：2026-03-27 23:21:47
❌ 获取交易记录失败：404 Client Error: Not Found for url: https://gamma-api.polymarket.com/trades?maker=0x678c1Ca68564f918b4142930cC5B5eDAe7CB2Adf&limit=10
⏳ 60 秒后再次检查...

⏰ 检查时间：2026-03-27 23:22:47
❌ 获取交易记录失败：404 Client Error: Not Found for url: https://gamma-api.polymarket.com/trades?maker=0x678c1Ca68564f918b4142930cC5B5eDAe7CB2Adf&limit=10
⏳ 60 秒后再次检查...

⏰ 检查时间：2026-03-27 23:23:48
❌ 获取交易记录失败：404 Client Error: Not Found for url: https://gamma-api.polymarket.com/trades?maker=0x678c1Ca68564f918b4142930cC5B5eDAe7CB2Adf&limit=10
⏳ 60 秒后再次检查...

⏰ 检查时间：2026-03-27 23:24:48
❌ 获取交易记录失败：404 Client Error: Not Found for url: https://gamma-api.polymarket.com/trades?maker=0x678c1Ca68564f918b4142930cC5B5eDAe7CB2Adf&limit=10
⏳ 60 秒后再次检查...

⏰ 检查时间：2026-03-27 23:25:49
❌ 获取交易记录失败：404 Client Error: Not Found for url: https://gamma-api.polymarket.com/trades?maker=0x678c1Ca68564f918b4142930cC5B5eDAe7CB2Adf&limit=10
⏳ 60 秒后再次检查...

⏰ 检查时间：2026-03-27 23:26:49
❌ 获取交易记录失败：404 Client Error: Not Found for url: https://gamma-api.polymarket.com/trades?maker=0x678c1Ca68564f918b4142930cC5B5eDAe7CB2Adf&limit=10
⏳ 60 秒后再次检查...

⏰ 检查时间：2026-03-27 23:27:50
❌ 获取交易记录失败：404 Client Error: Not Found for url: https://gamma-api.polymarket.com/trades?maker=0x678c1Ca68564f918b4142930cC5B5eDAe7CB2Adf&limit=10
⏳ 60 秒后再次检查...

⏰ 检查时间：2026-03-27 23:28:50
❌ 获取交易记录失败：404 Client Error: Not Found for url: https://gamma-api.polymarket.com/trades?maker=0x678c1Ca68564f918b4142930cC5B5eDAe7CB2Adf&limit=10
⏳ 60 秒后再次检查...

⏰ 检查时间：2026-03-27 23:29:50
❌ 获取交易记录失败：404 Client Error: Not Found for url: https://gamma-api.polymarket.com/trades?maker=0x678c1Ca68564f918b4142930cC5B5eDAe7CB2Adf&limit=10
⏳ 60 秒后再次检查...

⏰ 检查时间：2026-03-27 23:30:51
❌ 获取交易记录失败：404 Client Error: Not Found for url: https://gamma-api.polymarket.com/trades?maker=0x678c1Ca68564f918b4142930cC5B5eDAe7CB2Adf&limit=10
⏳ 60 秒后再次检查...

⏰ 检查时间：2026-03-27 23:31:51
❌ 获取交易记录失败：404 Client Error: Not Found for url: https://gamma-api.polymarket.com/trades?maker=0x678c1Ca68564f918b4142930cC5B5eDAe7CB2Adf&limit=10
⏳ 60 秒后再次检查...

⏰ 检查时间：2026-03-27 23:32:52
❌ 获取交易记录失败：404 Client Error: Not Found for url: https://gamma-api.polymarket.com/trades?maker=0x678c1Ca68564f918b4142930cC5B5eDAe7CB2Adf&limit=10
⏳ 60 秒后再次检查...

⏰ 检查时间：2026-03-27 23:33:52
❌ 获取交易记录失败：404 Client Error: Not Found for url: https://gamma-api.polymarket.com/trades?maker=0x678c1Ca68564f918b4142930cC5B5eDAe7CB2Adf&limit=10
⏳ 60 秒后再次检查...

⏰ 检查时间：2026-03-27 23:34:53
❌ 获取交易记录失败：404 Client Error: Not Found for url: https://gamma-api.polymarket.com/trades?maker=0x678c1Ca68564f918b4142930cC5B5eDAe7CB2Adf&limit=10
⏳ 60 秒后再次检查...

⏰ 检查时间：2026-03-27 23:35:53
❌ 获取交易记录失败：404 Client Error: Not Found for url: https://gamma-api.polymarket.com/trades?maker=0x678c1Ca68564f918b4142930cC5B5eDAe7CB2Adf&limit=10
⏳ 60 秒后再次检查...

⏰ 检查时间：2026-03-27 23:36:54
❌ 获取交易记录失败：404 Client Error: Not Found for url: https://gamma-api.polymarket.com/trades?maker=0x678c1Ca68564f918b4142930cC5B5eDAe7CB2Adf&limit=10
⏳ 60 秒后再次检查...

⏰ 检查时间：2026-03-27 23:37:54
❌ 获取交易记录失败：404 Client Error: Not Found for url: https://gamma-api.polymarket.com/trades?maker=0x678c1Ca68564f918b4142930cC5B5eDAe7CB2Adf&limit=10
⏳ 60 秒后再次检查...

⏰ 检查时间：2026-03-27 23:38:55
❌ 获取交易记录失败：404 Client Error: Not Found for url: https://gamma-api.polymarket.com/trades?maker=0x678c1Ca68564f918b4142930cC5B5eDAe7CB2Adf&limit=10
⏳ 60 秒后再次检查...

⏰ 检查时间：2026-03-27 23:39:56
❌ 获取交易记录失败：404 Client Error: Not Found for url: https://gamma-api.polymarket.com/trades?maker=0x678c1Ca68564f918b4142930cC5B5eDAe7CB2Adf&limit=10
⏳ 60 秒后再次检查...

⏰ 检查时间：2026-03-27 23:40:57
❌ 获取交易记录失败：404 Client Error: Not Found for url: https://gamma-api.polymarket.com/trades?maker=0x678c1Ca68564f918b4142930cC5B5eDAe7CB2Adf&limit=10
⏳ 60 秒后再次检查...

⏰ 检查时间：2026-03-27 23:41:58
❌ 获取交易记录失败：404 Client Error: Not Found for url: https://gamma-api.polymarket.com/trades?maker=0x678c1Ca68564f918b4142930cC5B5eDAe7CB2Adf&limit=10
⏳ 60 秒后再次检查...

⏰ 检查时间：2026-03-27 23:42:58
❌ 获取交易记录失败：404 Client Error: Not Found for url: https://gamma-api.polymarket.com/trades?maker=0x678c1Ca68564f918b4142930cC5B5eDAe7CB2Adf&limit=10
⏳ 60 秒后再次检查...

⏰ 检查时间：2026-03-27 23:43:58
❌ 获取交易记录失败：404 Client Error: Not Found for url: https://gamma-api.polymarket.com/trades?maker=0x678c1Ca68564f918b4142930cC5B5eDAe7CB2Adf&limit=10
⏳ 60 秒后再次检查...

⏰ 检查时间：2026-03-27 23:44:59
❌ 获取交易记录失败：404 Client Error: Not Found for url: https://gamma-api.polymarket.com/trades?maker=0x678c1Ca68564f918b4142930cC5B5eDAe7CB2Adf&limit=10
⏳ 60 秒后再次检查...

⏰ 检查时间：2026-03-27 23:45:59
❌ 获取交易记录失败：404 Client Error: Not Found for url: https://gamma-api.polymarket.com/trades?maker=0x678c1Ca68564f918b4142930cC5B5eDAe7CB2Adf&limit=10
⏳ 60 秒后再次检查...

⏰ 检查时间：2026-03-27 23:47:00
❌ 获取交易记录失败：404 Client Error: Not Found for url: https://gamma-api.polymarket.com/trades?maker=0x678c1Ca68564f918b4142930cC5B5eDAe7CB2Adf&limit=10
⏳ 60 秒后再次检查...

⏰ 检查时间：2026-03-27 23:48:00
❌ 获取交易记录失败：404 Client Error: Not Found for url: https://gamma-api.polymarket.com/trades?maker=0x678c1Ca68564f918b4142930cC5B5eDAe7CB2Adf&limit=10
⏳ 60 秒后再次检查...

⏰ 检查时间：2026-03-27 23:49:01
❌ 获取交易记录失败：404 Client Error: Not Found for url: https://gamma-api.polymarket.com/trades?maker=0x678c1Ca68564f918b4142930cC5B5eDAe7CB2Adf&limit=10
⏳ 60 秒后再次检查...

⏰ 检查时间：2026-03-27 23:50:02
❌ 获取交易记录失败：HTTPSConnectionPool(host='gamma-api.polymarket.com', port=443): Max retries exceeded with url: /trades?maker=0x678c1Ca68564f918b4142930cC5B5eDAe7CB2Adf&limit=10 (Caused by SSLError(SSLEOFError(8, '[SSL: UNEXPECTED_EOF_WHILE_READING] EOF occurred in violation of protocol (_ssl.c:1000)')))
⏳ 60 秒后再次检查...

⏰ 检查时间：2026-03-27 23:51:04
❌ 获取交易记录失败：404 Client Error: Not Found for url: https://gamma-api.polymarket.com/trades?maker=0x678c1Ca68564f918b4142930cC5B5eDAe7CB2Adf&limit=10
⏳ 60 秒后再次检查...

⏰ 检查时间：2026-03-27 23:52:05
❌ 获取交易记录失败：404 Client Error: Not Found for url: https://gamma-api.polymarket.com/trades?maker=0x678c1Ca68564f918b4142930cC5B5eDAe7CB2Adf&limit=10
⏳ 60 秒后再次检查...

⏰ 检查时间：2026-03-27 23:53:06
❌ 获取交易记录失败：404 Client Error: Not Found for url: https://gamma-api.polymarket.com/trades?maker=0x678c1Ca68564f918b4142930cC5B5eDAe7CB2Adf&limit=10
⏳ 60 秒后再次检查...

⏰ 检查时间：2026-03-27 23:54:06
❌ 获取交易记录失败：404 Client Error: Not Found for url: https://gamma-api.polymarket.com/trades?maker=0x678c1Ca68564f918b4142930cC5B5eDAe7CB2Adf&limit=10
⏳ 60 秒后再次检查...

⏰ 检查时间：2026-03-27 23:55:07
❌ 获取交易记录失败：404 Client Error: Not Found for url: https://gamma-api.polymarket.com/trades?maker=0x678c1Ca68564f918b4142930cC5B5eDAe7CB2Adf&limit=10
⏳ 60 秒后再次检查...

⏰ 检查时间：2026-03-27 23:56:07
❌ 获取交易记录失败：404 Client Error: Not Found for url: https://gamma-api.polymarket.com/trades?maker=0x678c1Ca68564f918b4142930cC5B5eDAe7CB2Adf&limit=10
⏳ 60 秒后再次检查...

⏰ 检查时间：2026-03-27 23:57:08
❌ 获取交易记录失败：HTTPSConnectionPool(host='gamma-api.polymarket.com', port=443): Max retries exceeded with url: /trades?maker=0x678c1Ca68564f918b4142930cC5B5eDAe7CB2Adf&limit=10 (Caused by SSLError(SSLEOFError(8, '[SSL: UNEXPECTED_EOF_WHILE_READING] EOF occurred in violation of protocol (_ssl.c:1000)')))
⏳ 60 秒后再次检查...

⏰ 检查时间：2026-03-27 23:58:09
❌ 获取交易记录失败：404 Client Error: Not Found for url: https://gamma-api.polymarket.com/trades?maker=0x678c1Ca68564f918b4142930cC5B5eDAe7CB2Adf&limit=10
⏳ 60 秒后再次检查...

⏰ 检查时间：2026-03-27 23:59:10
❌ 获取交易记录失败：404 Client Error: Not Found for url: https://gamma-api.polymarket.com/trades?maker=0x678c1Ca68564f918b4142930cC5B5eDAe7CB2Adf&limit=10
⏳ 60 秒后再次检查...

⏰ 检查时间：2026-03-28 00:00:10
