========================================
[2026年 04月 02日 星期四 00:00:01 CST] Start Polymarket Hot Weather Data Collection...
2026-04-02 00:00:01,954 - PolymarketHotWeather - INFO - 🚀 Polymarket 热度前 5 名天气预测数据采集启动...
2026-04-02 00:00:01,955 - PolymarketHotWeather - INFO - ✅ 获取市场数据：2026 hottest year rank
2026-04-02 00:00:01,955 - PolymarketHotWeather - INFO - ✅ 获取市场数据：March 2026 temp increase
2026-04-02 00:00:01,955 - PolymarketHotWeather - INFO - ✅ 获取市场数据：Cat4 hurricane before 2027
2026-04-02 00:00:01,955 - PolymarketHotWeather - INFO - ✅ 获取市场数据：NYC March precipitation
2026-04-02 00:00:01,955 - PolymarketHotWeather - INFO - ✅ 获取市场数据：2026 March 1-3 hottest
2026-04-02 00:00:01,955 - PolymarketHotWeather - INFO - 📝 数据已保存：/home/nicola/.openclaw/workspace/data/polymarket/hot-weather-20260402-000001.json
2026-04-02 00:00:01,956 - PolymarketHotWeather - INFO - 📝 最新数据已更新：/home/nicola/.openclaw/workspace/data/polymarket/hot-weather-latest.json
2026-04-02 00:00:01,956 - PolymarketHotWeather - INFO - 📊 报告已生成：/home/nicola/.openclaw/workspace/data/polymarket/README.md
2026-04-02 00:00:01,956 - PolymarketHotWeather - INFO - ✅ 数据采集完成，共 5 个市场
2026-04-02 00:00:01,956 - PolymarketHotWeather - INFO - 💰 总流动性：$2,868,000
[2026年 04月 02日 星期四 00:00:02 CST] ✓ Polymarket hot weather data collection completed
========================================
[2026年 04月 02日 星期四 00:30:01 CST] Start Polymarket Hot Weather Data Collection...
2026-04-02 00:30:01,807 - PolymarketHotWeather - INFO - 🚀 Polymarket 热度前 5 名天气预测数据采集启动...
2026-04-02 00:30:01,807 - PolymarketHotWeather - INFO - ✅ 获取市场数据：2026 hottest year rank
2026-04-02 00:30:01,807 - PolymarketHotWeather - INFO - ✅ 获取市场数据：March 2026 temp increase
2026-04-02 00:30:01,808 - PolymarketHotWeather - INFO - ✅ 获取市场数据：Cat4 hurricane before 2027
2026-04-02 00:30:01,808 - PolymarketHotWeather - INFO - ✅ 获取市场数据：NYC March precipitation
2026-04-02 00:30:01,808 - PolymarketHotWeather - INFO - ✅ 获取市场数据：2026 March 1-3 hottest
2026-04-02 00:30:01,808 - PolymarketHotWeather - INFO - 📝 数据已保存：/home/nicola/.openclaw/workspace/data/polymarket/hot-weather-20260402-003001.json
2026-04-02 00:30:01,808 - PolymarketHotWeather - INFO - 📝 最新数据已更新：/home/nicola/.openclaw/workspace/data/polymarket/hot-weather-latest.json
2026-04-02 00:30:01,808 - PolymarketHotWeather - INFO - 📊 报告已生成：/home/nicola/.openclaw/workspace/data/polymarket/README.md
2026-04-02 00:30:01,808 - PolymarketHotWeather - INFO - ✅ 数据采集完成，共 5 个市场
2026-04-02 00:30:01,809 - PolymarketHotWeather - INFO - 💰 总流动性：$2,868,000
[2026年 04月 02日 星期四 00:30:01 CST] ✓ Polymarket hot weather data collection completed
========================================
[2026年 04月 02日 星期四 01:00:01 CST] Start Polymarket Hot Weather Data Collection...
2026-04-02 01:00:01,557 - PolymarketHotWeather - INFO - 🚀 Polymarket 热度前 5 名天气预测数据采集启动...
2026-04-02 01:00:01,557 - PolymarketHotWeather - INFO - ✅ 获取市场数据：2026 hottest year rank
2026-04-02 01:00:01,558 - PolymarketHotWeather - INFO - ✅ 获取市场数据：March 2026 temp increase
2026-04-02 01:00:01,558 - PolymarketHotWeather - INFO - ✅ 获取市场数据：Cat4 hurricane before 2027
2026-04-02 01:00:01,558 - PolymarketHotWeather - INFO - ✅ 获取市场数据：NYC March precipitation
2026-04-02 01:00:01,558 - PolymarketHotWeather - INFO - ✅ 获取市场数据：2026 March 1-3 hottest
2026-04-02 01:00:01,558 - PolymarketHotWeather - INFO - 📝 数据已保存：/home/nicola/.openclaw/workspace/data/polymarket/hot-weather-20260402-010001.json
2026-04-02 01:00:01,558 - PolymarketHotWeather - INFO - 📝 最新数据已更新：/home/nicola/.openclaw/workspace/data/polymarket/hot-weather-latest.json
2026-04-02 01:00:01,559 - PolymarketHotWeather - INFO - 📊 报告已生成：/home/nicola/.openclaw/workspace/data/polymarket/README.md
2026-04-02 01:00:01,559 - PolymarketHotWeather - INFO - ✅ 数据采集完成，共 5 个市场
2026-04-02 01:00:01,559 - PolymarketHotWeather - INFO - 💰 总流动性：$2,868,000
[2026年 04月 02日 星期四 01:00:01 CST] ✓ Polymarket hot weather data collection completed
========================================
[2026年 04月 02日 星期四 01:30:01 CST] Start Polymarket Hot Weather Data Collection...
2026-04-02 01:30:01,463 - PolymarketHotWeather - INFO - 🚀 Polymarket 热度前 5 名天气预测数据采集启动...
2026-04-02 01:30:01,463 - PolymarketHotWeather - INFO - ✅ 获取市场数据：2026 hottest year rank
2026-04-02 01:30:01,463 - PolymarketHotWeather - INFO - ✅ 获取市场数据：March 2026 temp increase
2026-04-02 01:30:01,463 - PolymarketHotWeather - INFO - ✅ 获取市场数据：Cat4 hurricane before 2027
2026-04-02 01:30:01,463 - PolymarketHotWeather - INFO - ✅ 获取市场数据：NYC March precipitation
2026-04-02 01:30:01,463 - PolymarketHotWeather - INFO - ✅ 获取市场数据：2026 March 1-3 hottest
2026-04-02 01:30:01,463 - PolymarketHotWeather - INFO - 📝 数据已保存：/home/nicola/.openclaw/workspace/data/polymarket/hot-weather-20260402-013001.json
2026-04-02 01:30:01,464 - PolymarketHotWeather - INFO - 📝 最新数据已更新：/home/nicola/.openclaw/workspace/data/polymarket/hot-weather-latest.json
2026-04-02 01:30:01,464 - PolymarketHotWeather - INFO - 📊 报告已生成：/home/nicola/.openclaw/workspace/data/polymarket/README.md
2026-04-02 01:30:01,464 - PolymarketHotWeather - INFO - ✅ 数据采集完成，共 5 个市场
2026-04-02 01:30:01,464 - PolymarketHotWeather - INFO - 💰 总流动性：$2,868,000
[2026年 04月 02日 星期四 01:30:01 CST] ✓ Polymarket hot weather data collection completed
========================================
[2026年 04月 02日 星期四 02:00:01 CST] Start Polymarket Hot Weather Data Collection...
2026-04-02 02:00:02,263 - PolymarketHotWeather - INFO - 🚀 Polymarket 热度前 5 名天气预测数据采集启动...
2026-04-02 02:00:02,264 - PolymarketHotWeather - INFO - ✅ 获取市场数据：2026 hottest year rank
2026-04-02 02:00:02,264 - PolymarketHotWeather - INFO - ✅ 获取市场数据：March 2026 temp increase
2026-04-02 02:00:02,264 - PolymarketHotWeather - INFO - ✅ 获取市场数据：Cat4 hurricane before 2027
2026-04-02 02:00:02,264 - PolymarketHotWeather - INFO - ✅ 获取市场数据：NYC March precipitation
2026-04-02 02:00:02,264 - PolymarketHotWeather - INFO - ✅ 获取市场数据：2026 March 1-3 hottest
2026-04-02 02:00:02,264 - PolymarketHotWeather - INFO - 📝 数据已保存：/home/nicola/.openclaw/workspace/data/polymarket/hot-weather-20260402-020002.json
2026-04-02 02:00:02,265 - PolymarketHotWeather - INFO - 📝 最新数据已更新：/home/nicola/.openclaw/workspace/data/polymarket/hot-weather-latest.json
2026-04-02 02:00:02,265 - PolymarketHotWeather - INFO - 📊 报告已生成：/home/nicola/.openclaw/workspace/data/polymarket/README.md
2026-04-02 02:00:02,265 - PolymarketHotWeather - INFO - ✅ 数据采集完成，共 5 个市场
2026-04-02 02:00:02,265 - PolymarketHotWeather - INFO - 💰 总流动性：$2,868,000
[2026年 04月 02日 星期四 02:00:02 CST] ✓ Polymarket hot weather data collection completed
========================================
[2026年 04月 02日 星期四 02:30:01 CST] Start Polymarket Hot Weather Data Collection...
2026-04-02 02:30:02,024 - PolymarketHotWeather - INFO - 🚀 Polymarket 热度前 5 名天气预测数据采集启动...
2026-04-02 02:30:02,024 - PolymarketHotWeather - INFO - ✅ 获取市场数据：2026 hottest year rank
2026-04-02 02:30:02,024 - PolymarketHotWeather - INFO - ✅ 获取市场数据：March 2026 temp increase
2026-04-02 02:30:02,024 - PolymarketHotWeather - INFO - ✅ 获取市场数据：Cat4 hurricane before 2027
2026-04-02 02:30:02,024 - PolymarketHotWeather - INFO - ✅ 获取市场数据：NYC March precipitation
2026-04-02 02:30:02,024 - PolymarketHotWeather - INFO - ✅ 获取市场数据：2026 March 1-3 hottest
2026-04-02 02:30:02,024 - PolymarketHotWeather - INFO - 📝 数据已保存：/home/nicola/.openclaw/workspace/data/polymarket/hot-weather-20260402-023002.json
2026-04-02 02:30:02,025 - PolymarketHotWeather - INFO - 📝 最新数据已更新：/home/nicola/.openclaw/workspace/data/polymarket/hot-weather-latest.json
2026-04-02 02:30:02,025 - PolymarketHotWeather - INFO - 📊 报告已生成：/home/nicola/.openclaw/workspace/data/polymarket/README.md
2026-04-02 02:30:02,025 - PolymarketHotWeather - INFO - ✅ 数据采集完成，共 5 个市场
2026-04-02 02:30:02,025 - PolymarketHotWeather - INFO - 💰 总流动性：$2,868,000
[2026年 04月 02日 星期四 02:30:02 CST] ✓ Polymarket hot weather data collection completed
========================================
[2026年 04月 02日 星期四 03:00:01 CST] Start Polymarket Hot Weather Data Collection...
2026-04-02 03:00:01,763 - PolymarketHotWeather - INFO - 🚀 Polymarket 热度前 5 名天气预测数据采集启动...
2026-04-02 03:00:01,763 - PolymarketHotWeather - INFO - ✅ 获取市场数据：2026 hottest year rank
2026-04-02 03:00:01,763 - PolymarketHotWeather - INFO - ✅ 获取市场数据：March 2026 temp increase
2026-04-02 03:00:01,763 - PolymarketHotWeather - INFO - ✅ 获取市场数据：Cat4 hurricane before 2027
2026-04-02 03:00:01,764 - PolymarketHotWeather - INFO - ✅ 获取市场数据：NYC March precipitation
2026-04-02 03:00:01,764 - PolymarketHotWeather - INFO - ✅ 获取市场数据：2026 March 1-3 hottest
2026-04-02 03:00:01,764 - PolymarketHotWeather - INFO - 📝 数据已保存：/home/nicola/.openclaw/workspace/data/polymarket/hot-weather-20260402-030001.json
2026-04-02 03:00:01,764 - PolymarketHotWeather - INFO - 📝 最新数据已更新：/home/nicola/.openclaw/workspace/data/polymarket/hot-weather-latest.json
2026-04-02 03:00:01,764 - PolymarketHotWeather - INFO - 📊 报告已生成：/home/nicola/.openclaw/workspace/data/polymarket/README.md
2026-04-02 03:00:01,764 - PolymarketHotWeather - INFO - ✅ 数据采集完成，共 5 个市场
2026-04-02 03:00:01,765 - PolymarketHotWeather - INFO - 💰 总流动性：$2,868,000
[2026年 04月 02日 星期四 03:00:01 CST] ✓ Polymarket hot weather data collection completed
========================================
[2026年 04月 02日 星期四 03:30:01 CST] Start Polymarket Hot Weather Data Collection...
2026-04-02 03:30:01,614 - PolymarketHotWeather - INFO - 🚀 Polymarket 热度前 5 名天气预测数据采集启动...
2026-04-02 03:30:01,614 - PolymarketHotWeather - INFO - ✅ 获取市场数据：2026 hottest year rank
2026-04-02 03:30:01,614 - PolymarketHotWeather - INFO - ✅ 获取市场数据：March 2026 temp increase
2026-04-02 03:30:01,614 - PolymarketHotWeather - INFO - ✅ 获取市场数据：Cat4 hurricane before 2027
2026-04-02 03:30:01,614 - PolymarketHotWeather - INFO - ✅ 获取市场数据：NYC March precipitation
2026-04-02 03:30:01,614 - PolymarketHotWeather - INFO - ✅ 获取市场数据：2026 March 1-3 hottest
2026-04-02 03:30:01,615 - PolymarketHotWeather - INFO - 📝 数据已保存：/home/nicola/.openclaw/workspace/data/polymarket/hot-weather-20260402-033001.json
2026-04-02 03:30:01,615 - PolymarketHotWeather - INFO - 📝 最新数据已更新：/home/nicola/.openclaw/workspace/data/polymarket/hot-weather-latest.json
2026-04-02 03:30:01,615 - PolymarketHotWeather - INFO - 📊 报告已生成：/home/nicola/.openclaw/workspace/data/polymarket/README.md
2026-04-02 03:30:01,615 - PolymarketHotWeather - INFO - ✅ 数据采集完成，共 5 个市场
2026-04-02 03:30:01,615 - PolymarketHotWeather - INFO - 💰 总流动性：$2,868,000
[2026年 04月 02日 星期四 03:30:01 CST] ✓ Polymarket hot weather data collection completed
========================================
[2026年 04月 02日 星期四 04:00:01 CST] Start Polymarket Hot Weather Data Collection...
2026-04-02 04:00:01,363 - PolymarketHotWeather - INFO - 🚀 Polymarket 热度前 5 名天气预测数据采集启动...
2026-04-02 04:00:01,363 - PolymarketHotWeather - INFO - ✅ 获取市场数据：2026 hottest year rank
2026-04-02 04:00:01,364 - PolymarketHotWeather - INFO - ✅ 获取市场数据：March 2026 temp increase
2026-04-02 04:00:01,364 - PolymarketHotWeather - INFO - ✅ 获取市场数据：Cat4 hurricane before 2027
2026-04-02 04:00:01,364 - PolymarketHotWeather - INFO - ✅ 获取市场数据：NYC March precipitation
2026-04-02 04:00:01,364 - PolymarketHotWeather - INFO - ✅ 获取市场数据：2026 March 1-3 hottest
2026-04-02 04:00:01,364 - PolymarketHotWeather - INFO - 📝 数据已保存：/home/nicola/.openclaw/workspace/data/polymarket/hot-weather-20260402-040001.json
2026-04-02 04:00:01,364 - PolymarketHotWeather - INFO - 📝 最新数据已更新：/home/nicola/.openclaw/workspace/data/polymarket/hot-weather-latest.json
2026-04-02 04:00:01,365 - PolymarketHotWeather - INFO - 📊 报告已生成：/home/nicola/.openclaw/workspace/data/polymarket/README.md
2026-04-02 04:00:01,365 - PolymarketHotWeather - INFO - ✅ 数据采集完成，共 5 个市场
2026-04-02 04:00:01,365 - PolymarketHotWeather - INFO - 💰 总流动性：$2,868,000
[2026年 04月 02日 星期四 04:00:01 CST] ✓ Polymarket hot weather data collection completed
========================================
[2026年 04月 02日 星期四 04:30:01 CST] Start Polymarket Hot Weather Data Collection...
2026-04-02 04:30:02,161 - PolymarketHotWeather - INFO - 🚀 Polymarket 热度前 5 名天气预测数据采集启动...
2026-04-02 04:30:02,161 - PolymarketHotWeather - INFO - ✅ 获取市场数据：2026 hottest year rank
2026-04-02 04:30:02,161 - PolymarketHotWeather - INFO - ✅ 获取市场数据：March 2026 temp increase
2026-04-02 04:30:02,161 - PolymarketHotWeather - INFO - ✅ 获取市场数据：Cat4 hurricane before 2027
2026-04-02 04:30:02,161 - PolymarketHotWeather - INFO - ✅ 获取市场数据：NYC March precipitation
2026-04-02 04:30:02,161 - PolymarketHotWeather - INFO - ✅ 获取市场数据：2026 March 1-3 hottest
2026-04-02 04:30:02,162 - PolymarketHotWeather - INFO - 📝 数据已保存：/home/nicola/.openclaw/workspace/data/polymarket/hot-weather-20260402-043002.json
2026-04-02 04:30:02,162 - PolymarketHotWeather - INFO - 📝 最新数据已更新：/home/nicola/.openclaw/workspace/data/polymarket/hot-weather-latest.json
2026-04-02 04:30:02,162 - PolymarketHotWeather - INFO - 📊 报告已生成：/home/nicola/.openclaw/workspace/data/polymarket/README.md
2026-04-02 04:30:02,162 - PolymarketHotWeather - INFO - ✅ 数据采集完成，共 5 个市场
2026-04-02 04:30:02,162 - PolymarketHotWeather - INFO - 💰 总流动性：$2,868,000
[2026年 04月 02日 星期四 04:30:02 CST] ✓ Polymarket hot weather data collection completed
========================================
[2026年 04月 02日 星期四 05:00:01 CST] Start Polymarket Hot Weather Data Collection...
2026-04-02 05:00:01,933 - PolymarketHotWeather - INFO - 🚀 Polymarket 热度前 5 名天气预测数据采集启动...
2026-04-02 05:00:01,933 - PolymarketHotWeather - INFO - ✅ 获取市场数据：2026 hottest year rank
2026-04-02 05:00:01,933 - PolymarketHotWeather - INFO - ✅ 获取市场数据：March 2026 temp increase
2026-04-02 05:00:01,933 - PolymarketHotWeather - INFO - ✅ 获取市场数据：Cat4 hurricane before 2027
2026-04-02 05:00:01,934 - PolymarketHotWeather - INFO - ✅ 获取市场数据：NYC March precipitation
2026-04-02 05:00:01,934 - PolymarketHotWeather - INFO - ✅ 获取市场数据：2026 March 1-3 hottest
2026-04-02 05:00:01,934 - PolymarketHotWeather - INFO - 📝 数据已保存：/home/nicola/.openclaw/workspace/data/polymarket/hot-weather-20260402-050001.json
2026-04-02 05:00:01,934 - PolymarketHotWeather - INFO - 📝 最新数据已更新：/home/nicola/.openclaw/workspace/data/polymarket/hot-weather-latest.json
2026-04-02 05:00:01,934 - PolymarketHotWeather - INFO - 📊 报告已生成：/home/nicola/.openclaw/workspace/data/polymarket/README.md
2026-04-02 05:00:01,935 - PolymarketHotWeather - INFO - ✅ 数据采集完成，共 5 个市场
2026-04-02 05:00:01,935 - PolymarketHotWeather - INFO - 💰 总流动性：$2,868,000
[2026年 04月 02日 星期四 05:00:01 CST] ✓ Polymarket hot weather data collection completed
========================================
[2026年 04月 02日 星期四 05:30:01 CST] Start Polymarket Hot Weather Data Collection...
2026-04-02 05:30:01,841 - PolymarketHotWeather - INFO - 🚀 Polymarket 热度前 5 名天气预测数据采集启动...
2026-04-02 05:30:01,841 - PolymarketHotWeather - INFO - ✅ 获取市场数据：2026 hottest year rank
2026-04-02 05:30:01,841 - PolymarketHotWeather - INFO - ✅ 获取市场数据：March 2026 temp increase
2026-04-02 05:30:01,841 - PolymarketHotWeather - INFO - ✅ 获取市场数据：Cat4 hurricane before 2027
2026-04-02 05:30:01,841 - PolymarketHotWeather - INFO - ✅ 获取市场数据：NYC March precipitation
2026-04-02 05:30:01,841 - PolymarketHotWeather - INFO - ✅ 获取市场数据：2026 March 1-3 hottest
2026-04-02 05:30:01,842 - PolymarketHotWeather - INFO - 📝 数据已保存：/home/nicola/.openclaw/workspace/data/polymarket/hot-weather-20260402-053001.json
2026-04-02 05:30:01,842 - PolymarketHotWeather - INFO - 📝 最新数据已更新：/home/nicola/.openclaw/workspace/data/polymarket/hot-weather-latest.json
2026-04-02 05:30:01,842 - PolymarketHotWeather - INFO - 📊 报告已生成：/home/nicola/.openclaw/workspace/data/polymarket/README.md
2026-04-02 05:30:01,842 - PolymarketHotWeather - INFO - ✅ 数据采集完成，共 5 个市场
2026-04-02 05:30:01,842 - PolymarketHotWeather - INFO - 💰 总流动性：$2,868,000
[2026年 04月 02日 星期四 05:30:01 CST] ✓ Polymarket hot weather data collection completed
========================================
[2026年 04月 02日 星期四 06:00:01 CST] Start Polymarket Hot Weather Data Collection...
2026-04-02 06:00:01,688 - PolymarketHotWeather - INFO - 🚀 Polymarket 热度前 5 名天气预测数据采集启动...
2026-04-02 06:00:01,691 - PolymarketHotWeather - INFO - ✅ 获取市场数据：2026 hottest year rank
2026-04-02 06:00:01,691 - PolymarketHotWeather - INFO - ✅ 获取市场数据：March 2026 temp increase
2026-04-02 06:00:01,691 - PolymarketHotWeather - INFO - ✅ 获取市场数据：Cat4 hurricane before 2027
2026-04-02 06:00:01,691 - PolymarketHotWeather - INFO - ✅ 获取市场数据：NYC March precipitation
2026-04-02 06:00:01,692 - PolymarketHotWeather - INFO - ✅ 获取市场数据：2026 March 1-3 hottest
2026-04-02 06:00:01,692 - PolymarketHotWeather - INFO - 📝 数据已保存：/home/nicola/.openclaw/workspace/data/polymarket/hot-weather-20260402-060001.json
2026-04-02 06:00:01,692 - PolymarketHotWeather - INFO - 📝 最新数据已更新：/home/nicola/.openclaw/workspace/data/polymarket/hot-weather-latest.json
2026-04-02 06:00:01,692 - PolymarketHotWeather - INFO - 📊 报告已生成：/home/nicola/.openclaw/workspace/data/polymarket/README.md
2026-04-02 06:00:01,693 - PolymarketHotWeather - INFO - ✅ 数据采集完成，共 5 个市场
2026-04-02 06:00:01,693 - PolymarketHotWeather - INFO - 💰 总流动性：$2,868,000
[2026年 04月 02日 星期四 06:00:01 CST] ✓ Polymarket hot weather data collection completed
========================================
[2026年 04月 02日 星期四 06:30:01 CST] Start Polymarket Hot Weather Data Collection...
2026-04-02 06:30:02,007 - PolymarketHotWeather - INFO - 🚀 Polymarket 热度前 5 名天气预测数据采集启动...
2026-04-02 06:30:02,007 - PolymarketHotWeather - INFO - ✅ 获取市场数据：2026 hottest year rank
2026-04-02 06:30:02,007 - PolymarketHotWeather - INFO - ✅ 获取市场数据：March 2026 temp increase
2026-04-02 06:30:02,008 - PolymarketHotWeather - INFO - ✅ 获取市场数据：Cat4 hurricane before 2027
2026-04-02 06:30:02,008 - PolymarketHotWeather - INFO - ✅ 获取市场数据：NYC March precipitation
2026-04-02 06:30:02,008 - PolymarketHotWeather - INFO - ✅ 获取市场数据：2026 March 1-3 hottest
2026-04-02 06:30:02,008 - PolymarketHotWeather - INFO - 📝 数据已保存：/home/nicola/.openclaw/workspace/data/polymarket/hot-weather-20260402-063002.json
2026-04-02 06:30:02,008 - PolymarketHotWeather - INFO - 📝 最新数据已更新：/home/nicola/.openclaw/workspace/data/polymarket/hot-weather-latest.json
2026-04-02 06:30:02,008 - PolymarketHotWeather - INFO - 📊 报告已生成：/home/nicola/.openclaw/workspace/data/polymarket/README.md
2026-04-02 06:30:02,008 - PolymarketHotWeather - INFO - ✅ 数据采集完成，共 5 个市场
2026-04-02 06:30:02,008 - PolymarketHotWeather - INFO - 💰 总流动性：$2,868,000
[2026年 04月 02日 星期四 06:30:02 CST] ✓ Polymarket hot weather data collection completed
========================================
[2026年 04月 02日 星期四 07:00:01 CST] Start Polymarket Hot Weather Data Collection...
2026-04-02 07:00:01,789 - PolymarketHotWeather - INFO - 🚀 Polymarket 热度前 5 名天气预测数据采集启动...
2026-04-02 07:00:01,789 - PolymarketHotWeather - INFO - ✅ 获取市场数据：2026 hottest year rank
2026-04-02 07:00:01,789 - PolymarketHotWeather - INFO - ✅ 获取市场数据：March 2026 temp increase
2026-04-02 07:00:01,789 - PolymarketHotWeather - INFO - ✅ 获取市场数据：Cat4 hurricane before 2027
2026-04-02 07:00:01,790 - PolymarketHotWeather - INFO - ✅ 获取市场数据：NYC March precipitation
2026-04-02 07:00:01,790 - PolymarketHotWeather - INFO - ✅ 获取市场数据：2026 March 1-3 hottest
2026-04-02 07:00:01,790 - PolymarketHotWeather - INFO - 📝 数据已保存：/home/nicola/.openclaw/workspace/data/polymarket/hot-weather-20260402-070001.json
2026-04-02 07:00:01,790 - PolymarketHotWeather - INFO - 📝 最新数据已更新：/home/nicola/.openclaw/workspace/data/polymarket/hot-weather-latest.json
2026-04-02 07:00:01,791 - PolymarketHotWeather - INFO - 📊 报告已生成：/home/nicola/.openclaw/workspace/data/polymarket/README.md
2026-04-02 07:00:01,791 - PolymarketHotWeather - INFO - ✅ 数据采集完成，共 5 个市场
2026-04-02 07:00:01,791 - PolymarketHotWeather - INFO - 💰 总流动性：$2,868,000
[2026年 04月 02日 星期四 07:00:01 CST] ✓ Polymarket hot weather data collection completed
========================================
[2026年 04月 02日 星期四 07:30:01 CST] Start Polymarket Hot Weather Data Collection...
2026-04-02 07:30:01,622 - PolymarketHotWeather - INFO - 🚀 Polymarket 热度前 5 名天气预测数据采集启动...
2026-04-02 07:30:01,622 - PolymarketHotWeather - INFO - ✅ 获取市场数据：2026 hottest year rank
2026-04-02 07:30:01,622 - PolymarketHotWeather - INFO - ✅ 获取市场数据：March 2026 temp increase
2026-04-02 07:30:01,622 - PolymarketHotWeather - INFO - ✅ 获取市场数据：Cat4 hurricane before 2027
2026-04-02 07:30:01,622 - PolymarketHotWeather - INFO - ✅ 获取市场数据：NYC March precipitation
2026-04-02 07:30:01,622 - PolymarketHotWeather - INFO - ✅ 获取市场数据：2026 March 1-3 hottest
2026-04-02 07:30:01,622 - PolymarketHotWeather - INFO - 📝 数据已保存：/home/nicola/.openclaw/workspace/data/polymarket/hot-weather-20260402-073001.json
2026-04-02 07:30:01,622 - PolymarketHotWeather - INFO - 📝 最新数据已更新：/home/nicola/.openclaw/workspace/data/polymarket/hot-weather-latest.json
2026-04-02 07:30:01,623 - PolymarketHotWeather - INFO - 📊 报告已生成：/home/nicola/.openclaw/workspace/data/polymarket/README.md
2026-04-02 07:30:01,623 - PolymarketHotWeather - INFO - ✅ 数据采集完成，共 5 个市场
2026-04-02 07:30:01,623 - PolymarketHotWeather - INFO - 💰 总流动性：$2,868,000
[2026年 04月 02日 星期四 07:30:01 CST] ✓ Polymarket hot weather data collection completed
========================================
[2026年 04月 02日 星期四 08:00:01 CST] Start Polymarket Hot Weather Data Collection...
2026-04-02 08:00:01,707 - PolymarketHotWeather - INFO - 🚀 Polymarket 热度前 5 名天气预测数据采集启动...
2026-04-02 08:00:01,707 - PolymarketHotWeather - INFO - ✅ 获取市场数据：2026 hottest year rank
2026-04-02 08:00:01,707 - PolymarketHotWeather - INFO - ✅ 获取市场数据：March 2026 temp increase
2026-04-02 08:00:01,707 - PolymarketHotWeather - INFO - ✅ 获取市场数据：Cat4 hurricane before 2027
2026-04-02 08:00:01,707 - PolymarketHotWeather - INFO - ✅ 获取市场数据：NYC March precipitation
2026-04-02 08:00:01,707 - PolymarketHotWeather - INFO - ✅ 获取市场数据：2026 March 1-3 hottest
2026-04-02 08:00:01,708 - PolymarketHotWeather - INFO - 📝 数据已保存：/home/nicola/.openclaw/workspace/data/polymarket/hot-weather-20260402-080001.json
2026-04-02 08:00:01,711 - PolymarketHotWeather - INFO - 📝 最新数据已更新：/home/nicola/.openclaw/workspace/data/polymarket/hot-weather-latest.json
2026-04-02 08:00:01,711 - PolymarketHotWeather - INFO - 📊 报告已生成：/home/nicola/.openclaw/workspace/data/polymarket/README.md
2026-04-02 08:00:01,711 - PolymarketHotWeather - INFO - ✅ 数据采集完成，共 5 个市场
2026-04-02 08:00:01,712 - PolymarketHotWeather - INFO - 💰 总流动性：$2,868,000
[2026年 04月 02日 星期四 08:00:01 CST] ✓ Polymarket hot weather data collection completed
========================================
[2026年 04月 02日 星期四 08:30:01 CST] Start Polymarket Hot Weather Data Collection...
2026-04-02 08:30:01,716 - PolymarketHotWeather - INFO - 🚀 Polymarket 热度前 5 名天气预测数据采集启动...
2026-04-02 08:30:01,716 - PolymarketHotWeather - INFO - ✅ 获取市场数据：2026 hottest year rank
2026-04-02 08:30:01,716 - PolymarketHotWeather - INFO - ✅ 获取市场数据：March 2026 temp increase
2026-04-02 08:30:01,716 - PolymarketHotWeather - INFO - ✅ 获取市场数据：Cat4 hurricane before 2027
2026-04-02 08:30:01,716 - PolymarketHotWeather - INFO - ✅ 获取市场数据：NYC March precipitation
2026-04-02 08:30:01,716 - PolymarketHotWeather - INFO - ✅ 获取市场数据：2026 March 1-3 hottest
2026-04-02 08:30:01,717 - PolymarketHotWeather - INFO - 📝 数据已保存：/home/nicola/.openclaw/workspace/data/polymarket/hot-weather-20260402-083001.json
2026-04-02 08:30:01,717 - PolymarketHotWeather - INFO - 📝 最新数据已更新：/home/nicola/.openclaw/workspace/data/polymarket/hot-weather-latest.json
2026-04-02 08:30:01,717 - PolymarketHotWeather - INFO - 📊 报告已生成：/home/nicola/.openclaw/workspace/data/polymarket/README.md
2026-04-02 08:30:01,717 - PolymarketHotWeather - INFO - ✅ 数据采集完成，共 5 个市场
2026-04-02 08:30:01,717 - PolymarketHotWeather - INFO - 💰 总流动性：$2,868,000
[2026年 04月 02日 星期四 08:30:01 CST] ✓ Polymarket hot weather data collection completed
========================================
[2026年 04月 02日 星期四 09:00:01 CST] Start Polymarket Hot Weather Data Collection...
2026-04-02 09:00:01,719 - PolymarketHotWeather - INFO - 🚀 Polymarket 热度前 5 名天气预测数据采集启动...
2026-04-02 09:00:01,719 - PolymarketHotWeather - INFO - ✅ 获取市场数据：2026 hottest year rank
2026-04-02 09:00:01,719 - PolymarketHotWeather - INFO - ✅ 获取市场数据：March 2026 temp increase
2026-04-02 09:00:01,719 - PolymarketHotWeather - INFO - ✅ 获取市场数据：Cat4 hurricane before 2027
2026-04-02 09:00:01,719 - PolymarketHotWeather - INFO - ✅ 获取市场数据：NYC March precipitation
2026-04-02 09:00:01,720 - PolymarketHotWeather - INFO - ✅ 获取市场数据：2026 March 1-3 hottest
2026-04-02 09:00:01,720 - PolymarketHotWeather - INFO - 📝 数据已保存：/home/nicola/.openclaw/workspace/data/polymarket/hot-weather-20260402-090001.json
2026-04-02 09:00:01,723 - PolymarketHotWeather - INFO - 📝 最新数据已更新：/home/nicola/.openclaw/workspace/data/polymarket/hot-weather-latest.json
2026-04-02 09:00:01,723 - PolymarketHotWeather - INFO - 📊 报告已生成：/home/nicola/.openclaw/workspace/data/polymarket/README.md
2026-04-02 09:00:01,723 - PolymarketHotWeather - INFO - ✅ 数据采集完成，共 5 个市场
2026-04-02 09:00:01,723 - PolymarketHotWeather - INFO - 💰 总流动性：$2,868,000
[2026年 04月 02日 星期四 09:00:01 CST] ✓ Polymarket hot weather data collection completed
========================================
[2026年 04月 02日 星期四 09:30:01 CST] Start Polymarket Hot Weather Data Collection...
2026-04-02 09:30:01,607 - PolymarketHotWeather - INFO - 🚀 Polymarket 热度前 5 名天气预测数据采集启动...
2026-04-02 09:30:01,608 - PolymarketHotWeather - INFO - ✅ 获取市场数据：2026 hottest year rank
2026-04-02 09:30:01,608 - PolymarketHotWeather - INFO - ✅ 获取市场数据：March 2026 temp increase
2026-04-02 09:30:01,608 - PolymarketHotWeather - INFO - ✅ 获取市场数据：Cat4 hurricane before 2027
2026-04-02 09:30:01,608 - PolymarketHotWeather - INFO - ✅ 获取市场数据：NYC March precipitation
2026-04-02 09:30:01,608 - PolymarketHotWeather - INFO - ✅ 获取市场数据：2026 March 1-3 hottest
2026-04-02 09:30:01,608 - PolymarketHotWeather - INFO - 📝 数据已保存：/home/nicola/.openclaw/workspace/data/polymarket/hot-weather-20260402-093001.json
2026-04-02 09:30:01,608 - PolymarketHotWeather - INFO - 📝 最新数据已更新：/home/nicola/.openclaw/workspace/data/polymarket/hot-weather-latest.json
2026-04-02 09:30:01,609 - PolymarketHotWeather - INFO - 📊 报告已生成：/home/nicola/.openclaw/workspace/data/polymarket/README.md
2026-04-02 09:30:01,609 - PolymarketHotWeather - INFO - ✅ 数据采集完成，共 5 个市场
2026-04-02 09:30:01,609 - PolymarketHotWeather - INFO - 💰 总流动性：$2,868,000
[2026年 04月 02日 星期四 09:30:01 CST] ✓ Polymarket hot weather data collection completed
========================================
[2026年 04月 02日 星期四 10:00:01 CST] Start Polymarket Hot Weather Data Collection...
2026-04-02 10:00:01,580 - PolymarketHotWeather - INFO - 🚀 Polymarket 热度前 5 名天气预测数据采集启动...
2026-04-02 10:00:01,580 - PolymarketHotWeather - INFO - ✅ 获取市场数据：2026 hottest year rank
2026-04-02 10:00:01,580 - PolymarketHotWeather - INFO - ✅ 获取市场数据：March 2026 temp increase
2026-04-02 10:00:01,580 - PolymarketHotWeather - INFO - ✅ 获取市场数据：Cat4 hurricane before 2027
2026-04-02 10:00:01,580 - PolymarketHotWeather - INFO - ✅ 获取市场数据：NYC March precipitation
2026-04-02 10:00:01,580 - PolymarketHotWeather - INFO - ✅ 获取市场数据：2026 March 1-3 hottest
2026-04-02 10:00:01,580 - PolymarketHotWeather - INFO - 📝 数据已保存：/home/nicola/.openclaw/workspace/data/polymarket/hot-weather-20260402-100001.json
2026-04-02 10:00:01,581 - PolymarketHotWeather - INFO - 📝 最新数据已更新：/home/nicola/.openclaw/workspace/data/polymarket/hot-weather-latest.json
2026-04-02 10:00:01,581 - PolymarketHotWeather - INFO - 📊 报告已生成：/home/nicola/.openclaw/workspace/data/polymarket/README.md
2026-04-02 10:00:01,581 - PolymarketHotWeather - INFO - ✅ 数据采集完成，共 5 个市场
2026-04-02 10:00:01,581 - PolymarketHotWeather - INFO - 💰 总流动性：$2,868,000
[2026年 04月 02日 星期四 10:00:01 CST] ✓ Polymarket hot weather data collection completed
========================================
[2026年 04月 02日 星期四 10:30:01 CST] Start Polymarket Hot Weather Data Collection...
2026-04-02 10:30:01,714 - PolymarketHotWeather - INFO - 🚀 Polymarket 热度前 5 名天气预测数据采集启动...
2026-04-02 10:30:01,714 - PolymarketHotWeather - INFO - ✅ 获取市场数据：2026 hottest year rank
2026-04-02 10:30:01,715 - PolymarketHotWeather - INFO - ✅ 获取市场数据：March 2026 temp increase
2026-04-02 10:30:01,715 - PolymarketHotWeather - INFO - ✅ 获取市场数据：Cat4 hurricane before 2027
2026-04-02 10:30:01,715 - PolymarketHotWeather - INFO - ✅ 获取市场数据：NYC March precipitation
2026-04-02 10:30:01,715 - PolymarketHotWeather - INFO - ✅ 获取市场数据：2026 March 1-3 hottest
2026-04-02 10:30:01,715 - PolymarketHotWeather - INFO - 📝 数据已保存：/home/nicola/.openclaw/workspace/data/polymarket/hot-weather-20260402-103001.json
2026-04-02 10:30:01,715 - PolymarketHotWeather - INFO - 📝 最新数据已更新：/home/nicola/.openclaw/workspace/data/polymarket/hot-weather-latest.json
2026-04-02 10:30:01,715 - PolymarketHotWeather - INFO - 📊 报告已生成：/home/nicola/.openclaw/workspace/data/polymarket/README.md
2026-04-02 10:30:01,715 - PolymarketHotWeather - INFO - ✅ 数据采集完成，共 5 个市场
2026-04-02 10:30:01,716 - PolymarketHotWeather - INFO - 💰 总流动性：$2,868,000
[2026年 04月 02日 星期四 10:30:01 CST] ✓ Polymarket hot weather data collection completed
========================================
[2026年 04月 02日 星期四 11:00:01 CST] Start Polymarket Hot Weather Data Collection...
2026-04-02 11:00:01,446 - PolymarketHotWeather - INFO - 🚀 Polymarket 热度前 5 名天气预测数据采集启动...
2026-04-02 11:00:01,446 - PolymarketHotWeather - INFO - ✅ 获取市场数据：2026 hottest year rank
2026-04-02 11:00:01,446 - PolymarketHotWeather - INFO - ✅ 获取市场数据：March 2026 temp increase
2026-04-02 11:00:01,446 - PolymarketHotWeather - INFO - ✅ 获取市场数据：Cat4 hurricane before 2027
2026-04-02 11:00:01,446 - PolymarketHotWeather - INFO - ✅ 获取市场数据：NYC March precipitation
2026-04-02 11:00:01,446 - PolymarketHotWeather - INFO - ✅ 获取市场数据：2026 March 1-3 hottest
2026-04-02 11:00:01,447 - PolymarketHotWeather - INFO - 📝 数据已保存：/home/nicola/.openclaw/workspace/data/polymarket/hot-weather-20260402-110001.json
2026-04-02 11:00:01,447 - PolymarketHotWeather - INFO - 📝 最新数据已更新：/home/nicola/.openclaw/workspace/data/polymarket/hot-weather-latest.json
2026-04-02 11:00:01,447 - PolymarketHotWeather - INFO - 📊 报告已生成：/home/nicola/.openclaw/workspace/data/polymarket/README.md
2026-04-02 11:00:01,447 - PolymarketHotWeather - INFO - ✅ 数据采集完成，共 5 个市场
2026-04-02 11:00:01,447 - PolymarketHotWeather - INFO - 💰 总流动性：$2,868,000
[2026年 04月 02日 星期四 11:00:01 CST] ✓ Polymarket hot weather data collection completed
========================================
[2026年 04月 02日 星期四 11:30:01 CST] Start Polymarket Hot Weather Data Collection...
2026-04-02 11:30:02,137 - PolymarketHotWeather - INFO - 🚀 Polymarket 热度前 5 名天气预测数据采集启动...
2026-04-02 11:30:02,137 - PolymarketHotWeather - INFO - ✅ 获取市场数据：2026 hottest year rank
2026-04-02 11:30:02,137 - PolymarketHotWeather - INFO - ✅ 获取市场数据：March 2026 temp increase
2026-04-02 11:30:02,137 - PolymarketHotWeather - INFO - ✅ 获取市场数据：Cat4 hurricane before 2027
2026-04-02 11:30:02,137 - PolymarketHotWeather - INFO - ✅ 获取市场数据：NYC March precipitation
2026-04-02 11:30:02,137 - PolymarketHotWeather - INFO - ✅ 获取市场数据：2026 March 1-3 hottest
2026-04-02 11:30:02,137 - PolymarketHotWeather - INFO - 📝 数据已保存：/home/nicola/.openclaw/workspace/data/polymarket/hot-weather-20260402-113002.json
2026-04-02 11:30:02,138 - PolymarketHotWeather - INFO - 📝 最新数据已更新：/home/nicola/.openclaw/workspace/data/polymarket/hot-weather-latest.json
2026-04-02 11:30:02,138 - PolymarketHotWeather - INFO - 📊 报告已生成：/home/nicola/.openclaw/workspace/data/polymarket/README.md
2026-04-02 11:30:02,138 - PolymarketHotWeather - INFO - ✅ 数据采集完成，共 5 个市场
2026-04-02 11:30:02,138 - PolymarketHotWeather - INFO - 💰 总流动性：$2,868,000
[2026年 04月 02日 星期四 11:30:02 CST] ✓ Polymarket hot weather data collection completed
========================================
[2026年 04月 02日 星期四 12:00:01 CST] Start Polymarket Hot Weather Data Collection...
2026-04-02 12:00:02,131 - PolymarketHotWeather - INFO - 🚀 Polymarket 热度前 5 名天气预测数据采集启动...
2026-04-02 12:00:02,132 - PolymarketHotWeather - INFO - ✅ 获取市场数据：2026 hottest year rank
2026-04-02 12:00:02,132 - PolymarketHotWeather - INFO - ✅ 获取市场数据：March 2026 temp increase
2026-04-02 12:00:02,132 - PolymarketHotWeather - INFO - ✅ 获取市场数据：Cat4 hurricane before 2027
2026-04-02 12:00:02,132 - PolymarketHotWeather - INFO - ✅ 获取市场数据：NYC March precipitation
2026-04-02 12:00:02,132 - PolymarketHotWeather - INFO - ✅ 获取市场数据：2026 March 1-3 hottest
2026-04-02 12:00:02,133 - PolymarketHotWeather - INFO - 📝 数据已保存：/home/nicola/.openclaw/workspace/data/polymarket/hot-weather-20260402-120002.json
2026-04-02 12:00:02,133 - PolymarketHotWeather - INFO - 📝 最新数据已更新：/home/nicola/.openclaw/workspace/data/polymarket/hot-weather-latest.json
2026-04-02 12:00:02,134 - PolymarketHotWeather - INFO - 📊 报告已生成：/home/nicola/.openclaw/workspace/data/polymarket/README.md
2026-04-02 12:00:02,134 - PolymarketHotWeather - INFO - ✅ 数据采集完成，共 5 个市场
2026-04-02 12:00:02,134 - PolymarketHotWeather - INFO - 💰 总流动性：$2,868,000
[2026年 04月 02日 星期四 12:00:02 CST] ✓ Polymarket hot weather data collection completed
========================================
[2026年 04月 02日 星期四 12:30:01 CST] Start Polymarket Hot Weather Data Collection...
2026-04-02 12:30:02,059 - PolymarketHotWeather - INFO - 🚀 Polymarket 热度前 5 名天气预测数据采集启动...
2026-04-02 12:30:02,060 - PolymarketHotWeather - INFO - ✅ 获取市场数据：2026 hottest year rank
2026-04-02 12:30:02,060 - PolymarketHotWeather - INFO - ✅ 获取市场数据：March 2026 temp increase
2026-04-02 12:30:02,060 - PolymarketHotWeather - INFO - ✅ 获取市场数据：Cat4 hurricane before 2027
2026-04-02 12:30:02,060 - PolymarketHotWeather - INFO - ✅ 获取市场数据：NYC March precipitation
2026-04-02 12:30:02,060 - PolymarketHotWeather - INFO - ✅ 获取市场数据：2026 March 1-3 hottest
2026-04-02 12:30:02,060 - PolymarketHotWeather - INFO - 📝 数据已保存：/home/nicola/.openclaw/workspace/data/polymarket/hot-weather-20260402-123002.json
2026-04-02 12:30:02,060 - PolymarketHotWeather - INFO - 📝 最新数据已更新：/home/nicola/.openclaw/workspace/data/polymarket/hot-weather-latest.json
2026-04-02 12:30:02,061 - PolymarketHotWeather - INFO - 📊 报告已生成：/home/nicola/.openclaw/workspace/data/polymarket/README.md
2026-04-02 12:30:02,061 - PolymarketHotWeather - INFO - ✅ 数据采集完成，共 5 个市场
2026-04-02 12:30:02,061 - PolymarketHotWeather - INFO - 💰 总流动性：$2,868,000
[2026年 04月 02日 星期四 12:30:02 CST] ✓ Polymarket hot weather data collection completed
========================================
[2026年 04月 02日 星期四 13:00:01 CST] Start Polymarket Hot Weather Data Collection...
2026-04-02 13:00:01,898 - PolymarketHotWeather - INFO - 🚀 Polymarket 热度前 5 名天气预测数据采集启动...
2026-04-02 13:00:01,899 - PolymarketHotWeather - INFO - ✅ 获取市场数据：2026 hottest year rank
2026-04-02 13:00:01,899 - PolymarketHotWeather - INFO - ✅ 获取市场数据：March 2026 temp increase
2026-04-02 13:00:01,899 - PolymarketHotWeather - INFO - ✅ 获取市场数据：Cat4 hurricane before 2027
2026-04-02 13:00:01,899 - PolymarketHotWeather - INFO - ✅ 获取市场数据：NYC March precipitation
2026-04-02 13:00:01,899 - PolymarketHotWeather - INFO - ✅ 获取市场数据：2026 March 1-3 hottest
2026-04-02 13:00:01,899 - PolymarketHotWeather - INFO - 📝 数据已保存：/home/nicola/.openclaw/workspace/data/polymarket/hot-weather-20260402-130001.json
2026-04-02 13:00:01,900 - PolymarketHotWeather - INFO - 📝 最新数据已更新：/home/nicola/.openclaw/workspace/data/polymarket/hot-weather-latest.json
2026-04-02 13:00:01,900 - PolymarketHotWeather - INFO - 📊 报告已生成：/home/nicola/.openclaw/workspace/data/polymarket/README.md
2026-04-02 13:00:01,900 - PolymarketHotWeather - INFO - ✅ 数据采集完成，共 5 个市场
2026-04-02 13:00:01,900 - PolymarketHotWeather - INFO - 💰 总流动性：$2,868,000
[2026年 04月 02日 星期四 13:00:01 CST] ✓ Polymarket hot weather data collection completed
========================================
[2026年 04月 02日 星期四 13:30:01 CST] Start Polymarket Hot Weather Data Collection...
2026-04-02 13:30:01,396 - PolymarketHotWeather - INFO - 🚀 Polymarket 热度前 5 名天气预测数据采集启动...
2026-04-02 13:30:01,396 - PolymarketHotWeather - INFO - ✅ 获取市场数据：2026 hottest year rank
2026-04-02 13:30:01,396 - PolymarketHotWeather - INFO - ✅ 获取市场数据：March 2026 temp increase
2026-04-02 13:30:01,396 - PolymarketHotWeather - INFO - ✅ 获取市场数据：Cat4 hurricane before 2027
2026-04-02 13:30:01,397 - PolymarketHotWeather - INFO - ✅ 获取市场数据：NYC March precipitation
2026-04-02 13:30:01,397 - PolymarketHotWeather - INFO - ✅ 获取市场数据：2026 March 1-3 hottest
2026-04-02 13:30:01,397 - PolymarketHotWeather - INFO - 📝 数据已保存：/home/nicola/.openclaw/workspace/data/polymarket/hot-weather-20260402-133001.json
2026-04-02 13:30:01,397 - PolymarketHotWeather - INFO - 📝 最新数据已更新：/home/nicola/.openclaw/workspace/data/polymarket/hot-weather-latest.json
2026-04-02 13:30:01,397 - PolymarketHotWeather - INFO - 📊 报告已生成：/home/nicola/.openclaw/workspace/data/polymarket/README.md
2026-04-02 13:30:01,397 - PolymarketHotWeather - INFO - ✅ 数据采集完成，共 5 个市场
2026-04-02 13:30:01,397 - PolymarketHotWeather - INFO - 💰 总流动性：$2,868,000
[2026年 04月 02日 星期四 13:30:01 CST] ✓ Polymarket hot weather data collection completed
========================================
[2026年 04月 02日 星期四 14:00:01 CST] Start Polymarket Hot Weather Data Collection...
2026-04-02 14:00:02,405 - PolymarketHotWeather - INFO - 🚀 Polymarket 热度前 5 名天气预测数据采集启动...
2026-04-02 14:00:02,406 - PolymarketHotWeather - INFO - ✅ 获取市场数据：2026 hottest year rank
2026-04-02 14:00:02,406 - PolymarketHotWeather - INFO - ✅ 获取市场数据：March 2026 temp increase
2026-04-02 14:00:02,406 - PolymarketHotWeather - INFO - ✅ 获取市场数据：Cat4 hurricane before 2027
2026-04-02 14:00:02,406 - PolymarketHotWeather - INFO - ✅ 获取市场数据：NYC March precipitation
2026-04-02 14:00:02,406 - PolymarketHotWeather - INFO - ✅ 获取市场数据：2026 March 1-3 hottest
2026-04-02 14:00:02,407 - PolymarketHotWeather - INFO - 📝 数据已保存：/home/nicola/.openclaw/workspace/data/polymarket/hot-weather-20260402-140002.json
2026-04-02 14:00:02,407 - PolymarketHotWeather - INFO - 📝 最新数据已更新：/home/nicola/.openclaw/workspace/data/polymarket/hot-weather-latest.json
2026-04-02 14:00:02,407 - PolymarketHotWeather - INFO - 📊 报告已生成：/home/nicola/.openclaw/workspace/data/polymarket/README.md
2026-04-02 14:00:02,407 - PolymarketHotWeather - INFO - ✅ 数据采集完成，共 5 个市场
2026-04-02 14:00:02,407 - PolymarketHotWeather - INFO - 💰 总流动性：$2,868,000
[2026年 04月 02日 星期四 14:00:02 CST] ✓ Polymarket hot weather data collection completed
========================================
[2026年 04月 02日 星期四 14:30:02 CST] Start Polymarket Hot Weather Data Collection...
2026-04-02 14:30:02,233 - PolymarketHotWeather - INFO - 🚀 Polymarket 热度前 5 名天气预测数据采集启动...
2026-04-02 14:30:02,233 - PolymarketHotWeather - INFO - ✅ 获取市场数据：2026 hottest year rank
2026-04-02 14:30:02,233 - PolymarketHotWeather - INFO - ✅ 获取市场数据：March 2026 temp increase
2026-04-02 14:30:02,233 - PolymarketHotWeather - INFO - ✅ 获取市场数据：Cat4 hurricane before 2027
2026-04-02 14:30:02,233 - PolymarketHotWeather - INFO - ✅ 获取市场数据：NYC March precipitation
2026-04-02 14:30:02,233 - PolymarketHotWeather - INFO - ✅ 获取市场数据：2026 March 1-3 hottest
2026-04-02 14:30:02,233 - PolymarketHotWeather - INFO - 📝 数据已保存：/home/nicola/.openclaw/workspace/data/polymarket/hot-weather-20260402-143002.json
2026-04-02 14:30:02,234 - PolymarketHotWeather - INFO - 📝 最新数据已更新：/home/nicola/.openclaw/workspace/data/polymarket/hot-weather-latest.json
2026-04-02 14:30:02,234 - PolymarketHotWeather - INFO - 📊 报告已生成：/home/nicola/.openclaw/workspace/data/polymarket/README.md
2026-04-02 14:30:02,234 - PolymarketHotWeather - INFO - ✅ 数据采集完成，共 5 个市场
2026-04-02 14:30:02,234 - PolymarketHotWeather - INFO - 💰 总流动性：$2,868,000
[2026年 04月 02日 星期四 14:30:02 CST] ✓ Polymarket hot weather data collection completed
========================================
[2026年 04月 02日 星期四 15:00:01 CST] Start Polymarket Hot Weather Data Collection...
2026-04-02 15:00:01,973 - PolymarketHotWeather - INFO - 🚀 Polymarket 热度前 5 名天气预测数据采集启动...
2026-04-02 15:00:01,973 - PolymarketHotWeather - INFO - ✅ 获取市场数据：2026 hottest year rank
2026-04-02 15:00:01,973 - PolymarketHotWeather - INFO - ✅ 获取市场数据：March 2026 temp increase
2026-04-02 15:00:01,973 - PolymarketHotWeather - INFO - ✅ 获取市场数据：Cat4 hurricane before 2027
2026-04-02 15:00:01,973 - PolymarketHotWeather - INFO - ✅ 获取市场数据：NYC March precipitation
2026-04-02 15:00:01,973 - PolymarketHotWeather - INFO - ✅ 获取市场数据：2026 March 1-3 hottest
2026-04-02 15:00:01,973 - PolymarketHotWeather - INFO - 📝 数据已保存：/home/nicola/.openclaw/workspace/data/polymarket/hot-weather-20260402-150001.json
2026-04-02 15:00:01,974 - PolymarketHotWeather - INFO - 📝 最新数据已更新：/home/nicola/.openclaw/workspace/data/polymarket/hot-weather-latest.json
2026-04-02 15:00:01,974 - PolymarketHotWeather - INFO - 📊 报告已生成：/home/nicola/.openclaw/workspace/data/polymarket/README.md
2026-04-02 15:00:01,974 - PolymarketHotWeather - INFO - ✅ 数据采集完成，共 5 个市场
2026-04-02 15:00:01,974 - PolymarketHotWeather - INFO - 💰 总流动性：$2,868,000
[2026年 04月 02日 星期四 15:00:02 CST] ✓ Polymarket hot weather data collection completed
========================================
[2026年 04月 02日 星期四 15:30:01 CST] Start Polymarket Hot Weather Data Collection...
2026-04-02 15:30:01,524 - PolymarketHotWeather - INFO - 🚀 Polymarket 热度前 5 名天气预测数据采集启动...
2026-04-02 15:30:01,524 - PolymarketHotWeather - INFO - ✅ 获取市场数据：2026 hottest year rank
2026-04-02 15:30:01,524 - PolymarketHotWeather - INFO - ✅ 获取市场数据：March 2026 temp increase
2026-04-02 15:30:01,524 - PolymarketHotWeather - INFO - ✅ 获取市场数据：Cat4 hurricane before 2027
2026-04-02 15:30:01,524 - PolymarketHotWeather - INFO - ✅ 获取市场数据：NYC March precipitation
2026-04-02 15:30:01,525 - PolymarketHotWeather - INFO - ✅ 获取市场数据：2026 March 1-3 hottest
2026-04-02 15:30:01,525 - PolymarketHotWeather - INFO - 📝 数据已保存：/home/nicola/.openclaw/workspace/data/polymarket/hot-weather-20260402-153001.json
2026-04-02 15:30:01,525 - PolymarketHotWeather - INFO - 📝 最新数据已更新：/home/nicola/.openclaw/workspace/data/polymarket/hot-weather-latest.json
2026-04-02 15:30:01,525 - PolymarketHotWeather - INFO - 📊 报告已生成：/home/nicola/.openclaw/workspace/data/polymarket/README.md
2026-04-02 15:30:01,525 - PolymarketHotWeather - INFO - ✅ 数据采集完成，共 5 个市场
2026-04-02 15:30:01,525 - PolymarketHotWeather - INFO - 💰 总流动性：$2,868,000
[2026年 04月 02日 星期四 15:30:01 CST] ✓ Polymarket hot weather data collection completed
========================================
[2026年 04月 02日 星期四 16:00:02 CST] Start Polymarket Hot Weather Data Collection...
2026-04-02 16:00:02,305 - PolymarketHotWeather - INFO - 🚀 Polymarket 热度前 5 名天气预测数据采集启动...
2026-04-02 16:00:02,305 - PolymarketHotWeather - INFO - ✅ 获取市场数据：2026 hottest year rank
2026-04-02 16:00:02,305 - PolymarketHotWeather - INFO - ✅ 获取市场数据：March 2026 temp increase
2026-04-02 16:00:02,305 - PolymarketHotWeather - INFO - ✅ 获取市场数据：Cat4 hurricane before 2027
2026-04-02 16:00:02,305 - PolymarketHotWeather - INFO - ✅ 获取市场数据：NYC March precipitation
2026-04-02 16:00:02,305 - PolymarketHotWeather - INFO - ✅ 获取市场数据：2026 March 1-3 hottest
2026-04-02 16:00:02,305 - PolymarketHotWeather - INFO - 📝 数据已保存：/home/nicola/.openclaw/workspace/data/polymarket/hot-weather-20260402-160002.json
2026-04-02 16:00:02,306 - PolymarketHotWeather - INFO - 📝 最新数据已更新：/home/nicola/.openclaw/workspace/data/polymarket/hot-weather-latest.json
2026-04-02 16:00:02,306 - PolymarketHotWeather - INFO - 📊 报告已生成：/home/nicola/.openclaw/workspace/data/polymarket/README.md
2026-04-02 16:00:02,306 - PolymarketHotWeather - INFO - ✅ 数据采集完成，共 5 个市场
2026-04-02 16:00:02,306 - PolymarketHotWeather - INFO - 💰 总流动性：$2,868,000
[2026年 04月 02日 星期四 16:00:02 CST] ✓ Polymarket hot weather data collection completed
========================================
[2026年 04月 02日 星期四 16:30:01 CST] Start Polymarket Hot Weather Data Collection...
2026-04-02 16:30:01,957 - PolymarketHotWeather - INFO - 🚀 Polymarket 热度前 5 名天气预测数据采集启动...
2026-04-02 16:30:01,957 - PolymarketHotWeather - INFO - ✅ 获取市场数据：2026 hottest year rank
2026-04-02 16:30:01,957 - PolymarketHotWeather - INFO - ✅ 获取市场数据：March 2026 temp increase
2026-04-02 16:30:01,957 - PolymarketHotWeather - INFO - ✅ 获取市场数据：Cat4 hurricane before 2027
2026-04-02 16:30:01,957 - PolymarketHotWeather - INFO - ✅ 获取市场数据：NYC March precipitation
2026-04-02 16:30:01,957 - PolymarketHotWeather - INFO - ✅ 获取市场数据：2026 March 1-3 hottest
2026-04-02 16:30:01,957 - PolymarketHotWeather - INFO - 📝 数据已保存：/home/nicola/.openclaw/workspace/data/polymarket/hot-weather-20260402-163001.json
2026-04-02 16:30:01,958 - PolymarketHotWeather - INFO - 📝 最新数据已更新：/home/nicola/.openclaw/workspace/data/polymarket/hot-weather-latest.json
2026-04-02 16:30:01,958 - PolymarketHotWeather - INFO - 📊 报告已生成：/home/nicola/.openclaw/workspace/data/polymarket/README.md
2026-04-02 16:30:01,958 - PolymarketHotWeather - INFO - ✅ 数据采集完成，共 5 个市场
2026-04-02 16:30:01,958 - PolymarketHotWeather - INFO - 💰 总流动性：$2,868,000
[2026年 04月 02日 星期四 16:30:01 CST] ✓ Polymarket hot weather data collection completed
