========================================
[2026年 03月 30日 星期一 21:30:01 CST] Start Polymarket Hot Weather Data Collection...
2026-03-30 21:30:01,729 - PolymarketHotWeather - INFO - 🚀 Polymarket 热度前 5 名天气预测数据采集启动...
2026-03-30 21:30:01,729 - PolymarketHotWeather - INFO - ✅ 获取市场数据：2026 hottest year rank
2026-03-30 21:30:01,729 - PolymarketHotWeather - INFO - ✅ 获取市场数据：March 2026 temp increase
2026-03-30 21:30:01,729 - PolymarketHotWeather - INFO - ✅ 获取市场数据：Cat4 hurricane before 2027
2026-03-30 21:30:01,729 - PolymarketHotWeather - INFO - ✅ 获取市场数据：NYC March precipitation
2026-03-30 21:30:01,729 - PolymarketHotWeather - INFO - ✅ 获取市场数据：2026 March 1-3 hottest
2026-03-30 21:30:01,730 - PolymarketHotWeather - INFO - 📝 数据已保存：/home/nicola/.openclaw/workspace/data/polymarket/hot-weather-20260330-213001.json
2026-03-30 21:30:01,730 - PolymarketHotWeather - INFO - 📝 最新数据已更新：/home/nicola/.openclaw/workspace/data/polymarket/hot-weather-latest.json
2026-03-30 21:30:01,730 - PolymarketHotWeather - INFO - 📊 报告已生成：/home/nicola/.openclaw/workspace/data/polymarket/README.md
2026-03-30 21:30:01,730 - PolymarketHotWeather - INFO - ✅ 数据采集完成，共 5 个市场
2026-03-30 21:30:01,730 - PolymarketHotWeather - INFO - 💰 总流动性：$2,868,000
[2026年 03月 30日 星期一 21:30:01 CST] ✓ Polymarket hot weather data collection completed
========================================
[2026年 03月 30日 星期一 22:00:01 CST] Start Polymarket Hot Weather Data Collection...
2026-03-30 22:00:01,336 - PolymarketHotWeather - INFO - 🚀 Polymarket 热度前 5 名天气预测数据采集启动...
2026-03-30 22:00:01,336 - PolymarketHotWeather - INFO - ✅ 获取市场数据：2026 hottest year rank
2026-03-30 22:00:01,337 - PolymarketHotWeather - INFO - ✅ 获取市场数据：March 2026 temp increase
2026-03-30 22:00:01,337 - PolymarketHotWeather - INFO - ✅ 获取市场数据：Cat4 hurricane before 2027
2026-03-30 22:00:01,337 - PolymarketHotWeather - INFO - ✅ 获取市场数据：NYC March precipitation
2026-03-30 22:00:01,337 - PolymarketHotWeather - INFO - ✅ 获取市场数据：2026 March 1-3 hottest
2026-03-30 22:00:01,337 - PolymarketHotWeather - INFO - 📝 数据已保存：/home/nicola/.openclaw/workspace/data/polymarket/hot-weather-20260330-220001.json
2026-03-30 22:00:01,337 - PolymarketHotWeather - INFO - 📝 最新数据已更新：/home/nicola/.openclaw/workspace/data/polymarket/hot-weather-latest.json
2026-03-30 22:00:01,338 - PolymarketHotWeather - INFO - 📊 报告已生成：/home/nicola/.openclaw/workspace/data/polymarket/README.md
2026-03-30 22:00:01,338 - PolymarketHotWeather - INFO - ✅ 数据采集完成，共 5 个市场
2026-03-30 22:00:01,338 - PolymarketHotWeather - INFO - 💰 总流动性：$2,868,000
[2026年 03月 30日 星期一 22:00:01 CST] ✓ Polymarket hot weather data collection completed
========================================
[2026年 03月 30日 星期一 22:30:01 CST] Start Polymarket Hot Weather Data Collection...
2026-03-30 22:30:02,041 - PolymarketHotWeather - INFO - 🚀 Polymarket 热度前 5 名天气预测数据采集启动...
2026-03-30 22:30:02,042 - PolymarketHotWeather - INFO - ✅ 获取市场数据：2026 hottest year rank
2026-03-30 22:30:02,042 - PolymarketHotWeather - INFO - ✅ 获取市场数据：March 2026 temp increase
2026-03-30 22:30:02,042 - PolymarketHotWeather - INFO - ✅ 获取市场数据：Cat4 hurricane before 2027
2026-03-30 22:30:02,042 - PolymarketHotWeather - INFO - ✅ 获取市场数据：NYC March precipitation
2026-03-30 22:30:02,042 - PolymarketHotWeather - INFO - ✅ 获取市场数据：2026 March 1-3 hottest
2026-03-30 22:30:02,042 - PolymarketHotWeather - INFO - 📝 数据已保存：/home/nicola/.openclaw/workspace/data/polymarket/hot-weather-20260330-223002.json
2026-03-30 22:30:02,042 - PolymarketHotWeather - INFO - 📝 最新数据已更新：/home/nicola/.openclaw/workspace/data/polymarket/hot-weather-latest.json
2026-03-30 22:30:02,042 - PolymarketHotWeather - INFO - 📊 报告已生成：/home/nicola/.openclaw/workspace/data/polymarket/README.md
2026-03-30 22:30:02,043 - PolymarketHotWeather - INFO - ✅ 数据采集完成，共 5 个市场
2026-03-30 22:30:02,043 - PolymarketHotWeather - INFO - 💰 总流动性：$2,868,000
[2026年 03月 30日 星期一 22:30:02 CST] ✓ Polymarket hot weather data collection completed
========================================
[2026年 03月 30日 星期一 23:00:01 CST] Start Polymarket Hot Weather Data Collection...
2026-03-30 23:00:01,679 - PolymarketHotWeather - INFO - 🚀 Polymarket 热度前 5 名天气预测数据采集启动...
2026-03-30 23:00:01,679 - PolymarketHotWeather - INFO - ✅ 获取市场数据：2026 hottest year rank
2026-03-30 23:00:01,679 - PolymarketHotWeather - INFO - ✅ 获取市场数据：March 2026 temp increase
2026-03-30 23:00:01,679 - PolymarketHotWeather - INFO - ✅ 获取市场数据：Cat4 hurricane before 2027
2026-03-30 23:00:01,679 - PolymarketHotWeather - INFO - ✅ 获取市场数据：NYC March precipitation
2026-03-30 23:00:01,679 - PolymarketHotWeather - INFO - ✅ 获取市场数据：2026 March 1-3 hottest
2026-03-30 23:00:01,680 - PolymarketHotWeather - INFO - 📝 数据已保存：/home/nicola/.openclaw/workspace/data/polymarket/hot-weather-20260330-230001.json
2026-03-30 23:00:01,680 - PolymarketHotWeather - INFO - 📝 最新数据已更新：/home/nicola/.openclaw/workspace/data/polymarket/hot-weather-latest.json
2026-03-30 23:00:01,680 - PolymarketHotWeather - INFO - 📊 报告已生成：/home/nicola/.openclaw/workspace/data/polymarket/README.md
2026-03-30 23:00:01,680 - PolymarketHotWeather - INFO - ✅ 数据采集完成，共 5 个市场
2026-03-30 23:00:01,680 - PolymarketHotWeather - INFO - 💰 总流动性：$2,868,000
[2026年 03月 30日 星期一 23:00:01 CST] ✓ Polymarket hot weather data collection completed
========================================
[2026年 03月 30日 星期一 23:30:01 CST] Start Polymarket Hot Weather Data Collection...
2026-03-30 23:30:01,437 - PolymarketHotWeather - INFO - 🚀 Polymarket 热度前 5 名天气预测数据采集启动...
2026-03-30 23:30:01,437 - PolymarketHotWeather - INFO - ✅ 获取市场数据：2026 hottest year rank
2026-03-30 23:30:01,437 - PolymarketHotWeather - INFO - ✅ 获取市场数据：March 2026 temp increase
2026-03-30 23:30:01,437 - PolymarketHotWeather - INFO - ✅ 获取市场数据：Cat4 hurricane before 2027
2026-03-30 23:30:01,437 - PolymarketHotWeather - INFO - ✅ 获取市场数据：NYC March precipitation
2026-03-30 23:30:01,437 - PolymarketHotWeather - INFO - ✅ 获取市场数据：2026 March 1-3 hottest
2026-03-30 23:30:01,437 - PolymarketHotWeather - INFO - 📝 数据已保存：/home/nicola/.openclaw/workspace/data/polymarket/hot-weather-20260330-233001.json
2026-03-30 23:30:01,437 - PolymarketHotWeather - INFO - 📝 最新数据已更新：/home/nicola/.openclaw/workspace/data/polymarket/hot-weather-latest.json
2026-03-30 23:30:01,438 - PolymarketHotWeather - INFO - 📊 报告已生成：/home/nicola/.openclaw/workspace/data/polymarket/README.md
2026-03-30 23:30:01,438 - PolymarketHotWeather - INFO - ✅ 数据采集完成，共 5 个市场
2026-03-30 23:30:01,438 - PolymarketHotWeather - INFO - 💰 总流动性：$2,868,000
[2026年 03月 30日 星期一 23:30:01 CST] ✓ Polymarket hot weather data collection completed
