========================================
[2026年 03月 31日 星期二 00:00:01 CST] Start Polymarket Hot Weather Data Collection...
2026-03-31 00:00:02,186 - PolymarketHotWeather - INFO - 🚀 Polymarket 热度前 5 名天气预测数据采集启动...
2026-03-31 00:00:02,186 - PolymarketHotWeather - INFO - ✅ 获取市场数据：2026 hottest year rank
2026-03-31 00:00:02,186 - PolymarketHotWeather - INFO - ✅ 获取市场数据：March 2026 temp increase
2026-03-31 00:00:02,186 - PolymarketHotWeather - INFO - ✅ 获取市场数据：Cat4 hurricane before 2027
2026-03-31 00:00:02,186 - PolymarketHotWeather - INFO - ✅ 获取市场数据：NYC March precipitation
2026-03-31 00:00:02,186 - PolymarketHotWeather - INFO - ✅ 获取市场数据：2026 March 1-3 hottest
2026-03-31 00:00:02,187 - PolymarketHotWeather - INFO - 📝 数据已保存：/home/nicola/.openclaw/workspace/data/polymarket/hot-weather-20260331-000002.json
2026-03-31 00:00:02,187 - PolymarketHotWeather - INFO - 📝 最新数据已更新：/home/nicola/.openclaw/workspace/data/polymarket/hot-weather-latest.json
2026-03-31 00:00:02,188 - PolymarketHotWeather - INFO - 📊 报告已生成：/home/nicola/.openclaw/workspace/data/polymarket/README.md
2026-03-31 00:00:02,188 - PolymarketHotWeather - INFO - ✅ 数据采集完成，共 5 个市场
2026-03-31 00:00:02,188 - PolymarketHotWeather - INFO - 💰 总流动性：$2,868,000
[2026年 03月 31日 星期二 00:00:02 CST] ✓ Polymarket hot weather data collection completed
========================================
[2026年 03月 31日 星期二 00:30:01 CST] Start Polymarket Hot Weather Data Collection...
2026-03-31 00:30:01,899 - PolymarketHotWeather - INFO - 🚀 Polymarket 热度前 5 名天气预测数据采集启动...
2026-03-31 00:30:01,899 - PolymarketHotWeather - INFO - ✅ 获取市场数据：2026 hottest year rank
2026-03-31 00:30:01,899 - PolymarketHotWeather - INFO - ✅ 获取市场数据：March 2026 temp increase
2026-03-31 00:30:01,899 - PolymarketHotWeather - INFO - ✅ 获取市场数据：Cat4 hurricane before 2027
2026-03-31 00:30:01,899 - PolymarketHotWeather - INFO - ✅ 获取市场数据：NYC March precipitation
2026-03-31 00:30:01,899 - PolymarketHotWeather - INFO - ✅ 获取市场数据：2026 March 1-3 hottest
2026-03-31 00:30:01,900 - PolymarketHotWeather - INFO - 📝 数据已保存：/home/nicola/.openclaw/workspace/data/polymarket/hot-weather-20260331-003001.json
2026-03-31 00:30:01,900 - PolymarketHotWeather - INFO - 📝 最新数据已更新：/home/nicola/.openclaw/workspace/data/polymarket/hot-weather-latest.json
2026-03-31 00:30:01,900 - PolymarketHotWeather - INFO - 📊 报告已生成：/home/nicola/.openclaw/workspace/data/polymarket/README.md
2026-03-31 00:30:01,900 - PolymarketHotWeather - INFO - ✅ 数据采集完成，共 5 个市场
2026-03-31 00:30:01,900 - PolymarketHotWeather - INFO - 💰 总流动性：$2,868,000
[2026年 03月 31日 星期二 00:30:01 CST] ✓ Polymarket hot weather data collection completed
========================================
[2026年 03月 31日 星期二 01:00:01 CST] Start Polymarket Hot Weather Data Collection...
2026-03-31 01:00:01,576 - PolymarketHotWeather - INFO - 🚀 Polymarket 热度前 5 名天气预测数据采集启动...
2026-03-31 01:00:01,576 - PolymarketHotWeather - INFO - ✅ 获取市场数据：2026 hottest year rank
2026-03-31 01:00:01,576 - PolymarketHotWeather - INFO - ✅ 获取市场数据：March 2026 temp increase
2026-03-31 01:00:01,576 - PolymarketHotWeather - INFO - ✅ 获取市场数据：Cat4 hurricane before 2027
2026-03-31 01:00:01,576 - PolymarketHotWeather - INFO - ✅ 获取市场数据：NYC March precipitation
2026-03-31 01:00:01,576 - PolymarketHotWeather - INFO - ✅ 获取市场数据：2026 March 1-3 hottest
2026-03-31 01:00:01,576 - PolymarketHotWeather - INFO - 📝 数据已保存：/home/nicola/.openclaw/workspace/data/polymarket/hot-weather-20260331-010001.json
2026-03-31 01:00:01,577 - PolymarketHotWeather - INFO - 📝 最新数据已更新：/home/nicola/.openclaw/workspace/data/polymarket/hot-weather-latest.json
2026-03-31 01:00:01,577 - PolymarketHotWeather - INFO - 📊 报告已生成：/home/nicola/.openclaw/workspace/data/polymarket/README.md
2026-03-31 01:00:01,577 - PolymarketHotWeather - INFO - ✅ 数据采集完成，共 5 个市场
2026-03-31 01:00:01,577 - PolymarketHotWeather - INFO - 💰 总流动性：$2,868,000
[2026年 03月 31日 星期二 01:00:01 CST] ✓ Polymarket hot weather data collection completed
========================================
[2026年 03月 31日 星期二 01:30:01 CST] Start Polymarket Hot Weather Data Collection...
2026-03-31 01:30:01,345 - PolymarketHotWeather - INFO - 🚀 Polymarket 热度前 5 名天气预测数据采集启动...
2026-03-31 01:30:01,345 - PolymarketHotWeather - INFO - ✅ 获取市场数据：2026 hottest year rank
2026-03-31 01:30:01,345 - PolymarketHotWeather - INFO - ✅ 获取市场数据：March 2026 temp increase
2026-03-31 01:30:01,345 - PolymarketHotWeather - INFO - ✅ 获取市场数据：Cat4 hurricane before 2027
2026-03-31 01:30:01,345 - PolymarketHotWeather - INFO - ✅ 获取市场数据：NYC March precipitation
2026-03-31 01:30:01,345 - PolymarketHotWeather - INFO - ✅ 获取市场数据：2026 March 1-3 hottest
2026-03-31 01:30:01,345 - PolymarketHotWeather - INFO - 📝 数据已保存：/home/nicola/.openclaw/workspace/data/polymarket/hot-weather-20260331-013001.json
2026-03-31 01:30:01,345 - PolymarketHotWeather - INFO - 📝 最新数据已更新：/home/nicola/.openclaw/workspace/data/polymarket/hot-weather-latest.json
2026-03-31 01:30:01,346 - PolymarketHotWeather - INFO - 📊 报告已生成：/home/nicola/.openclaw/workspace/data/polymarket/README.md
2026-03-31 01:30:01,346 - PolymarketHotWeather - INFO - ✅ 数据采集完成，共 5 个市场
2026-03-31 01:30:01,346 - PolymarketHotWeather - INFO - 💰 总流动性：$2,868,000
[2026年 03月 31日 星期二 01:30:01 CST] ✓ Polymarket hot weather data collection completed
========================================
[2026年 03月 31日 星期二 02:00:01 CST] Start Polymarket Hot Weather Data Collection...
2026-03-31 02:00:02,164 - PolymarketHotWeather - INFO - 🚀 Polymarket 热度前 5 名天气预测数据采集启动...
2026-03-31 02:00:02,164 - PolymarketHotWeather - INFO - ✅ 获取市场数据：2026 hottest year rank
2026-03-31 02:00:02,164 - PolymarketHotWeather - INFO - ✅ 获取市场数据：March 2026 temp increase
2026-03-31 02:00:02,164 - PolymarketHotWeather - INFO - ✅ 获取市场数据：Cat4 hurricane before 2027
2026-03-31 02:00:02,164 - PolymarketHotWeather - INFO - ✅ 获取市场数据：NYC March precipitation
2026-03-31 02:00:02,164 - PolymarketHotWeather - INFO - ✅ 获取市场数据：2026 March 1-3 hottest
2026-03-31 02:00:02,164 - PolymarketHotWeather - INFO - 📝 数据已保存：/home/nicola/.openclaw/workspace/data/polymarket/hot-weather-20260331-020002.json
2026-03-31 02:00:02,165 - PolymarketHotWeather - INFO - 📝 最新数据已更新：/home/nicola/.openclaw/workspace/data/polymarket/hot-weather-latest.json
2026-03-31 02:00:02,165 - PolymarketHotWeather - INFO - 📊 报告已生成：/home/nicola/.openclaw/workspace/data/polymarket/README.md
2026-03-31 02:00:02,165 - PolymarketHotWeather - INFO - ✅ 数据采集完成，共 5 个市场
2026-03-31 02:00:02,165 - PolymarketHotWeather - INFO - 💰 总流动性：$2,868,000
[2026年 03月 31日 星期二 02:00:02 CST] ✓ Polymarket hot weather data collection completed
========================================
[2026年 03月 31日 星期二 02:30:01 CST] Start Polymarket Hot Weather Data Collection...
2026-03-31 02:30:01,334 - PolymarketHotWeather - INFO - 🚀 Polymarket 热度前 5 名天气预测数据采集启动...
2026-03-31 02:30:01,334 - PolymarketHotWeather - INFO - ✅ 获取市场数据：2026 hottest year rank
2026-03-31 02:30:01,334 - PolymarketHotWeather - INFO - ✅ 获取市场数据：March 2026 temp increase
2026-03-31 02:30:01,334 - PolymarketHotWeather - INFO - ✅ 获取市场数据：Cat4 hurricane before 2027
2026-03-31 02:30:01,334 - PolymarketHotWeather - INFO - ✅ 获取市场数据：NYC March precipitation
2026-03-31 02:30:01,334 - PolymarketHotWeather - INFO - ✅ 获取市场数据：2026 March 1-3 hottest
2026-03-31 02:30:01,334 - PolymarketHotWeather - INFO - 📝 数据已保存：/home/nicola/.openclaw/workspace/data/polymarket/hot-weather-20260331-023001.json
2026-03-31 02:30:01,335 - PolymarketHotWeather - INFO - 📝 最新数据已更新：/home/nicola/.openclaw/workspace/data/polymarket/hot-weather-latest.json
2026-03-31 02:30:01,335 - PolymarketHotWeather - INFO - 📊 报告已生成：/home/nicola/.openclaw/workspace/data/polymarket/README.md
2026-03-31 02:30:01,335 - PolymarketHotWeather - INFO - ✅ 数据采集完成，共 5 个市场
2026-03-31 02:30:01,335 - PolymarketHotWeather - INFO - 💰 总流动性：$2,868,000
[2026年 03月 31日 星期二 02:30:01 CST] ✓ Polymarket hot weather data collection completed
========================================
[2026年 03月 31日 星期二 03:00:01 CST] Start Polymarket Hot Weather Data Collection...
2026-03-31 03:00:02,084 - PolymarketHotWeather - INFO - 🚀 Polymarket 热度前 5 名天气预测数据采集启动...
2026-03-31 03:00:02,084 - PolymarketHotWeather - INFO - ✅ 获取市场数据：2026 hottest year rank
2026-03-31 03:00:02,084 - PolymarketHotWeather - INFO - ✅ 获取市场数据：March 2026 temp increase
2026-03-31 03:00:02,084 - PolymarketHotWeather - INFO - ✅ 获取市场数据：Cat4 hurricane before 2027
2026-03-31 03:00:02,084 - PolymarketHotWeather - INFO - ✅ 获取市场数据：NYC March precipitation
2026-03-31 03:00:02,084 - PolymarketHotWeather - INFO - ✅ 获取市场数据：2026 March 1-3 hottest
2026-03-31 03:00:02,084 - PolymarketHotWeather - INFO - 📝 数据已保存：/home/nicola/.openclaw/workspace/data/polymarket/hot-weather-20260331-030002.json
2026-03-31 03:00:02,085 - PolymarketHotWeather - INFO - 📝 最新数据已更新：/home/nicola/.openclaw/workspace/data/polymarket/hot-weather-latest.json
2026-03-31 03:00:02,085 - PolymarketHotWeather - INFO - 📊 报告已生成：/home/nicola/.openclaw/workspace/data/polymarket/README.md
2026-03-31 03:00:02,085 - PolymarketHotWeather - INFO - ✅ 数据采集完成，共 5 个市场
2026-03-31 03:00:02,085 - PolymarketHotWeather - INFO - 💰 总流动性：$2,868,000
[2026年 03月 31日 星期二 03:00:02 CST] ✓ Polymarket hot weather data collection completed
========================================
[2026年 03月 31日 星期二 03:30:01 CST] Start Polymarket Hot Weather Data Collection...
2026-03-31 03:30:01,317 - PolymarketHotWeather - INFO - 🚀 Polymarket 热度前 5 名天气预测数据采集启动...
2026-03-31 03:30:01,317 - PolymarketHotWeather - INFO - ✅ 获取市场数据：2026 hottest year rank
2026-03-31 03:30:01,317 - PolymarketHotWeather - INFO - ✅ 获取市场数据：March 2026 temp increase
2026-03-31 03:30:01,317 - PolymarketHotWeather - INFO - ✅ 获取市场数据：Cat4 hurricane before 2027
2026-03-31 03:30:01,317 - PolymarketHotWeather - INFO - ✅ 获取市场数据：NYC March precipitation
2026-03-31 03:30:01,317 - PolymarketHotWeather - INFO - ✅ 获取市场数据：2026 March 1-3 hottest
2026-03-31 03:30:01,317 - PolymarketHotWeather - INFO - 📝 数据已保存：/home/nicola/.openclaw/workspace/data/polymarket/hot-weather-20260331-033001.json
2026-03-31 03:30:01,317 - PolymarketHotWeather - INFO - 📝 最新数据已更新：/home/nicola/.openclaw/workspace/data/polymarket/hot-weather-latest.json
2026-03-31 03:30:01,318 - PolymarketHotWeather - INFO - 📊 报告已生成：/home/nicola/.openclaw/workspace/data/polymarket/README.md
2026-03-31 03:30:01,318 - PolymarketHotWeather - INFO - ✅ 数据采集完成，共 5 个市场
2026-03-31 03:30:01,318 - PolymarketHotWeather - INFO - 💰 总流动性：$2,868,000
[2026年 03月 31日 星期二 03:30:01 CST] ✓ Polymarket hot weather data collection completed
========================================
[2026年 03月 31日 星期二 04:00:01 CST] Start Polymarket Hot Weather Data Collection...
2026-03-31 04:00:01,944 - PolymarketHotWeather - INFO - 🚀 Polymarket 热度前 5 名天气预测数据采集启动...
2026-03-31 04:00:01,944 - PolymarketHotWeather - INFO - ✅ 获取市场数据：2026 hottest year rank
2026-03-31 04:00:01,944 - PolymarketHotWeather - INFO - ✅ 获取市场数据：March 2026 temp increase
2026-03-31 04:00:01,944 - PolymarketHotWeather - INFO - ✅ 获取市场数据：Cat4 hurricane before 2027
2026-03-31 04:00:01,944 - PolymarketHotWeather - INFO - ✅ 获取市场数据：NYC March precipitation
2026-03-31 04:00:01,944 - PolymarketHotWeather - INFO - ✅ 获取市场数据：2026 March 1-3 hottest
2026-03-31 04:00:01,945 - PolymarketHotWeather - INFO - 📝 数据已保存：/home/nicola/.openclaw/workspace/data/polymarket/hot-weather-20260331-040001.json
2026-03-31 04:00:01,945 - PolymarketHotWeather - INFO - 📝 最新数据已更新：/home/nicola/.openclaw/workspace/data/polymarket/hot-weather-latest.json
2026-03-31 04:00:01,945 - PolymarketHotWeather - INFO - 📊 报告已生成：/home/nicola/.openclaw/workspace/data/polymarket/README.md
2026-03-31 04:00:01,945 - PolymarketHotWeather - INFO - ✅ 数据采集完成，共 5 个市场
2026-03-31 04:00:01,945 - PolymarketHotWeather - INFO - 💰 总流动性：$2,868,000
[2026年 03月 31日 星期二 04:00:01 CST] ✓ Polymarket hot weather data collection completed
========================================
[2026年 03月 31日 星期二 04:30:01 CST] Start Polymarket Hot Weather Data Collection...
2026-03-31 04:30:01,997 - PolymarketHotWeather - INFO - 🚀 Polymarket 热度前 5 名天气预测数据采集启动...
2026-03-31 04:30:01,997 - PolymarketHotWeather - INFO - ✅ 获取市场数据：2026 hottest year rank
2026-03-31 04:30:01,997 - PolymarketHotWeather - INFO - ✅ 获取市场数据：March 2026 temp increase
2026-03-31 04:30:01,998 - PolymarketHotWeather - INFO - ✅ 获取市场数据：Cat4 hurricane before 2027
2026-03-31 04:30:01,998 - PolymarketHotWeather - INFO - ✅ 获取市场数据：NYC March precipitation
2026-03-31 04:30:01,998 - PolymarketHotWeather - INFO - ✅ 获取市场数据：2026 March 1-3 hottest
2026-03-31 04:30:01,998 - PolymarketHotWeather - INFO - 📝 数据已保存：/home/nicola/.openclaw/workspace/data/polymarket/hot-weather-20260331-043001.json
2026-03-31 04:30:01,998 - PolymarketHotWeather - INFO - 📝 最新数据已更新：/home/nicola/.openclaw/workspace/data/polymarket/hot-weather-latest.json
2026-03-31 04:30:01,998 - PolymarketHotWeather - INFO - 📊 报告已生成：/home/nicola/.openclaw/workspace/data/polymarket/README.md
2026-03-31 04:30:01,998 - PolymarketHotWeather - INFO - ✅ 数据采集完成，共 5 个市场
2026-03-31 04:30:01,998 - PolymarketHotWeather - INFO - 💰 总流动性：$2,868,000
[2026年 03月 31日 星期二 04:30:02 CST] ✓ Polymarket hot weather data collection completed
========================================
[2026年 03月 31日 星期二 05:00:01 CST] Start Polymarket Hot Weather Data Collection...
2026-03-31 05:00:01,697 - PolymarketHotWeather - INFO - 🚀 Polymarket 热度前 5 名天气预测数据采集启动...
2026-03-31 05:00:01,697 - PolymarketHotWeather - INFO - ✅ 获取市场数据：2026 hottest year rank
2026-03-31 05:00:01,697 - PolymarketHotWeather - INFO - ✅ 获取市场数据：March 2026 temp increase
2026-03-31 05:00:01,697 - PolymarketHotWeather - INFO - ✅ 获取市场数据：Cat4 hurricane before 2027
2026-03-31 05:00:01,698 - PolymarketHotWeather - INFO - ✅ 获取市场数据：NYC March precipitation
2026-03-31 05:00:01,698 - PolymarketHotWeather - INFO - ✅ 获取市场数据：2026 March 1-3 hottest
2026-03-31 05:00:01,698 - PolymarketHotWeather - INFO - 📝 数据已保存：/home/nicola/.openclaw/workspace/data/polymarket/hot-weather-20260331-050001.json
2026-03-31 05:00:01,698 - PolymarketHotWeather - INFO - 📝 最新数据已更新：/home/nicola/.openclaw/workspace/data/polymarket/hot-weather-latest.json
2026-03-31 05:00:01,698 - PolymarketHotWeather - INFO - 📊 报告已生成：/home/nicola/.openclaw/workspace/data/polymarket/README.md
2026-03-31 05:00:01,699 - PolymarketHotWeather - INFO - ✅ 数据采集完成，共 5 个市场
2026-03-31 05:00:01,699 - PolymarketHotWeather - INFO - 💰 总流动性：$2,868,000
[2026年 03月 31日 星期二 05:00:01 CST] ✓ Polymarket hot weather data collection completed
========================================
[2026年 03月 31日 星期二 05:30:01 CST] Start Polymarket Hot Weather Data Collection...
2026-03-31 05:30:01,607 - PolymarketHotWeather - INFO - 🚀 Polymarket 热度前 5 名天气预测数据采集启动...
2026-03-31 05:30:01,607 - PolymarketHotWeather - INFO - ✅ 获取市场数据：2026 hottest year rank
2026-03-31 05:30:01,607 - PolymarketHotWeather - INFO - ✅ 获取市场数据：March 2026 temp increase
2026-03-31 05:30:01,607 - PolymarketHotWeather - INFO - ✅ 获取市场数据：Cat4 hurricane before 2027
2026-03-31 05:30:01,607 - PolymarketHotWeather - INFO - ✅ 获取市场数据：NYC March precipitation
2026-03-31 05:30:01,607 - PolymarketHotWeather - INFO - ✅ 获取市场数据：2026 March 1-3 hottest
2026-03-31 05:30:01,607 - PolymarketHotWeather - INFO - 📝 数据已保存：/home/nicola/.openclaw/workspace/data/polymarket/hot-weather-20260331-053001.json
2026-03-31 05:30:01,608 - PolymarketHotWeather - INFO - 📝 最新数据已更新：/home/nicola/.openclaw/workspace/data/polymarket/hot-weather-latest.json
2026-03-31 05:30:01,608 - PolymarketHotWeather - INFO - 📊 报告已生成：/home/nicola/.openclaw/workspace/data/polymarket/README.md
2026-03-31 05:30:01,608 - PolymarketHotWeather - INFO - ✅ 数据采集完成，共 5 个市场
2026-03-31 05:30:01,608 - PolymarketHotWeather - INFO - 💰 总流动性：$2,868,000
[2026年 03月 31日 星期二 05:30:01 CST] ✓ Polymarket hot weather data collection completed
========================================
[2026年 03月 31日 星期二 06:00:02 CST] Start Polymarket Hot Weather Data Collection...
2026-03-31 06:00:02,340 - PolymarketHotWeather - INFO - 🚀 Polymarket 热度前 5 名天气预测数据采集启动...
2026-03-31 06:00:02,340 - PolymarketHotWeather - INFO - ✅ 获取市场数据：2026 hottest year rank
2026-03-31 06:00:02,340 - PolymarketHotWeather - INFO - ✅ 获取市场数据：March 2026 temp increase
2026-03-31 06:00:02,340 - PolymarketHotWeather - INFO - ✅ 获取市场数据：Cat4 hurricane before 2027
2026-03-31 06:00:02,340 - PolymarketHotWeather - INFO - ✅ 获取市场数据：NYC March precipitation
2026-03-31 06:00:02,340 - PolymarketHotWeather - INFO - ✅ 获取市场数据：2026 March 1-3 hottest
2026-03-31 06:00:02,341 - PolymarketHotWeather - INFO - 📝 数据已保存：/home/nicola/.openclaw/workspace/data/polymarket/hot-weather-20260331-060002.json
2026-03-31 06:00:02,341 - PolymarketHotWeather - INFO - 📝 最新数据已更新：/home/nicola/.openclaw/workspace/data/polymarket/hot-weather-latest.json
2026-03-31 06:00:02,341 - PolymarketHotWeather - INFO - 📊 报告已生成：/home/nicola/.openclaw/workspace/data/polymarket/README.md
2026-03-31 06:00:02,341 - PolymarketHotWeather - INFO - ✅ 数据采集完成，共 5 个市场
2026-03-31 06:00:02,341 - PolymarketHotWeather - INFO - 💰 总流动性：$2,868,000
[2026年 03月 31日 星期二 06:00:02 CST] ✓ Polymarket hot weather data collection completed
========================================
[2026年 03月 31日 星期二 06:30:01 CST] Start Polymarket Hot Weather Data Collection...
2026-03-31 06:30:01,677 - PolymarketHotWeather - INFO - 🚀 Polymarket 热度前 5 名天气预测数据采集启动...
2026-03-31 06:30:01,677 - PolymarketHotWeather - INFO - ✅ 获取市场数据：2026 hottest year rank
2026-03-31 06:30:01,677 - PolymarketHotWeather - INFO - ✅ 获取市场数据：March 2026 temp increase
2026-03-31 06:30:01,677 - PolymarketHotWeather - INFO - ✅ 获取市场数据：Cat4 hurricane before 2027
2026-03-31 06:30:01,677 - PolymarketHotWeather - INFO - ✅ 获取市场数据：NYC March precipitation
2026-03-31 06:30:01,677 - PolymarketHotWeather - INFO - ✅ 获取市场数据：2026 March 1-3 hottest
2026-03-31 06:30:01,677 - PolymarketHotWeather - INFO - 📝 数据已保存：/home/nicola/.openclaw/workspace/data/polymarket/hot-weather-20260331-063001.json
2026-03-31 06:30:01,678 - PolymarketHotWeather - INFO - 📝 最新数据已更新：/home/nicola/.openclaw/workspace/data/polymarket/hot-weather-latest.json
2026-03-31 06:30:01,678 - PolymarketHotWeather - INFO - 📊 报告已生成：/home/nicola/.openclaw/workspace/data/polymarket/README.md
2026-03-31 06:30:01,678 - PolymarketHotWeather - INFO - ✅ 数据采集完成，共 5 个市场
2026-03-31 06:30:01,678 - PolymarketHotWeather - INFO - 💰 总流动性：$2,868,000
[2026年 03月 31日 星期二 06:30:01 CST] ✓ Polymarket hot weather data collection completed
========================================
[2026年 03月 31日 星期二 07:00:01 CST] Start Polymarket Hot Weather Data Collection...
2026-03-31 07:00:01,501 - PolymarketHotWeather - INFO - 🚀 Polymarket 热度前 5 名天气预测数据采集启动...
2026-03-31 07:00:01,501 - PolymarketHotWeather - INFO - ✅ 获取市场数据：2026 hottest year rank
2026-03-31 07:00:01,501 - PolymarketHotWeather - INFO - ✅ 获取市场数据：March 2026 temp increase
2026-03-31 07:00:01,502 - PolymarketHotWeather - INFO - ✅ 获取市场数据：Cat4 hurricane before 2027
2026-03-31 07:00:01,502 - PolymarketHotWeather - INFO - ✅ 获取市场数据：NYC March precipitation
2026-03-31 07:00:01,502 - PolymarketHotWeather - INFO - ✅ 获取市场数据：2026 March 1-3 hottest
2026-03-31 07:00:01,502 - PolymarketHotWeather - INFO - 📝 数据已保存：/home/nicola/.openclaw/workspace/data/polymarket/hot-weather-20260331-070001.json
2026-03-31 07:00:01,502 - PolymarketHotWeather - INFO - 📝 最新数据已更新：/home/nicola/.openclaw/workspace/data/polymarket/hot-weather-latest.json
2026-03-31 07:00:01,502 - PolymarketHotWeather - INFO - 📊 报告已生成：/home/nicola/.openclaw/workspace/data/polymarket/README.md
2026-03-31 07:00:01,503 - PolymarketHotWeather - INFO - ✅ 数据采集完成，共 5 个市场
2026-03-31 07:00:01,503 - PolymarketHotWeather - INFO - 💰 总流动性：$2,868,000
[2026年 03月 31日 星期二 07:00:01 CST] ✓ Polymarket hot weather data collection completed
========================================
[2026年 03月 31日 星期二 07:30:01 CST] Start Polymarket Hot Weather Data Collection...
2026-03-31 07:30:01,465 - PolymarketHotWeather - INFO - 🚀 Polymarket 热度前 5 名天气预测数据采集启动...
2026-03-31 07:30:01,466 - PolymarketHotWeather - INFO - ✅ 获取市场数据：2026 hottest year rank
2026-03-31 07:30:01,466 - PolymarketHotWeather - INFO - ✅ 获取市场数据：March 2026 temp increase
2026-03-31 07:30:01,466 - PolymarketHotWeather - INFO - ✅ 获取市场数据：Cat4 hurricane before 2027
2026-03-31 07:30:01,466 - PolymarketHotWeather - INFO - ✅ 获取市场数据：NYC March precipitation
2026-03-31 07:30:01,466 - PolymarketHotWeather - INFO - ✅ 获取市场数据：2026 March 1-3 hottest
2026-03-31 07:30:01,466 - PolymarketHotWeather - INFO - 📝 数据已保存：/home/nicola/.openclaw/workspace/data/polymarket/hot-weather-20260331-073001.json
2026-03-31 07:30:01,466 - PolymarketHotWeather - INFO - 📝 最新数据已更新：/home/nicola/.openclaw/workspace/data/polymarket/hot-weather-latest.json
2026-03-31 07:30:01,466 - PolymarketHotWeather - INFO - 📊 报告已生成：/home/nicola/.openclaw/workspace/data/polymarket/README.md
2026-03-31 07:30:01,467 - PolymarketHotWeather - INFO - ✅ 数据采集完成，共 5 个市场
2026-03-31 07:30:01,467 - PolymarketHotWeather - INFO - 💰 总流动性：$2,868,000
[2026年 03月 31日 星期二 07:30:01 CST] ✓ Polymarket hot weather data collection completed
========================================
[2026年 03月 31日 星期二 08:00:01 CST] Start Polymarket Hot Weather Data Collection...
2026-03-31 08:00:02,149 - PolymarketHotWeather - INFO - 🚀 Polymarket 热度前 5 名天气预测数据采集启动...
2026-03-31 08:00:02,150 - PolymarketHotWeather - INFO - ✅ 获取市场数据：2026 hottest year rank
2026-03-31 08:00:02,150 - PolymarketHotWeather - INFO - ✅ 获取市场数据：March 2026 temp increase
2026-03-31 08:00:02,150 - PolymarketHotWeather - INFO - ✅ 获取市场数据：Cat4 hurricane before 2027
2026-03-31 08:00:02,150 - PolymarketHotWeather - INFO - ✅ 获取市场数据：NYC March precipitation
2026-03-31 08:00:02,150 - PolymarketHotWeather - INFO - ✅ 获取市场数据：2026 March 1-3 hottest
2026-03-31 08:00:02,150 - PolymarketHotWeather - INFO - 📝 数据已保存：/home/nicola/.openclaw/workspace/data/polymarket/hot-weather-20260331-080002.json
2026-03-31 08:00:02,150 - PolymarketHotWeather - INFO - 📝 最新数据已更新：/home/nicola/.openclaw/workspace/data/polymarket/hot-weather-latest.json
2026-03-31 08:00:02,151 - PolymarketHotWeather - INFO - 📊 报告已生成：/home/nicola/.openclaw/workspace/data/polymarket/README.md
2026-03-31 08:00:02,151 - PolymarketHotWeather - INFO - ✅ 数据采集完成，共 5 个市场
2026-03-31 08:00:02,151 - PolymarketHotWeather - INFO - 💰 总流动性：$2,868,000
[2026年 03月 31日 星期二 08:00:02 CST] ✓ Polymarket hot weather data collection completed
========================================
[2026年 03月 31日 星期二 08:30:01 CST] Start Polymarket Hot Weather Data Collection...
2026-03-31 08:30:01,513 - PolymarketHotWeather - INFO - 🚀 Polymarket 热度前 5 名天气预测数据采集启动...
2026-03-31 08:30:01,514 - PolymarketHotWeather - INFO - ✅ 获取市场数据：2026 hottest year rank
2026-03-31 08:30:01,514 - PolymarketHotWeather - INFO - ✅ 获取市场数据：March 2026 temp increase
2026-03-31 08:30:01,514 - PolymarketHotWeather - INFO - ✅ 获取市场数据：Cat4 hurricane before 2027
2026-03-31 08:30:01,514 - PolymarketHotWeather - INFO - ✅ 获取市场数据：NYC March precipitation
2026-03-31 08:30:01,514 - PolymarketHotWeather - INFO - ✅ 获取市场数据：2026 March 1-3 hottest
2026-03-31 08:30:01,514 - PolymarketHotWeather - INFO - 📝 数据已保存：/home/nicola/.openclaw/workspace/data/polymarket/hot-weather-20260331-083001.json
2026-03-31 08:30:01,514 - PolymarketHotWeather - INFO - 📝 最新数据已更新：/home/nicola/.openclaw/workspace/data/polymarket/hot-weather-latest.json
2026-03-31 08:30:01,514 - PolymarketHotWeather - INFO - 📊 报告已生成：/home/nicola/.openclaw/workspace/data/polymarket/README.md
2026-03-31 08:30:01,514 - PolymarketHotWeather - INFO - ✅ 数据采集完成，共 5 个市场
2026-03-31 08:30:01,515 - PolymarketHotWeather - INFO - 💰 总流动性：$2,868,000
[2026年 03月 31日 星期二 08:30:01 CST] ✓ Polymarket hot weather data collection completed
========================================
[2026年 03月 31日 星期二 09:00:01 CST] Start Polymarket Hot Weather Data Collection...
2026-03-31 09:00:02,455 - PolymarketHotWeather - INFO - 🚀 Polymarket 热度前 5 名天气预测数据采集启动...
2026-03-31 09:00:02,456 - PolymarketHotWeather - INFO - ✅ 获取市场数据：2026 hottest year rank
2026-03-31 09:00:02,456 - PolymarketHotWeather - INFO - ✅ 获取市场数据：March 2026 temp increase
2026-03-31 09:00:02,456 - PolymarketHotWeather - INFO - ✅ 获取市场数据：Cat4 hurricane before 2027
2026-03-31 09:00:02,456 - PolymarketHotWeather - INFO - ✅ 获取市场数据：NYC March precipitation
2026-03-31 09:00:02,456 - PolymarketHotWeather - INFO - ✅ 获取市场数据：2026 March 1-3 hottest
2026-03-31 09:00:02,456 - PolymarketHotWeather - INFO - 📝 数据已保存：/home/nicola/.openclaw/workspace/data/polymarket/hot-weather-20260331-090002.json
2026-03-31 09:00:02,457 - PolymarketHotWeather - INFO - 📝 最新数据已更新：/home/nicola/.openclaw/workspace/data/polymarket/hot-weather-latest.json
2026-03-31 09:00:02,457 - PolymarketHotWeather - INFO - 📊 报告已生成：/home/nicola/.openclaw/workspace/data/polymarket/README.md
2026-03-31 09:00:02,457 - PolymarketHotWeather - INFO - ✅ 数据采集完成，共 5 个市场
2026-03-31 09:00:02,457 - PolymarketHotWeather - INFO - 💰 总流动性：$2,868,000
[2026年 03月 31日 星期二 09:00:02 CST] ✓ Polymarket hot weather data collection completed
========================================
[2026年 03月 31日 星期二 09:30:01 CST] Start Polymarket Hot Weather Data Collection...
2026-03-31 09:30:01,933 - PolymarketHotWeather - INFO - 🚀 Polymarket 热度前 5 名天气预测数据采集启动...
2026-03-31 09:30:01,933 - PolymarketHotWeather - INFO - ✅ 获取市场数据：2026 hottest year rank
2026-03-31 09:30:01,934 - PolymarketHotWeather - INFO - ✅ 获取市场数据：March 2026 temp increase
2026-03-31 09:30:01,934 - PolymarketHotWeather - INFO - ✅ 获取市场数据：Cat4 hurricane before 2027
2026-03-31 09:30:01,934 - PolymarketHotWeather - INFO - ✅ 获取市场数据：NYC March precipitation
2026-03-31 09:30:01,934 - PolymarketHotWeather - INFO - ✅ 获取市场数据：2026 March 1-3 hottest
2026-03-31 09:30:01,934 - PolymarketHotWeather - INFO - 📝 数据已保存：/home/nicola/.openclaw/workspace/data/polymarket/hot-weather-20260331-093001.json
2026-03-31 09:30:01,934 - PolymarketHotWeather - INFO - 📝 最新数据已更新：/home/nicola/.openclaw/workspace/data/polymarket/hot-weather-latest.json
2026-03-31 09:30:01,934 - PolymarketHotWeather - INFO - 📊 报告已生成：/home/nicola/.openclaw/workspace/data/polymarket/README.md
2026-03-31 09:30:01,935 - PolymarketHotWeather - INFO - ✅ 数据采集完成，共 5 个市场
2026-03-31 09:30:01,935 - PolymarketHotWeather - INFO - 💰 总流动性：$2,868,000
[2026年 03月 31日 星期二 09:30:01 CST] ✓ Polymarket hot weather data collection completed
========================================
[2026年 03月 31日 星期二 10:00:01 CST] Start Polymarket Hot Weather Data Collection...
2026-03-31 10:00:01,890 - PolymarketHotWeather - INFO - 🚀 Polymarket 热度前 5 名天气预测数据采集启动...
2026-03-31 10:00:01,891 - PolymarketHotWeather - INFO - ✅ 获取市场数据：2026 hottest year rank
2026-03-31 10:00:01,891 - PolymarketHotWeather - INFO - ✅ 获取市场数据：March 2026 temp increase
2026-03-31 10:00:01,891 - PolymarketHotWeather - INFO - ✅ 获取市场数据：Cat4 hurricane before 2027
2026-03-31 10:00:01,891 - PolymarketHotWeather - INFO - ✅ 获取市场数据：NYC March precipitation
2026-03-31 10:00:01,891 - PolymarketHotWeather - INFO - ✅ 获取市场数据：2026 March 1-3 hottest
2026-03-31 10:00:01,891 - PolymarketHotWeather - INFO - 📝 数据已保存：/home/nicola/.openclaw/workspace/data/polymarket/hot-weather-20260331-100001.json
2026-03-31 10:00:01,892 - PolymarketHotWeather - INFO - 📝 最新数据已更新：/home/nicola/.openclaw/workspace/data/polymarket/hot-weather-latest.json
2026-03-31 10:00:01,892 - PolymarketHotWeather - INFO - 📊 报告已生成：/home/nicola/.openclaw/workspace/data/polymarket/README.md
2026-03-31 10:00:01,892 - PolymarketHotWeather - INFO - ✅ 数据采集完成，共 5 个市场
2026-03-31 10:00:01,892 - PolymarketHotWeather - INFO - 💰 总流动性：$2,868,000
[2026年 03月 31日 星期二 10:00:01 CST] ✓ Polymarket hot weather data collection completed
========================================
[2026年 03月 31日 星期二 10:30:01 CST] Start Polymarket Hot Weather Data Collection...
2026-03-31 10:30:01,448 - PolymarketHotWeather - INFO - 🚀 Polymarket 热度前 5 名天气预测数据采集启动...
2026-03-31 10:30:01,449 - PolymarketHotWeather - INFO - ✅ 获取市场数据：2026 hottest year rank
2026-03-31 10:30:01,449 - PolymarketHotWeather - INFO - ✅ 获取市场数据：March 2026 temp increase
2026-03-31 10:30:01,449 - PolymarketHotWeather - INFO - ✅ 获取市场数据：Cat4 hurricane before 2027
2026-03-31 10:30:01,449 - PolymarketHotWeather - INFO - ✅ 获取市场数据：NYC March precipitation
2026-03-31 10:30:01,449 - PolymarketHotWeather - INFO - ✅ 获取市场数据：2026 March 1-3 hottest
2026-03-31 10:30:01,449 - PolymarketHotWeather - INFO - 📝 数据已保存：/home/nicola/.openclaw/workspace/data/polymarket/hot-weather-20260331-103001.json
2026-03-31 10:30:01,449 - PolymarketHotWeather - INFO - 📝 最新数据已更新：/home/nicola/.openclaw/workspace/data/polymarket/hot-weather-latest.json
2026-03-31 10:30:01,449 - PolymarketHotWeather - INFO - 📊 报告已生成：/home/nicola/.openclaw/workspace/data/polymarket/README.md
2026-03-31 10:30:01,450 - PolymarketHotWeather - INFO - ✅ 数据采集完成，共 5 个市场
2026-03-31 10:30:01,450 - PolymarketHotWeather - INFO - 💰 总流动性：$2,868,000
[2026年 03月 31日 星期二 10:30:01 CST] ✓ Polymarket hot weather data collection completed
========================================
[2026年 03月 31日 星期二 11:00:01 CST] Start Polymarket Hot Weather Data Collection...
2026-03-31 11:00:02,048 - PolymarketHotWeather - INFO - 🚀 Polymarket 热度前 5 名天气预测数据采集启动...
2026-03-31 11:00:02,048 - PolymarketHotWeather - INFO - ✅ 获取市场数据：2026 hottest year rank
2026-03-31 11:00:02,048 - PolymarketHotWeather - INFO - ✅ 获取市场数据：March 2026 temp increase
2026-03-31 11:00:02,049 - PolymarketHotWeather - INFO - ✅ 获取市场数据：Cat4 hurricane before 2027
2026-03-31 11:00:02,049 - PolymarketHotWeather - INFO - ✅ 获取市场数据：NYC March precipitation
2026-03-31 11:00:02,049 - PolymarketHotWeather - INFO - ✅ 获取市场数据：2026 March 1-3 hottest
2026-03-31 11:00:02,049 - PolymarketHotWeather - INFO - 📝 数据已保存：/home/nicola/.openclaw/workspace/data/polymarket/hot-weather-20260331-110002.json
2026-03-31 11:00:02,049 - PolymarketHotWeather - INFO - 📝 最新数据已更新：/home/nicola/.openclaw/workspace/data/polymarket/hot-weather-latest.json
2026-03-31 11:00:02,049 - PolymarketHotWeather - INFO - 📊 报告已生成：/home/nicola/.openclaw/workspace/data/polymarket/README.md
2026-03-31 11:00:02,049 - PolymarketHotWeather - INFO - ✅ 数据采集完成，共 5 个市场
2026-03-31 11:00:02,050 - PolymarketHotWeather - INFO - 💰 总流动性：$2,868,000
[2026年 03月 31日 星期二 11:00:02 CST] ✓ Polymarket hot weather data collection completed
========================================
[2026年 03月 31日 星期二 11:30:01 CST] Start Polymarket Hot Weather Data Collection...
2026-03-31 11:30:01,813 - PolymarketHotWeather - INFO - 🚀 Polymarket 热度前 5 名天气预测数据采集启动...
2026-03-31 11:30:01,813 - PolymarketHotWeather - INFO - ✅ 获取市场数据：2026 hottest year rank
2026-03-31 11:30:01,814 - PolymarketHotWeather - INFO - ✅ 获取市场数据：March 2026 temp increase
2026-03-31 11:30:01,814 - PolymarketHotWeather - INFO - ✅ 获取市场数据：Cat4 hurricane before 2027
2026-03-31 11:30:01,814 - PolymarketHotWeather - INFO - ✅ 获取市场数据：NYC March precipitation
2026-03-31 11:30:01,814 - PolymarketHotWeather - INFO - ✅ 获取市场数据：2026 March 1-3 hottest
2026-03-31 11:30:01,814 - PolymarketHotWeather - INFO - 📝 数据已保存：/home/nicola/.openclaw/workspace/data/polymarket/hot-weather-20260331-113001.json
2026-03-31 11:30:01,814 - PolymarketHotWeather - INFO - 📝 最新数据已更新：/home/nicola/.openclaw/workspace/data/polymarket/hot-weather-latest.json
2026-03-31 11:30:01,814 - PolymarketHotWeather - INFO - 📊 报告已生成：/home/nicola/.openclaw/workspace/data/polymarket/README.md
2026-03-31 11:30:01,814 - PolymarketHotWeather - INFO - ✅ 数据采集完成，共 5 个市场
2026-03-31 11:30:01,814 - PolymarketHotWeather - INFO - 💰 总流动性：$2,868,000
[2026年 03月 31日 星期二 11:30:01 CST] ✓ Polymarket hot weather data collection completed
========================================
[2026年 03月 31日 星期二 12:00:01 CST] Start Polymarket Hot Weather Data Collection...
2026-03-31 12:00:01,598 - PolymarketHotWeather - INFO - 🚀 Polymarket 热度前 5 名天气预测数据采集启动...
2026-03-31 12:00:01,598 - PolymarketHotWeather - INFO - ✅ 获取市场数据：2026 hottest year rank
2026-03-31 12:00:01,598 - PolymarketHotWeather - INFO - ✅ 获取市场数据：March 2026 temp increase
2026-03-31 12:00:01,598 - PolymarketHotWeather - INFO - ✅ 获取市场数据：Cat4 hurricane before 2027
2026-03-31 12:00:01,598 - PolymarketHotWeather - INFO - ✅ 获取市场数据：NYC March precipitation
2026-03-31 12:00:01,598 - PolymarketHotWeather - INFO - ✅ 获取市场数据：2026 March 1-3 hottest
2026-03-31 12:00:01,599 - PolymarketHotWeather - INFO - 📝 数据已保存：/home/nicola/.openclaw/workspace/data/polymarket/hot-weather-20260331-120001.json
2026-03-31 12:00:01,599 - PolymarketHotWeather - INFO - 📝 最新数据已更新：/home/nicola/.openclaw/workspace/data/polymarket/hot-weather-latest.json
2026-03-31 12:00:01,599 - PolymarketHotWeather - INFO - 📊 报告已生成：/home/nicola/.openclaw/workspace/data/polymarket/README.md
2026-03-31 12:00:01,599 - PolymarketHotWeather - INFO - ✅ 数据采集完成，共 5 个市场
2026-03-31 12:00:01,599 - PolymarketHotWeather - INFO - 💰 总流动性：$2,868,000
[2026年 03月 31日 星期二 12:00:01 CST] ✓ Polymarket hot weather data collection completed
========================================
[2026年 03月 31日 星期二 12:30:01 CST] Start Polymarket Hot Weather Data Collection...
2026-03-31 12:30:01,583 - PolymarketHotWeather - INFO - 🚀 Polymarket 热度前 5 名天气预测数据采集启动...
2026-03-31 12:30:01,583 - PolymarketHotWeather - INFO - ✅ 获取市场数据：2026 hottest year rank
2026-03-31 12:30:01,583 - PolymarketHotWeather - INFO - ✅ 获取市场数据：March 2026 temp increase
2026-03-31 12:30:01,584 - PolymarketHotWeather - INFO - ✅ 获取市场数据：Cat4 hurricane before 2027
2026-03-31 12:30:01,584 - PolymarketHotWeather - INFO - ✅ 获取市场数据：NYC March precipitation
2026-03-31 12:30:01,584 - PolymarketHotWeather - INFO - ✅ 获取市场数据：2026 March 1-3 hottest
2026-03-31 12:30:01,584 - PolymarketHotWeather - INFO - 📝 数据已保存：/home/nicola/.openclaw/workspace/data/polymarket/hot-weather-20260331-123001.json
2026-03-31 12:30:01,584 - PolymarketHotWeather - INFO - 📝 最新数据已更新：/home/nicola/.openclaw/workspace/data/polymarket/hot-weather-latest.json
2026-03-31 12:30:01,584 - PolymarketHotWeather - INFO - 📊 报告已生成：/home/nicola/.openclaw/workspace/data/polymarket/README.md
2026-03-31 12:30:01,584 - PolymarketHotWeather - INFO - ✅ 数据采集完成，共 5 个市场
2026-03-31 12:30:01,584 - PolymarketHotWeather - INFO - 💰 总流动性：$2,868,000
[2026年 03月 31日 星期二 12:30:01 CST] ✓ Polymarket hot weather data collection completed
========================================
[2026年 03月 31日 星期二 13:00:02 CST] Start Polymarket Hot Weather Data Collection...
2026-03-31 13:00:02,244 - PolymarketHotWeather - INFO - 🚀 Polymarket 热度前 5 名天气预测数据采集启动...
2026-03-31 13:00:02,244 - PolymarketHotWeather - INFO - ✅ 获取市场数据：2026 hottest year rank
2026-03-31 13:00:02,244 - PolymarketHotWeather - INFO - ✅ 获取市场数据：March 2026 temp increase
2026-03-31 13:00:02,244 - PolymarketHotWeather - INFO - ✅ 获取市场数据：Cat4 hurricane before 2027
2026-03-31 13:00:02,244 - PolymarketHotWeather - INFO - ✅ 获取市场数据：NYC March precipitation
2026-03-31 13:00:02,244 - PolymarketHotWeather - INFO - ✅ 获取市场数据：2026 March 1-3 hottest
2026-03-31 13:00:02,245 - PolymarketHotWeather - INFO - 📝 数据已保存：/home/nicola/.openclaw/workspace/data/polymarket/hot-weather-20260331-130002.json
2026-03-31 13:00:02,245 - PolymarketHotWeather - INFO - 📝 最新数据已更新：/home/nicola/.openclaw/workspace/data/polymarket/hot-weather-latest.json
2026-03-31 13:00:02,245 - PolymarketHotWeather - INFO - 📊 报告已生成：/home/nicola/.openclaw/workspace/data/polymarket/README.md
2026-03-31 13:00:02,245 - PolymarketHotWeather - INFO - ✅ 数据采集完成，共 5 个市场
2026-03-31 13:00:02,246 - PolymarketHotWeather - INFO - 💰 总流动性：$2,868,000
[2026年 03月 31日 星期二 13:00:02 CST] ✓ Polymarket hot weather data collection completed
========================================
[2026年 03月 31日 星期二 13:30:01 CST] Start Polymarket Hot Weather Data Collection...
2026-03-31 13:30:01,949 - PolymarketHotWeather - INFO - 🚀 Polymarket 热度前 5 名天气预测数据采集启动...
2026-03-31 13:30:01,949 - PolymarketHotWeather - INFO - ✅ 获取市场数据：2026 hottest year rank
2026-03-31 13:30:01,949 - PolymarketHotWeather - INFO - ✅ 获取市场数据：March 2026 temp increase
2026-03-31 13:30:01,949 - PolymarketHotWeather - INFO - ✅ 获取市场数据：Cat4 hurricane before 2027
2026-03-31 13:30:01,949 - PolymarketHotWeather - INFO - ✅ 获取市场数据：NYC March precipitation
2026-03-31 13:30:01,949 - PolymarketHotWeather - INFO - ✅ 获取市场数据：2026 March 1-3 hottest
2026-03-31 13:30:01,949 - PolymarketHotWeather - INFO - 📝 数据已保存：/home/nicola/.openclaw/workspace/data/polymarket/hot-weather-20260331-133001.json
2026-03-31 13:30:01,950 - PolymarketHotWeather - INFO - 📝 最新数据已更新：/home/nicola/.openclaw/workspace/data/polymarket/hot-weather-latest.json
2026-03-31 13:30:01,950 - PolymarketHotWeather - INFO - 📊 报告已生成：/home/nicola/.openclaw/workspace/data/polymarket/README.md
2026-03-31 13:30:01,950 - PolymarketHotWeather - INFO - ✅ 数据采集完成，共 5 个市场
2026-03-31 13:30:01,950 - PolymarketHotWeather - INFO - 💰 总流动性：$2,868,000
[2026年 03月 31日 星期二 13:30:01 CST] ✓ Polymarket hot weather data collection completed
========================================
[2026年 03月 31日 星期二 14:00:01 CST] Start Polymarket Hot Weather Data Collection...
2026-03-31 14:00:01,608 - PolymarketHotWeather - INFO - 🚀 Polymarket 热度前 5 名天气预测数据采集启动...
2026-03-31 14:00:01,608 - PolymarketHotWeather - INFO - ✅ 获取市场数据：2026 hottest year rank
2026-03-31 14:00:01,608 - PolymarketHotWeather - INFO - ✅ 获取市场数据：March 2026 temp increase
2026-03-31 14:00:01,608 - PolymarketHotWeather - INFO - ✅ 获取市场数据：Cat4 hurricane before 2027
2026-03-31 14:00:01,608 - PolymarketHotWeather - INFO - ✅ 获取市场数据：NYC March precipitation
2026-03-31 14:00:01,608 - PolymarketHotWeather - INFO - ✅ 获取市场数据：2026 March 1-3 hottest
2026-03-31 14:00:01,608 - PolymarketHotWeather - INFO - 📝 数据已保存：/home/nicola/.openclaw/workspace/data/polymarket/hot-weather-20260331-140001.json
2026-03-31 14:00:01,609 - PolymarketHotWeather - INFO - 📝 最新数据已更新：/home/nicola/.openclaw/workspace/data/polymarket/hot-weather-latest.json
2026-03-31 14:00:01,609 - PolymarketHotWeather - INFO - 📊 报告已生成：/home/nicola/.openclaw/workspace/data/polymarket/README.md
2026-03-31 14:00:01,609 - PolymarketHotWeather - INFO - ✅ 数据采集完成，共 5 个市场
2026-03-31 14:00:01,609 - PolymarketHotWeather - INFO - 💰 总流动性：$2,868,000
[2026年 03月 31日 星期二 14:00:01 CST] ✓ Polymarket hot weather data collection completed
========================================
[2026年 03月 31日 星期二 14:30:01 CST] Start Polymarket Hot Weather Data Collection...
2026-03-31 14:30:01,402 - PolymarketHotWeather - INFO - 🚀 Polymarket 热度前 5 名天气预测数据采集启动...
2026-03-31 14:30:01,403 - PolymarketHotWeather - INFO - ✅ 获取市场数据：2026 hottest year rank
2026-03-31 14:30:01,403 - PolymarketHotWeather - INFO - ✅ 获取市场数据：March 2026 temp increase
2026-03-31 14:30:01,403 - PolymarketHotWeather - INFO - ✅ 获取市场数据：Cat4 hurricane before 2027
2026-03-31 14:30:01,403 - PolymarketHotWeather - INFO - ✅ 获取市场数据：NYC March precipitation
2026-03-31 14:30:01,403 - PolymarketHotWeather - INFO - ✅ 获取市场数据：2026 March 1-3 hottest
2026-03-31 14:30:01,403 - PolymarketHotWeather - INFO - 📝 数据已保存：/home/nicola/.openclaw/workspace/data/polymarket/hot-weather-20260331-143001.json
2026-03-31 14:30:01,403 - PolymarketHotWeather - INFO - 📝 最新数据已更新：/home/nicola/.openclaw/workspace/data/polymarket/hot-weather-latest.json
2026-03-31 14:30:01,403 - PolymarketHotWeather - INFO - 📊 报告已生成：/home/nicola/.openclaw/workspace/data/polymarket/README.md
2026-03-31 14:30:01,403 - PolymarketHotWeather - INFO - ✅ 数据采集完成，共 5 个市场
2026-03-31 14:30:01,403 - PolymarketHotWeather - INFO - 💰 总流动性：$2,868,000
[2026年 03月 31日 星期二 14:30:01 CST] ✓ Polymarket hot weather data collection completed
========================================
[2026年 03月 31日 星期二 15:00:01 CST] Start Polymarket Hot Weather Data Collection...
2026-03-31 15:00:01,963 - PolymarketHotWeather - INFO - 🚀 Polymarket 热度前 5 名天气预测数据采集启动...
2026-03-31 15:00:01,963 - PolymarketHotWeather - INFO - ✅ 获取市场数据：2026 hottest year rank
2026-03-31 15:00:01,963 - PolymarketHotWeather - INFO - ✅ 获取市场数据：March 2026 temp increase
2026-03-31 15:00:01,963 - PolymarketHotWeather - INFO - ✅ 获取市场数据：Cat4 hurricane before 2027
2026-03-31 15:00:01,963 - PolymarketHotWeather - INFO - ✅ 获取市场数据：NYC March precipitation
2026-03-31 15:00:01,963 - PolymarketHotWeather - INFO - ✅ 获取市场数据：2026 March 1-3 hottest
2026-03-31 15:00:01,964 - PolymarketHotWeather - INFO - 📝 数据已保存：/home/nicola/.openclaw/workspace/data/polymarket/hot-weather-20260331-150001.json
2026-03-31 15:00:01,964 - PolymarketHotWeather - INFO - 📝 最新数据已更新：/home/nicola/.openclaw/workspace/data/polymarket/hot-weather-latest.json
2026-03-31 15:00:01,964 - PolymarketHotWeather - INFO - 📊 报告已生成：/home/nicola/.openclaw/workspace/data/polymarket/README.md
2026-03-31 15:00:01,964 - PolymarketHotWeather - INFO - ✅ 数据采集完成，共 5 个市场
2026-03-31 15:00:01,964 - PolymarketHotWeather - INFO - 💰 总流动性：$2,868,000
[2026年 03月 31日 星期二 15:00:02 CST] ✓ Polymarket hot weather data collection completed
========================================
[2026年 03月 31日 星期二 15:30:01 CST] Start Polymarket Hot Weather Data Collection...
2026-03-31 15:30:01,680 - PolymarketHotWeather - INFO - 🚀 Polymarket 热度前 5 名天气预测数据采集启动...
2026-03-31 15:30:01,680 - PolymarketHotWeather - INFO - ✅ 获取市场数据：2026 hottest year rank
2026-03-31 15:30:01,681 - PolymarketHotWeather - INFO - ✅ 获取市场数据：March 2026 temp increase
2026-03-31 15:30:01,681 - PolymarketHotWeather - INFO - ✅ 获取市场数据：Cat4 hurricane before 2027
2026-03-31 15:30:01,681 - PolymarketHotWeather - INFO - ✅ 获取市场数据：NYC March precipitation
2026-03-31 15:30:01,681 - PolymarketHotWeather - INFO - ✅ 获取市场数据：2026 March 1-3 hottest
2026-03-31 15:30:01,681 - PolymarketHotWeather - INFO - 📝 数据已保存：/home/nicola/.openclaw/workspace/data/polymarket/hot-weather-20260331-153001.json
2026-03-31 15:30:01,681 - PolymarketHotWeather - INFO - 📝 最新数据已更新：/home/nicola/.openclaw/workspace/data/polymarket/hot-weather-latest.json
2026-03-31 15:30:01,681 - PolymarketHotWeather - INFO - 📊 报告已生成：/home/nicola/.openclaw/workspace/data/polymarket/README.md
2026-03-31 15:30:01,681 - PolymarketHotWeather - INFO - ✅ 数据采集完成，共 5 个市场
2026-03-31 15:30:01,681 - PolymarketHotWeather - INFO - 💰 总流动性：$2,868,000
[2026年 03月 31日 星期二 15:30:01 CST] ✓ Polymarket hot weather data collection completed
========================================
[2026年 03月 31日 星期二 16:00:01 CST] Start Polymarket Hot Weather Data Collection...
2026-03-31 16:00:01,318 - PolymarketHotWeather - INFO - 🚀 Polymarket 热度前 5 名天气预测数据采集启动...
2026-03-31 16:00:01,318 - PolymarketHotWeather - INFO - ✅ 获取市场数据：2026 hottest year rank
2026-03-31 16:00:01,319 - PolymarketHotWeather - INFO - ✅ 获取市场数据：March 2026 temp increase
2026-03-31 16:00:01,319 - PolymarketHotWeather - INFO - ✅ 获取市场数据：Cat4 hurricane before 2027
2026-03-31 16:00:01,319 - PolymarketHotWeather - INFO - ✅ 获取市场数据：NYC March precipitation
2026-03-31 16:00:01,319 - PolymarketHotWeather - INFO - ✅ 获取市场数据：2026 March 1-3 hottest
2026-03-31 16:00:01,319 - PolymarketHotWeather - INFO - 📝 数据已保存：/home/nicola/.openclaw/workspace/data/polymarket/hot-weather-20260331-160001.json
2026-03-31 16:00:01,319 - PolymarketHotWeather - INFO - 📝 最新数据已更新：/home/nicola/.openclaw/workspace/data/polymarket/hot-weather-latest.json
2026-03-31 16:00:01,320 - PolymarketHotWeather - INFO - 📊 报告已生成：/home/nicola/.openclaw/workspace/data/polymarket/README.md
2026-03-31 16:00:01,320 - PolymarketHotWeather - INFO - ✅ 数据采集完成，共 5 个市场
2026-03-31 16:00:01,320 - PolymarketHotWeather - INFO - 💰 总流动性：$2,868,000
[2026年 03月 31日 星期二 16:00:01 CST] ✓ Polymarket hot weather data collection completed
========================================
[2026年 03月 31日 星期二 16:30:01 CST] Start Polymarket Hot Weather Data Collection...
2026-03-31 16:30:02,009 - PolymarketHotWeather - INFO - 🚀 Polymarket 热度前 5 名天气预测数据采集启动...
2026-03-31 16:30:02,009 - PolymarketHotWeather - INFO - ✅ 获取市场数据：2026 hottest year rank
2026-03-31 16:30:02,009 - PolymarketHotWeather - INFO - ✅ 获取市场数据：March 2026 temp increase
2026-03-31 16:30:02,009 - PolymarketHotWeather - INFO - ✅ 获取市场数据：Cat4 hurricane before 2027
2026-03-31 16:30:02,009 - PolymarketHotWeather - INFO - ✅ 获取市场数据：NYC March precipitation
2026-03-31 16:30:02,009 - PolymarketHotWeather - INFO - ✅ 获取市场数据：2026 March 1-3 hottest
2026-03-31 16:30:02,009 - PolymarketHotWeather - INFO - 📝 数据已保存：/home/nicola/.openclaw/workspace/data/polymarket/hot-weather-20260331-163002.json
2026-03-31 16:30:02,010 - PolymarketHotWeather - INFO - 📝 最新数据已更新：/home/nicola/.openclaw/workspace/data/polymarket/hot-weather-latest.json
2026-03-31 16:30:02,010 - PolymarketHotWeather - INFO - 📊 报告已生成：/home/nicola/.openclaw/workspace/data/polymarket/README.md
2026-03-31 16:30:02,010 - PolymarketHotWeather - INFO - ✅ 数据采集完成，共 5 个市场
2026-03-31 16:30:02,010 - PolymarketHotWeather - INFO - 💰 总流动性：$2,868,000
[2026年 03月 31日 星期二 16:30:02 CST] ✓ Polymarket hot weather data collection completed
========================================
[2026年 03月 31日 星期二 17:00:01 CST] Start Polymarket Hot Weather Data Collection...
2026-03-31 17:00:01,612 - PolymarketHotWeather - INFO - 🚀 Polymarket 热度前 5 名天气预测数据采集启动...
2026-03-31 17:00:01,612 - PolymarketHotWeather - INFO - ✅ 获取市场数据：2026 hottest year rank
2026-03-31 17:00:01,612 - PolymarketHotWeather - INFO - ✅ 获取市场数据：March 2026 temp increase
2026-03-31 17:00:01,612 - PolymarketHotWeather - INFO - ✅ 获取市场数据：Cat4 hurricane before 2027
2026-03-31 17:00:01,612 - PolymarketHotWeather - INFO - ✅ 获取市场数据：NYC March precipitation
2026-03-31 17:00:01,612 - PolymarketHotWeather - INFO - ✅ 获取市场数据：2026 March 1-3 hottest
2026-03-31 17:00:01,613 - PolymarketHotWeather - INFO - 📝 数据已保存：/home/nicola/.openclaw/workspace/data/polymarket/hot-weather-20260331-170001.json
2026-03-31 17:00:01,613 - PolymarketHotWeather - INFO - 📝 最新数据已更新：/home/nicola/.openclaw/workspace/data/polymarket/hot-weather-latest.json
2026-03-31 17:00:01,613 - PolymarketHotWeather - INFO - 📊 报告已生成：/home/nicola/.openclaw/workspace/data/polymarket/README.md
2026-03-31 17:00:01,613 - PolymarketHotWeather - INFO - ✅ 数据采集完成，共 5 个市场
2026-03-31 17:00:01,613 - PolymarketHotWeather - INFO - 💰 总流动性：$2,868,000
[2026年 03月 31日 星期二 17:00:01 CST] ✓ Polymarket hot weather data collection completed
========================================
[2026年 03月 31日 星期二 17:30:01 CST] Start Polymarket Hot Weather Data Collection...
2026-03-31 17:30:01,412 - PolymarketHotWeather - INFO - 🚀 Polymarket 热度前 5 名天气预测数据采集启动...
2026-03-31 17:30:01,412 - PolymarketHotWeather - INFO - ✅ 获取市场数据：2026 hottest year rank
2026-03-31 17:30:01,412 - PolymarketHotWeather - INFO - ✅ 获取市场数据：March 2026 temp increase
2026-03-31 17:30:01,412 - PolymarketHotWeather - INFO - ✅ 获取市场数据：Cat4 hurricane before 2027
2026-03-31 17:30:01,412 - PolymarketHotWeather - INFO - ✅ 获取市场数据：NYC March precipitation
2026-03-31 17:30:01,412 - PolymarketHotWeather - INFO - ✅ 获取市场数据：2026 March 1-3 hottest
2026-03-31 17:30:01,412 - PolymarketHotWeather - INFO - 📝 数据已保存：/home/nicola/.openclaw/workspace/data/polymarket/hot-weather-20260331-173001.json
2026-03-31 17:30:01,412 - PolymarketHotWeather - INFO - 📝 最新数据已更新：/home/nicola/.openclaw/workspace/data/polymarket/hot-weather-latest.json
2026-03-31 17:30:01,413 - PolymarketHotWeather - INFO - 📊 报告已生成：/home/nicola/.openclaw/workspace/data/polymarket/README.md
2026-03-31 17:30:01,413 - PolymarketHotWeather - INFO - ✅ 数据采集完成，共 5 个市场
2026-03-31 17:30:01,413 - PolymarketHotWeather - INFO - 💰 总流动性：$2,868,000
[2026年 03月 31日 星期二 17:30:01 CST] ✓ Polymarket hot weather data collection completed
========================================
[2026年 03月 31日 星期二 18:00:01 CST] Start Polymarket Hot Weather Data Collection...
2026-03-31 18:00:02,272 - PolymarketHotWeather - INFO - 🚀 Polymarket 热度前 5 名天气预测数据采集启动...
2026-03-31 18:00:02,272 - PolymarketHotWeather - INFO - ✅ 获取市场数据：2026 hottest year rank
2026-03-31 18:00:02,272 - PolymarketHotWeather - INFO - ✅ 获取市场数据：March 2026 temp increase
2026-03-31 18:00:02,272 - PolymarketHotWeather - INFO - ✅ 获取市场数据：Cat4 hurricane before 2027
2026-03-31 18:00:02,273 - PolymarketHotWeather - INFO - ✅ 获取市场数据：NYC March precipitation
2026-03-31 18:00:02,273 - PolymarketHotWeather - INFO - ✅ 获取市场数据：2026 March 1-3 hottest
2026-03-31 18:00:02,273 - PolymarketHotWeather - INFO - 📝 数据已保存：/home/nicola/.openclaw/workspace/data/polymarket/hot-weather-20260331-180002.json
2026-03-31 18:00:02,273 - PolymarketHotWeather - INFO - 📝 最新数据已更新：/home/nicola/.openclaw/workspace/data/polymarket/hot-weather-latest.json
2026-03-31 18:00:02,274 - PolymarketHotWeather - INFO - 📊 报告已生成：/home/nicola/.openclaw/workspace/data/polymarket/README.md
2026-03-31 18:00:02,274 - PolymarketHotWeather - INFO - ✅ 数据采集完成，共 5 个市场
2026-03-31 18:00:02,274 - PolymarketHotWeather - INFO - 💰 总流动性：$2,868,000
[2026年 03月 31日 星期二 18:00:02 CST] ✓ Polymarket hot weather data collection completed
========================================
[2026年 03月 31日 星期二 18:30:01 CST] Start Polymarket Hot Weather Data Collection...
2026-03-31 18:30:01,993 - PolymarketHotWeather - INFO - 🚀 Polymarket 热度前 5 名天气预测数据采集启动...
2026-03-31 18:30:01,993 - PolymarketHotWeather - INFO - ✅ 获取市场数据：2026 hottest year rank
2026-03-31 18:30:01,993 - PolymarketHotWeather - INFO - ✅ 获取市场数据：March 2026 temp increase
2026-03-31 18:30:01,993 - PolymarketHotWeather - INFO - ✅ 获取市场数据：Cat4 hurricane before 2027
2026-03-31 18:30:01,993 - PolymarketHotWeather - INFO - ✅ 获取市场数据：NYC March precipitation
2026-03-31 18:30:01,993 - PolymarketHotWeather - INFO - ✅ 获取市场数据：2026 March 1-3 hottest
2026-03-31 18:30:01,994 - PolymarketHotWeather - INFO - 📝 数据已保存：/home/nicola/.openclaw/workspace/data/polymarket/hot-weather-20260331-183001.json
2026-03-31 18:30:01,994 - PolymarketHotWeather - INFO - 📝 最新数据已更新：/home/nicola/.openclaw/workspace/data/polymarket/hot-weather-latest.json
2026-03-31 18:30:01,994 - PolymarketHotWeather - INFO - 📊 报告已生成：/home/nicola/.openclaw/workspace/data/polymarket/README.md
2026-03-31 18:30:01,994 - PolymarketHotWeather - INFO - ✅ 数据采集完成，共 5 个市场
2026-03-31 18:30:01,994 - PolymarketHotWeather - INFO - 💰 总流动性：$2,868,000
[2026年 03月 31日 星期二 18:30:02 CST] ✓ Polymarket hot weather data collection completed
========================================
[2026年 03月 31日 星期二 19:00:01 CST] Start Polymarket Hot Weather Data Collection...
2026-03-31 19:00:01,691 - PolymarketHotWeather - INFO - 🚀 Polymarket 热度前 5 名天气预测数据采集启动...
2026-03-31 19:00:01,691 - PolymarketHotWeather - INFO - ✅ 获取市场数据：2026 hottest year rank
2026-03-31 19:00:01,691 - PolymarketHotWeather - INFO - ✅ 获取市场数据：March 2026 temp increase
2026-03-31 19:00:01,691 - PolymarketHotWeather - INFO - ✅ 获取市场数据：Cat4 hurricane before 2027
2026-03-31 19:00:01,691 - PolymarketHotWeather - INFO - ✅ 获取市场数据：NYC March precipitation
2026-03-31 19:00:01,691 - PolymarketHotWeather - INFO - ✅ 获取市场数据：2026 March 1-3 hottest
2026-03-31 19:00:01,692 - PolymarketHotWeather - INFO - 📝 数据已保存：/home/nicola/.openclaw/workspace/data/polymarket/hot-weather-20260331-190001.json
2026-03-31 19:00:01,692 - PolymarketHotWeather - INFO - 📝 最新数据已更新：/home/nicola/.openclaw/workspace/data/polymarket/hot-weather-latest.json
2026-03-31 19:00:01,692 - PolymarketHotWeather - INFO - 📊 报告已生成：/home/nicola/.openclaw/workspace/data/polymarket/README.md
2026-03-31 19:00:01,692 - PolymarketHotWeather - INFO - ✅ 数据采集完成，共 5 个市场
2026-03-31 19:00:01,692 - PolymarketHotWeather - INFO - 💰 总流动性：$2,868,000
[2026年 03月 31日 星期二 19:00:01 CST] ✓ Polymarket hot weather data collection completed
========================================
[2026年 03月 31日 星期二 19:30:01 CST] Start Polymarket Hot Weather Data Collection...
2026-03-31 19:30:01,388 - PolymarketHotWeather - INFO - 🚀 Polymarket 热度前 5 名天气预测数据采集启动...
2026-03-31 19:30:01,388 - PolymarketHotWeather - INFO - ✅ 获取市场数据：2026 hottest year rank
2026-03-31 19:30:01,388 - PolymarketHotWeather - INFO - ✅ 获取市场数据：March 2026 temp increase
2026-03-31 19:30:01,388 - PolymarketHotWeather - INFO - ✅ 获取市场数据：Cat4 hurricane before 2027
2026-03-31 19:30:01,388 - PolymarketHotWeather - INFO - ✅ 获取市场数据：NYC March precipitation
2026-03-31 19:30:01,388 - PolymarketHotWeather - INFO - ✅ 获取市场数据：2026 March 1-3 hottest
2026-03-31 19:30:01,389 - PolymarketHotWeather - INFO - 📝 数据已保存：/home/nicola/.openclaw/workspace/data/polymarket/hot-weather-20260331-193001.json
2026-03-31 19:30:01,389 - PolymarketHotWeather - INFO - 📝 最新数据已更新：/home/nicola/.openclaw/workspace/data/polymarket/hot-weather-latest.json
2026-03-31 19:30:01,389 - PolymarketHotWeather - INFO - 📊 报告已生成：/home/nicola/.openclaw/workspace/data/polymarket/README.md
2026-03-31 19:30:01,389 - PolymarketHotWeather - INFO - ✅ 数据采集完成，共 5 个市场
2026-03-31 19:30:01,389 - PolymarketHotWeather - INFO - 💰 总流动性：$2,868,000
[2026年 03月 31日 星期二 19:30:01 CST] ✓ Polymarket hot weather data collection completed
========================================
[2026年 03月 31日 星期二 20:00:01 CST] Start Polymarket Hot Weather Data Collection...
2026-03-31 20:00:02,085 - PolymarketHotWeather - INFO - 🚀 Polymarket 热度前 5 名天气预测数据采集启动...
2026-03-31 20:00:02,085 - PolymarketHotWeather - INFO - ✅ 获取市场数据：2026 hottest year rank
2026-03-31 20:00:02,085 - PolymarketHotWeather - INFO - ✅ 获取市场数据：March 2026 temp increase
2026-03-31 20:00:02,085 - PolymarketHotWeather - INFO - ✅ 获取市场数据：Cat4 hurricane before 2027
2026-03-31 20:00:02,085 - PolymarketHotWeather - INFO - ✅ 获取市场数据：NYC March precipitation
2026-03-31 20:00:02,085 - PolymarketHotWeather - INFO - ✅ 获取市场数据：2026 March 1-3 hottest
2026-03-31 20:00:02,085 - PolymarketHotWeather - INFO - 📝 数据已保存：/home/nicola/.openclaw/workspace/data/polymarket/hot-weather-20260331-200002.json
2026-03-31 20:00:02,086 - PolymarketHotWeather - INFO - 📝 最新数据已更新：/home/nicola/.openclaw/workspace/data/polymarket/hot-weather-latest.json
2026-03-31 20:00:02,086 - PolymarketHotWeather - INFO - 📊 报告已生成：/home/nicola/.openclaw/workspace/data/polymarket/README.md
2026-03-31 20:00:02,086 - PolymarketHotWeather - INFO - ✅ 数据采集完成，共 5 个市场
2026-03-31 20:00:02,086 - PolymarketHotWeather - INFO - 💰 总流动性：$2,868,000
[2026年 03月 31日 星期二 20:00:02 CST] ✓ Polymarket hot weather data collection completed
========================================
[2026年 03月 31日 星期二 20:30:01 CST] Start Polymarket Hot Weather Data Collection...
2026-03-31 20:30:01,819 - PolymarketHotWeather - INFO - 🚀 Polymarket 热度前 5 名天气预测数据采集启动...
2026-03-31 20:30:01,819 - PolymarketHotWeather - INFO - ✅ 获取市场数据：2026 hottest year rank
2026-03-31 20:30:01,819 - PolymarketHotWeather - INFO - ✅ 获取市场数据：March 2026 temp increase
2026-03-31 20:30:01,819 - PolymarketHotWeather - INFO - ✅ 获取市场数据：Cat4 hurricane before 2027
2026-03-31 20:30:01,819 - PolymarketHotWeather - INFO - ✅ 获取市场数据：NYC March precipitation
2026-03-31 20:30:01,819 - PolymarketHotWeather - INFO - ✅ 获取市场数据：2026 March 1-3 hottest
2026-03-31 20:30:01,819 - PolymarketHotWeather - INFO - 📝 数据已保存：/home/nicola/.openclaw/workspace/data/polymarket/hot-weather-20260331-203001.json
2026-03-31 20:30:01,820 - PolymarketHotWeather - INFO - 📝 最新数据已更新：/home/nicola/.openclaw/workspace/data/polymarket/hot-weather-latest.json
2026-03-31 20:30:01,820 - PolymarketHotWeather - INFO - 📊 报告已生成：/home/nicola/.openclaw/workspace/data/polymarket/README.md
2026-03-31 20:30:01,820 - PolymarketHotWeather - INFO - ✅ 数据采集完成，共 5 个市场
2026-03-31 20:30:01,820 - PolymarketHotWeather - INFO - 💰 总流动性：$2,868,000
[2026年 03月 31日 星期二 20:30:01 CST] ✓ Polymarket hot weather data collection completed
========================================
[2026年 03月 31日 星期二 21:00:01 CST] Start Polymarket Hot Weather Data Collection...
2026-03-31 21:00:01,451 - PolymarketHotWeather - INFO - 🚀 Polymarket 热度前 5 名天气预测数据采集启动...
2026-03-31 21:00:01,452 - PolymarketHotWeather - INFO - ✅ 获取市场数据：2026 hottest year rank
2026-03-31 21:00:01,452 - PolymarketHotWeather - INFO - ✅ 获取市场数据：March 2026 temp increase
2026-03-31 21:00:01,452 - PolymarketHotWeather - INFO - ✅ 获取市场数据：Cat4 hurricane before 2027
2026-03-31 21:00:01,452 - PolymarketHotWeather - INFO - ✅ 获取市场数据：NYC March precipitation
2026-03-31 21:00:01,452 - PolymarketHotWeather - INFO - ✅ 获取市场数据：2026 March 1-3 hottest
2026-03-31 21:00:01,452 - PolymarketHotWeather - INFO - 📝 数据已保存：/home/nicola/.openclaw/workspace/data/polymarket/hot-weather-20260331-210001.json
2026-03-31 21:00:01,453 - PolymarketHotWeather - INFO - 📝 最新数据已更新：/home/nicola/.openclaw/workspace/data/polymarket/hot-weather-latest.json
2026-03-31 21:00:01,453 - PolymarketHotWeather - INFO - 📊 报告已生成：/home/nicola/.openclaw/workspace/data/polymarket/README.md
2026-03-31 21:00:01,453 - PolymarketHotWeather - INFO - ✅ 数据采集完成，共 5 个市场
2026-03-31 21:00:01,453 - PolymarketHotWeather - INFO - 💰 总流动性：$2,868,000
[2026年 03月 31日 星期二 21:00:01 CST] ✓ Polymarket hot weather data collection completed
========================================
[2026年 03月 31日 星期二 21:30:02 CST] Start Polymarket Hot Weather Data Collection...
2026-03-31 21:30:02,176 - PolymarketHotWeather - INFO - 🚀 Polymarket 热度前 5 名天气预测数据采集启动...
2026-03-31 21:30:02,176 - PolymarketHotWeather - INFO - ✅ 获取市场数据：2026 hottest year rank
2026-03-31 21:30:02,176 - PolymarketHotWeather - INFO - ✅ 获取市场数据：March 2026 temp increase
2026-03-31 21:30:02,176 - PolymarketHotWeather - INFO - ✅ 获取市场数据：Cat4 hurricane before 2027
2026-03-31 21:30:02,176 - PolymarketHotWeather - INFO - ✅ 获取市场数据：NYC March precipitation
2026-03-31 21:30:02,176 - PolymarketHotWeather - INFO - ✅ 获取市场数据：2026 March 1-3 hottest
2026-03-31 21:30:02,177 - PolymarketHotWeather - INFO - 📝 数据已保存：/home/nicola/.openclaw/workspace/data/polymarket/hot-weather-20260331-213002.json
2026-03-31 21:30:02,177 - PolymarketHotWeather - INFO - 📝 最新数据已更新：/home/nicola/.openclaw/workspace/data/polymarket/hot-weather-latest.json
2026-03-31 21:30:02,177 - PolymarketHotWeather - INFO - 📊 报告已生成：/home/nicola/.openclaw/workspace/data/polymarket/README.md
2026-03-31 21:30:02,177 - PolymarketHotWeather - INFO - ✅ 数据采集完成，共 5 个市场
2026-03-31 21:30:02,177 - PolymarketHotWeather - INFO - 💰 总流动性：$2,868,000
[2026年 03月 31日 星期二 21:30:02 CST] ✓ Polymarket hot weather data collection completed
========================================
[2026年 03月 31日 星期二 22:00:01 CST] Start Polymarket Hot Weather Data Collection...
2026-03-31 22:00:01,824 - PolymarketHotWeather - INFO - 🚀 Polymarket 热度前 5 名天气预测数据采集启动...
2026-03-31 22:00:01,825 - PolymarketHotWeather - INFO - ✅ 获取市场数据：2026 hottest year rank
2026-03-31 22:00:01,825 - PolymarketHotWeather - INFO - ✅ 获取市场数据：March 2026 temp increase
2026-03-31 22:00:01,825 - PolymarketHotWeather - INFO - ✅ 获取市场数据：Cat4 hurricane before 2027
2026-03-31 22:00:01,825 - PolymarketHotWeather - INFO - ✅ 获取市场数据：NYC March precipitation
2026-03-31 22:00:01,825 - PolymarketHotWeather - INFO - ✅ 获取市场数据：2026 March 1-3 hottest
2026-03-31 22:00:01,825 - PolymarketHotWeather - INFO - 📝 数据已保存：/home/nicola/.openclaw/workspace/data/polymarket/hot-weather-20260331-220001.json
2026-03-31 22:00:01,826 - PolymarketHotWeather - INFO - 📝 最新数据已更新：/home/nicola/.openclaw/workspace/data/polymarket/hot-weather-latest.json
2026-03-31 22:00:01,826 - PolymarketHotWeather - INFO - 📊 报告已生成：/home/nicola/.openclaw/workspace/data/polymarket/README.md
2026-03-31 22:00:01,826 - PolymarketHotWeather - INFO - ✅ 数据采集完成，共 5 个市场
2026-03-31 22:00:01,826 - PolymarketHotWeather - INFO - 💰 总流动性：$2,868,000
[2026年 03月 31日 星期二 22:00:01 CST] ✓ Polymarket hot weather data collection completed
========================================
[2026年 03月 31日 星期二 22:30:01 CST] Start Polymarket Hot Weather Data Collection...
2026-03-31 22:30:01,609 - PolymarketHotWeather - INFO - 🚀 Polymarket 热度前 5 名天气预测数据采集启动...
2026-03-31 22:30:01,609 - PolymarketHotWeather - INFO - ✅ 获取市场数据：2026 hottest year rank
2026-03-31 22:30:01,609 - PolymarketHotWeather - INFO - ✅ 获取市场数据：March 2026 temp increase
2026-03-31 22:30:01,609 - PolymarketHotWeather - INFO - ✅ 获取市场数据：Cat4 hurricane before 2027
2026-03-31 22:30:01,609 - PolymarketHotWeather - INFO - ✅ 获取市场数据：NYC March precipitation
2026-03-31 22:30:01,609 - PolymarketHotWeather - INFO - ✅ 获取市场数据：2026 March 1-3 hottest
2026-03-31 22:30:01,609 - PolymarketHotWeather - INFO - 📝 数据已保存：/home/nicola/.openclaw/workspace/data/polymarket/hot-weather-20260331-223001.json
2026-03-31 22:30:01,610 - PolymarketHotWeather - INFO - 📝 最新数据已更新：/home/nicola/.openclaw/workspace/data/polymarket/hot-weather-latest.json
2026-03-31 22:30:01,610 - PolymarketHotWeather - INFO - 📊 报告已生成：/home/nicola/.openclaw/workspace/data/polymarket/README.md
2026-03-31 22:30:01,610 - PolymarketHotWeather - INFO - ✅ 数据采集完成，共 5 个市场
2026-03-31 22:30:01,610 - PolymarketHotWeather - INFO - 💰 总流动性：$2,868,000
[2026年 03月 31日 星期二 22:30:01 CST] ✓ Polymarket hot weather data collection completed
========================================
[2026年 03月 31日 星期二 23:00:01 CST] Start Polymarket Hot Weather Data Collection...
2026-03-31 23:00:01,422 - PolymarketHotWeather - INFO - 🚀 Polymarket 热度前 5 名天气预测数据采集启动...
2026-03-31 23:00:01,423 - PolymarketHotWeather - INFO - ✅ 获取市场数据：2026 hottest year rank
2026-03-31 23:00:01,423 - PolymarketHotWeather - INFO - ✅ 获取市场数据：March 2026 temp increase
2026-03-31 23:00:01,423 - PolymarketHotWeather - INFO - ✅ 获取市场数据：Cat4 hurricane before 2027
2026-03-31 23:00:01,423 - PolymarketHotWeather - INFO - ✅ 获取市场数据：NYC March precipitation
2026-03-31 23:00:01,423 - PolymarketHotWeather - INFO - ✅ 获取市场数据：2026 March 1-3 hottest
2026-03-31 23:00:01,424 - PolymarketHotWeather - INFO - 📝 数据已保存：/home/nicola/.openclaw/workspace/data/polymarket/hot-weather-20260331-230001.json
2026-03-31 23:00:01,425 - PolymarketHotWeather - INFO - 📝 最新数据已更新：/home/nicola/.openclaw/workspace/data/polymarket/hot-weather-latest.json
2026-03-31 23:00:01,425 - PolymarketHotWeather - INFO - 📊 报告已生成：/home/nicola/.openclaw/workspace/data/polymarket/README.md
2026-03-31 23:00:01,425 - PolymarketHotWeather - INFO - ✅ 数据采集完成，共 5 个市场
2026-03-31 23:00:01,425 - PolymarketHotWeather - INFO - 💰 总流动性：$2,868,000
[2026年 03月 31日 星期二 23:00:01 CST] ✓ Polymarket hot weather data collection completed
========================================
[2026年 03月 31日 星期二 23:30:02 CST] Start Polymarket Hot Weather Data Collection...
2026-03-31 23:30:02,203 - PolymarketHotWeather - INFO - 🚀 Polymarket 热度前 5 名天气预测数据采集启动...
2026-03-31 23:30:02,203 - PolymarketHotWeather - INFO - ✅ 获取市场数据：2026 hottest year rank
2026-03-31 23:30:02,203 - PolymarketHotWeather - INFO - ✅ 获取市场数据：March 2026 temp increase
2026-03-31 23:30:02,203 - PolymarketHotWeather - INFO - ✅ 获取市场数据：Cat4 hurricane before 2027
2026-03-31 23:30:02,203 - PolymarketHotWeather - INFO - ✅ 获取市场数据：NYC March precipitation
2026-03-31 23:30:02,203 - PolymarketHotWeather - INFO - ✅ 获取市场数据：2026 March 1-3 hottest
2026-03-31 23:30:02,203 - PolymarketHotWeather - INFO - 📝 数据已保存：/home/nicola/.openclaw/workspace/data/polymarket/hot-weather-20260331-233002.json
2026-03-31 23:30:02,204 - PolymarketHotWeather - INFO - 📝 最新数据已更新：/home/nicola/.openclaw/workspace/data/polymarket/hot-weather-latest.json
2026-03-31 23:30:02,204 - PolymarketHotWeather - INFO - 📊 报告已生成：/home/nicola/.openclaw/workspace/data/polymarket/README.md
2026-03-31 23:30:02,204 - PolymarketHotWeather - INFO - ✅ 数据采集完成，共 5 个市场
2026-03-31 23:30:02,204 - PolymarketHotWeather - INFO - 💰 总流动性：$2,868,000
[2026年 03月 31日 星期二 23:30:02 CST] ✓ Polymarket hot weather data collection completed
