[2026-03-25 12:14:39] === 定时任务监控开始 ===
[2026-03-25 12:14:39] 检查注册任务...
[2026-03-25 12:14:39] ⚠️ 任务失败：TASK-009 (午间进度汇报)
[2026-03-25 12:14:39]    计划时间：12:00
[2026-03-25 12:14:39]    截止时间：12:05
[2026-03-25 12:14:39]    执行 Bot: 太一
[2026-03-25 12:14:39]    状态：❌ 未执行
[2026-03-25 12:15:01] === 定时任务监控开始 ===
[2026-03-25 12:15:01] 检查注册任务...
[2026-03-25 12:15:01] ⚠️ 任务失败：TASK-009 (午间进度汇报)
[2026-03-25 12:15:01]    计划时间：12:00
[2026-03-25 12:15:01]    截止时间：12:05
[2026-03-25 12:15:01]    执行 Bot: 太一
[2026-03-25 12:15:01]    状态：❌ 未执行
[2026-03-25 12:16:01] === 定时任务监控开始 ===
[2026-03-25 12:16:02] 检查注册任务...
[2026-03-25 12:16:02] ⚠️ 任务失败：TASK-009 (午间进度汇报)
[2026-03-25 12:16:02]    计划时间：12:00
[2026-03-25 12:16:02]    截止时间：12:05
[2026-03-25 12:16:02]    执行 Bot: 太一
[2026-03-25 12:16:02]    状态：❌ 未执行
[2026-03-25 12:17:01] === 定时任务监控开始 ===
[2026-03-25 12:17:01] 检查注册任务...
[2026-03-25 12:17:01] ⚠️ 任务失败：TASK-009 (午间进度汇报)
[2026-03-25 12:17:01]    计划时间：12:00
[2026-03-25 12:17:01]    截止时间：12:05
[2026-03-25 12:17:01]    执行 Bot: 太一
[2026-03-25 12:17:01]    状态：❌ 未执行
[2026-03-25 12:18:01] === 定时任务监控开始 ===
[2026-03-25 12:18:01] 检查注册任务...
[2026-03-25 12:18:01] ⚠️ 任务失败：TASK-009 (午间进度汇报)
[2026-03-25 12:18:01]    计划时间：12:00
[2026-03-25 12:18:01]    截止时间：12:05
[2026-03-25 12:18:01]    执行 Bot: 太一
[2026-03-25 12:18:01]    状态：❌ 未执行
[2026-03-25 12:19:01] === 定时任务监控开始 ===
[2026-03-25 12:19:01] 检查注册任务...
[2026-03-25 12:19:01] ⚠️ 任务失败：TASK-009 (午间进度汇报)
[2026-03-25 12:19:01]    计划时间：12:00
[2026-03-25 12:19:01]    截止时间：12:05
[2026-03-25 12:19:01]    执行 Bot: 太一
[2026-03-25 12:19:01]    状态：❌ 未执行
[2026-03-25 12:20:01] === 定时任务监控开始 ===
[2026-03-25 12:20:01] 检查注册任务...
[2026-03-25 12:20:01] ⚠️ 任务失败：TASK-009 (午间进度汇报)
[2026-03-25 12:20:01]    计划时间：12:00
[2026-03-25 12:20:01]    截止时间：12:05
[2026-03-25 12:20:01]    执行 Bot: 太一
[2026-03-25 12:20:01]    状态：❌ 未执行
[2026-03-25 12:21:01] === 定时任务监控开始 ===
[2026-03-25 12:21:01] 检查注册任务...
[2026-03-25 12:21:01] ⚠️ 任务失败：TASK-009 (午间进度汇报)
[2026-03-25 12:21:01]    计划时间：12:00
[2026-03-25 12:21:01]    截止时间：12:05
[2026-03-25 12:21:01]    执行 Bot: 太一
[2026-03-25 12:21:01]    状态：❌ 未执行
[2026-03-25 12:22:01] === 定时任务监控开始 ===
[2026-03-25 12:22:01] 检查注册任务...
[2026-03-25 12:22:01] ⚠️ 任务失败：TASK-009 (午间进度汇报)
[2026-03-25 12:22:01]    计划时间：12:00
[2026-03-25 12:22:01]    截止时间：12:05
[2026-03-25 12:22:01]    执行 Bot: 太一
[2026-03-25 12:22:01]    状态：❌ 未执行
[2026-03-25 12:23:01] === 定时任务监控开始 ===
[2026-03-25 12:23:01] 检查注册任务...
[2026-03-25 12:23:01] ⚠️ 任务失败：TASK-009 (午间进度汇报)
[2026-03-25 12:23:01]    计划时间：12:00
[2026-03-25 12:23:01]    截止时间：12:05
[2026-03-25 12:23:01]    执行 Bot: 太一
[2026-03-25 12:23:01]    状态：❌ 未执行
[2026-03-25 12:24:01] === 定时任务监控开始 ===
[2026-03-25 12:24:01] 检查注册任务...
[2026-03-25 12:24:01] ⚠️ 任务失败：TASK-009 (午间进度汇报)
[2026-03-25 12:24:01]    计划时间：12:00
[2026-03-25 12:24:01]    截止时间：12:05
[2026-03-25 12:24:01]    执行 Bot: 太一
[2026-03-25 12:24:01]    状态：❌ 未执行
[2026-03-25 12:25:01] === 定时任务监控开始 ===
[2026-03-25 12:25:01] 检查注册任务...
[2026-03-25 12:25:01] ⚠️ 任务失败：TASK-009 (午间进度汇报)
[2026-03-25 12:25:01]    计划时间：12:00
[2026-03-25 12:25:01]    截止时间：12:05
[2026-03-25 12:25:01]    执行 Bot: 太一
[2026-03-25 12:25:01]    状态：❌ 未执行
[2026-03-25 12:26:01] === 定时任务监控开始 ===
[2026-03-25 12:26:01] 检查注册任务...
[2026-03-25 12:26:01] ⚠️ 任务失败：TASK-009 (午间进度汇报)
[2026-03-25 12:26:01]    计划时间：12:00
[2026-03-25 12:26:01]    截止时间：12:05
[2026-03-25 12:26:01]    执行 Bot: 太一
[2026-03-25 12:26:01]    状态：❌ 未执行
[2026-03-25 12:27:01] === 定时任务监控开始 ===
[2026-03-25 12:27:01] 检查注册任务...
[2026-03-25 12:27:01] ⚠️ 任务失败：TASK-009 (午间进度汇报)
[2026-03-25 12:27:01]    计划时间：12:00
[2026-03-25 12:27:01]    截止时间：12:05
[2026-03-25 12:27:01]    执行 Bot: 太一
[2026-03-25 12:27:01]    状态：❌ 未执行
[2026-03-25 12:28:01] === 定时任务监控开始 ===
[2026-03-25 12:28:01] 检查注册任务...
[2026-03-25 12:28:01] ⚠️ 任务失败：TASK-009 (午间进度汇报)
[2026-03-25 12:28:01]    计划时间：12:00
[2026-03-25 12:28:01]    截止时间：12:05
[2026-03-25 12:28:01]    执行 Bot: 太一
[2026-03-25 12:28:01]    状态：❌ 未执行
[2026-03-25 12:29:01] === 定时任务监控开始 ===
[2026-03-25 12:29:01] 检查注册任务...
[2026-03-25 12:29:01] ⚠️ 任务失败：TASK-009 (午间进度汇报)
[2026-03-25 12:29:01]    计划时间：12:00
[2026-03-25 12:29:01]    截止时间：12:05
[2026-03-25 12:29:01]    执行 Bot: 太一
[2026-03-25 12:29:01]    状态：❌ 未执行
[2026-03-25 12:30:01] === 定时任务监控开始 ===
[2026-03-25 12:30:01] 检查注册任务...
[2026-03-25 12:30:01] ⚠️ 任务失败：TASK-009 (午间进度汇报)
[2026-03-25 12:30:01]    计划时间：12:00
[2026-03-25 12:30:01]    截止时间：12:05
[2026-03-25 12:30:01]    执行 Bot: 太一
[2026-03-25 12:30:01]    状态：❌ 未执行
[2026-03-25 12:31:01] === 定时任务监控开始 ===
[2026-03-25 12:31:01] 检查注册任务...
[2026-03-25 12:31:01] ⚠️ 任务失败：TASK-009 (午间进度汇报)
[2026-03-25 12:31:01]    计划时间：12:00
[2026-03-25 12:31:01]    截止时间：12:05
[2026-03-25 12:31:01]    执行 Bot: 太一
[2026-03-25 12:31:01]    状态：❌ 未执行
[2026-03-25 12:32:02] === 定时任务监控开始 ===
[2026-03-25 12:32:02] 检查注册任务...
[2026-03-25 12:32:02] ⚠️ 任务失败：TASK-009 (午间进度汇报)
[2026-03-25 12:32:02]    计划时间：12:00
[2026-03-25 12:32:02]    截止时间：12:05
[2026-03-25 12:32:02]    执行 Bot: 太一
[2026-03-25 12:32:02]    状态：❌ 未执行
[2026-03-25 12:33:01] === 定时任务监控开始 ===
[2026-03-25 12:33:01] 检查注册任务...
[2026-03-25 12:33:01] ⚠️ 任务失败：TASK-009 (午间进度汇报)
[2026-03-25 12:33:01]    计划时间：12:00
[2026-03-25 12:33:01]    截止时间：12:05
[2026-03-25 12:33:01]    执行 Bot: 太一
[2026-03-25 12:33:01]    状态：❌ 未执行
[2026-03-25 12:34:01] === 定时任务监控开始 ===
[2026-03-25 12:34:01] 检查注册任务...
[2026-03-25 12:34:01] ⚠️ 任务失败：TASK-009 (午间进度汇报)
[2026-03-25 12:34:01]    计划时间：12:00
[2026-03-25 12:34:01]    截止时间：12:05
[2026-03-25 12:34:01]    执行 Bot: 太一
[2026-03-25 12:34:01]    状态：❌ 未执行
[2026-03-25 12:35:01] === 定时任务监控开始 ===
[2026-03-25 12:35:01] 检查注册任务...
[2026-03-25 12:35:01] ⚠️ 任务失败：TASK-009 (午间进度汇报)
[2026-03-25 12:35:01]    计划时间：12:00
[2026-03-25 12:35:01]    截止时间：12:05
[2026-03-25 12:35:01]    执行 Bot: 太一
[2026-03-25 12:35:01]    状态：❌ 未执行
[2026-03-25 12:36:01] === 定时任务监控开始 ===
[2026-03-25 12:36:01] 检查注册任务...
[2026-03-25 12:36:01] ⚠️ 任务失败：TASK-009 (午间进度汇报)
[2026-03-25 12:36:01]    计划时间：12:00
[2026-03-25 12:36:01]    截止时间：12:05
[2026-03-25 12:36:01]    执行 Bot: 太一
[2026-03-25 12:36:01]    状态：❌ 未执行
[2026-03-25 12:37:01] === 定时任务监控开始 ===
[2026-03-25 12:37:01] 检查注册任务...
[2026-03-25 12:37:01] ⚠️ 任务失败：TASK-009 (午间进度汇报)
[2026-03-25 12:37:01]    计划时间：12:00
[2026-03-25 12:37:01]    截止时间：12:05
[2026-03-25 12:37:01]    执行 Bot: 太一
[2026-03-25 12:37:01]    状态：❌ 未执行
[2026-03-25 12:38:01] === 定时任务监控开始 ===
[2026-03-25 12:38:01] 检查注册任务...
[2026-03-25 12:38:01] ⚠️ 任务失败：TASK-009 (午间进度汇报)
[2026-03-25 12:38:01]    计划时间：12:00
[2026-03-25 12:38:01]    截止时间：12:05
[2026-03-25 12:38:01]    执行 Bot: 太一
[2026-03-25 12:38:01]    状态：❌ 未执行
[2026-03-25 12:39:01] === 定时任务监控开始 ===
[2026-03-25 12:39:01] 检查注册任务...
[2026-03-25 12:39:01] ⚠️ 任务失败：TASK-009 (午间进度汇报)
[2026-03-25 12:39:01]    计划时间：12:00
[2026-03-25 12:39:01]    截止时间：12:05
[2026-03-25 12:39:01]    执行 Bot: 太一
[2026-03-25 12:39:01]    状态：❌ 未执行
[2026-03-25 12:40:01] === 定时任务监控开始 ===
[2026-03-25 12:40:01] 检查注册任务...
[2026-03-25 12:40:01] ⚠️ 任务失败：TASK-009 (午间进度汇报)
[2026-03-25 12:40:01]    计划时间：12:00
[2026-03-25 12:40:01]    截止时间：12:05
[2026-03-25 12:40:01]    执行 Bot: 太一
[2026-03-25 12:40:01]    状态：❌ 未执行
[2026-03-25 12:41:01] === 定时任务监控开始 ===
[2026-03-25 12:41:01] 检查注册任务...
[2026-03-25 12:41:01] ⚠️ 任务失败：TASK-009 (午间进度汇报)
[2026-03-25 12:41:01]    计划时间：12:00
[2026-03-25 12:41:01]    截止时间：12:05
[2026-03-25 12:41:01]    执行 Bot: 太一
[2026-03-25 12:41:01]    状态：❌ 未执行
[2026-03-25 12:42:01] === 定时任务监控开始 ===
[2026-03-25 12:42:01] 检查注册任务...
[2026-03-25 12:42:01] ⚠️ 任务失败：TASK-009 (午间进度汇报)
[2026-03-25 12:42:01]    计划时间：12:00
[2026-03-25 12:42:01]    截止时间：12:05
[2026-03-25 12:42:01]    执行 Bot: 太一
[2026-03-25 12:42:01]    状态：❌ 未执行
[2026-03-25 12:43:01] === 定时任务监控开始 ===
[2026-03-25 12:43:01] 检查注册任务...
[2026-03-25 12:43:01] ⚠️ 任务失败：TASK-009 (午间进度汇报)
[2026-03-25 12:43:01]    计划时间：12:00
[2026-03-25 12:43:01]    截止时间：12:05
[2026-03-25 12:43:01]    执行 Bot: 太一
[2026-03-25 12:43:01]    状态：❌ 未执行
[2026-03-25 12:44:01] === 定时任务监控开始 ===
[2026-03-25 12:44:01] 检查注册任务...
[2026-03-25 12:44:01] ⚠️ 任务失败：TASK-009 (午间进度汇报)
[2026-03-25 12:44:01]    计划时间：12:00
[2026-03-25 12:44:01]    截止时间：12:05
[2026-03-25 12:44:01]    执行 Bot: 太一
[2026-03-25 12:44:01]    状态：❌ 未执行
[2026-03-25 12:45:01] === 定时任务监控开始 ===
[2026-03-25 12:45:01] 检查注册任务...
[2026-03-25 12:45:01] ⚠️ 任务失败：TASK-009 (午间进度汇报)
[2026-03-25 12:45:01]    计划时间：12:00
[2026-03-25 12:45:01]    截止时间：12:05
[2026-03-25 12:45:01]    执行 Bot: 太一
[2026-03-25 12:45:01]    状态：❌ 未执行
[2026-03-25 12:46:01] === 定时任务监控开始 ===
[2026-03-25 12:46:01] 检查注册任务...
[2026-03-25 12:46:01] ⚠️ 任务失败：TASK-009 (午间进度汇报)
[2026-03-25 12:46:01]    计划时间：12:00
[2026-03-25 12:46:01]    截止时间：12:05
[2026-03-25 12:46:01]    执行 Bot: 太一
[2026-03-25 12:46:01]    状态：❌ 未执行
[2026-03-25 12:47:01] === 定时任务监控开始 ===
[2026-03-25 12:47:01] 检查注册任务...
[2026-03-25 12:47:01] ⚠️ 任务失败：TASK-009 (午间进度汇报)
[2026-03-25 12:47:01]    计划时间：12:00
[2026-03-25 12:47:01]    截止时间：12:05
[2026-03-25 12:47:01]    执行 Bot: 太一
[2026-03-25 12:47:01]    状态：❌ 未执行
[2026-03-25 12:48:02] === 定时任务监控开始 ===
[2026-03-25 12:48:02] 检查注册任务...
[2026-03-25 12:48:02] ⚠️ 任务失败：TASK-009 (午间进度汇报)
[2026-03-25 12:48:02]    计划时间：12:00
[2026-03-25 12:48:02]    截止时间：12:05
[2026-03-25 12:48:02]    执行 Bot: 太一
[2026-03-25 12:48:02]    状态：❌ 未执行
[2026-03-25 12:49:01] === 定时任务监控开始 ===
[2026-03-25 12:49:01] 检查注册任务...
[2026-03-25 12:49:01] ⚠️ 任务失败：TASK-009 (午间进度汇报)
[2026-03-25 12:49:01]    计划时间：12:00
[2026-03-25 12:49:01]    截止时间：12:05
[2026-03-25 12:49:01]    执行 Bot: 太一
[2026-03-25 12:49:01]    状态：❌ 未执行
[2026-03-25 12:50:01] === 定时任务监控开始 ===
[2026-03-25 12:50:01] 检查注册任务...
[2026-03-25 12:50:01] ⚠️ 任务失败：TASK-009 (午间进度汇报)
[2026-03-25 12:50:01]    计划时间：12:00
[2026-03-25 12:50:01]    截止时间：12:05
[2026-03-25 12:50:01]    执行 Bot: 太一
[2026-03-25 12:50:01]    状态：❌ 未执行
[2026-03-25 12:51:01] === 定时任务监控开始 ===
[2026-03-25 12:51:01] 检查注册任务...
[2026-03-25 12:51:01] ⚠️ 任务失败：TASK-009 (午间进度汇报)
[2026-03-25 12:51:01]    计划时间：12:00
[2026-03-25 12:51:01]    截止时间：12:05
[2026-03-25 12:51:01]    执行 Bot: 太一
[2026-03-25 12:51:01]    状态：❌ 未执行
[2026-03-25 12:52:01] === 定时任务监控开始 ===
[2026-03-25 12:52:01] 检查注册任务...
[2026-03-25 12:52:01] ⚠️ 任务失败：TASK-009 (午间进度汇报)
[2026-03-25 12:52:01]    计划时间：12:00
[2026-03-25 12:52:01]    截止时间：12:05
[2026-03-25 12:52:01]    执行 Bot: 太一
[2026-03-25 12:52:01]    状态：❌ 未执行
[2026-03-25 12:53:01] === 定时任务监控开始 ===
[2026-03-25 12:53:01] 检查注册任务...
[2026-03-25 12:53:01] ⚠️ 任务失败：TASK-009 (午间进度汇报)
[2026-03-25 12:53:01]    计划时间：12:00
[2026-03-25 12:53:01]    截止时间：12:05
[2026-03-25 12:53:01]    执行 Bot: 太一
[2026-03-25 12:53:01]    状态：❌ 未执行
[2026-03-25 12:54:01] === 定时任务监控开始 ===
[2026-03-25 12:54:01] 检查注册任务...
[2026-03-25 12:54:01] ⚠️ 任务失败：TASK-009 (午间进度汇报)
[2026-03-25 12:54:01]    计划时间：12:00
[2026-03-25 12:54:01]    截止时间：12:05
[2026-03-25 12:54:01]    执行 Bot: 太一
[2026-03-25 12:54:01]    状态：❌ 未执行
[2026-03-25 12:55:01] === 定时任务监控开始 ===
[2026-03-25 12:55:01] 检查注册任务...
[2026-03-25 12:55:01] ⚠️ 任务失败：TASK-009 (午间进度汇报)
[2026-03-25 12:55:01]    计划时间：12:00
[2026-03-25 12:55:01]    截止时间：12:05
[2026-03-25 12:55:01]    执行 Bot: 太一
[2026-03-25 12:55:01]    状态：❌ 未执行
[2026-03-25 12:56:01] === 定时任务监控开始 ===
[2026-03-25 12:56:01] 检查注册任务...
[2026-03-25 12:56:01] ⚠️ 任务失败：TASK-009 (午间进度汇报)
[2026-03-25 12:56:01]    计划时间：12:00
[2026-03-25 12:56:01]    截止时间：12:05
[2026-03-25 12:56:01]    执行 Bot: 太一
[2026-03-25 12:56:01]    状态：❌ 未执行
[2026-03-25 12:57:01] === 定时任务监控开始 ===
[2026-03-25 12:57:01] 检查注册任务...
[2026-03-25 12:57:01] ⚠️ 任务失败：TASK-009 (午间进度汇报)
[2026-03-25 12:57:01]    计划时间：12:00
[2026-03-25 12:57:01]    截止时间：12:05
[2026-03-25 12:57:01]    执行 Bot: 太一
[2026-03-25 12:57:01]    状态：❌ 未执行
[2026-03-25 12:58:01] === 定时任务监控开始 ===
[2026-03-25 12:58:01] 检查注册任务...
[2026-03-25 12:58:01] ⚠️ 任务失败：TASK-009 (午间进度汇报)
[2026-03-25 12:58:01]    计划时间：12:00
[2026-03-25 12:58:01]    截止时间：12:05
[2026-03-25 12:58:01]    执行 Bot: 太一
[2026-03-25 12:58:01]    状态：❌ 未执行
[2026-03-25 12:59:01] === 定时任务监控开始 ===
[2026-03-25 12:59:01] 检查注册任务...
[2026-03-25 12:59:01] ⚠️ 任务失败：TASK-009 (午间进度汇报)
[2026-03-25 12:59:01]    计划时间：12:00
[2026-03-25 12:59:01]    截止时间：12:05
[2026-03-25 12:59:01]    执行 Bot: 太一
[2026-03-25 12:59:01]    状态：❌ 未执行
[2026-03-25 13:00:01] === 定时任务监控开始 ===
[2026-03-25 13:00:01] 检查注册任务...
[2026-03-25 13:00:01] 检查 Gateway 状态...
[2026-03-25 13:00:01] ✅ Gateway 运行中
[2026-03-25 13:00:01] 检查 Cron 服务...
[2026-03-25 13:00:01] ✅ Cron 服务运行中
[2026-03-25 13:00:01] === 定时任务监控完成 ===
[2026-03-25 13:00:01] 
[2026-03-25 13:01:01] === 定时任务监控开始 ===
[2026-03-25 13:01:01] 检查注册任务...
[2026-03-25 13:01:01] 检查 Gateway 状态...
[2026-03-25 13:01:01] ✅ Gateway 运行中
[2026-03-25 13:01:01] 检查 Cron 服务...
[2026-03-25 13:01:01] ✅ Cron 服务运行中
[2026-03-25 13:01:01] === 定时任务监控完成 ===
[2026-03-25 13:01:01] 
[2026-03-25 13:02:01] === 定时任务监控开始 ===
[2026-03-25 13:02:01] 检查注册任务...
[2026-03-25 13:02:01] 检查 Gateway 状态...
[2026-03-25 13:02:01] ✅ Gateway 运行中
[2026-03-25 13:02:01] 检查 Cron 服务...
[2026-03-25 13:02:01] ✅ Cron 服务运行中
[2026-03-25 13:02:01] === 定时任务监控完成 ===
[2026-03-25 13:02:01] 
[2026-03-25 13:03:01] === 定时任务监控开始 ===
[2026-03-25 13:03:01] 检查注册任务...
[2026-03-25 13:03:01] 检查 Gateway 状态...
[2026-03-25 13:03:01] ✅ Gateway 运行中
[2026-03-25 13:03:01] 检查 Cron 服务...
[2026-03-25 13:03:01] ✅ Cron 服务运行中
[2026-03-25 13:03:01] === 定时任务监控完成 ===
[2026-03-25 13:03:01] 
[2026-03-25 13:04:02] === 定时任务监控开始 ===
[2026-03-25 13:04:02] 检查注册任务...
[2026-03-25 13:04:02] 检查 Gateway 状态...
[2026-03-25 13:04:02] ✅ Gateway 运行中
[2026-03-25 13:04:02] 检查 Cron 服务...
[2026-03-25 13:04:02] ✅ Cron 服务运行中
[2026-03-25 13:04:02] === 定时任务监控完成 ===
[2026-03-25 13:04:02] 
[2026-03-25 13:05:01] === 定时任务监控开始 ===
[2026-03-25 13:05:01] 检查注册任务...
[2026-03-25 13:05:01] 检查 Gateway 状态...
[2026-03-25 13:05:01] ✅ Gateway 运行中
[2026-03-25 13:05:01] 检查 Cron 服务...
[2026-03-25 13:05:01] ✅ Cron 服务运行中
[2026-03-25 13:05:01] === 定时任务监控完成 ===
[2026-03-25 13:05:01] 
[2026-03-25 13:06:01] === 定时任务监控开始 ===
[2026-03-25 13:06:01] 检查注册任务...
[2026-03-25 13:06:01] 检查 Gateway 状态...
[2026-03-25 13:06:01] ✅ Gateway 运行中
[2026-03-25 13:06:01] 检查 Cron 服务...
[2026-03-25 13:06:01] ✅ Cron 服务运行中
[2026-03-25 13:06:01] === 定时任务监控完成 ===
[2026-03-25 13:06:01] 
[2026-03-25 13:07:01] === 定时任务监控开始 ===
[2026-03-25 13:07:01] 检查注册任务...
[2026-03-25 13:07:01] 检查 Gateway 状态...
[2026-03-25 13:07:01] ✅ Gateway 运行中
[2026-03-25 13:07:01] 检查 Cron 服务...
[2026-03-25 13:07:01] ✅ Cron 服务运行中
[2026-03-25 13:07:01] === 定时任务监控完成 ===
[2026-03-25 13:07:01] 
[2026-03-25 13:08:01] === 定时任务监控开始 ===
[2026-03-25 13:08:01] 检查注册任务...
[2026-03-25 13:08:01] 检查 Gateway 状态...
[2026-03-25 13:08:01] ✅ Gateway 运行中
[2026-03-25 13:08:01] 检查 Cron 服务...
[2026-03-25 13:08:01] ✅ Cron 服务运行中
[2026-03-25 13:08:01] === 定时任务监控完成 ===
[2026-03-25 13:08:01] 
[2026-03-25 13:09:01] === 定时任务监控开始 ===
[2026-03-25 13:09:01] 检查注册任务...
[2026-03-25 13:09:01] 检查 Gateway 状态...
[2026-03-25 13:09:01] ✅ Gateway 运行中
[2026-03-25 13:09:01] 检查 Cron 服务...
[2026-03-25 13:09:01] ✅ Cron 服务运行中
[2026-03-25 13:09:01] === 定时任务监控完成 ===
[2026-03-25 13:09:01] 
[2026-03-25 13:10:01] === 定时任务监控开始 ===
[2026-03-25 13:10:01] 检查注册任务...
[2026-03-25 13:10:01] 检查 Gateway 状态...
[2026-03-25 13:10:01] ✅ Gateway 运行中
[2026-03-25 13:10:01] 检查 Cron 服务...
[2026-03-25 13:10:01] ✅ Cron 服务运行中
[2026-03-25 13:10:01] === 定时任务监控完成 ===
[2026-03-25 13:10:01] 
[2026-03-25 13:11:01] === 定时任务监控开始 ===
[2026-03-25 13:11:01] 检查注册任务...
[2026-03-25 13:11:01] 检查 Gateway 状态...
[2026-03-25 13:11:01] ✅ Gateway 运行中
[2026-03-25 13:11:01] 检查 Cron 服务...
[2026-03-25 13:11:01] ✅ Cron 服务运行中
[2026-03-25 13:11:01] === 定时任务监控完成 ===
[2026-03-25 13:11:01] 
[2026-03-25 13:12:01] === 定时任务监控开始 ===
[2026-03-25 13:12:01] 检查注册任务...
[2026-03-25 13:12:01] 检查 Gateway 状态...
[2026-03-25 13:12:01] ✅ Gateway 运行中
[2026-03-25 13:12:01] 检查 Cron 服务...
[2026-03-25 13:12:01] ✅ Cron 服务运行中
[2026-03-25 13:12:01] === 定时任务监控完成 ===
[2026-03-25 13:12:01] 
[2026-03-25 13:13:01] === 定时任务监控开始 ===
[2026-03-25 13:13:01] 检查注册任务...
[2026-03-25 13:13:01] 检查 Gateway 状态...
[2026-03-25 13:13:01] ✅ Gateway 运行中
[2026-03-25 13:13:01] 检查 Cron 服务...
[2026-03-25 13:13:01] ✅ Cron 服务运行中
[2026-03-25 13:13:01] === 定时任务监控完成 ===
[2026-03-25 13:13:01] 
[2026-03-25 13:14:01] === 定时任务监控开始 ===
[2026-03-25 13:14:01] 检查注册任务...
[2026-03-25 13:14:01] 检查 Gateway 状态...
[2026-03-25 13:14:01] ✅ Gateway 运行中
[2026-03-25 13:14:01] 检查 Cron 服务...
[2026-03-25 13:14:01] ✅ Cron 服务运行中
[2026-03-25 13:14:01] === 定时任务监控完成 ===
[2026-03-25 13:14:01] 
[2026-03-25 13:15:01] === 定时任务监控开始 ===
[2026-03-25 13:15:01] 检查注册任务...
[2026-03-25 13:15:01] 检查 Gateway 状态...
[2026-03-25 13:15:01] ✅ Gateway 运行中
[2026-03-25 13:15:01] 检查 Cron 服务...
[2026-03-25 13:15:01] ✅ Cron 服务运行中
[2026-03-25 13:15:01] === 定时任务监控完成 ===
[2026-03-25 13:15:01] 
[2026-03-25 13:16:01] === 定时任务监控开始 ===
[2026-03-25 13:16:01] 检查注册任务...
[2026-03-25 13:16:01] 检查 Gateway 状态...
[2026-03-25 13:16:01] ✅ Gateway 运行中
[2026-03-25 13:16:01] 检查 Cron 服务...
[2026-03-25 13:16:01] ✅ Cron 服务运行中
[2026-03-25 13:16:01] === 定时任务监控完成 ===
[2026-03-25 13:16:01] 
[2026-03-25 13:17:01] === 定时任务监控开始 ===
[2026-03-25 13:17:01] 检查注册任务...
[2026-03-25 13:17:01] 检查 Gateway 状态...
[2026-03-25 13:17:01] ✅ Gateway 运行中
[2026-03-25 13:17:01] 检查 Cron 服务...
[2026-03-25 13:17:01] ✅ Cron 服务运行中
[2026-03-25 13:17:02] === 定时任务监控完成 ===
[2026-03-25 13:17:02] 
[2026-03-25 13:18:01] === 定时任务监控开始 ===
[2026-03-25 13:18:01] 检查注册任务...
[2026-03-25 13:18:01] 检查 Gateway 状态...
[2026-03-25 13:18:01] ✅ Gateway 运行中
[2026-03-25 13:18:01] 检查 Cron 服务...
[2026-03-25 13:18:01] ✅ Cron 服务运行中
[2026-03-25 13:18:01] === 定时任务监控完成 ===
[2026-03-25 13:18:01] 
[2026-03-25 13:19:01] === 定时任务监控开始 ===
[2026-03-25 13:19:01] 检查注册任务...
[2026-03-25 13:19:01] 检查 Gateway 状态...
[2026-03-25 13:19:01] ✅ Gateway 运行中
[2026-03-25 13:19:01] 检查 Cron 服务...
[2026-03-25 13:19:01] ✅ Cron 服务运行中
[2026-03-25 13:19:01] === 定时任务监控完成 ===
[2026-03-25 13:19:01] 
[2026-03-25 13:20:01] === 定时任务监控开始 ===
[2026-03-25 13:20:01] 检查注册任务...
[2026-03-25 13:20:01] 检查 Gateway 状态...
[2026-03-25 13:20:01] ✅ Gateway 运行中
[2026-03-25 13:20:01] 检查 Cron 服务...
[2026-03-25 13:20:01] ✅ Cron 服务运行中
[2026-03-25 13:20:01] === 定时任务监控完成 ===
[2026-03-25 13:20:01] 
[2026-03-25 13:21:01] === 定时任务监控开始 ===
[2026-03-25 13:21:01] 检查注册任务...
[2026-03-25 13:21:01] 检查 Gateway 状态...
[2026-03-25 13:21:01] ✅ Gateway 运行中
[2026-03-25 13:21:01] 检查 Cron 服务...
[2026-03-25 13:21:01] ✅ Cron 服务运行中
[2026-03-25 13:21:01] === 定时任务监控完成 ===
[2026-03-25 13:21:01] 
[2026-03-25 13:22:01] === 定时任务监控开始 ===
[2026-03-25 13:22:01] 检查注册任务...
[2026-03-25 13:22:01] 检查 Gateway 状态...
[2026-03-25 13:22:01] ✅ Gateway 运行中
[2026-03-25 13:22:01] 检查 Cron 服务...
[2026-03-25 13:22:01] ✅ Cron 服务运行中
[2026-03-25 13:22:01] === 定时任务监控完成 ===
[2026-03-25 13:22:01] 
[2026-03-25 13:23:01] === 定时任务监控开始 ===
[2026-03-25 13:23:01] 检查注册任务...
[2026-03-25 13:23:01] 检查 Gateway 状态...
[2026-03-25 13:23:01] ✅ Gateway 运行中
[2026-03-25 13:23:01] 检查 Cron 服务...
[2026-03-25 13:23:01] ✅ Cron 服务运行中
[2026-03-25 13:23:01] === 定时任务监控完成 ===
[2026-03-25 13:23:01] 
[2026-03-25 13:24:01] === 定时任务监控开始 ===
[2026-03-25 13:24:01] 检查注册任务...
[2026-03-25 13:24:01] 检查 Gateway 状态...
[2026-03-25 13:24:01] ✅ Gateway 运行中
[2026-03-25 13:24:01] 检查 Cron 服务...
[2026-03-25 13:24:01] ✅ Cron 服务运行中
[2026-03-25 13:24:01] === 定时任务监控完成 ===
[2026-03-25 13:24:01] 
[2026-03-25 13:25:01] === 定时任务监控开始 ===
[2026-03-25 13:25:01] 检查注册任务...
[2026-03-25 13:25:01] 检查 Gateway 状态...
[2026-03-25 13:25:01] ✅ Gateway 运行中
[2026-03-25 13:25:01] 检查 Cron 服务...
[2026-03-25 13:25:01] ✅ Cron 服务运行中
[2026-03-25 13:25:01] === 定时任务监控完成 ===
[2026-03-25 13:25:01] 
[2026-03-25 13:26:01] === 定时任务监控开始 ===
[2026-03-25 13:26:01] 检查注册任务...
[2026-03-25 13:26:01] 检查 Gateway 状态...
[2026-03-25 13:26:01] ✅ Gateway 运行中
[2026-03-25 13:26:01] 检查 Cron 服务...
[2026-03-25 13:26:01] ✅ Cron 服务运行中
[2026-03-25 13:26:01] === 定时任务监控完成 ===
[2026-03-25 13:26:01] 
[2026-03-25 13:27:01] === 定时任务监控开始 ===
[2026-03-25 13:27:01] 检查注册任务...
[2026-03-25 13:27:01] 检查 Gateway 状态...
[2026-03-25 13:27:01] ✅ Gateway 运行中
[2026-03-25 13:27:01] 检查 Cron 服务...
[2026-03-25 13:27:01] ✅ Cron 服务运行中
[2026-03-25 13:27:01] === 定时任务监控完成 ===
[2026-03-25 13:27:01] 
[2026-03-25 13:28:01] === 定时任务监控开始 ===
[2026-03-25 13:28:01] 检查注册任务...
[2026-03-25 13:28:01] 检查 Gateway 状态...
[2026-03-25 13:28:01] ✅ Gateway 运行中
[2026-03-25 13:28:01] 检查 Cron 服务...
[2026-03-25 13:28:01] ✅ Cron 服务运行中
[2026-03-25 13:28:01] === 定时任务监控完成 ===
[2026-03-25 13:28:01] 
[2026-03-25 13:29:01] === 定时任务监控开始 ===
[2026-03-25 13:29:01] 检查注册任务...
[2026-03-25 13:29:01] 检查 Gateway 状态...
[2026-03-25 13:29:01] ✅ Gateway 运行中
[2026-03-25 13:29:01] 检查 Cron 服务...
[2026-03-25 13:29:01] ✅ Cron 服务运行中
[2026-03-25 13:29:01] === 定时任务监控完成 ===
[2026-03-25 13:29:01] 
[2026-03-25 13:30:01] === 定时任务监控开始 ===
[2026-03-25 13:30:01] 检查注册任务...
[2026-03-25 13:30:01] 检查 Gateway 状态...
[2026-03-25 13:30:01] ✅ Gateway 运行中
[2026-03-25 13:30:01] 检查 Cron 服务...
[2026-03-25 13:30:01] ✅ Cron 服务运行中
[2026-03-25 13:30:01] === 定时任务监控完成 ===
[2026-03-25 13:30:01] 
[2026-03-25 13:31:01] === 定时任务监控开始 ===
[2026-03-25 13:31:01] 检查注册任务...
[2026-03-25 13:31:01] 检查 Gateway 状态...
[2026-03-25 13:31:01] ✅ Gateway 运行中
[2026-03-25 13:31:01] 检查 Cron 服务...
[2026-03-25 13:31:02] ✅ Cron 服务运行中
[2026-03-25 13:31:02] === 定时任务监控完成 ===
[2026-03-25 13:31:02] 
[2026-03-25 13:32:01] === 定时任务监控开始 ===
[2026-03-25 13:32:01] 检查注册任务...
[2026-03-25 13:32:01] 检查 Gateway 状态...
[2026-03-25 13:32:01] ✅ Gateway 运行中
[2026-03-25 13:32:01] 检查 Cron 服务...
[2026-03-25 13:32:01] ✅ Cron 服务运行中
[2026-03-25 13:32:01] === 定时任务监控完成 ===
[2026-03-25 13:32:01] 
[2026-03-25 13:33:01] === 定时任务监控开始 ===
[2026-03-25 13:33:01] 检查注册任务...
[2026-03-25 13:33:01] 检查 Gateway 状态...
[2026-03-25 13:33:01] ✅ Gateway 运行中
[2026-03-25 13:33:01] 检查 Cron 服务...
[2026-03-25 13:33:01] ✅ Cron 服务运行中
[2026-03-25 13:33:01] === 定时任务监控完成 ===
[2026-03-25 13:33:01] 
[2026-03-25 13:34:01] === 定时任务监控开始 ===
[2026-03-25 13:34:01] 检查注册任务...
[2026-03-25 13:34:01] 检查 Gateway 状态...
[2026-03-25 13:34:01] ✅ Gateway 运行中
[2026-03-25 13:34:01] 检查 Cron 服务...
[2026-03-25 13:34:01] ✅ Cron 服务运行中
[2026-03-25 13:34:01] === 定时任务监控完成 ===
[2026-03-25 13:34:01] 
[2026-03-25 13:35:01] === 定时任务监控开始 ===
[2026-03-25 13:35:01] 检查注册任务...
[2026-03-25 13:35:01] 检查 Gateway 状态...
[2026-03-25 13:35:01] ✅ Gateway 运行中
[2026-03-25 13:35:01] 检查 Cron 服务...
[2026-03-25 13:35:01] ✅ Cron 服务运行中
[2026-03-25 13:35:01] === 定时任务监控完成 ===
[2026-03-25 13:35:01] 
[2026-03-25 13:36:01] === 定时任务监控开始 ===
[2026-03-25 13:36:01] 检查注册任务...
[2026-03-25 13:36:01] 检查 Gateway 状态...
[2026-03-25 13:36:01] ✅ Gateway 运行中
[2026-03-25 13:36:01] 检查 Cron 服务...
[2026-03-25 13:36:01] ✅ Cron 服务运行中
[2026-03-25 13:36:01] === 定时任务监控完成 ===
[2026-03-25 13:36:01] 
[2026-03-25 13:37:01] === 定时任务监控开始 ===
[2026-03-25 13:37:01] 检查注册任务...
[2026-03-25 13:37:01] 检查 Gateway 状态...
[2026-03-25 13:37:01] ✅ Gateway 运行中
[2026-03-25 13:37:01] 检查 Cron 服务...
[2026-03-25 13:37:01] ✅ Cron 服务运行中
[2026-03-25 13:37:01] === 定时任务监控完成 ===
[2026-03-25 13:37:01] 
[2026-03-25 13:38:01] === 定时任务监控开始 ===
[2026-03-25 13:38:01] 检查注册任务...
[2026-03-25 13:38:01] 检查 Gateway 状态...
[2026-03-25 13:38:01] ✅ Gateway 运行中
[2026-03-25 13:38:01] 检查 Cron 服务...
[2026-03-25 13:38:01] ✅ Cron 服务运行中
[2026-03-25 13:38:01] === 定时任务监控完成 ===
[2026-03-25 13:38:01] 
[2026-03-25 13:39:01] === 定时任务监控开始 ===
[2026-03-25 13:39:01] 检查注册任务...
[2026-03-25 13:39:01] 检查 Gateway 状态...
[2026-03-25 13:39:01] ✅ Gateway 运行中
[2026-03-25 13:39:01] 检查 Cron 服务...
[2026-03-25 13:39:01] ✅ Cron 服务运行中
[2026-03-25 13:39:01] === 定时任务监控完成 ===
[2026-03-25 13:39:01] 
[2026-03-25 13:40:01] === 定时任务监控开始 ===
[2026-03-25 13:40:01] 检查注册任务...
[2026-03-25 13:40:01] 检查 Gateway 状态...
[2026-03-25 13:40:01] ✅ Gateway 运行中
[2026-03-25 13:40:01] 检查 Cron 服务...
[2026-03-25 13:40:01] ✅ Cron 服务运行中
[2026-03-25 13:40:01] === 定时任务监控完成 ===
[2026-03-25 13:40:01] 
[2026-03-25 13:41:01] === 定时任务监控开始 ===
[2026-03-25 13:41:01] 检查注册任务...
[2026-03-25 13:41:01] 检查 Gateway 状态...
[2026-03-25 13:41:01] ✅ Gateway 运行中
[2026-03-25 13:41:01] 检查 Cron 服务...
[2026-03-25 13:41:01] ✅ Cron 服务运行中
[2026-03-25 13:41:01] === 定时任务监控完成 ===
[2026-03-25 13:41:01] 
[2026-03-25 13:42:01] === 定时任务监控开始 ===
[2026-03-25 13:42:01] 检查注册任务...
[2026-03-25 13:42:01] 检查 Gateway 状态...
[2026-03-25 13:42:01] ✅ Gateway 运行中
[2026-03-25 13:42:01] 检查 Cron 服务...
[2026-03-25 13:42:01] ✅ Cron 服务运行中
[2026-03-25 13:42:01] === 定时任务监控完成 ===
[2026-03-25 13:42:01] 
[2026-03-25 13:43:01] === 定时任务监控开始 ===
[2026-03-25 13:43:01] 检查注册任务...
[2026-03-25 13:43:01] 检查 Gateway 状态...
[2026-03-25 13:43:01] ✅ Gateway 运行中
[2026-03-25 13:43:01] 检查 Cron 服务...
[2026-03-25 13:43:01] ✅ Cron 服务运行中
[2026-03-25 13:43:01] === 定时任务监控完成 ===
[2026-03-25 13:43:01] 
[2026-03-25 13:44:01] === 定时任务监控开始 ===
[2026-03-25 13:44:01] 检查注册任务...
[2026-03-25 13:44:01] 检查 Gateway 状态...
[2026-03-25 13:44:01] ✅ Gateway 运行中
[2026-03-25 13:44:01] 检查 Cron 服务...
[2026-03-25 13:44:01] ✅ Cron 服务运行中
[2026-03-25 13:44:01] === 定时任务监控完成 ===
[2026-03-25 13:44:01] 
[2026-03-25 13:45:01] === 定时任务监控开始 ===
[2026-03-25 13:45:02] 检查注册任务...
[2026-03-25 13:45:02] 检查 Gateway 状态...
[2026-03-25 13:45:02] ✅ Gateway 运行中
[2026-03-25 13:45:02] 检查 Cron 服务...
[2026-03-25 13:45:02] ✅ Cron 服务运行中
[2026-03-25 13:45:02] === 定时任务监控完成 ===
[2026-03-25 13:45:02] 
[2026-03-25 13:46:01] === 定时任务监控开始 ===
[2026-03-25 13:46:01] 检查注册任务...
[2026-03-25 13:46:01] 检查 Gateway 状态...
[2026-03-25 13:46:01] ✅ Gateway 运行中
[2026-03-25 13:46:01] 检查 Cron 服务...
[2026-03-25 13:46:01] ✅ Cron 服务运行中
[2026-03-25 13:46:01] === 定时任务监控完成 ===
[2026-03-25 13:46:01] 
[2026-03-25 13:47:01] === 定时任务监控开始 ===
[2026-03-25 13:47:01] 检查注册任务...
[2026-03-25 13:47:01] 检查 Gateway 状态...
[2026-03-25 13:47:01] ✅ Gateway 运行中
[2026-03-25 13:47:01] 检查 Cron 服务...
[2026-03-25 13:47:01] ✅ Cron 服务运行中
[2026-03-25 13:47:01] === 定时任务监控完成 ===
[2026-03-25 13:47:01] 
[2026-03-25 13:48:01] === 定时任务监控开始 ===
[2026-03-25 13:48:01] 检查注册任务...
[2026-03-25 13:48:01] 检查 Gateway 状态...
[2026-03-25 13:48:01] ✅ Gateway 运行中
[2026-03-25 13:48:01] 检查 Cron 服务...
[2026-03-25 13:48:01] ✅ Cron 服务运行中
[2026-03-25 13:48:01] === 定时任务监控完成 ===
[2026-03-25 13:48:01] 
[2026-03-25 13:49:01] === 定时任务监控开始 ===
[2026-03-25 13:49:01] 检查注册任务...
[2026-03-25 13:49:01] 检查 Gateway 状态...
[2026-03-25 13:49:01] ✅ Gateway 运行中
[2026-03-25 13:49:01] 检查 Cron 服务...
[2026-03-25 13:49:01] ✅ Cron 服务运行中
[2026-03-25 13:49:01] === 定时任务监控完成 ===
[2026-03-25 13:49:01] 
[2026-03-25 13:50:01] === 定时任务监控开始 ===
[2026-03-25 13:50:01] 检查注册任务...
[2026-03-25 13:50:01] 检查 Gateway 状态...
[2026-03-25 13:50:01] ✅ Gateway 运行中
[2026-03-25 13:50:01] 检查 Cron 服务...
[2026-03-25 13:50:01] ✅ Cron 服务运行中
[2026-03-25 13:50:01] === 定时任务监控完成 ===
[2026-03-25 13:50:01] 
[2026-03-25 13:51:01] === 定时任务监控开始 ===
[2026-03-25 13:51:01] 检查注册任务...
[2026-03-25 13:51:01] 检查 Gateway 状态...
[2026-03-25 13:51:01] ✅ Gateway 运行中
[2026-03-25 13:51:01] 检查 Cron 服务...
[2026-03-25 13:51:01] ✅ Cron 服务运行中
[2026-03-25 13:51:01] === 定时任务监控完成 ===
[2026-03-25 13:51:01] 
[2026-03-25 13:52:01] === 定时任务监控开始 ===
[2026-03-25 13:52:01] 检查注册任务...
[2026-03-25 13:52:01] 检查 Gateway 状态...
[2026-03-25 13:52:01] ✅ Gateway 运行中
[2026-03-25 13:52:01] 检查 Cron 服务...
[2026-03-25 13:52:01] ✅ Cron 服务运行中
[2026-03-25 13:52:01] === 定时任务监控完成 ===
[2026-03-25 13:52:01] 
[2026-03-25 13:53:01] === 定时任务监控开始 ===
[2026-03-25 13:53:01] 检查注册任务...
[2026-03-25 13:53:01] 检查 Gateway 状态...
[2026-03-25 13:53:01] ✅ Gateway 运行中
[2026-03-25 13:53:01] 检查 Cron 服务...
[2026-03-25 13:53:01] ✅ Cron 服务运行中
[2026-03-25 13:53:01] === 定时任务监控完成 ===
[2026-03-25 13:53:01] 
[2026-03-25 13:54:01] === 定时任务监控开始 ===
[2026-03-25 13:54:01] 检查注册任务...
[2026-03-25 13:54:01] 检查 Gateway 状态...
[2026-03-25 13:54:01] ✅ Gateway 运行中
[2026-03-25 13:54:01] 检查 Cron 服务...
[2026-03-25 13:54:01] ✅ Cron 服务运行中
[2026-03-25 13:54:01] === 定时任务监控完成 ===
[2026-03-25 13:54:01] 
[2026-03-25 13:55:01] === 定时任务监控开始 ===
[2026-03-25 13:55:01] 检查注册任务...
[2026-03-25 13:55:01] 检查 Gateway 状态...
[2026-03-25 13:55:01] ✅ Gateway 运行中
[2026-03-25 13:55:01] 检查 Cron 服务...
[2026-03-25 13:55:01] ✅ Cron 服务运行中
[2026-03-25 13:55:01] === 定时任务监控完成 ===
[2026-03-25 13:55:01] 
[2026-03-25 13:56:01] === 定时任务监控开始 ===
[2026-03-25 13:56:01] 检查注册任务...
[2026-03-25 13:56:01] 检查 Gateway 状态...
[2026-03-25 13:56:01] ✅ Gateway 运行中
[2026-03-25 13:56:01] 检查 Cron 服务...
[2026-03-25 13:56:01] ✅ Cron 服务运行中
[2026-03-25 13:56:01] === 定时任务监控完成 ===
[2026-03-25 13:56:01] 
[2026-03-25 13:57:01] === 定时任务监控开始 ===
[2026-03-25 13:57:01] 检查注册任务...
[2026-03-25 13:57:01] 检查 Gateway 状态...
[2026-03-25 13:57:01] ✅ Gateway 运行中
[2026-03-25 13:57:01] 检查 Cron 服务...
[2026-03-25 13:57:01] ✅ Cron 服务运行中
[2026-03-25 13:57:01] === 定时任务监控完成 ===
[2026-03-25 13:57:01] 
[2026-03-25 13:58:01] === 定时任务监控开始 ===
[2026-03-25 13:58:01] 检查注册任务...
[2026-03-25 13:58:01] 检查 Gateway 状态...
[2026-03-25 13:58:01] ✅ Gateway 运行中
[2026-03-25 13:58:01] 检查 Cron 服务...
[2026-03-25 13:58:01] ✅ Cron 服务运行中
[2026-03-25 13:58:01] === 定时任务监控完成 ===
[2026-03-25 13:58:01] 
[2026-03-25 13:59:01] === 定时任务监控开始 ===
[2026-03-25 13:59:01] 检查注册任务...
[2026-03-25 13:59:01] 检查 Gateway 状态...
[2026-03-25 13:59:02] ✅ Gateway 运行中
[2026-03-25 13:59:02] 检查 Cron 服务...
[2026-03-25 13:59:02] ✅ Cron 服务运行中
[2026-03-25 13:59:02] === 定时任务监控完成 ===
[2026-03-25 13:59:02] 
[2026-03-25 14:00:01] === 定时任务监控开始 ===
[2026-03-25 14:00:01] 检查注册任务...
[2026-03-25 14:00:01] 🟡 任务待执行：TASK-011 (知几鲸鱼追踪) - 截止 14:05
[2026-03-25 14:00:01] 检查 Gateway 状态...
[2026-03-25 14:00:01] ✅ Gateway 运行中
[2026-03-25 14:00:01] 检查 Cron 服务...
[2026-03-25 14:00:01] ✅ Cron 服务运行中
[2026-03-25 14:00:01] === 定时任务监控完成 ===
[2026-03-25 14:00:01] 
[2026-03-25 14:01:01] === 定时任务监控开始 ===
[2026-03-25 14:01:01] 检查注册任务...
[2026-03-25 14:01:01] 🟡 任务待执行：TASK-011 (知几鲸鱼追踪) - 截止 14:05
[2026-03-25 14:01:01] 检查 Gateway 状态...
[2026-03-25 14:01:01] ✅ Gateway 运行中
[2026-03-25 14:01:01] 检查 Cron 服务...
[2026-03-25 14:01:01] ✅ Cron 服务运行中
[2026-03-25 14:01:01] === 定时任务监控完成 ===
[2026-03-25 14:01:01] 
[2026-03-25 14:02:01] === 定时任务监控开始 ===
[2026-03-25 14:02:01] 检查注册任务...
[2026-03-25 14:02:01] 🟡 任务待执行：TASK-011 (知几鲸鱼追踪) - 截止 14:05
[2026-03-25 14:02:01] 检查 Gateway 状态...
[2026-03-25 14:02:01] ✅ Gateway 运行中
[2026-03-25 14:02:01] 检查 Cron 服务...
[2026-03-25 14:02:01] ✅ Cron 服务运行中
[2026-03-25 14:02:01] === 定时任务监控完成 ===
[2026-03-25 14:02:01] 
[2026-03-25 14:03:01] === 定时任务监控开始 ===
[2026-03-25 14:03:01] 检查注册任务...
[2026-03-25 14:03:01] 🟡 任务待执行：TASK-011 (知几鲸鱼追踪) - 截止 14:05
[2026-03-25 14:03:01] 检查 Gateway 状态...
[2026-03-25 14:03:01] ✅ Gateway 运行中
[2026-03-25 14:03:01] 检查 Cron 服务...
[2026-03-25 14:03:01] ✅ Cron 服务运行中
[2026-03-25 14:03:01] === 定时任务监控完成 ===
[2026-03-25 14:03:01] 
[2026-03-25 14:04:01] === 定时任务监控开始 ===
[2026-03-25 14:04:01] 检查注册任务...
[2026-03-25 14:04:01] 🟡 任务待执行：TASK-011 (知几鲸鱼追踪) - 截止 14:05
[2026-03-25 14:04:01] 检查 Gateway 状态...
[2026-03-25 14:04:01] ✅ Gateway 运行中
[2026-03-25 14:04:01] 检查 Cron 服务...
[2026-03-25 14:04:01] ✅ Cron 服务运行中
[2026-03-25 14:04:01] === 定时任务监控完成 ===
[2026-03-25 14:04:01] 
[2026-03-25 14:05:01] === 定时任务监控开始 ===
[2026-03-25 14:05:01] 检查注册任务...
[2026-03-25 14:05:01] ⚠️ 任务失败：TASK-011 (知几鲸鱼追踪)
[2026-03-25 14:05:01]    计划时间：14:00
[2026-03-25 14:05:01]    截止时间：14:05
[2026-03-25 14:05:01]    执行 Bot: 知几
[2026-03-25 14:05:01]    状态：❌ 未执行
[2026-03-25 14:06:01] === 定时任务监控开始 ===
[2026-03-25 14:06:01] 检查注册任务...
[2026-03-25 14:06:01] ⚠️ 任务失败：TASK-011 (知几鲸鱼追踪)
[2026-03-25 14:06:01]    计划时间：14:00
[2026-03-25 14:06:01]    截止时间：14:05
[2026-03-25 14:06:01]    执行 Bot: 知几
[2026-03-25 14:06:01]    状态：❌ 未执行
[2026-03-25 14:07:01] === 定时任务监控开始 ===
[2026-03-25 14:07:01] 检查注册任务...
[2026-03-25 14:07:01] ⚠️ 任务失败：TASK-011 (知几鲸鱼追踪)
[2026-03-25 14:07:01]    计划时间：14:00
[2026-03-25 14:07:01]    截止时间：14:05
[2026-03-25 14:07:01]    执行 Bot: 知几
[2026-03-25 14:07:01]    状态：❌ 未执行
[2026-03-25 14:08:01] === 定时任务监控开始 ===
[2026-03-25 14:08:01] 检查注册任务...
[2026-03-25 14:08:01] ⚠️ 任务失败：TASK-011 (知几鲸鱼追踪)
[2026-03-25 14:08:01]    计划时间：14:00
[2026-03-25 14:08:01]    截止时间：14:05
[2026-03-25 14:08:01]    执行 Bot: 知几
[2026-03-25 14:08:01]    状态：❌ 未执行
[2026-03-25 14:09:01] === 定时任务监控开始 ===
[2026-03-25 14:09:01] 检查注册任务...
[2026-03-25 14:09:01] ⚠️ 任务失败：TASK-011 (知几鲸鱼追踪)
[2026-03-25 14:09:01]    计划时间：14:00
[2026-03-25 14:09:01]    截止时间：14:05
[2026-03-25 14:09:01]    执行 Bot: 知几
[2026-03-25 14:09:01]    状态：❌ 未执行
[2026-03-25 14:10:01] === 定时任务监控开始 ===
[2026-03-25 14:10:01] 检查注册任务...
[2026-03-25 14:10:01] ⚠️ 任务失败：TASK-011 (知几鲸鱼追踪)
[2026-03-25 14:10:01]    计划时间：14:00
[2026-03-25 14:10:01]    截止时间：14:05
[2026-03-25 14:10:01]    执行 Bot: 知几
[2026-03-25 14:10:01]    状态：❌ 未执行
[2026-03-25 14:11:01] === 定时任务监控开始 ===
[2026-03-25 14:11:01] 检查注册任务...
[2026-03-25 14:11:01] ⚠️ 任务失败：TASK-011 (知几鲸鱼追踪)
[2026-03-25 14:11:01]    计划时间：14:00
[2026-03-25 14:11:01]    截止时间：14:05
[2026-03-25 14:11:01]    执行 Bot: 知几
[2026-03-25 14:11:01]    状态：❌ 未执行
[2026-03-25 14:12:01] === 定时任务监控开始 ===
[2026-03-25 14:12:01] 检查注册任务...
[2026-03-25 14:12:01] ⚠️ 任务失败：TASK-011 (知几鲸鱼追踪)
[2026-03-25 14:12:01]    计划时间：14:00
[2026-03-25 14:12:02]    截止时间：14:05
[2026-03-25 14:12:02]    执行 Bot: 知几
[2026-03-25 14:12:02]    状态：❌ 未执行
[2026-03-25 14:13:01] === 定时任务监控开始 ===
[2026-03-25 14:13:01] 检查注册任务...
[2026-03-25 14:13:01] ⚠️ 任务失败：TASK-011 (知几鲸鱼追踪)
[2026-03-25 14:13:01]    计划时间：14:00
[2026-03-25 14:13:01]    截止时间：14:05
[2026-03-25 14:13:01]    执行 Bot: 知几
[2026-03-25 14:13:01]    状态：❌ 未执行
[2026-03-25 14:14:01] === 定时任务监控开始 ===
[2026-03-25 14:14:01] 检查注册任务...
[2026-03-25 14:14:01] ⚠️ 任务失败：TASK-011 (知几鲸鱼追踪)
[2026-03-25 14:14:01]    计划时间：14:00
[2026-03-25 14:14:01]    截止时间：14:05
[2026-03-25 14:14:01]    执行 Bot: 知几
[2026-03-25 14:14:01]    状态：❌ 未执行
[2026-03-25 14:15:01] === 定时任务监控开始 ===
[2026-03-25 14:15:01] 检查注册任务...
[2026-03-25 14:15:01] ⚠️ 任务失败：TASK-011 (知几鲸鱼追踪)
[2026-03-25 14:15:01]    计划时间：14:00
[2026-03-25 14:15:01]    截止时间：14:05
[2026-03-25 14:15:01]    执行 Bot: 知几
[2026-03-25 14:15:01]    状态：❌ 未执行
[2026-03-25 14:16:01] === 定时任务监控开始 ===
[2026-03-25 14:16:01] 检查注册任务...
[2026-03-25 14:16:01] ⚠️ 任务失败：TASK-011 (知几鲸鱼追踪)
[2026-03-25 14:16:01]    计划时间：14:00
[2026-03-25 14:16:01]    截止时间：14:05
[2026-03-25 14:16:01]    执行 Bot: 知几
[2026-03-25 14:16:01]    状态：❌ 未执行
[2026-03-25 14:17:01] === 定时任务监控开始 ===
[2026-03-25 14:17:01] 检查注册任务...
[2026-03-25 14:17:01] ⚠️ 任务失败：TASK-011 (知几鲸鱼追踪)
[2026-03-25 14:17:01]    计划时间：14:00
[2026-03-25 14:17:01]    截止时间：14:05
[2026-03-25 14:17:01]    执行 Bot: 知几
[2026-03-25 14:17:01]    状态：❌ 未执行
[2026-03-25 14:18:01] === 定时任务监控开始 ===
[2026-03-25 14:18:01] 检查注册任务...
[2026-03-25 14:18:01] ⚠️ 任务失败：TASK-011 (知几鲸鱼追踪)
[2026-03-25 14:18:01]    计划时间：14:00
[2026-03-25 14:18:01]    截止时间：14:05
[2026-03-25 14:18:01]    执行 Bot: 知几
[2026-03-25 14:18:01]    状态：❌ 未执行
[2026-03-25 14:19:01] === 定时任务监控开始 ===
[2026-03-25 14:19:01] 检查注册任务...
[2026-03-25 14:19:01] ⚠️ 任务失败：TASK-011 (知几鲸鱼追踪)
[2026-03-25 14:19:01]    计划时间：14:00
[2026-03-25 14:19:01]    截止时间：14:05
[2026-03-25 14:19:01]    执行 Bot: 知几
[2026-03-25 14:19:01]    状态：❌ 未执行
[2026-03-25 14:20:01] === 定时任务监控开始 ===
[2026-03-25 14:20:01] 检查注册任务...
[2026-03-25 14:20:01] ⚠️ 任务失败：TASK-011 (知几鲸鱼追踪)
[2026-03-25 14:20:01]    计划时间：14:00
[2026-03-25 14:20:01]    截止时间：14:05
[2026-03-25 14:20:01]    执行 Bot: 知几
[2026-03-25 14:20:01]    状态：❌ 未执行
[2026-03-25 14:21:01] === 定时任务监控开始 ===
[2026-03-25 14:21:01] 检查注册任务...
[2026-03-25 14:21:01] ⚠️ 任务失败：TASK-011 (知几鲸鱼追踪)
[2026-03-25 14:21:01]    计划时间：14:00
[2026-03-25 14:21:01]    截止时间：14:05
[2026-03-25 14:21:01]    执行 Bot: 知几
[2026-03-25 14:21:01]    状态：❌ 未执行
[2026-03-25 14:22:01] === 定时任务监控开始 ===
[2026-03-25 14:22:01] 检查注册任务...
[2026-03-25 14:22:01] ⚠️ 任务失败：TASK-011 (知几鲸鱼追踪)
[2026-03-25 14:22:01]    计划时间：14:00
[2026-03-25 14:22:01]    截止时间：14:05
[2026-03-25 14:22:01]    执行 Bot: 知几
[2026-03-25 14:22:01]    状态：❌ 未执行
[2026-03-25 14:23:01] === 定时任务监控开始 ===
[2026-03-25 14:23:01] 检查注册任务...
[2026-03-25 14:23:01] ⚠️ 任务失败：TASK-011 (知几鲸鱼追踪)
[2026-03-25 14:23:01]    计划时间：14:00
[2026-03-25 14:23:01]    截止时间：14:05
[2026-03-25 14:23:01]    执行 Bot: 知几
[2026-03-25 14:23:01]    状态：❌ 未执行
[2026-03-25 14:24:01] === 定时任务监控开始 ===
[2026-03-25 14:24:01] 检查注册任务...
[2026-03-25 14:24:01] ⚠️ 任务失败：TASK-011 (知几鲸鱼追踪)
[2026-03-25 14:24:01]    计划时间：14:00
[2026-03-25 14:24:01]    截止时间：14:05
[2026-03-25 14:24:01]    执行 Bot: 知几
[2026-03-25 14:24:01]    状态：❌ 未执行
[2026-03-25 14:25:01] === 定时任务监控开始 ===
[2026-03-25 14:25:01] 检查注册任务...
[2026-03-25 14:25:01] ⚠️ 任务失败：TASK-011 (知几鲸鱼追踪)
[2026-03-25 14:25:01]    计划时间：14:00
[2026-03-25 14:25:01]    截止时间：14:05
[2026-03-25 14:25:01]    执行 Bot: 知几
[2026-03-25 14:25:01]    状态：❌ 未执行
[2026-03-25 14:26:01] === 定时任务监控开始 ===
[2026-03-25 14:26:01] 检查注册任务...
[2026-03-25 14:26:01] ⚠️ 任务失败：TASK-011 (知几鲸鱼追踪)
[2026-03-25 14:26:01]    计划时间：14:00
[2026-03-25 14:26:01]    截止时间：14:05
[2026-03-25 14:26:01]    执行 Bot: 知几
[2026-03-25 14:26:01]    状态：❌ 未执行
[2026-03-25 14:27:01] === 定时任务监控开始 ===
[2026-03-25 14:27:01] 检查注册任务...
[2026-03-25 14:27:01] ⚠️ 任务失败：TASK-011 (知几鲸鱼追踪)
[2026-03-25 14:27:01]    计划时间：14:00
[2026-03-25 14:27:01]    截止时间：14:05
[2026-03-25 14:27:01]    执行 Bot: 知几
[2026-03-25 14:27:01]    状态：❌ 未执行
[2026-03-25 14:28:01] === 定时任务监控开始 ===
[2026-03-25 14:28:01] 检查注册任务...
[2026-03-25 14:28:01] ⚠️ 任务失败：TASK-011 (知几鲸鱼追踪)
[2026-03-25 14:28:01]    计划时间：14:00
[2026-03-25 14:28:01]    截止时间：14:05
[2026-03-25 14:28:01]    执行 Bot: 知几
[2026-03-25 14:28:01]    状态：❌ 未执行
[2026-03-25 14:29:01] === 定时任务监控开始 ===
[2026-03-25 14:29:01] 检查注册任务...
[2026-03-25 14:29:02] ⚠️ 任务失败：TASK-011 (知几鲸鱼追踪)
[2026-03-25 14:29:02]    计划时间：14:00
[2026-03-25 14:29:02]    截止时间：14:05
[2026-03-25 14:29:02]    执行 Bot: 知几
[2026-03-25 14:29:02]    状态：❌ 未执行
[2026-03-25 14:30:01] === 定时任务监控开始 ===
[2026-03-25 14:30:01] 检查注册任务...
[2026-03-25 14:30:01] ⚠️ 任务失败：TASK-011 (知几鲸鱼追踪)
[2026-03-25 14:30:01]    计划时间：14:00
[2026-03-25 14:30:01]    截止时间：14:05
[2026-03-25 14:30:01]    执行 Bot: 知几
[2026-03-25 14:30:01]    状态：❌ 未执行
[2026-03-25 14:31:01] === 定时任务监控开始 ===
[2026-03-25 14:31:01] 检查注册任务...
[2026-03-25 14:31:01] ⚠️ 任务失败：TASK-011 (知几鲸鱼追踪)
[2026-03-25 14:31:01]    计划时间：14:00
[2026-03-25 14:31:01]    截止时间：14:05
[2026-03-25 14:31:01]    执行 Bot: 知几
[2026-03-25 14:31:01]    状态：❌ 未执行
[2026-03-25 14:32:01] === 定时任务监控开始 ===
[2026-03-25 14:32:01] 检查注册任务...
[2026-03-25 14:32:01] ⚠️ 任务失败：TASK-011 (知几鲸鱼追踪)
[2026-03-25 14:32:01]    计划时间：14:00
[2026-03-25 14:32:01]    截止时间：14:05
[2026-03-25 14:32:01]    执行 Bot: 知几
[2026-03-25 14:32:01]    状态：❌ 未执行
[2026-03-25 14:33:01] === 定时任务监控开始 ===
[2026-03-25 14:33:01] 检查注册任务...
[2026-03-25 14:33:01] ⚠️ 任务失败：TASK-011 (知几鲸鱼追踪)
[2026-03-25 14:33:01]    计划时间：14:00
[2026-03-25 14:33:01]    截止时间：14:05
[2026-03-25 14:33:01]    执行 Bot: 知几
[2026-03-25 14:33:01]    状态：❌ 未执行
[2026-03-25 14:34:01] === 定时任务监控开始 ===
[2026-03-25 14:34:01] 检查注册任务...
[2026-03-25 14:34:01] ⚠️ 任务失败：TASK-011 (知几鲸鱼追踪)
[2026-03-25 14:34:01]    计划时间：14:00
[2026-03-25 14:34:01]    截止时间：14:05
[2026-03-25 14:34:01]    执行 Bot: 知几
[2026-03-25 14:34:01]    状态：❌ 未执行
[2026-03-25 14:35:01] === 定时任务监控开始 ===
[2026-03-25 14:35:01] 检查注册任务...
[2026-03-25 14:35:01] ⚠️ 任务失败：TASK-011 (知几鲸鱼追踪)
[2026-03-25 14:35:01]    计划时间：14:00
[2026-03-25 14:35:01]    截止时间：14:05
[2026-03-25 14:35:01]    执行 Bot: 知几
[2026-03-25 14:35:01]    状态：❌ 未执行
[2026-03-25 14:36:01] === 定时任务监控开始 ===
[2026-03-25 14:36:01] 检查注册任务...
[2026-03-25 14:36:01] ⚠️ 任务失败：TASK-011 (知几鲸鱼追踪)
[2026-03-25 14:36:01]    计划时间：14:00
[2026-03-25 14:36:01]    截止时间：14:05
[2026-03-25 14:36:01]    执行 Bot: 知几
[2026-03-25 14:36:01]    状态：❌ 未执行
[2026-03-25 14:37:01] === 定时任务监控开始 ===
[2026-03-25 14:37:01] 检查注册任务...
[2026-03-25 14:37:01] ⚠️ 任务失败：TASK-011 (知几鲸鱼追踪)
[2026-03-25 14:37:01]    计划时间：14:00
[2026-03-25 14:37:01]    截止时间：14:05
[2026-03-25 14:37:01]    执行 Bot: 知几
[2026-03-25 14:37:01]    状态：❌ 未执行
[2026-03-25 14:38:01] === 定时任务监控开始 ===
[2026-03-25 14:38:01] 检查注册任务...
[2026-03-25 14:38:01] ⚠️ 任务失败：TASK-011 (知几鲸鱼追踪)
[2026-03-25 14:38:01]    计划时间：14:00
[2026-03-25 14:38:01]    截止时间：14:05
[2026-03-25 14:38:01]    执行 Bot: 知几
[2026-03-25 14:38:01]    状态：❌ 未执行
[2026-03-25 14:39:01] === 定时任务监控开始 ===
[2026-03-25 14:39:01] 检查注册任务...
[2026-03-25 14:39:01] ⚠️ 任务失败：TASK-011 (知几鲸鱼追踪)
[2026-03-25 14:39:01]    计划时间：14:00
[2026-03-25 14:39:01]    截止时间：14:05
[2026-03-25 14:39:01]    执行 Bot: 知几
[2026-03-25 14:39:01]    状态：❌ 未执行
[2026-03-25 14:40:01] === 定时任务监控开始 ===
[2026-03-25 14:40:01] 检查注册任务...
[2026-03-25 14:40:01] ⚠️ 任务失败：TASK-011 (知几鲸鱼追踪)
[2026-03-25 14:40:01]    计划时间：14:00
[2026-03-25 14:40:01]    截止时间：14:05
[2026-03-25 14:40:01]    执行 Bot: 知几
[2026-03-25 14:40:01]    状态：❌ 未执行
[2026-03-25 14:41:01] === 定时任务监控开始 ===
[2026-03-25 14:41:01] 检查注册任务...
[2026-03-25 14:41:01] ⚠️ 任务失败：TASK-011 (知几鲸鱼追踪)
[2026-03-25 14:41:01]    计划时间：14:00
[2026-03-25 14:41:01]    截止时间：14:05
[2026-03-25 14:41:01]    执行 Bot: 知几
[2026-03-25 14:41:01]    状态：❌ 未执行
[2026-03-25 14:42:01] === 定时任务监控开始 ===
[2026-03-25 14:42:01] 检查注册任务...
[2026-03-25 14:42:01] ⚠️ 任务失败：TASK-011 (知几鲸鱼追踪)
[2026-03-25 14:42:01]    计划时间：14:00
[2026-03-25 14:42:01]    截止时间：14:05
[2026-03-25 14:42:01]    执行 Bot: 知几
[2026-03-25 14:42:01]    状态：❌ 未执行
[2026-03-25 14:43:01] === 定时任务监控开始 ===
[2026-03-25 14:43:01] 检查注册任务...
[2026-03-25 14:43:01] ⚠️ 任务失败：TASK-011 (知几鲸鱼追踪)
[2026-03-25 14:43:01]    计划时间：14:00
[2026-03-25 14:43:01]    截止时间：14:05
[2026-03-25 14:43:01]    执行 Bot: 知几
[2026-03-25 14:43:01]    状态：❌ 未执行
[2026-03-25 14:44:01] === 定时任务监控开始 ===
[2026-03-25 14:44:01] 检查注册任务...
[2026-03-25 14:44:01] ⚠️ 任务失败：TASK-011 (知几鲸鱼追踪)
[2026-03-25 14:44:01]    计划时间：14:00
[2026-03-25 14:44:01]    截止时间：14:05
[2026-03-25 14:44:01]    执行 Bot: 知几
[2026-03-25 14:44:01]    状态：❌ 未执行
[2026-03-25 14:45:02] === 定时任务监控开始 ===
[2026-03-25 14:45:02] 检查注册任务...
[2026-03-25 14:45:02] ⚠️ 任务失败：TASK-011 (知几鲸鱼追踪)
[2026-03-25 14:45:02]    计划时间：14:00
[2026-03-25 14:45:02]    截止时间：14:05
[2026-03-25 14:45:02]    执行 Bot: 知几
[2026-03-25 14:45:02]    状态：❌ 未执行
[2026-03-25 14:46:01] === 定时任务监控开始 ===
[2026-03-25 14:46:01] 检查注册任务...
[2026-03-25 14:46:01] ⚠️ 任务失败：TASK-011 (知几鲸鱼追踪)
[2026-03-25 14:46:01]    计划时间：14:00
[2026-03-25 14:46:01]    截止时间：14:05
[2026-03-25 14:46:01]    执行 Bot: 知几
[2026-03-25 14:46:01]    状态：❌ 未执行
[2026-03-25 14:47:01] === 定时任务监控开始 ===
[2026-03-25 14:47:01] 检查注册任务...
[2026-03-25 14:47:01] ⚠️ 任务失败：TASK-011 (知几鲸鱼追踪)
[2026-03-25 14:47:01]    计划时间：14:00
[2026-03-25 14:47:01]    截止时间：14:05
[2026-03-25 14:47:01]    执行 Bot: 知几
[2026-03-25 14:47:01]    状态：❌ 未执行
[2026-03-25 14:48:01] === 定时任务监控开始 ===
[2026-03-25 14:48:01] 检查注册任务...
[2026-03-25 14:48:01] ⚠️ 任务失败：TASK-011 (知几鲸鱼追踪)
[2026-03-25 14:48:01]    计划时间：14:00
[2026-03-25 14:48:01]    截止时间：14:05
[2026-03-25 14:48:01]    执行 Bot: 知几
[2026-03-25 14:48:01]    状态：❌ 未执行
[2026-03-25 14:49:01] === 定时任务监控开始 ===
[2026-03-25 14:49:01] 检查注册任务...
[2026-03-25 14:49:01] ⚠️ 任务失败：TASK-011 (知几鲸鱼追踪)
[2026-03-25 14:49:01]    计划时间：14:00
[2026-03-25 14:49:01]    截止时间：14:05
[2026-03-25 14:49:01]    执行 Bot: 知几
[2026-03-25 14:49:01]    状态：❌ 未执行
[2026-03-25 14:50:01] === 定时任务监控开始 ===
[2026-03-25 14:50:01] 检查注册任务...
[2026-03-25 14:50:01] ⚠️ 任务失败：TASK-011 (知几鲸鱼追踪)
[2026-03-25 14:50:01]    计划时间：14:00
[2026-03-25 14:50:01]    截止时间：14:05
[2026-03-25 14:50:01]    执行 Bot: 知几
[2026-03-25 14:50:01]    状态：❌ 未执行
[2026-03-25 14:51:01] === 定时任务监控开始 ===
[2026-03-25 14:51:01] 检查注册任务...
[2026-03-25 14:51:01] ⚠️ 任务失败：TASK-011 (知几鲸鱼追踪)
[2026-03-25 14:51:01]    计划时间：14:00
[2026-03-25 14:51:01]    截止时间：14:05
[2026-03-25 14:51:01]    执行 Bot: 知几
[2026-03-25 14:51:01]    状态：❌ 未执行
[2026-03-25 14:52:01] === 定时任务监控开始 ===
[2026-03-25 14:52:01] 检查注册任务...
[2026-03-25 14:52:01] ⚠️ 任务失败：TASK-011 (知几鲸鱼追踪)
[2026-03-25 14:52:01]    计划时间：14:00
[2026-03-25 14:52:01]    截止时间：14:05
[2026-03-25 14:52:01]    执行 Bot: 知几
[2026-03-25 14:52:01]    状态：❌ 未执行
[2026-03-25 14:53:01] === 定时任务监控开始 ===
[2026-03-25 14:53:01] 检查注册任务...
[2026-03-25 14:53:01] ⚠️ 任务失败：TASK-011 (知几鲸鱼追踪)
[2026-03-25 14:53:01]    计划时间：14:00
[2026-03-25 14:53:01]    截止时间：14:05
[2026-03-25 14:53:01]    执行 Bot: 知几
[2026-03-25 14:53:01]    状态：❌ 未执行
[2026-03-25 14:54:01] === 定时任务监控开始 ===
[2026-03-25 14:54:01] 检查注册任务...
[2026-03-25 14:54:01] ⚠️ 任务失败：TASK-011 (知几鲸鱼追踪)
[2026-03-25 14:54:01]    计划时间：14:00
[2026-03-25 14:54:01]    截止时间：14:05
[2026-03-25 14:54:01]    执行 Bot: 知几
[2026-03-25 14:54:01]    状态：❌ 未执行
[2026-03-25 14:55:01] === 定时任务监控开始 ===
[2026-03-25 14:55:01] 检查注册任务...
[2026-03-25 14:55:01] ⚠️ 任务失败：TASK-011 (知几鲸鱼追踪)
[2026-03-25 14:55:01]    计划时间：14:00
[2026-03-25 14:55:01]    截止时间：14:05
[2026-03-25 14:55:01]    执行 Bot: 知几
[2026-03-25 14:55:01]    状态：❌ 未执行
[2026-03-25 14:56:01] === 定时任务监控开始 ===
[2026-03-25 14:56:01] 检查注册任务...
[2026-03-25 14:56:01] ⚠️ 任务失败：TASK-011 (知几鲸鱼追踪)
[2026-03-25 14:56:01]    计划时间：14:00
[2026-03-25 14:56:01]    截止时间：14:05
[2026-03-25 14:56:01]    执行 Bot: 知几
[2026-03-25 14:56:01]    状态：❌ 未执行
[2026-03-25 14:57:01] === 定时任务监控开始 ===
[2026-03-25 14:57:01] 检查注册任务...
[2026-03-25 14:57:01] ⚠️ 任务失败：TASK-011 (知几鲸鱼追踪)
[2026-03-25 14:57:01]    计划时间：14:00
[2026-03-25 14:57:01]    截止时间：14:05
[2026-03-25 14:57:01]    执行 Bot: 知几
[2026-03-25 14:57:01]    状态：❌ 未执行
[2026-03-25 14:58:01] === 定时任务监控开始 ===
[2026-03-25 14:58:01] 检查注册任务...
[2026-03-25 14:58:01] ⚠️ 任务失败：TASK-011 (知几鲸鱼追踪)
[2026-03-25 14:58:01]    计划时间：14:00
[2026-03-25 14:58:01]    截止时间：14:05
[2026-03-25 14:58:01]    执行 Bot: 知几
[2026-03-25 14:58:01]    状态：❌ 未执行
[2026-03-25 14:59:01] === 定时任务监控开始 ===
[2026-03-25 14:59:01] 检查注册任务...
[2026-03-25 14:59:01] ⚠️ 任务失败：TASK-011 (知几鲸鱼追踪)
[2026-03-25 14:59:01]    计划时间：14:00
[2026-03-25 14:59:01]    截止时间：14:05
[2026-03-25 14:59:01]    执行 Bot: 知几
[2026-03-25 14:59:01]    状态：❌ 未执行
[2026-03-25 15:00:01] === 定时任务监控开始 ===
[2026-03-25 15:00:01] 检查注册任务...
[2026-03-25 15:00:02] 检查 Gateway 状态...
[2026-03-25 15:00:02] ✅ Gateway 运行中
[2026-03-25 15:00:02] 检查 Cron 服务...
[2026-03-25 15:00:02] ✅ Cron 服务运行中
[2026-03-25 15:00:02] === 定时任务监控完成 ===
[2026-03-25 15:00:02] 
[2026-03-25 15:01:01] === 定时任务监控开始 ===
[2026-03-25 15:01:01] 检查注册任务...
[2026-03-25 15:01:01] 检查 Gateway 状态...
[2026-03-25 15:01:01] ✅ Gateway 运行中
[2026-03-25 15:01:01] 检查 Cron 服务...
[2026-03-25 15:01:01] ✅ Cron 服务运行中
[2026-03-25 15:01:01] === 定时任务监控完成 ===
[2026-03-25 15:01:01] 
[2026-03-25 15:02:01] === 定时任务监控开始 ===
[2026-03-25 15:02:01] 检查注册任务...
[2026-03-25 15:02:01] 检查 Gateway 状态...
[2026-03-25 15:02:01] ✅ Gateway 运行中
[2026-03-25 15:02:01] 检查 Cron 服务...
[2026-03-25 15:02:01] ✅ Cron 服务运行中
[2026-03-25 15:02:01] === 定时任务监控完成 ===
[2026-03-25 15:02:01] 
[2026-03-25 15:03:01] === 定时任务监控开始 ===
[2026-03-25 15:03:01] 检查注册任务...
[2026-03-25 15:03:01] 检查 Gateway 状态...
[2026-03-25 15:03:01] ✅ Gateway 运行中
[2026-03-25 15:03:01] 检查 Cron 服务...
[2026-03-25 15:03:01] ✅ Cron 服务运行中
[2026-03-25 15:03:01] === 定时任务监控完成 ===
[2026-03-25 15:03:01] 
[2026-03-25 15:04:01] === 定时任务监控开始 ===
[2026-03-25 15:04:01] 检查注册任务...
[2026-03-25 15:04:01] 检查 Gateway 状态...
[2026-03-25 15:04:01] ✅ Gateway 运行中
[2026-03-25 15:04:01] 检查 Cron 服务...
[2026-03-25 15:04:01] ✅ Cron 服务运行中
[2026-03-25 15:04:01] === 定时任务监控完成 ===
[2026-03-25 15:04:01] 
[2026-03-25 15:05:01] === 定时任务监控开始 ===
[2026-03-25 15:05:01] 检查注册任务...
[2026-03-25 15:05:01] 检查 Gateway 状态...
[2026-03-25 15:05:01] ✅ Gateway 运行中
[2026-03-25 15:05:01] 检查 Cron 服务...
[2026-03-25 15:05:01] ✅ Cron 服务运行中
[2026-03-25 15:05:01] === 定时任务监控完成 ===
[2026-03-25 15:05:01] 
[2026-03-25 15:06:01] === 定时任务监控开始 ===
[2026-03-25 15:06:01] 检查注册任务...
[2026-03-25 15:06:01] 检查 Gateway 状态...
[2026-03-25 15:06:01] ✅ Gateway 运行中
[2026-03-25 15:06:01] 检查 Cron 服务...
[2026-03-25 15:06:01] ✅ Cron 服务运行中
[2026-03-25 15:06:01] === 定时任务监控完成 ===
[2026-03-25 15:06:01] 
[2026-03-25 15:07:01] === 定时任务监控开始 ===
[2026-03-25 15:07:01] 检查注册任务...
[2026-03-25 15:07:01] 检查 Gateway 状态...
[2026-03-25 15:07:01] ✅ Gateway 运行中
[2026-03-25 15:07:01] 检查 Cron 服务...
[2026-03-25 15:07:01] ✅ Cron 服务运行中
[2026-03-25 15:07:01] === 定时任务监控完成 ===
[2026-03-25 15:07:01] 
[2026-03-25 15:08:01] === 定时任务监控开始 ===
[2026-03-25 15:08:01] 检查注册任务...
[2026-03-25 15:08:01] 检查 Gateway 状态...
[2026-03-25 15:08:01] ✅ Gateway 运行中
[2026-03-25 15:08:01] 检查 Cron 服务...
[2026-03-25 15:08:01] ✅ Cron 服务运行中
[2026-03-25 15:08:01] === 定时任务监控完成 ===
[2026-03-25 15:08:01] 
[2026-03-25 15:09:01] === 定时任务监控开始 ===
[2026-03-25 15:09:01] 检查注册任务...
[2026-03-25 15:09:01] 检查 Gateway 状态...
[2026-03-25 15:09:01] ✅ Gateway 运行中
[2026-03-25 15:09:01] 检查 Cron 服务...
[2026-03-25 15:09:01] ✅ Cron 服务运行中
[2026-03-25 15:09:01] === 定时任务监控完成 ===
[2026-03-25 15:09:01] 
[2026-03-25 15:10:01] === 定时任务监控开始 ===
[2026-03-25 15:10:01] 检查注册任务...
[2026-03-25 15:10:01] 检查 Gateway 状态...
[2026-03-25 15:10:01] ✅ Gateway 运行中
[2026-03-25 15:10:01] 检查 Cron 服务...
[2026-03-25 15:10:01] ✅ Cron 服务运行中
[2026-03-25 15:10:01] === 定时任务监控完成 ===
[2026-03-25 15:10:01] 
[2026-03-25 15:11:01] === 定时任务监控开始 ===
[2026-03-25 15:11:01] 检查注册任务...
[2026-03-25 15:11:01] 检查 Gateway 状态...
[2026-03-25 15:11:01] ✅ Gateway 运行中
[2026-03-25 15:11:01] 检查 Cron 服务...
[2026-03-25 15:11:01] ✅ Cron 服务运行中
[2026-03-25 15:11:01] === 定时任务监控完成 ===
[2026-03-25 15:11:01] 
[2026-03-25 15:12:01] === 定时任务监控开始 ===
[2026-03-25 15:12:01] 检查注册任务...
[2026-03-25 15:12:01] 检查 Gateway 状态...
[2026-03-25 15:12:01] ✅ Gateway 运行中
[2026-03-25 15:12:01] 检查 Cron 服务...
[2026-03-25 15:12:01] ✅ Cron 服务运行中
[2026-03-25 15:12:01] === 定时任务监控完成 ===
[2026-03-25 15:12:01] 
[2026-03-25 15:13:01] === 定时任务监控开始 ===
[2026-03-25 15:13:01] 检查注册任务...
[2026-03-25 15:13:01] 检查 Gateway 状态...
[2026-03-25 15:13:01] ✅ Gateway 运行中
[2026-03-25 15:13:01] 检查 Cron 服务...
[2026-03-25 15:13:01] ✅ Cron 服务运行中
[2026-03-25 15:13:01] === 定时任务监控完成 ===
[2026-03-25 15:13:01] 
[2026-03-25 15:14:01] === 定时任务监控开始 ===
[2026-03-25 15:14:01] 检查注册任务...
[2026-03-25 15:14:01] 检查 Gateway 状态...
[2026-03-25 15:14:02] ✅ Gateway 运行中
[2026-03-25 15:14:02] 检查 Cron 服务...
[2026-03-25 15:14:02] ✅ Cron 服务运行中
[2026-03-25 15:14:02] === 定时任务监控完成 ===
[2026-03-25 15:14:02] 
[2026-03-25 15:15:01] === 定时任务监控开始 ===
[2026-03-25 15:15:01] 检查注册任务...
[2026-03-25 15:15:01] 检查 Gateway 状态...
[2026-03-25 15:15:01] ✅ Gateway 运行中
[2026-03-25 15:15:01] 检查 Cron 服务...
[2026-03-25 15:15:01] ✅ Cron 服务运行中
[2026-03-25 15:15:01] === 定时任务监控完成 ===
[2026-03-25 15:15:01] 
[2026-03-25 15:16:01] === 定时任务监控开始 ===
[2026-03-25 15:16:01] 检查注册任务...
[2026-03-25 15:16:01] 检查 Gateway 状态...
[2026-03-25 15:16:01] ✅ Gateway 运行中
[2026-03-25 15:16:01] 检查 Cron 服务...
[2026-03-25 15:16:01] ✅ Cron 服务运行中
[2026-03-25 15:16:01] === 定时任务监控完成 ===
[2026-03-25 15:16:01] 
[2026-03-25 15:17:01] === 定时任务监控开始 ===
[2026-03-25 15:17:01] 检查注册任务...
[2026-03-25 15:17:01] 检查 Gateway 状态...
[2026-03-25 15:17:01] ✅ Gateway 运行中
[2026-03-25 15:17:01] 检查 Cron 服务...
[2026-03-25 15:17:01] ✅ Cron 服务运行中
[2026-03-25 15:17:01] === 定时任务监控完成 ===
[2026-03-25 15:17:01] 
[2026-03-25 15:18:01] === 定时任务监控开始 ===
[2026-03-25 15:18:01] 检查注册任务...
[2026-03-25 15:18:01] 检查 Gateway 状态...
[2026-03-25 15:18:01] ✅ Gateway 运行中
[2026-03-25 15:18:01] 检查 Cron 服务...
[2026-03-25 15:18:01] ✅ Cron 服务运行中
[2026-03-25 15:18:01] === 定时任务监控完成 ===
[2026-03-25 15:18:01] 
[2026-03-25 15:19:01] === 定时任务监控开始 ===
[2026-03-25 15:19:01] 检查注册任务...
[2026-03-25 15:19:01] 检查 Gateway 状态...
[2026-03-25 15:19:01] ✅ Gateway 运行中
[2026-03-25 15:19:01] 检查 Cron 服务...
[2026-03-25 15:19:01] ✅ Cron 服务运行中
[2026-03-25 15:19:01] === 定时任务监控完成 ===
[2026-03-25 15:19:01] 
[2026-03-25 15:20:01] === 定时任务监控开始 ===
[2026-03-25 15:20:01] 检查注册任务...
[2026-03-25 15:20:01] 检查 Gateway 状态...
[2026-03-25 15:20:01] ✅ Gateway 运行中
[2026-03-25 15:20:01] 检查 Cron 服务...
[2026-03-25 15:20:01] ✅ Cron 服务运行中
[2026-03-25 15:20:01] === 定时任务监控完成 ===
[2026-03-25 15:20:01] 
[2026-03-25 15:21:01] === 定时任务监控开始 ===
[2026-03-25 15:21:01] 检查注册任务...
[2026-03-25 15:21:01] 检查 Gateway 状态...
[2026-03-25 15:21:01] ✅ Gateway 运行中
[2026-03-25 15:21:01] 检查 Cron 服务...
[2026-03-25 15:21:01] ✅ Cron 服务运行中
[2026-03-25 15:21:01] === 定时任务监控完成 ===
[2026-03-25 15:21:01] 
[2026-03-25 15:22:01] === 定时任务监控开始 ===
[2026-03-25 15:22:01] 检查注册任务...
[2026-03-25 15:22:01] 检查 Gateway 状态...
[2026-03-25 15:22:01] ✅ Gateway 运行中
[2026-03-25 15:22:01] 检查 Cron 服务...
[2026-03-25 15:22:01] ✅ Cron 服务运行中
[2026-03-25 15:22:01] === 定时任务监控完成 ===
[2026-03-25 15:22:01] 
[2026-03-25 15:23:01] === 定时任务监控开始 ===
[2026-03-25 15:23:01] 检查注册任务...
[2026-03-25 15:23:01] 检查 Gateway 状态...
[2026-03-25 15:23:01] ✅ Gateway 运行中
[2026-03-25 15:23:01] 检查 Cron 服务...
[2026-03-25 15:23:01] ✅ Cron 服务运行中
[2026-03-25 15:23:01] === 定时任务监控完成 ===
[2026-03-25 15:23:01] 
[2026-03-25 15:24:01] === 定时任务监控开始 ===
[2026-03-25 15:24:01] 检查注册任务...
[2026-03-25 15:24:01] 检查 Gateway 状态...
[2026-03-25 15:24:01] ✅ Gateway 运行中
[2026-03-25 15:24:01] 检查 Cron 服务...
[2026-03-25 15:24:01] ✅ Cron 服务运行中
[2026-03-25 15:24:01] === 定时任务监控完成 ===
[2026-03-25 15:24:01] 
[2026-03-25 15:25:01] === 定时任务监控开始 ===
[2026-03-25 15:25:01] 检查注册任务...
[2026-03-25 15:25:01] 检查 Gateway 状态...
[2026-03-25 15:25:01] ✅ Gateway 运行中
[2026-03-25 15:25:01] 检查 Cron 服务...
[2026-03-25 15:25:01] ✅ Cron 服务运行中
[2026-03-25 15:25:01] === 定时任务监控完成 ===
[2026-03-25 15:25:01] 
[2026-03-25 15:26:01] === 定时任务监控开始 ===
[2026-03-25 15:26:01] 检查注册任务...
[2026-03-25 15:26:01] 检查 Gateway 状态...
[2026-03-25 15:26:01] ✅ Gateway 运行中
[2026-03-25 15:26:01] 检查 Cron 服务...
[2026-03-25 15:26:01] ✅ Cron 服务运行中
[2026-03-25 15:26:01] === 定时任务监控完成 ===
[2026-03-25 15:26:01] 
[2026-03-25 15:27:01] === 定时任务监控开始 ===
[2026-03-25 15:27:01] 检查注册任务...
[2026-03-25 15:27:01] 检查 Gateway 状态...
[2026-03-25 15:27:01] ✅ Gateway 运行中
[2026-03-25 15:27:01] 检查 Cron 服务...
[2026-03-25 15:27:01] ✅ Cron 服务运行中
[2026-03-25 15:27:01] === 定时任务监控完成 ===
[2026-03-25 15:27:01] 
[2026-03-25 15:28:01] === 定时任务监控开始 ===
[2026-03-25 15:28:01] 检查注册任务...
[2026-03-25 15:28:01] 检查 Gateway 状态...
[2026-03-25 15:28:01] ✅ Gateway 运行中
[2026-03-25 15:28:01] 检查 Cron 服务...
[2026-03-25 15:28:02] ✅ Cron 服务运行中
[2026-03-25 15:28:02] === 定时任务监控完成 ===
[2026-03-25 15:28:02] 
[2026-03-25 15:29:01] === 定时任务监控开始 ===
[2026-03-25 15:29:01] 检查注册任务...
[2026-03-25 15:29:01] 检查 Gateway 状态...
[2026-03-25 15:29:01] ✅ Gateway 运行中
[2026-03-25 15:29:01] 检查 Cron 服务...
[2026-03-25 15:29:01] ✅ Cron 服务运行中
[2026-03-25 15:29:01] === 定时任务监控完成 ===
[2026-03-25 15:29:01] 
[2026-03-25 15:30:01] === 定时任务监控开始 ===
[2026-03-25 15:30:01] 检查注册任务...
[2026-03-25 15:30:01] 检查 Gateway 状态...
[2026-03-25 15:30:01] ✅ Gateway 运行中
[2026-03-25 15:30:01] 检查 Cron 服务...
[2026-03-25 15:30:01] ✅ Cron 服务运行中
[2026-03-25 15:30:01] === 定时任务监控完成 ===
[2026-03-25 15:30:01] 
[2026-03-25 15:31:01] === 定时任务监控开始 ===
[2026-03-25 15:31:01] 检查注册任务...
[2026-03-25 15:31:01] 检查 Gateway 状态...
[2026-03-25 15:31:01] ✅ Gateway 运行中
[2026-03-25 15:31:01] 检查 Cron 服务...
[2026-03-25 15:31:01] ✅ Cron 服务运行中
[2026-03-25 15:31:01] === 定时任务监控完成 ===
[2026-03-25 15:31:01] 
[2026-03-25 15:32:01] === 定时任务监控开始 ===
[2026-03-25 15:32:01] 检查注册任务...
[2026-03-25 15:32:01] 检查 Gateway 状态...
[2026-03-25 15:32:01] ✅ Gateway 运行中
[2026-03-25 15:32:01] 检查 Cron 服务...
[2026-03-25 15:32:01] ✅ Cron 服务运行中
[2026-03-25 15:32:01] === 定时任务监控完成 ===
[2026-03-25 15:32:01] 
[2026-03-25 15:33:01] === 定时任务监控开始 ===
[2026-03-25 15:33:01] 检查注册任务...
[2026-03-25 15:33:01] 检查 Gateway 状态...
[2026-03-25 15:33:01] ✅ Gateway 运行中
[2026-03-25 15:33:01] 检查 Cron 服务...
[2026-03-25 15:33:01] ✅ Cron 服务运行中
[2026-03-25 15:33:01] === 定时任务监控完成 ===
[2026-03-25 15:33:01] 
[2026-03-25 15:34:01] === 定时任务监控开始 ===
[2026-03-25 15:34:01] 检查注册任务...
[2026-03-25 15:34:01] 检查 Gateway 状态...
[2026-03-25 15:34:01] ✅ Gateway 运行中
[2026-03-25 15:34:01] 检查 Cron 服务...
[2026-03-25 15:34:01] ✅ Cron 服务运行中
[2026-03-25 15:34:01] === 定时任务监控完成 ===
[2026-03-25 15:34:01] 
[2026-03-25 15:35:01] === 定时任务监控开始 ===
[2026-03-25 15:35:01] 检查注册任务...
[2026-03-25 15:35:01] 检查 Gateway 状态...
[2026-03-25 15:35:01] ✅ Gateway 运行中
[2026-03-25 15:35:01] 检查 Cron 服务...
[2026-03-25 15:35:01] ✅ Cron 服务运行中
[2026-03-25 15:35:01] === 定时任务监控完成 ===
[2026-03-25 15:35:01] 
[2026-03-25 15:36:01] === 定时任务监控开始 ===
[2026-03-25 15:36:01] 检查注册任务...
[2026-03-25 15:36:01] 检查 Gateway 状态...
[2026-03-25 15:36:01] ✅ Gateway 运行中
[2026-03-25 15:36:01] 检查 Cron 服务...
[2026-03-25 15:36:01] ✅ Cron 服务运行中
[2026-03-25 15:36:01] === 定时任务监控完成 ===
[2026-03-25 15:36:01] 
[2026-03-25 15:37:01] === 定时任务监控开始 ===
[2026-03-25 15:37:01] 检查注册任务...
[2026-03-25 15:37:01] 检查 Gateway 状态...
[2026-03-25 15:37:01] ✅ Gateway 运行中
[2026-03-25 15:37:01] 检查 Cron 服务...
[2026-03-25 15:37:01] ✅ Cron 服务运行中
[2026-03-25 15:37:01] === 定时任务监控完成 ===
[2026-03-25 15:37:01] 
[2026-03-25 15:38:01] === 定时任务监控开始 ===
[2026-03-25 15:38:01] 检查注册任务...
[2026-03-25 15:38:01] 检查 Gateway 状态...
[2026-03-25 15:38:01] ✅ Gateway 运行中
[2026-03-25 15:38:01] 检查 Cron 服务...
[2026-03-25 15:38:01] ✅ Cron 服务运行中
[2026-03-25 15:38:01] === 定时任务监控完成 ===
[2026-03-25 15:38:01] 
[2026-03-25 15:39:01] === 定时任务监控开始 ===
[2026-03-25 15:39:01] 检查注册任务...
[2026-03-25 15:39:01] 检查 Gateway 状态...
[2026-03-25 15:39:01] ✅ Gateway 运行中
[2026-03-25 15:39:01] 检查 Cron 服务...
[2026-03-25 15:39:01] ✅ Cron 服务运行中
[2026-03-25 15:39:01] === 定时任务监控完成 ===
[2026-03-25 15:39:01] 
[2026-03-25 15:40:01] === 定时任务监控开始 ===
[2026-03-25 15:40:01] 检查注册任务...
[2026-03-25 15:40:01] 检查 Gateway 状态...
[2026-03-25 15:40:01] ✅ Gateway 运行中
[2026-03-25 15:40:01] 检查 Cron 服务...
[2026-03-25 15:40:01] ✅ Cron 服务运行中
[2026-03-25 15:40:01] === 定时任务监控完成 ===
[2026-03-25 15:40:01] 
[2026-03-25 15:41:01] === 定时任务监控开始 ===
[2026-03-25 15:41:01] 检查注册任务...
[2026-03-25 15:41:02] 检查 Gateway 状态...
[2026-03-25 15:41:02] ✅ Gateway 运行中
[2026-03-25 15:41:02] 检查 Cron 服务...
[2026-03-25 15:41:02] ✅ Cron 服务运行中
[2026-03-25 15:41:02] === 定时任务监控完成 ===
[2026-03-25 15:41:02] 
[2026-03-25 15:42:01] === 定时任务监控开始 ===
[2026-03-25 15:42:01] 检查注册任务...
[2026-03-25 15:42:01] 检查 Gateway 状态...
[2026-03-25 15:42:01] ✅ Gateway 运行中
[2026-03-25 15:42:01] 检查 Cron 服务...
[2026-03-25 15:42:01] ✅ Cron 服务运行中
[2026-03-25 15:42:01] === 定时任务监控完成 ===
[2026-03-25 15:42:01] 
[2026-03-25 15:43:01] === 定时任务监控开始 ===
[2026-03-25 15:43:01] 检查注册任务...
[2026-03-25 15:43:01] 检查 Gateway 状态...
[2026-03-25 15:43:01] ✅ Gateway 运行中
[2026-03-25 15:43:01] 检查 Cron 服务...
[2026-03-25 15:43:01] ✅ Cron 服务运行中
[2026-03-25 15:43:01] === 定时任务监控完成 ===
[2026-03-25 15:43:01] 
[2026-03-25 15:44:01] === 定时任务监控开始 ===
[2026-03-25 15:44:01] 检查注册任务...
[2026-03-25 15:44:01] 检查 Gateway 状态...
[2026-03-25 15:44:01] ✅ Gateway 运行中
[2026-03-25 15:44:01] 检查 Cron 服务...
[2026-03-25 15:44:01] ✅ Cron 服务运行中
[2026-03-25 15:44:01] === 定时任务监控完成 ===
[2026-03-25 15:44:01] 
[2026-03-25 15:45:01] === 定时任务监控开始 ===
[2026-03-25 15:45:01] 检查注册任务...
[2026-03-25 15:45:01] 检查 Gateway 状态...
[2026-03-25 15:45:01] ✅ Gateway 运行中
[2026-03-25 15:45:01] 检查 Cron 服务...
[2026-03-25 15:45:01] ✅ Cron 服务运行中
[2026-03-25 15:45:01] === 定时任务监控完成 ===
[2026-03-25 15:45:01] 
[2026-03-25 15:46:01] === 定时任务监控开始 ===
[2026-03-25 15:46:01] 检查注册任务...
[2026-03-25 15:46:01] 检查 Gateway 状态...
[2026-03-25 15:46:01] ✅ Gateway 运行中
[2026-03-25 15:46:01] 检查 Cron 服务...
[2026-03-25 15:46:01] ✅ Cron 服务运行中
[2026-03-25 15:46:01] === 定时任务监控完成 ===
[2026-03-25 15:46:01] 
[2026-03-25 15:47:01] === 定时任务监控开始 ===
[2026-03-25 15:47:01] 检查注册任务...
[2026-03-25 15:47:01] 检查 Gateway 状态...
[2026-03-25 15:47:01] ✅ Gateway 运行中
[2026-03-25 15:47:01] 检查 Cron 服务...
[2026-03-25 15:47:01] ✅ Cron 服务运行中
[2026-03-25 15:47:01] === 定时任务监控完成 ===
[2026-03-25 15:47:01] 
[2026-03-25 15:48:01] === 定时任务监控开始 ===
[2026-03-25 15:48:01] 检查注册任务...
[2026-03-25 15:48:01] 检查 Gateway 状态...
[2026-03-25 15:48:01] ✅ Gateway 运行中
[2026-03-25 15:48:01] 检查 Cron 服务...
[2026-03-25 15:48:01] ✅ Cron 服务运行中
[2026-03-25 15:48:01] === 定时任务监控完成 ===
[2026-03-25 15:48:01] 
[2026-03-25 15:49:01] === 定时任务监控开始 ===
[2026-03-25 15:49:01] 检查注册任务...
[2026-03-25 15:49:01] 检查 Gateway 状态...
[2026-03-25 15:49:01] ✅ Gateway 运行中
[2026-03-25 15:49:01] 检查 Cron 服务...
[2026-03-25 15:49:01] ✅ Cron 服务运行中
[2026-03-25 15:49:01] === 定时任务监控完成 ===
[2026-03-25 15:49:01] 
[2026-03-25 15:50:01] === 定时任务监控开始 ===
[2026-03-25 15:50:01] 检查注册任务...
[2026-03-25 15:50:01] 检查 Gateway 状态...
[2026-03-25 15:50:01] ✅ Gateway 运行中
[2026-03-25 15:50:01] 检查 Cron 服务...
[2026-03-25 15:50:01] ✅ Cron 服务运行中
[2026-03-25 15:50:01] === 定时任务监控完成 ===
[2026-03-25 15:50:01] 
