2026-04-12 20:45:49,598 - SelfEvolvingZhijiAgent - INFO - 🧬 自进化知几 Agent v2.0 启动...
2026-04-12 20:45:49,598 - SelfEvolvingZhijiAgent - INFO -   无进化历史，从头开始
2026-04-12 20:45:49,598 - SelfEvolvingZhijiAgent - INFO - 🧬 自进化知几 Agent v2.0 已初始化
2026-04-12 20:45:49,598 - SelfEvolvingZhijiAgent - INFO -   历史数据：0 次执行记录
2026-04-12 20:45:49,598 - SelfEvolvingZhijiAgent - INFO -   策略权重：0 条策略
2026-04-12 20:45:49,598 - SelfEvolvingZhijiAgent - INFO - 🧬 开始执行自进化知几...
2026-04-12 20:45:49,598 - SelfEvolvingZhijiAgent - INFO - 📊 执行基础知几功能...
2026-04-12 20:45:49,598 - SelfEvolvingZhijiAgent - INFO - ✅ 基础功能完成
2026-04-12 20:45:49,598 - SelfEvolvingZhijiAgent - INFO -     分析策略：10 个
2026-04-12 20:45:49,598 - SelfEvolvingZhijiAgent - INFO -     生成信号：5 个
2026-04-12 20:45:49,598 - SelfEvolvingZhijiAgent - INFO -     执行交易：3 个
2026-04-12 20:45:49,598 - SelfEvolvingZhijiAgent - INFO - 📊 性能监控...
2026-04-12 20:45:49,600 - SelfEvolvingZhijiAgent - INFO - ✅ 性能监控完成
2026-04-12 20:45:49,600 - SelfEvolvingZhijiAgent - INFO -     策略准确率：95.0%
2026-04-12 20:45:49,600 - SelfEvolvingZhijiAgent - INFO -     盈利能力：5.0%
2026-04-12 20:45:49,600 - SelfEvolvingZhijiAgent - INFO -     风险评分：0.30
2026-04-12 20:45:49,600 - SelfEvolvingZhijiAgent - INFO - 🧠 策略学习...
2026-04-12 20:45:49,600 - SelfEvolvingZhijiAgent - INFO - ✅ 策略学习完成
2026-04-12 20:45:49,600 - SelfEvolvingZhijiAgent - INFO -     策略权重：{'趋势跟踪': 1.0, '均值回归': 1.0, '动量策略': 1.0, '套利策略': 1.0, '网格交易': 1.0}
2026-04-12 20:45:49,600 - SelfEvolvingZhijiAgent - INFO - 🔮 能力涌现检测...
2026-04-12 20:45:49,600 - SelfEvolvingZhijiAgent - INFO - ✅ 检测到 2 个涌现信号:
2026-04-12 20:45:49,600 - SelfEvolvingZhijiAgent - INFO -     - 技能涌现：78 个
2026-04-12 20:45:49,600 - SelfEvolvingZhijiAgent - INFO -     - 风险控制良好：0.30
2026-04-12 20:45:49,601 - SelfEvolvingZhijiAgent - INFO - ⚙️ 智能优化...
2026-04-12 20:45:49,601 - SelfEvolvingZhijiAgent - INFO - ✅ 智能优化完成
2026-04-12 20:45:49,601 - SelfEvolvingZhijiAgent - INFO - ✅ 进化历史已保存：/home/nicola/.openclaw/workspace/.evolution/zhiji_history.json
2026-04-12 20:45:49,601 - SelfEvolvingZhijiAgent - INFO - 📝 生成进化报告...
2026-04-12 20:45:49,601 - SelfEvolvingZhijiAgent - INFO - ✅ 进化报告已生成：/home/nicola/.openclaw/workspace/reports/self-evolving-zhiji-report-20260412.md
2026-04-12 20:45:49,601 - SelfEvolvingZhijiAgent - INFO - ✅ 自进化知几完成！
2026-04-12 20:45:49,601 - SelfEvolvingZhijiAgent - INFO -   策略准确率：95.0%
2026-04-12 20:45:49,601 - SelfEvolvingZhijiAgent - INFO -   盈利能力：5.0%
2026-04-12 20:45:49,601 - SelfEvolvingZhijiAgent - INFO -   风险评分：0.30
2026-04-12 20:45:49,601 - SelfEvolvingZhijiAgent - INFO -   技能涌现：78 个
2026-04-12 20:45:49,601 - SelfEvolvingZhijiAgent - INFO - ✅ 自进化知几完成！
