2026-04-12 21:18:02,150 - SelfEvolvingTaiyiAgent - INFO - 🧬 自进化太一 AGI v2.0 启动...
2026-04-12 21:18:02,150 - SelfEvolvingTaiyiAgent - INFO -   无进化历史，从头开始
2026-04-12 21:18:02,151 - SelfEvolvingTaiyiAgent - INFO - 🤖 检查 Bot 舰队状态...
2026-04-12 21:18:02,151 - SelfEvolvingTaiyiAgent - INFO - ✅ Bot 舰队状态：9/9 自进化
2026-04-12 21:18:02,151 - SelfEvolvingTaiyiAgent - INFO -     系统有序度：100.0%
2026-04-12 21:18:02,151 - SelfEvolvingTaiyiAgent - INFO - 🧬 自进化太一 AGI v2.0 已初始化
2026-04-12 21:18:02,151 - SelfEvolvingTaiyiAgent - INFO -   历史数据：0 次执行记录
2026-04-12 21:18:02,151 - SelfEvolvingTaiyiAgent - INFO -   Bot 舰队：9 个 Bot
2026-04-12 21:18:02,151 - SelfEvolvingTaiyiAgent - INFO -   自进化 Bot: 9 个
2026-04-12 21:18:02,151 - SelfEvolvingTaiyiAgent - INFO -   系统有序度：100.0%
2026-04-12 21:18:02,151 - SelfEvolvingTaiyiAgent - INFO - 🧬 开始执行自进化太一...
2026-04-12 21:18:02,151 - SelfEvolvingTaiyiAgent - INFO - 🤖 执行基础太一功能...
2026-04-12 21:18:02,151 - SelfEvolvingTaiyiAgent - INFO - ✅ 基础功能完成
2026-04-12 21:18:02,152 - SelfEvolvingTaiyiAgent - INFO -     统筹 Bot: 9 个
2026-04-12 21:18:02,152 - SelfEvolvingTaiyiAgent - INFO -     任务分发：50 个
2026-04-12 21:18:02,152 - SelfEvolvingTaiyiAgent - INFO -     决策制定：25 个
2026-04-12 21:18:02,152 - SelfEvolvingTaiyiAgent - INFO - 📊 性能监控...
2026-04-12 21:18:02,154 - SelfEvolvingTaiyiAgent - INFO - ✅ 性能监控完成
2026-04-12 21:18:02,154 - SelfEvolvingTaiyiAgent - INFO -     决策准确率：96.0%
2026-04-12 21:18:02,154 - SelfEvolvingTaiyiAgent - INFO -     协作效率：97.0%
2026-04-12 21:18:02,154 - SelfEvolvingTaiyiAgent - INFO - 🧠 协作学习...
2026-04-12 21:18:02,154 - SelfEvolvingTaiyiAgent - INFO - ✅ 协作学习完成
2026-04-12 21:18:02,154 - SelfEvolvingTaiyiAgent - INFO -     协作权重：{'任务分发': 1.05, '资源调度': 1.05, '冲突仲裁': 1.05, '进度追踪': 1.05, '多 Bot 协作': 1.05}
2026-04-12 21:18:02,154 - SelfEvolvingTaiyiAgent - INFO - 🤔 决策优化...
2026-04-12 21:18:02,154 - SelfEvolvingTaiyiAgent - INFO - ✅ 决策优化完成
2026-04-12 21:18:02,154 - SelfEvolvingTaiyiAgent - INFO -     决策规则：{'高置信度': 0.91, '中置信度': 0.7, '低置信度': 0.5, '需要 Bot 协作': True, '需要人工干预': False}
2026-04-12 21:18:02,154 - SelfEvolvingTaiyiAgent - INFO - 🔮 能力涌现检测...
2026-04-12 21:18:02,154 - SelfEvolvingTaiyiAgent - INFO - ✅ 检测到 5 个涌现信号:
2026-04-12 21:18:02,154 - SelfEvolvingTaiyiAgent - INFO -     - Bot 舰队 100% 自进化
2026-04-12 21:18:02,154 - SelfEvolvingTaiyiAgent - INFO -     - 技能涌现：78 个
2026-04-12 21:18:02,154 - SelfEvolvingTaiyiAgent - INFO -     - 决策准确率高：96.0%
2026-04-12 21:18:02,154 - SelfEvolvingTaiyiAgent - INFO -     - 协作效率高：97.0%
2026-04-12 21:18:02,154 - SelfEvolvingTaiyiAgent - INFO -     - 系统有序度高：100.0%
2026-04-12 21:18:02,154 - SelfEvolvingTaiyiAgent - INFO - 📊 计算系统负熵...
2026-04-12 21:18:02,154 - SelfEvolvingTaiyiAgent - INFO - ✅ 系统负熵：1000000
2026-04-12 21:18:02,154 - SelfEvolvingTaiyiAgent - INFO - ⚙️ 智能优化...
2026-04-12 21:18:02,154 - SelfEvolvingTaiyiAgent - INFO - ✅ 智能优化完成
2026-04-12 21:18:02,155 - SelfEvolvingTaiyiAgent - INFO - ✅ 进化历史已保存：/home/nicola/.openclaw/workspace/.evolution/taiyi_history.json
2026-04-12 21:18:02,155 - SelfEvolvingTaiyiAgent - INFO - 📝 生成进化报告...
2026-04-12 21:18:02,155 - SelfEvolvingTaiyiAgent - INFO - ✅ 进化报告已生成：/home/nicola/.openclaw/workspace/reports/self-evolving-taiyi-report-20260412.md
2026-04-12 21:18:02,155 - SelfEvolvingTaiyiAgent - INFO - ✅ 自进化太一完成！
2026-04-12 21:18:02,155 - SelfEvolvingTaiyiAgent - INFO -   统筹 Bot: 9 个
2026-04-12 21:18:02,155 - SelfEvolvingTaiyiAgent - INFO -   决策准确率：96.0%
2026-04-12 21:18:02,155 - SelfEvolvingTaiyiAgent - INFO -   协作效率：97.0%
2026-04-12 21:18:02,155 - SelfEvolvingTaiyiAgent - INFO -   能力涌现：5 个信号
2026-04-12 21:18:02,155 - SelfEvolvingTaiyiAgent - INFO -   系统负熵：1000000
2026-04-12 21:18:02,155 - SelfEvolvingTaiyiAgent - INFO -   自进化程度：Level 4 (95-100%)
2026-04-12 21:18:02,155 - SelfEvolvingTaiyiAgent - INFO - ✅ 自进化太一完成！
