2026-04-12 21:55:23,001 - SelfEvolvingHermesAgent - INFO - 🧬 自进化 Hermes Learning Loop v2.0 启动...
2026-04-12 21:55:23,001 - SelfEvolvingHermesAgent - INFO -   无进化历史，从头开始
2026-04-12 21:55:23,001 - SelfEvolvingHermesAgent - INFO - 🤖 检查 Hermes 状态...
2026-04-12 21:55:23,006 - SelfEvolvingHermesAgent - INFO - ✅ Hermes 状态：技能=1, 循环=0, 持久化=100.0%
2026-04-12 21:55:23,006 - SelfEvolvingHermesAgent - INFO - 🧬 自进化 Hermes Learning Loop v2.0 已初始化
2026-04-12 21:55:23,006 - SelfEvolvingHermesAgent - INFO -   历史数据：0 次记录
2026-04-12 21:55:23,006 - SelfEvolvingHermesAgent - INFO -   技能创建：1 个
2026-04-12 21:55:23,006 - SelfEvolvingHermesAgent - INFO -   学习循环：0 次
2026-04-12 21:55:23,006 - SelfEvolvingHermesAgent - INFO -   知识持久化：1.0%
2026-04-12 21:55:23,006 - SelfEvolvingHermesAgent - INFO - 🧬 开始执行自进化 Hermes...
2026-04-12 21:55:23,006 - SelfEvolvingHermesAgent - INFO - 🤖 执行基础 Hermes 功能...
2026-04-12 21:55:23,006 - SelfEvolvingHermesAgent - INFO - ✅ 基础功能完成
2026-04-12 21:55:23,006 - SelfEvolvingHermesAgent - INFO -     技能创建：15 个
2026-04-12 21:55:23,007 - SelfEvolvingHermesAgent - INFO -     学习循环：50 次
2026-04-12 21:55:23,007 - SelfEvolvingHermesAgent - INFO -     知识持久化：95.0%
2026-04-12 21:55:23,007 - SelfEvolvingHermesAgent - INFO - 📊 性能监控...
2026-04-12 21:55:23,008 - SelfEvolvingHermesAgent - INFO - ✅ 性能监控完成
2026-04-12 21:55:23,008 - SelfEvolvingHermesAgent - INFO -     技能创建：15 个
2026-04-12 21:55:23,008 - SelfEvolvingHermesAgent - INFO -     学习循环：50 次
2026-04-12 21:55:23,009 - SelfEvolvingHermesAgent - INFO - 🧠 学习循环优化...
2026-04-12 21:55:23,009 - SelfEvolvingHermesAgent - INFO - ✅ 学习循环优化完成
2026-04-12 21:55:23,009 - SelfEvolvingHermesAgent - INFO -     学习权重：{'任务模式识别': 1.05, '技能框架生成': 1.05, '知识持久化': 1.05, '运行时优化': 1.05, '能力涌现检测': 1.05}
2026-04-12 21:55:23,009 - SelfEvolvingHermesAgent - INFO - 📚 技能创建规则学习...
2026-04-12 21:55:23,009 - SelfEvolvingHermesAgent - INFO - ✅ 技能创建规则学习完成
2026-04-12 21:55:23,009 - SelfEvolvingHermesAgent - INFO -     创建规则：{'重复任务阈值': 2.9, '复杂度阈值': 5, '耗时阈值': 10, '用户请求触发': True, '职责域检测': True}
2026-04-12 21:55:23,009 - SelfEvolvingHermesAgent - INFO - 🔮 能力涌现检测...
2026-04-12 21:55:23,009 - SelfEvolvingHermesAgent - INFO - ✅ 检测到 5 个涌现信号:
2026-04-12 21:55:23,009 - SelfEvolvingHermesAgent - INFO -     - 技能创建活跃：15 个
2026-04-12 21:55:23,009 - SelfEvolvingHermesAgent - INFO -     - 学习循环频繁：50 次
2026-04-12 21:55:23,009 - SelfEvolvingHermesAgent - INFO -     - 知识持久化率高：95.0%
2026-04-12 21:55:23,009 - SelfEvolvingHermesAgent - INFO -     - 今日技能涌现：78 个
2026-04-12 21:55:23,009 - SelfEvolvingHermesAgent - INFO -     - Hermes 集成到太一系统
2026-04-12 21:55:23,009 - SelfEvolvingHermesAgent - INFO - ⚙️ 智能优化...
2026-04-12 21:55:23,009 - SelfEvolvingHermesAgent - INFO - ✅ 智能优化完成
2026-04-12 21:55:23,009 - SelfEvolvingHermesAgent - INFO - ✅ 进化历史已保存：/home/nicola/.openclaw/workspace/.evolution/hermes_history.json
2026-04-12 21:55:23,009 - SelfEvolvingHermesAgent - INFO - 📝 生成进化报告...
2026-04-12 21:55:23,009 - SelfEvolvingHermesAgent - INFO - ✅ 进化报告已生成：/home/nicola/.openclaw/workspace/reports/self-evolving-hermes-report-20260412.md
2026-04-12 21:55:23,010 - SelfEvolvingHermesAgent - INFO - ✅ 自进化 Hermes 完成！
2026-04-12 21:55:23,010 - SelfEvolvingHermesAgent - INFO -   技能创建：15 个
2026-04-12 21:55:23,010 - SelfEvolvingHermesAgent - INFO -   学习循环：50 次
2026-04-12 21:55:23,010 - SelfEvolvingHermesAgent - INFO -   知识持久化：95.0%
2026-04-12 21:55:23,010 - SelfEvolvingHermesAgent - INFO -   能力涌现：5 个信号
2026-04-12 21:55:23,010 - SelfEvolvingHermesAgent - INFO -   自进化程度：Level 4 (95-100%)
2026-04-12 21:55:23,010 - SelfEvolvingHermesAgent - INFO - ✅ 自进化 Hermes 完成！
