[2026-04-10 01:00:01] 🧬 太一系统自进化触发器启动
[2026-04-10 01:00:01] ==================================================
[2026-04-10 01:00:01] 🔍 检测能力涌现信号...
[2026-04-10 01:00:01]   📊 检查任务重复模式...
[2026-04-10 01:00:01]   ✅ 发现重复任务模式：Dashboard (11次)
[2026-04-10 01:00:01]   📊 检查职责域边界...
[2026-04-10 01:00:01]   ✅ 发现职责域空白：['色彩', '纹样', '园林']
[2026-04-10 01:00:01]   📊 检查用户请求...
[2026-04-10 01:00:01]   📊 检查学习洞察...
[2026-04-10 01:00:01] ✅ 能力涌现信号检测完成，发现 2 个信号
[2026-04-10 01:00:01] 
[2026-04-10 01:00:01] 🎯 决策结果：创建 skill (优先级：P0)
[2026-04-10 01:00:01]    原因：同类任务重复出现
[2026-04-10 01:00:01] 
[2026-04-10 01:00:01] 🎨 开始创建 Skill 框架...
[2026-04-10 01:00:01] ✅ Skill 框架已创建：emerged-skill-20260410-010001
[2026-04-10 01:00:01] 📄 能力涌现报告已保存：/home/nicola/.openclaw/workspace/reports/self-evolution-20260410-010001.json
[2026-04-10 01:00:01] 
[2026-04-10 01:00:01] 📊 自进化检查总结:
[2026-04-10 01:00:01]    开始时间：2026-04-10 01:00:01
[2026-04-10 01:00:01]    结束时间：2026-04-10 01:00:01
[2026-04-10 01:00:01]    持续时间：0.0 分钟
[2026-04-10 01:00:01]    信号检测：2 个
[2026-04-10 01:00:01]    新创建：1 个 Skill, 0 个 Agent
[2026-04-10 01:00:01] 
[2026-04-10 01:00:01] ✅ 太一系统自进化检查完成
[2026-04-10 01:15:01] 🧬 太一系统自进化触发器启动
[2026-04-10 01:15:01] ==================================================
[2026-04-10 01:15:01] 🔍 检测能力涌现信号...
[2026-04-10 01:15:01]   📊 检查任务重复模式...
[2026-04-10 01:15:01]   ✅ 发现重复任务模式：Dashboard (11次)
[2026-04-10 01:15:01]   📊 检查职责域边界...
[2026-04-10 01:15:01]   ✅ 发现职责域空白：['色彩', '纹样', '园林']
[2026-04-10 01:15:01]   📊 检查用户请求...
[2026-04-10 01:15:01]   📊 检查学习洞察...
[2026-04-10 01:15:01]   ✅ 发现学习洞察：['融合创新产出 4 个']
[2026-04-10 01:15:01] ✅ 能力涌现信号检测完成，发现 3 个信号
[2026-04-10 01:15:01] 
[2026-04-10 01:15:01] 🎯 决策结果：创建 skill (优先级：P0)
[2026-04-10 01:15:01]    原因：同类任务重复出现
[2026-04-10 01:15:01] 
[2026-04-10 01:15:01] 🎨 开始创建 Skill 框架...
[2026-04-10 01:15:01] ✅ Skill 框架已创建：emerged-skill-20260410-011501
[2026-04-10 01:15:01] 📄 能力涌现报告已保存：/home/nicola/.openclaw/workspace/reports/self-evolution-20260410-011501.json
[2026-04-10 01:15:01] 
[2026-04-10 01:15:01] 📊 自进化检查总结:
[2026-04-10 01:15:01]    开始时间：2026-04-10 01:15:01
[2026-04-10 01:15:01]    结束时间：2026-04-10 01:15:01
[2026-04-10 01:15:01]    持续时间：0.0 分钟
[2026-04-10 01:15:01]    信号检测：3 个
[2026-04-10 01:15:01]    新创建：1 个 Skill, 0 个 Agent
[2026-04-10 01:15:01] 
[2026-04-10 01:15:01] ✅ 太一系统自进化检查完成
