[2026-03-26 09:55:32] === 山木 AI 生图工作流 (NanoBanana 零成本方案) ===
[2026-03-26 09:55:32] 【步骤 1】构建提示词库...
[2026-03-26 09:55:32]   ✅ 创建模板：赛博朋克
[2026-03-26 09:55:32]   ✅ 创建模板：3D 插画
[2026-03-26 09:55:32]   ✅ 创建模板：写实摄影
[2026-03-26 09:55:32]   ✅ 创建模板：极简主义
[2026-03-26 09:55:32]   ✅ 创建模板：国潮风
[2026-03-26 09:55:32]   ✅ 创建模板：水彩画
[2026-03-26 09:55:32] ✅ 提示词库构建完成
[2026-03-26 09:55:32] 【测试模式】生成示例图片...
[2026-03-26 09:55:32] 【生成图片】主题：AI 编程直播预告海报, 风格：赛博朋克
[2026-03-26 09:55:32]   ⚠️ GEMINI_API_KEY 未配置，使用占位图
[2026-03-26 09:55:32]   ⚠️ ImageMagick 不可用，跳过占位图生成
[2026-03-26 09:55:32] === 生图工作流完成 ===
[2026-03-27 09:30:01] === 山木 AI 生图工作流 (NanoBanana 零成本方案) ===
[2026-03-27 09:30:01] === 山木 AI 生图工作流 (NanoBanana 零成本方案) ===
[2026-03-27 09:30:01] 【步骤 1】构建提示词库...
[2026-03-27 09:30:01] 【步骤 1】构建提示词库...
[2026-03-27 09:30:02] ✅ 提示词库构建完成
[2026-03-27 09:30:02] ✅ 提示词库构建完成
[2026-03-27 09:30:02] 【自动模式】从公众号文章提取主题...
[2026-03-27 09:30:02] 【自动模式】从公众号文章提取主题...
[2026-03-27 09:30:02]   📝 提取主题：公众号文章采集报告
[2026-03-27 09:30:02]   📝 提取主题：公众号文章采集报告
[2026-03-27 09:30:02] 【步骤 3】为话题生成多套方案：公众号文章采集报告
[2026-03-27 09:30:02] 【步骤 3】为话题生成多套方案：公众号文章采集报告
[2026-03-27 09:30:02] 【生成图片】主题：公众号文章采集报告, 风格：赛博朋克
[2026-03-27 09:30:02]   ⚠️ GEMINI_API_KEY 未配置，使用占位图
[2026-03-27 09:30:02]   ⚠️ ImageMagick 不可用，跳过占位图生成
[2026-03-27 09:30:02] 【生成图片】主题：公众号文章采集报告, 风格：3D 插画
[2026-03-27 09:30:02]   ⚠️ GEMINI_API_KEY 未配置，使用占位图
[2026-03-27 09:30:02]   ⚠️ ImageMagick 不可用，跳过占位图生成
[2026-03-27 09:30:02] 【生成图片】主题：公众号文章采集报告, 风格：写实摄影
[2026-03-27 09:30:02]   ⚠️ GEMINI_API_KEY 未配置，使用占位图
[2026-03-27 09:30:02]   ⚠️ ImageMagick 不可用，跳过占位图生成
[2026-03-27 09:30:02] 📄 方案报告：/home/nicola/.openclaw/workspace/content/ai-images/schemes_公众号文章采集报告_20260327.md
[2026-03-27 09:30:02] 📄 方案报告：/home/nicola/.openclaw/workspace/content/ai-images/schemes_公众号文章采集报告_20260327.md
[2026-03-27 09:30:02] === 生图工作流完成 ===
[2026-03-27 09:30:02] === 生图工作流完成 ===
{"ok":true,"result":{"message_id":5207,"from":{"id":8351068758,"is_bot":true,"first_name":"\u592a\u4e00\uff08AGI\uff09","username":"sayelfbot"},"chat":{"id":7073481596,"first_name":"nicola","last_name":"king","type":"private"},"date":1774575002,"text":"\ud83d\udcf1 AI \u751f\u56fe\u5b8c\u6210\n\n\u2705 \u5df2\u751f\u6210\u516c\u4f17\u53f7\u914d\u56fe\n\n\u65f6\u95f4\uff1a2026-03-27 09:30","entities":[{"offset":3,"length":7,"type":"bold"}]}}✅ 通知已发送到 Telegram
