[2026-04-01 21:57:07] 开始任务检查...
[2026-04-01 21:57:07] 检查 HEARTBEAT.md 待办事项...
[2026-04-01 21:57:07] HEARTBEAT.md 中的任务数量：36
[2026-04-01 21:57:07] 检查当日记忆文件...
[2026-04-01 21:57:07] ✅ 当日记忆文件存在：/home/nicola/.openclaw/workspace/memory/2026-04-01.md
[2026-04-01 21:57:07] 记忆文件大小：10018 bytes
[2026-04-01 21:57:07] 检查宪法文件完整性...
[2026-04-01 21:57:07] ✅ /home/nicola/.openclaw/workspace/constitution/directives/TASK-GUARANTEE.md
[2026-04-01 21:57:07] ✅ /home/nicola/.openclaw/workspace/constitution/directives/AUTO-EXEC.md
[2026-04-01 21:57:07] ✅ /home/nicola/.openclaw/workspace/constitution/directives/NEGENTROPY.md
[2026-04-01 21:57:07] 检查 Cron 任务状态...
[2026-04-01 21:57:07] 活跃 Cron 任务数量：65
[2026-04-01 21:57:07] ✅ 买家数据抓取任务已配置
[2026-04-01 21:57:07] ✅ 自动执行任务已配置
[2026-04-01 21:57:07] 检查残留进程...
[2026-04-01 21:57:07] 残留进程数量：0
[2026-04-01 21:57:07] ✅ 无残留进程
[2026-04-01 21:57:07] 检查磁盘空间...
[2026-04-01 21:57:07] 磁盘使用率：19%
[2026-04-01 21:57:07] ✅ 磁盘空间正常
[2026-04-01 21:57:07] 生成监控报告...
[2026-04-01 21:57:07] ✅ 监控报告已生成：/home/nicola/.openclaw/workspace/reports/task-monitor-report.md
[2026-04-01 21:57:07] ✅ 系统运行正常，无告警
[2026-04-01 21:57:07] 任务监控完成
