[2026-04-13 13:04:39.018407] 📊 太一自进化小时报告

时间：2026-04-13T12:04 - 2026-04-13T13:04

执行统计:
- 执行次数：7 次
- 技能创建：7 个
- 信号检测：119 个

状态：✅ 正常

[2026-04-13 13:15:01.373804] 📊 太一自进化小时报告

时间：2026-04-13T12:15 - 2026-04-13T13:15

执行统计:
- 执行次数：7 次
- 技能创建：7 个
- 信号检测：119 个

状态：✅ 正常

[2026-04-13 13:30:01.394787] 📊 太一自进化小时报告

时间：2026-04-13T12:30 - 2026-04-13T13:30

执行统计:
- 执行次数：7 次
- 技能创建：7 个
- 信号检测：119 个

状态：✅ 正常

[2026-04-13 13:45:01.501608] 📊 太一自进化小时报告

时间：2026-04-13T12:45 - 2026-04-13T13:45

执行统计:
- 执行次数：7 次
- 技能创建：7 个
- 信号检测：119 个

状态：✅ 正常

[2026-04-13 14:00:01.542985] 📊 太一自进化小时报告

时间：2026-04-13T13:00 - 2026-04-13T14:00

执行统计:
- 执行次数：7 次
- 技能创建：7 个
- 信号检测：119 个

状态：✅ 正常

[2026-04-13 14:15:01.696026] 📊 太一自进化小时报告

时间：2026-04-13T13:15 - 2026-04-13T14:15

执行统计:
- 执行次数：4 次
- 技能创建：4 个
- 信号检测：68 个

状态：✅ 正常

[2026-04-13 14:30:01.801082] 📊 太一自进化小时报告

时间：2026-04-13T13:30 - 2026-04-13T14:30

执行统计:
- 执行次数：4 次
- 技能创建：4 个
- 信号检测：68 个

状态：✅ 正常

[2026-04-13 14:45:01.931110] 📊 太一自进化小时报告

时间：2026-04-13T13:45 - 2026-04-13T14:45

执行统计:
- 执行次数：4 次
- 技能创建：4 个
- 信号检测：68 个

状态：✅ 正常

[2026-04-13 15:00:01.925110] 📊 太一自进化小时报告

时间：2026-04-13T14:00 - 2026-04-13T15:00

执行统计:
- 执行次数：4 次
- 技能创建：4 个
- 信号检测：68 个

状态：✅ 正常

[2026-04-13 15:15:02.029415] 📊 太一自进化小时报告

时间：2026-04-13T14:15 - 2026-04-13T15:15

执行统计:
- 执行次数：4 次
- 技能创建：4 个
- 信号检测：68 个

状态：✅ 正常

[2026-04-13 15:30:02.055681] 📊 太一自进化小时报告

时间：2026-04-13T14:30 - 2026-04-13T15:30

执行统计:
- 执行次数：4 次
- 技能创建：4 个
- 信号检测：68 个

状态：✅ 正常

[2026-04-13 15:45:01.119691] 📊 太一自进化小时报告

时间：2026-04-13T14:45 - 2026-04-13T15:45

执行统计:
- 执行次数：5 次
- 技能创建：5 个
- 信号检测：85 个

状态：✅ 正常

[2026-04-13 16:00:01.252063] 📊 太一自进化小时报告

时间：2026-04-13T15:00 - 2026-04-13T16:00

执行统计:
- 执行次数：5 次
- 技能创建：5 个
- 信号检测：85 个

状态：✅ 正常

[2026-04-13 16:15:01.464243] 📊 太一自进化小时报告

时间：2026-04-13T15:15 - 2026-04-13T16:15

执行统计:
- 执行次数：5 次
- 技能创建：5 个
- 信号检测：85 个

状态：✅ 正常

[2026-04-13 16:30:01.600727] 📊 太一自进化小时报告

时间：2026-04-13T15:30 - 2026-04-13T16:30

执行统计:
- 执行次数：5 次
- 技能创建：5 个
- 信号检测：85 个

状态：✅ 正常

[2026-04-13 16:45:01.695748] 📊 太一自进化小时报告

时间：2026-04-13T15:45 - 2026-04-13T16:45

执行统计:
- 执行次数：4 次
- 技能创建：4 个
- 信号检测：68 个

状态：✅ 正常

[2026-04-13 17:00:01.951114] 📊 太一自进化小时报告

时间：2026-04-13T16:00 - 2026-04-13T17:00

执行统计:
- 执行次数：4 次
- 技能创建：4 个
- 信号检测：68 个

状态：✅ 正常

[2026-04-13 17:15:02.035374] 📊 太一自进化小时报告

时间：2026-04-13T16:15 - 2026-04-13T17:15

执行统计:
- 执行次数：4 次
- 技能创建：4 个
- 信号检测：68 个

状态：✅ 正常

[2026-04-13 17:30:01.192876] 📊 太一自进化小时报告

时间：2026-04-13T16:30 - 2026-04-13T17:30

执行统计:
- 执行次数：5 次
- 技能创建：5 个
- 信号检测：85 个

状态：✅ 正常

[2026-04-13 17:45:01.168915] 📊 太一自进化小时报告

时间：2026-04-13T16:45 - 2026-04-13T17:45

执行统计:
- 执行次数：5 次
- 技能创建：5 个
- 信号检测：85 个

状态：✅ 正常

[2026-04-13 18:00:01.307737] 📊 太一自进化小时报告

时间：2026-04-13T17:00 - 2026-04-13T18:00

执行统计:
- 执行次数：5 次
- 技能创建：5 个
- 信号检测：85 个

状态：✅ 正常

[2026-04-13 18:15:01.404980] 📊 太一自进化小时报告

时间：2026-04-13T17:15 - 2026-04-13T18:15

执行统计:
- 执行次数：5 次
- 技能创建：5 个
- 信号检测：85 个

状态：✅ 正常

[2026-04-13 18:15:51.402519] 📊 太一自进化小时报告

时间：2026-04-13T17:15 - 2026-04-13T18:15

执行统计:
- 执行次数：5 次
- 技能创建：5 个
- 信号检测：85 个

状态：✅ 正常

[2026-04-13 18:30:01.546391] 📊 太一自进化小时报告

时间：2026-04-13T17:30 - 2026-04-13T18:30

执行统计:
- 执行次数：5 次
- 技能创建：5 个
- 信号检测：85 个

状态：✅ 正常

[2026-04-13 18:45:01.738114] 📊 太一自进化小时报告

时间：2026-04-13T17:45 - 2026-04-13T18:45

执行统计:
- 执行次数：5 次
- 技能创建：5 个
- 信号检测：85 个

状态：✅ 正常

[2026-04-13 19:00:01.903378] 📊 太一自进化小时报告

时间：2026-04-13T18:00 - 2026-04-13T19:00

执行统计:
- 执行次数：5 次
- 技能创建：5 个
- 信号检测：85 个

状态：✅ 正常

[2026-04-13 19:15:01.246960] 📊 太一自进化小时报告

时间：2026-04-13T18:15 - 2026-04-13T19:15

执行统计:
- 执行次数：6 次
- 技能创建：6 个
- 信号检测：102 个

状态：✅ 正常

[2026-04-13 19:30:01.432675] 📊 太一自进化小时报告

时间：2026-04-13T18:30 - 2026-04-13T19:30

执行统计:
- 执行次数：5 次
- 技能创建：5 个
- 信号检测：85 个

状态：✅ 正常

[2026-04-13 19:45:01.644589] 📊 太一自进化小时报告

时间：2026-04-13T18:45 - 2026-04-13T19:45

执行统计:
- 执行次数：5 次
- 技能创建：5 个
- 信号检测：85 个

状态：✅ 正常

[2026-04-13 19:47:03.913129] 📊 太一自进化小时报告

时间：2026-04-13T18:47 - 2026-04-13T19:47

执行统计:
- 执行次数：5 次
- 技能创建：5 个
- 信号检测：87 个

状态：✅ 正常

[2026-04-13 20:00:01.836050] 📊 太一自进化小时报告

时间：2026-04-13T19:00 - 2026-04-13T20:00

执行统计:
- 执行次数：6 次
- 技能创建：6 个
- 信号检测：106 个

状态：✅ 正常

[2026-04-13 20:15:01.214434] 📊 太一自进化小时报告

时间：2026-04-13T19:15 - 2026-04-13T20:15

执行统计:
- 执行次数：6 次
- 技能创建：6 个
- 信号检测：108 个

状态：✅ 正常

[2026-04-13 20:30:01.423715] 📊 太一自进化小时报告

时间：2026-04-13T19:30 - 2026-04-13T20:30

执行统计:
- 执行次数：6 次
- 技能创建：6 个
- 信号检测：110 个

状态：✅ 正常

[2026-04-13 20:45:01.622616] 📊 太一自进化小时报告

时间：2026-04-13T19:45 - 2026-04-13T20:45

执行统计:
- 执行次数：6 次
- 技能创建：6 个
- 信号检测：112 个

状态：✅ 正常

[2026-04-13 21:00:01.894982] 📊 太一自进化小时报告

时间：2026-04-13T20:00 - 2026-04-13T21:00

执行统计:
- 执行次数：4 次
- 技能创建：4 个
- 信号检测：74 个

状态：✅ 正常

[2026-04-13 21:15:01.213533] 📊 太一自进化小时报告

时间：2026-04-13T20:15 - 2026-04-13T21:15

执行统计:
- 执行次数：4 次
- 技能创建：4 个
- 信号检测：72 个

状态：✅ 正常

[2026-04-13 21:30:01.495484] 📊 太一自进化小时报告

时间：2026-04-13T20:30 - 2026-04-13T21:30

执行统计:
- 执行次数：4 次
- 技能创建：4 个
- 信号检测：70 个

状态：✅ 正常

[2026-04-13 21:45:01.767332] 📊 太一自进化小时报告

时间：2026-04-13T20:45 - 2026-04-13T21:45

执行统计:
- 执行次数：4 次
- 技能创建：4 个
- 信号检测：68 个

状态：✅ 正常

[2026-04-13 22:00:01.969907] 📊 太一自进化小时报告

时间：2026-04-13T21:00 - 2026-04-13T22:00

执行统计:
- 执行次数：4 次
- 技能创建：4 个
- 信号检测：68 个

状态：✅ 正常

[2026-04-13 22:15:01.453996] 📊 太一自进化小时报告

时间：2026-04-13T21:15 - 2026-04-13T22:15

执行统计:
- 执行次数：4 次
- 技能创建：4 个
- 信号检测：68 个

状态：✅ 正常

[2026-04-13 22:30:01.600160] 📊 太一自进化小时报告

时间：2026-04-13T21:30 - 2026-04-13T22:30

执行统计:
- 执行次数：4 次
- 技能创建：4 个
- 信号检测：68 个

状态：✅ 正常

[2026-04-13 22:45:01.948230] 📊 太一自进化小时报告

时间：2026-04-13T21:45 - 2026-04-13T22:45

执行统计:
- 执行次数：4 次
- 技能创建：4 个
- 信号检测：68 个

状态：✅ 正常

[2026-04-13 23:00:01.239937] 📊 太一自进化小时报告

时间：2026-04-13T22:00 - 2026-04-13T23:00

执行统计:
- 执行次数：5 次
- 技能创建：5 个
- 信号检测：85 个

状态：✅ 正常

[2026-04-13 23:15:01.626509] 📊 太一自进化小时报告

时间：2026-04-13T22:15 - 2026-04-13T23:15

执行统计:
- 执行次数：4 次
- 技能创建：4 个
- 信号检测：68 个

状态：✅ 正常

[2026-04-13 23:30:01.889770] 📊 太一自进化小时报告

时间：2026-04-13T22:30 - 2026-04-13T23:30

执行统计:
- 执行次数：4 次
- 技能创建：4 个
- 信号检测：68 个

状态：✅ 正常

[2026-04-13 23:45:01.356557] 📊 太一自进化小时报告

时间：2026-04-13T22:45 - 2026-04-13T23:45

执行统计:
- 执行次数：5 次
- 技能创建：5 个
- 信号检测：85 个

状态：✅ 正常

[2026-04-14 00:00:01.651932] 📊 太一自进化小时报告

时间：2026-04-13T23:00 - 2026-04-14T00:00

执行统计:
- 执行次数：4 次
- 技能创建：4 个
- 信号检测：68 个

状态：✅ 正常

[2026-04-14 00:15:01.151522] 📊 太一自进化小时报告

时间：2026-04-13T23:15 - 2026-04-14T00:15

执行统计:
- 执行次数：5 次
- 技能创建：5 个
- 信号检测：85 个

状态：✅ 正常

[2026-04-14 00:30:01.503315] 📊 太一自进化小时报告

时间：2026-04-13T23:30 - 2026-04-14T00:30

执行统计:
- 执行次数：5 次
- 技能创建：5 个
- 信号检测：85 个

状态：✅ 正常

[2026-04-14 00:45:01.907227] 📊 太一自进化小时报告

时间：2026-04-13T23:45 - 2026-04-14T00:45

执行统计:
- 执行次数：4 次
- 技能创建：4 个
- 信号检测：68 个

状态：✅ 正常

[2026-04-14 01:00:01.255306] 📊 太一自进化小时报告

时间：2026-04-14T00:00 - 2026-04-14T01:00

执行统计:
- 执行次数：5 次
- 技能创建：5 个
- 信号检测：85 个

状态：✅ 正常

[2026-04-14 01:15:01.677873] 📊 太一自进化小时报告

时间：2026-04-14T00:15 - 2026-04-14T01:15

执行统计:
- 执行次数：4 次
- 技能创建：4 个
- 信号检测：68 个

状态：✅ 正常

[2026-04-14 01:30:01.963593] 📊 太一自进化小时报告

时间：2026-04-14T00:30 - 2026-04-14T01:30

执行统计:
- 执行次数：4 次
- 技能创建：4 个
- 信号检测：68 个

状态：✅ 正常

[2026-04-14 01:45:01.366069] 📊 太一自进化小时报告

时间：2026-04-14T00:45 - 2026-04-14T01:45

执行统计:
- 执行次数：5 次
- 技能创建：5 个
- 信号检测：85 个

状态：✅ 正常

[2026-04-14 02:00:01.697344] 📊 太一自进化小时报告

时间：2026-04-14T01:00 - 2026-04-14T02:00

执行统计:
- 执行次数：4 次
- 技能创建：4 个
- 信号检测：68 个

状态：✅ 正常

[2026-04-14 02:15:01.274928] 📊 太一自进化小时报告

时间：2026-04-14T01:15 - 2026-04-14T02:15

执行统计:
- 执行次数：5 次
- 技能创建：5 个
- 信号检测：85 个

状态：✅ 正常

[2026-04-14 02:30:01.532828] 📊 太一自进化小时报告

时间：2026-04-14T01:30 - 2026-04-14T02:30

执行统计:
- 执行次数：5 次
- 技能创建：5 个
- 信号检测：85 个

状态：✅ 正常

[2026-04-14 02:45:01.956179] 📊 太一自进化小时报告

时间：2026-04-14T01:45 - 2026-04-14T02:45

执行统计:
- 执行次数：4 次
- 技能创建：4 个
- 信号检测：68 个

状态：✅ 正常

[2026-04-14 03:00:01.278186] 📊 太一自进化小时报告

时间：2026-04-14T02:00 - 2026-04-14T03:00

执行统计:
- 执行次数：5 次
- 技能创建：5 个
- 信号检测：85 个

状态：✅ 正常

[2026-04-14 03:15:01.808289] 📊 太一自进化小时报告

时间：2026-04-14T02:15 - 2026-04-14T03:15

执行统计:
- 执行次数：4 次
- 技能创建：4 个
- 信号检测：68 个

状态：✅ 正常

[2026-04-14 03:30:02.165636] 📊 太一自进化小时报告

时间：2026-04-14T02:30 - 2026-04-14T03:30

执行统计:
- 执行次数：4 次
- 技能创建：4 个
- 信号检测：68 个

状态：✅ 正常

[2026-04-14 03:45:01.629799] 📊 太一自进化小时报告

时间：2026-04-14T02:45 - 2026-04-14T03:45

执行统计:
- 执行次数：5 次
- 技能创建：5 个
- 信号检测：85 个

状态：✅ 正常

[2026-04-14 04:00:02.049701] 📊 太一自进化小时报告

时间：2026-04-14T03:00 - 2026-04-14T04:00

执行统计:
- 执行次数：4 次
- 技能创建：4 个
- 信号检测：68 个

状态：✅ 正常

[2026-04-14 04:15:01.615691] 📊 太一自进化小时报告

时间：2026-04-14T03:15 - 2026-04-14T04:15

执行统计:
- 执行次数：5 次
- 技能创建：5 个
- 信号检测：85 个

状态：✅ 正常

[2026-04-14 04:30:02.005866] 📊 太一自进化小时报告

时间：2026-04-14T03:30 - 2026-04-14T04:30

执行统计:
- 执行次数：5 次
- 技能创建：5 个
- 信号检测：85 个

状态：✅ 正常

[2026-04-14 04:45:01.617186] 📊 太一自进化小时报告

时间：2026-04-14T03:45 - 2026-04-14T04:45

执行统计:
- 执行次数：5 次
- 技能创建：5 个
- 信号检测：85 个

状态：✅ 正常

[2026-04-14 05:00:02.053221] 📊 太一自进化小时报告

时间：2026-04-14T04:00 - 2026-04-14T05:00

执行统计:
- 执行次数：4 次
- 技能创建：4 个
- 信号检测：68 个

状态：✅ 正常

[2026-04-14 05:15:01.669306] 📊 太一自进化小时报告

时间：2026-04-14T04:15 - 2026-04-14T05:15

执行统计:
- 执行次数：4 次
- 技能创建：4 个
- 信号检测：68 个

状态：✅ 正常

[2026-04-14 05:30:02.022046] 📊 太一自进化小时报告

时间：2026-04-14T04:30 - 2026-04-14T05:30

执行统计:
- 执行次数：4 次
- 技能创建：4 个
- 信号检测：68 个

状态：✅ 正常

[2026-04-14 05:45:01.625393] 📊 太一自进化小时报告

时间：2026-04-14T04:45 - 2026-04-14T05:45

执行统计:
- 执行次数：4 次
- 技能创建：4 个
- 信号检测：68 个

状态：✅ 正常

[2026-04-14 06:00:02.045162] 📊 太一自进化小时报告

时间：2026-04-14T05:00 - 2026-04-14T06:00

执行统计:
- 执行次数：4 次
- 技能创建：4 个
- 信号检测：68 个

状态：✅ 正常

[2026-04-14 06:15:01.719650] 📊 太一自进化小时报告

时间：2026-04-14T05:15 - 2026-04-14T06:15

执行统计:
- 执行次数：4 次
- 技能创建：4 个
- 信号检测：68 个

状态：✅ 正常

[2026-04-14 06:30:02.087767] 📊 太一自进化小时报告

时间：2026-04-14T05:30 - 2026-04-14T06:30

执行统计:
- 执行次数：4 次
- 技能创建：4 个
- 信号检测：68 个

状态：✅ 正常

[2026-04-14 06:45:01.721482] 📊 太一自进化小时报告

时间：2026-04-14T05:45 - 2026-04-14T06:45

执行统计:
- 执行次数：4 次
- 技能创建：4 个
- 信号检测：68 个

状态：✅ 正常

[2026-04-14 07:00:02.168915] 📊 太一自进化小时报告

时间：2026-04-14T06:00 - 2026-04-14T07:00

执行统计:
- 执行次数：4 次
- 技能创建：4 个
- 信号检测：68 个

状态：✅ 正常

[2026-04-14 07:15:01.842896] 📊 太一自进化小时报告

时间：2026-04-14T06:15 - 2026-04-14T07:15

执行统计:
- 执行次数：4 次
- 技能创建：4 个
- 信号检测：68 个

状态：✅ 正常

[2026-04-14 07:30:01.245747] 📊 太一自进化小时报告

时间：2026-04-14T06:30 - 2026-04-14T07:30

执行统计:
- 执行次数：5 次
- 技能创建：5 个
- 信号检测：85 个

状态：✅ 正常

[2026-04-14 07:45:01.518484] 📊 太一自进化小时报告

时间：2026-04-14T06:45 - 2026-04-14T07:45

执行统计:
- 执行次数：5 次
- 技能创建：5 个
- 信号检测：85 个

状态：✅ 正常

[2026-04-14 08:00:01.985236] 📊 太一自进化小时报告

时间：2026-04-14T07:00 - 2026-04-14T08:00

执行统计:
- 执行次数：5 次
- 技能创建：5 个
- 信号检测：85 个

状态：✅ 正常

[2026-04-14 08:15:01.607629] 📊 太一自进化小时报告

时间：2026-04-14T07:15 - 2026-04-14T08:15

执行统计:
- 执行次数：5 次
- 技能创建：5 个
- 信号检测：85 个

状态：✅ 正常

[2026-04-14 08:16:36.514019] 📊 太一自进化小时报告

时间：2026-04-14T07:16 - 2026-04-14T08:16

执行统计:
- 执行次数：5 次
- 技能创建：5 个
- 信号检测：85 个

状态：✅ 正常

[2026-04-14 08:18:15.846584] 📊 太一自进化小时报告

时间：2026-04-14T07:18 - 2026-04-14T08:18

执行统计:
- 执行次数：6 次
- 技能创建：6 个
- 信号检测：102 个

状态：✅ 正常

[2026-04-14 08:30:02.147122] 📊 太一自进化小时报告

时间：2026-04-14T07:30 - 2026-04-14T08:30

执行统计:
- 执行次数：6 次
- 技能创建：6 个
- 信号检测：102 个

状态：✅ 正常

[2026-04-14 08:45:01.192619] 📊 太一自进化小时报告

时间：2026-04-14T07:45 - 2026-04-14T08:45

执行统计:
- 执行次数：7 次
- 技能创建：7 个
- 信号检测：119 个

状态：✅ 正常

