📤 发送 Telegram 学习报告...
==================================================

✅ 加载学习报告：/home/nicola/.openclaw/workspace/reports/learning-report-20260410.md
   大小：7064 字符

📝 消息预览:
--------------------------------------------------
🌙 凌晨学习报告
📅 日期：2026-04-11

📊 学习统计:

💡 融合创新:

🧬 能力涌现:

📄 完整报告:
learning-report-2026-04-11.md

---
*太一 AGI · 凌晨学习系统*

--------------------------------------------------

✅ 文本消息已发送
   接收者：7073481596
✅ 报告文件已发送
   文件：/home/nicola/.openclaw/workspace/reports/learning-report-20260410.md

✅ Telegram 报告发送完成
📤 发送 Telegram 学习报告...
==================================================

✅ 加载学习报告：/home/nicola/.openclaw/workspace/reports/learning-report-20260410.md
   大小：7064 字符

📝 消息预览:
--------------------------------------------------
🌙 凌晨学习报告
📅 日期：2026-04-12

📊 学习统计:

💡 融合创新:

🧬 能力涌现:

📄 完整报告:
learning-report-2026-04-12.md

---
*太一 AGI · 凌晨学习系统*

--------------------------------------------------

✅ 文本消息已发送
   接收者：7073481596
✅ 报告文件已发送
   文件：/home/nicola/.openclaw/workspace/reports/learning-report-20260410.md

✅ Telegram 报告发送完成
