[2026-03-26 09:00:01] === 山木公众号文章采集 (feedgrab 增强版) ===
[2026-03-26 09:00:01] === 山木公众号文章采集 (feedgrab 增强版) ===
[2026-03-26 09:00:01] 【采集公众号】Polymarket 中文
[2026-03-26 09:00:01] 【采集公众号】Polymarket 中文
[2026-03-26 09:00:01] ✅ Polymarket 中文 完成
[2026-03-26 09:00:01] ✅ Polymarket 中文 完成
[2026-03-26 09:00:01] 
[2026-03-26 09:00:01] 
[2026-03-26 09:00:01] 【采集公众号】量化投资与量化交易
[2026-03-26 09:00:01] 【采集公众号】量化投资与量化交易
[2026-03-26 09:00:01] ✅ 量化投资与量化交易 完成
[2026-03-26 09:00:01] ✅ 量化投资与量化交易 完成
[2026-03-26 09:00:01] 
[2026-03-26 09:00:01] 
[2026-03-26 09:00:01] 【采集公众号】AI 科技评论
[2026-03-26 09:00:01] 【采集公众号】AI 科技评论
[2026-03-26 09:00:01] ✅ AI 科技评论 完成
[2026-03-26 09:00:01] ✅ AI 科技评论 完成
[2026-03-26 09:00:01] 
[2026-03-26 09:00:01] 
[2026-03-26 09:00:01] 【采集公众号】出海去
[2026-03-26 09:00:01] 【采集公众号】出海去
[2026-03-26 09:00:01] ✅ 出海去 完成
[2026-03-26 09:00:01] ✅ 出海去 完成
[2026-03-26 09:00:01] 
[2026-03-26 09:00:01] 
[2026-03-26 09:00:01] === 采集完成 ===
[2026-03-26 09:00:01] === 采集完成 ===
[2026-03-26 09:00:01] 📄 报告已生成：/home/nicola/.openclaw/workspace/content/wechat-articles/collect-20260326.md
[2026-03-26 09:00:01] 📄 报告已生成：/home/nicola/.openclaw/workspace/content/wechat-articles/collect-20260326.md
{"ok":true,"result":{"message_id":4644,"from":{"id":8351068758,"is_bot":true,"first_name":"\u592a\u4e00\uff08AGI\uff09","username":"sayelfbot"},"chat":{"id":7073481596,"first_name":"nicola","last_name":"king","type":"private"},"date":1774486803,"text":"\ud83d\udcf1 \u516c\u4f17\u53f7\u91c7\u96c6\u5b8c\u6210\n\n\u2705 \u516c\u4f17\u53f7\u6587\u7ae0\u91c7\u96c6\u5b8c\u6210\n\n\u65f6\u95f4\uff1a2026-03-26 09:00","entities":[{"offset":3,"length":7,"type":"bold"}]}}✅ 通知已发送到 Telegram
[2026-03-27 09:00:01] === 山木公众号文章采集 (feedgrab 增强版) ===
[2026-03-27 09:00:01] === 山木公众号文章采集 (feedgrab 增强版) ===
[2026-03-27 09:00:01] 【采集公众号】Polymarket 中文
[2026-03-27 09:00:01] 【采集公众号】Polymarket 中文
[2026-03-27 09:00:01] ✅ Polymarket 中文 完成
[2026-03-27 09:00:01] ✅ Polymarket 中文 完成
[2026-03-27 09:00:01] 
[2026-03-27 09:00:01] 
[2026-03-27 09:00:01] 【采集公众号】量化投资与量化交易
[2026-03-27 09:00:01] 【采集公众号】量化投资与量化交易
[2026-03-27 09:00:01] ✅ 量化投资与量化交易 完成
[2026-03-27 09:00:01] ✅ 量化投资与量化交易 完成
[2026-03-27 09:00:01] 
[2026-03-27 09:00:01] 
[2026-03-27 09:00:01] 【采集公众号】AI 科技评论
[2026-03-27 09:00:01] 【采集公众号】AI 科技评论
[2026-03-27 09:00:01] ✅ AI 科技评论 完成
[2026-03-27 09:00:01] ✅ AI 科技评论 完成
[2026-03-27 09:00:01] 
[2026-03-27 09:00:01] 
[2026-03-27 09:00:01] 【采集公众号】出海去
[2026-03-27 09:00:01] 【采集公众号】出海去
[2026-03-27 09:00:01] ✅ 出海去 完成
[2026-03-27 09:00:01] ✅ 出海去 完成
[2026-03-27 09:00:01] 
[2026-03-27 09:00:01] 
[2026-03-27 09:00:01] === 采集完成 ===
[2026-03-27 09:00:01] === 采集完成 ===
[2026-03-27 09:00:01] 📄 报告已生成：/home/nicola/.openclaw/workspace/content/wechat-articles/collect-20260327.md
[2026-03-27 09:00:01] 📄 报告已生成：/home/nicola/.openclaw/workspace/content/wechat-articles/collect-20260327.md
{"ok":true,"result":{"message_id":5187,"from":{"id":8351068758,"is_bot":true,"first_name":"\u592a\u4e00\uff08AGI\uff09","username":"sayelfbot"},"chat":{"id":7073481596,"first_name":"nicola","last_name":"king","type":"private"},"date":1774573202,"text":"\ud83d\udcf1 \u516c\u4f17\u53f7\u91c7\u96c6\u5b8c\u6210\n\n\u2705 \u516c\u4f17\u53f7\u6587\u7ae0\u91c7\u96c6\u5b8c\u6210\n\n\u65f6\u95f4\uff1a2026-03-27 09:00","entities":[{"offset":3,"length":7,"type":"bold"}]}}✅ 通知已发送到 Telegram
[2026-03-28 09:00:01] === 山木公众号文章采集 (feedgrab 增强版) ===
[2026-03-28 09:00:01] === 山木公众号文章采集 (feedgrab 增强版) ===
[2026-03-28 09:00:01] 【采集公众号】Polymarket 中文
[2026-03-28 09:00:01] 【采集公众号】Polymarket 中文
[2026-03-28 09:00:01] ✅ Polymarket 中文 完成
[2026-03-28 09:00:01] ✅ Polymarket 中文 完成
[2026-03-28 09:00:01] 
[2026-03-28 09:00:01] 
[2026-03-28 09:00:01] 【采集公众号】量化投资与量化交易
[2026-03-28 09:00:01] 【采集公众号】量化投资与量化交易
[2026-03-28 09:00:01] ✅ 量化投资与量化交易 完成
[2026-03-28 09:00:01] ✅ 量化投资与量化交易 完成
[2026-03-28 09:00:01] 
[2026-03-28 09:00:01] 
[2026-03-28 09:00:01] 【采集公众号】AI 科技评论
[2026-03-28 09:00:01] 【采集公众号】AI 科技评论
[2026-03-28 09:00:01] ✅ AI 科技评论 完成
[2026-03-28 09:00:01] ✅ AI 科技评论 完成
[2026-03-28 09:00:01] 
[2026-03-28 09:00:01] 
[2026-03-28 09:00:01] 【采集公众号】出海去
[2026-03-28 09:00:01] 【采集公众号】出海去
[2026-03-28 09:00:01] ✅ 出海去 完成
[2026-03-28 09:00:01] ✅ 出海去 完成
[2026-03-28 09:00:01] 
[2026-03-28 09:00:01] 
[2026-03-28 09:00:01] === 采集完成 ===
[2026-03-28 09:00:01] === 采集完成 ===
[2026-03-28 09:00:01] 📄 报告已生成：/home/nicola/.openclaw/workspace/content/wechat-articles/collect-20260328.md
[2026-03-28 09:00:01] 📄 报告已生成：/home/nicola/.openclaw/workspace/content/wechat-articles/collect-20260328.md
{"ok":true,"result":{"message_id":5655,"from":{"id":8351068758,"is_bot":true,"first_name":"\u592a\u4e00\uff08AGI\uff09","username":"sayelfbot"},"chat":{"id":7073481596,"first_name":"nicola","last_name":"king","type":"private"},"date":1774659602,"text":"\ud83d\udcf1 \u516c\u4f17\u53f7\u91c7\u96c6\u5b8c\u6210\n\n\u2705 \u516c\u4f17\u53f7\u6587\u7ae0\u91c7\u96c6\u5b8c\u6210\n\n\u65f6\u95f4\uff1a2026-03-28 09:00","entities":[{"offset":3,"length":7,"type":"bold"}]}}✅ 通知已发送到 Telegram
[2026-03-29 09:00:01] === 山木公众号文章采集 (feedgrab 增强版) ===
[2026-03-29 09:00:01] === 山木公众号文章采集 (feedgrab 增强版) ===
[2026-03-29 09:00:01] 【采集公众号】Polymarket 中文
[2026-03-29 09:00:01] 【采集公众号】Polymarket 中文
[2026-03-29 09:00:01] ✅ Polymarket 中文 完成
[2026-03-29 09:00:01] ✅ Polymarket 中文 完成
[2026-03-29 09:00:01] 
[2026-03-29 09:00:01] 
[2026-03-29 09:00:01] 【采集公众号】量化投资与量化交易
[2026-03-29 09:00:01] 【采集公众号】量化投资与量化交易
[2026-03-29 09:00:01] ✅ 量化投资与量化交易 完成
[2026-03-29 09:00:01] ✅ 量化投资与量化交易 完成
[2026-03-29 09:00:01] 
[2026-03-29 09:00:01] 
[2026-03-29 09:00:01] 【采集公众号】AI 科技评论
[2026-03-29 09:00:01] 【采集公众号】AI 科技评论
[2026-03-29 09:00:01] ✅ AI 科技评论 完成
[2026-03-29 09:00:01] ✅ AI 科技评论 完成
[2026-03-29 09:00:01] 
[2026-03-29 09:00:01] 
[2026-03-29 09:00:01] 【采集公众号】出海去
[2026-03-29 09:00:01] 【采集公众号】出海去
[2026-03-29 09:00:01] ✅ 出海去 完成
[2026-03-29 09:00:01] ✅ 出海去 完成
[2026-03-29 09:00:01] 
[2026-03-29 09:00:01] 
[2026-03-29 09:00:01] === 采集完成 ===
[2026-03-29 09:00:01] === 采集完成 ===
[2026-03-29 09:00:01] 📄 报告已生成：/home/nicola/.openclaw/workspace/content/wechat-articles/collect-20260329.md
[2026-03-29 09:00:01] 📄 报告已生成：/home/nicola/.openclaw/workspace/content/wechat-articles/collect-20260329.md
{"ok":true,"result":{"message_id":6126,"from":{"id":8351068758,"is_bot":true,"first_name":"\u592a\u4e00\uff08AGI\uff09","username":"sayelfbot"},"chat":{"id":7073481596,"first_name":"nicola","last_name":"king","type":"private"},"date":1774746002,"text":"\ud83d\udcf1 \u516c\u4f17\u53f7\u91c7\u96c6\u5b8c\u6210\n\n\u2705 \u516c\u4f17\u53f7\u6587\u7ae0\u91c7\u96c6\u5b8c\u6210\n\n\u65f6\u95f4\uff1a2026-03-29 09:00","entities":[{"offset":3,"length":7,"type":"bold"}]}}✅ 通知已发送到 Telegram
[2026-03-30 09:00:02] === 山木公众号文章采集 (feedgrab 增强版) ===
[2026-03-30 09:00:02] === 山木公众号文章采集 (feedgrab 增强版) ===
[2026-03-30 09:00:02] 【采集公众号】Polymarket 中文
[2026-03-30 09:00:02] 【采集公众号】Polymarket 中文
[2026-03-30 09:00:02] ✅ Polymarket 中文 完成
[2026-03-30 09:00:02] ✅ Polymarket 中文 完成
[2026-03-30 09:00:02] 
[2026-03-30 09:00:02] 
[2026-03-30 09:00:02] 【采集公众号】量化投资与量化交易
[2026-03-30 09:00:02] 【采集公众号】量化投资与量化交易
[2026-03-30 09:00:02] ✅ 量化投资与量化交易 完成
[2026-03-30 09:00:02] ✅ 量化投资与量化交易 完成
[2026-03-30 09:00:02] 
[2026-03-30 09:00:02] 
[2026-03-30 09:00:02] 【采集公众号】AI 科技评论
[2026-03-30 09:00:02] 【采集公众号】AI 科技评论
[2026-03-30 09:00:02] ✅ AI 科技评论 完成
[2026-03-30 09:00:02] ✅ AI 科技评论 完成
[2026-03-30 09:00:02] 
[2026-03-30 09:00:02] 
[2026-03-30 09:00:02] 【采集公众号】出海去
[2026-03-30 09:00:02] 【采集公众号】出海去
[2026-03-30 09:00:02] ✅ 出海去 完成
[2026-03-30 09:00:02] ✅ 出海去 完成
[2026-03-30 09:00:02] 
[2026-03-30 09:00:02] 
[2026-03-30 09:00:02] === 采集完成 ===
[2026-03-30 09:00:02] === 采集完成 ===
[2026-03-30 09:00:02] 📄 报告已生成：/home/nicola/.openclaw/workspace/content/wechat-articles/collect-20260330.md
[2026-03-30 09:00:02] 📄 报告已生成：/home/nicola/.openclaw/workspace/content/wechat-articles/collect-20260330.md
{"ok":true,"result":{"message_id":6482,"from":{"id":8351068758,"is_bot":true,"first_name":"\u592a\u4e00\uff08AGI\uff09","username":"sayelfbot"},"chat":{"id":7073481596,"first_name":"nicola","last_name":"king","type":"private"},"date":1774832402,"text":"\ud83d\udcf1 \u516c\u4f17\u53f7\u91c7\u96c6\u5b8c\u6210\n\n\u2705 \u516c\u4f17\u53f7\u6587\u7ae0\u91c7\u96c6\u5b8c\u6210\n\n\u65f6\u95f4\uff1a2026-03-30 09:00","entities":[{"offset":3,"length":7,"type":"bold"}]}}✅ 通知已发送到 Telegram
[2026-03-30 23:36:48] === 山木公众号文章采集 (feedgrab 增强版) ===
[2026-03-30 23:36:48] 【采集公众号】Polymarket 中文
[2026-03-30 23:36:48] ✅ Polymarket 中文 完成
[2026-03-30 23:36:48] 
[2026-03-30 23:36:48] 【采集公众号】量化投资与量化交易
[2026-03-30 23:36:48] ✅ 量化投资与量化交易 完成
[2026-03-30 23:36:48] 
[2026-03-30 23:36:48] 【采集公众号】AI 科技评论
[2026-03-30 23:36:48] ✅ AI 科技评论 完成
[2026-03-30 23:36:48] 
[2026-03-30 23:36:48] 【采集公众号】出海去
[2026-03-30 23:36:48] ✅ 出海去 完成
[2026-03-30 23:36:48] 
[2026-03-30 23:36:48] === 采集完成 ===
[2026-03-30 23:36:48] 📄 报告已生成：/home/nicola/.openclaw/workspace/content/wechat-articles/collect-20260330.md
[2026-03-31 09:00:01] === 山木公众号文章采集 (feedgrab 增强版) ===
[2026-03-31 09:00:01] === 山木公众号文章采集 (feedgrab 增强版) ===
[2026-03-31 09:00:01] 【采集公众号】Polymarket 中文
[2026-03-31 09:00:01] 【采集公众号】Polymarket 中文
[2026-03-31 09:00:02] ✅ Polymarket 中文 完成
[2026-03-31 09:00:02] ✅ Polymarket 中文 完成
[2026-03-31 09:00:02] 
[2026-03-31 09:00:02] 
[2026-03-31 09:00:02] 【采集公众号】量化投资与量化交易
[2026-03-31 09:00:02] 【采集公众号】量化投资与量化交易
[2026-03-31 09:00:02] ✅ 量化投资与量化交易 完成
[2026-03-31 09:00:02] ✅ 量化投资与量化交易 完成
[2026-03-31 09:00:02] 
[2026-03-31 09:00:02] 
[2026-03-31 09:00:02] 【采集公众号】AI 科技评论
[2026-03-31 09:00:02] 【采集公众号】AI 科技评论
[2026-03-31 09:00:02] ✅ AI 科技评论 完成
[2026-03-31 09:00:02] ✅ AI 科技评论 完成
[2026-03-31 09:00:02] 
[2026-03-31 09:00:02] 
[2026-03-31 09:00:02] 【采集公众号】出海去
[2026-03-31 09:00:02] 【采集公众号】出海去
[2026-03-31 09:00:02] ✅ 出海去 完成
[2026-03-31 09:00:02] ✅ 出海去 完成
[2026-03-31 09:00:02] 
[2026-03-31 09:00:02] 
[2026-03-31 09:00:02] === 采集完成 ===
[2026-03-31 09:00:02] === 采集完成 ===
[2026-03-31 09:00:02] 📄 报告已生成：/home/nicola/.openclaw/workspace/content/wechat-articles/collect-20260331.md
[2026-03-31 09:00:02] 📄 报告已生成：/home/nicola/.openclaw/workspace/content/wechat-articles/collect-20260331.md
❌ 通知发送失败
[2026-04-01 09:00:01] === 山木公众号文章采集 (feedgrab 增强版) ===
[2026-04-01 09:00:01] === 山木公众号文章采集 (feedgrab 增强版) ===
[2026-04-01 09:00:01] 【采集公众号】Polymarket 中文
[2026-04-01 09:00:01] 【采集公众号】Polymarket 中文
[2026-04-01 09:00:01] ✅ Polymarket 中文 完成
[2026-04-01 09:00:01] ✅ Polymarket 中文 完成
[2026-04-01 09:00:01] 
[2026-04-01 09:00:01] 
[2026-04-01 09:00:01] 【采集公众号】量化投资与量化交易
[2026-04-01 09:00:01] 【采集公众号】量化投资与量化交易
[2026-04-01 09:00:01] ✅ 量化投资与量化交易 完成
[2026-04-01 09:00:01] ✅ 量化投资与量化交易 完成
[2026-04-01 09:00:01] 
[2026-04-01 09:00:01] 
[2026-04-01 09:00:01] 【采集公众号】AI 科技评论
[2026-04-01 09:00:01] 【采集公众号】AI 科技评论
[2026-04-01 09:00:01] ✅ AI 科技评论 完成
[2026-04-01 09:00:01] ✅ AI 科技评论 完成
[2026-04-01 09:00:01] 
[2026-04-01 09:00:01] 
[2026-04-01 09:00:01] 【采集公众号】出海去
[2026-04-01 09:00:01] 【采集公众号】出海去
[2026-04-01 09:00:02] ✅ 出海去 完成
[2026-04-01 09:00:02] ✅ 出海去 完成
[2026-04-01 09:00:02] 
[2026-04-01 09:00:02] 
[2026-04-01 09:00:02] === 采集完成 ===
[2026-04-01 09:00:02] === 采集完成 ===
[2026-04-01 09:00:02] 📄 报告已生成：/home/nicola/.openclaw/workspace/content/wechat-articles/collect-20260401.md
[2026-04-01 09:00:02] 📄 报告已生成：/home/nicola/.openclaw/workspace/content/wechat-articles/collect-20260401.md
{"ok":true,"result":{"message_id":6926,"from":{"id":8351068758,"is_bot":true,"first_name":"\u592a\u4e00\uff08AGI\uff09","username":"sayelfbot"},"chat":{"id":7073481596,"first_name":"nicola","last_name":"king","type":"private"},"date":1775005202,"text":"\ud83d\udcf1 \u516c\u4f17\u53f7\u91c7\u96c6\u5b8c\u6210\n\n\u2705 \u516c\u4f17\u53f7\u6587\u7ae0\u91c7\u96c6\u5b8c\u6210\n\n\u65f6\u95f4\uff1a2026-04-01 09:00","entities":[{"offset":3,"length":7,"type":"bold"}]}}✅ 通知已发送到 Telegram
