[2026年 03月 24日 星期二 02:11:02 CST] 知几-E 自动检查开始...
{'weather_records': 189, 'market_records': 0, 'pending_opportunities': 0}
[2026-03-24 02:11:02.890360] 策略分析：{"strategy": "v2.1", "executed_at": "2026-03-23T18:11:02.890337", "opportunities_found": 0, "top_opportunities": [], "total_exposure": 0}
[2026年 03月 24日 星期二 02:11:02 CST] 知几-E 自动检查完成
[2026年 03月 24日 星期二 02:15:01 CST] 知几-E 自动检查开始...
{'weather_records': 189, 'market_records': 0, 'pending_opportunities': 0}
[2026-03-24 02:15:01.455856] 策略分析：{"strategy": "v2.1", "executed_at": "2026-03-23T18:15:01.455840", "opportunities_found": 0, "top_opportunities": [], "total_exposure": 0}
[2026年 03月 24日 星期二 02:15:01 CST] 知几-E 自动检查完成
[2026年 03月 24日 星期二 02:20:01 CST] 知几-E 自动检查开始...
{'weather_records': 189, 'market_records': 0, 'pending_opportunities': 0}
[2026-03-24 02:20:01.581049] 策略分析：{"strategy": "v2.1", "executed_at": "2026-03-23T18:20:01.581033", "opportunities_found": 0, "top_opportunities": [], "total_exposure": 0}
[2026年 03月 24日 星期二 02:20:01 CST] 知几-E 自动检查完成
[2026年 03月 24日 星期二 02:25:01 CST] 知几-E 自动检查开始...
{'weather_records': 189, 'market_records': 0, 'pending_opportunities': 0}
[2026-03-24 02:25:01.950432] 策略分析：{"strategy": "v2.1", "executed_at": "2026-03-23T18:25:01.950414", "opportunities_found": 0, "top_opportunities": [], "total_exposure": 0}
[2026年 03月 24日 星期二 02:25:01 CST] 知几-E 自动检查完成
[2026年 03月 24日 星期二 02:30:01 CST] 知几-E 自动检查开始...
{'weather_records': 189, 'market_records': 0, 'pending_opportunities': 0}
[2026-03-24 02:30:02.066278] 策略分析：{"strategy": "v2.1", "executed_at": "2026-03-23T18:30:02.066261", "opportunities_found": 0, "top_opportunities": [], "total_exposure": 0}
[2026年 03月 24日 星期二 02:30:02 CST] 知几-E 自动检查完成
[2026年 03月 24日 星期二 02:35:01 CST] 知几-E 自动检查开始...
{'weather_records': 189, 'market_records': 0, 'pending_opportunities': 0}
[2026-03-24 02:35:01.319679] 策略分析：{"strategy": "v2.1", "executed_at": "2026-03-23T18:35:01.319662", "opportunities_found": 0, "top_opportunities": [], "total_exposure": 0}
[2026年 03月 24日 星期二 02:35:01 CST] 知几-E 自动检查完成
[2026年 03月 24日 星期二 02:40:01 CST] 知几-E 自动检查开始...
{'weather_records': 189, 'market_records': 0, 'pending_opportunities': 0}
[2026-03-24 02:40:01.455625] 策略分析：{"strategy": "v2.1", "executed_at": "2026-03-23T18:40:01.455608", "opportunities_found": 0, "top_opportunities": [], "total_exposure": 0}
[2026年 03月 24日 星期二 02:40:01 CST] 知几-E 自动检查完成
[2026年 03月 24日 星期二 02:45:01 CST] 知几-E 自动检查开始...
{'weather_records': 189, 'market_records': 0, 'pending_opportunities': 0}
[2026-03-24 02:45:02.049931] 策略分析：{"strategy": "v2.1", "executed_at": "2026-03-23T18:45:02.049914", "opportunities_found": 0, "top_opportunities": [], "total_exposure": 0}
[2026年 03月 24日 星期二 02:45:02 CST] 知几-E 自动检查完成
[2026年 03月 24日 星期二 02:50:01 CST] 知几-E 自动检查开始...
{'weather_records': 189, 'market_records': 0, 'pending_opportunities': 0}
[2026-03-24 02:50:01.162406] 策略分析：{"strategy": "v2.1", "executed_at": "2026-03-23T18:50:01.162389", "opportunities_found": 0, "top_opportunities": [], "total_exposure": 0}
[2026年 03月 24日 星期二 02:50:01 CST] 知几-E 自动检查完成
[2026年 03月 24日 星期二 02:55:01 CST] 知几-E 自动检查开始...
{'weather_records': 189, 'market_records': 0, 'pending_opportunities': 0}
[2026-03-24 02:55:01.485539] 策略分析：{"strategy": "v2.1", "executed_at": "2026-03-23T18:55:01.485521", "opportunities_found": 0, "top_opportunities": [], "total_exposure": 0}
[2026年 03月 24日 星期二 02:55:01 CST] 知几-E 自动检查完成
[2026年 03月 24日 星期二 03:00:01 CST] 知几-E 自动检查开始...
{'weather_records': 189, 'market_records': 0, 'pending_opportunities': 0}
[2026-03-24 03:00:01.623027] 策略分析：{"strategy": "v2.1", "executed_at": "2026-03-23T19:00:01.623010", "opportunities_found": 0, "top_opportunities": [], "total_exposure": 0}
[2026年 03月 24日 星期二 03:00:01 CST] 知几-E 自动检查完成
[2026年 03月 24日 星期二 03:05:01 CST] 知几-E 自动检查开始...
{'weather_records': 189, 'market_records': 0, 'pending_opportunities': 0}
[2026-03-24 03:05:01.489532] 策略分析：{"strategy": "v2.1", "executed_at": "2026-03-23T19:05:01.489512", "opportunities_found": 0, "top_opportunities": [], "total_exposure": 0}
[2026年 03月 24日 星期二 03:05:01 CST] 知几-E 自动检查完成
[2026年 03月 24日 星期二 03:10:01 CST] 知几-E 自动检查开始...
{'weather_records': 189, 'market_records': 0, 'pending_opportunities': 0}
[2026-03-24 03:10:01.603247] 策略分析：{"strategy": "v2.1", "executed_at": "2026-03-23T19:10:01.603228", "opportunities_found": 0, "top_opportunities": [], "total_exposure": 0}
[2026年 03月 24日 星期二 03:10:01 CST] 知几-E 自动检查完成
[2026年 03月 24日 星期二 03:15:01 CST] 知几-E 自动检查开始...
{'weather_records': 189, 'market_records': 0, 'pending_opportunities': 0}
[2026-03-24 03:15:01.504681] 策略分析：{"strategy": "v2.1", "executed_at": "2026-03-23T19:15:01.504665", "opportunities_found": 0, "top_opportunities": [], "total_exposure": 0}
[2026年 03月 24日 星期二 03:15:01 CST] 知几-E 自动检查完成
[2026年 03月 24日 星期二 03:20:01 CST] 知几-E 自动检查开始...
{'weather_records': 189, 'market_records': 0, 'pending_opportunities': 0}
[2026-03-24 03:20:01.630907] 策略分析：{"strategy": "v2.1", "executed_at": "2026-03-23T19:20:01.630891", "opportunities_found": 0, "top_opportunities": [], "total_exposure": 0}
[2026年 03月 24日 星期二 03:20:01 CST] 知几-E 自动检查完成
[2026年 03月 24日 星期二 03:25:01 CST] 知几-E 自动检查开始...
{'weather_records': 189, 'market_records': 0, 'pending_opportunities': 0}
[2026-03-24 03:25:01.764549] 策略分析：{"strategy": "v2.1", "executed_at": "2026-03-23T19:25:01.764532", "opportunities_found": 0, "top_opportunities": [], "total_exposure": 0}
[2026年 03月 24日 星期二 03:25:01 CST] 知几-E 自动检查完成
[2026年 03月 24日 星期二 03:30:01 CST] 知几-E 自动检查开始...
{'weather_records': 189, 'market_records': 0, 'pending_opportunities': 0}
[2026-03-24 03:30:01.870029] 策略分析：{"strategy": "v2.1", "executed_at": "2026-03-23T19:30:01.870010", "opportunities_found": 0, "top_opportunities": [], "total_exposure": 0}
[2026年 03月 24日 星期二 03:30:01 CST] 知几-E 自动检查完成
[2026年 03月 24日 星期二 03:35:01 CST] 知几-E 自动检查开始...
{'weather_records': 189, 'market_records': 0, 'pending_opportunities': 0}
[2026-03-24 03:35:01.223037] 策略分析：{"strategy": "v2.1", "executed_at": "2026-03-23T19:35:01.223021", "opportunities_found": 0, "top_opportunities": [], "total_exposure": 0}
[2026年 03月 24日 星期二 03:35:01 CST] 知几-E 自动检查完成
[2026年 03月 24日 星期二 03:40:01 CST] 知几-E 自动检查开始...
{'weather_records': 189, 'market_records': 0, 'pending_opportunities': 0}
[2026-03-24 03:40:01.336628] 策略分析：{"strategy": "v2.1", "executed_at": "2026-03-23T19:40:01.336608", "opportunities_found": 0, "top_opportunities": [], "total_exposure": 0}
[2026年 03月 24日 星期二 03:40:01 CST] 知几-E 自动检查完成
[2026年 03月 24日 星期二 03:45:01 CST] 知几-E 自动检查开始...
{'weather_records': 189, 'market_records': 0, 'pending_opportunities': 0}
[2026-03-24 03:45:01.708831] 策略分析：{"strategy": "v2.1", "executed_at": "2026-03-23T19:45:01.708815", "opportunities_found": 0, "top_opportunities": [], "total_exposure": 0}
[2026年 03月 24日 星期二 03:45:01 CST] 知几-E 自动检查完成
[2026年 03月 24日 星期二 03:50:01 CST] 知几-E 自动检查开始...
{'weather_records': 189, 'market_records': 0, 'pending_opportunities': 0}
[2026-03-24 03:50:01.823956] 策略分析：{"strategy": "v2.1", "executed_at": "2026-03-23T19:50:01.823939", "opportunities_found": 0, "top_opportunities": [], "total_exposure": 0}
[2026年 03月 24日 星期二 03:50:01 CST] 知几-E 自动检查完成
[2026年 03月 24日 星期二 03:55:01 CST] 知几-E 自动检查开始...
{'weather_records': 189, 'market_records': 0, 'pending_opportunities': 0}
[2026-03-24 03:55:01.595167] 策略分析：{"strategy": "v2.1", "executed_at": "2026-03-23T19:55:01.595148", "opportunities_found": 0, "top_opportunities": [], "total_exposure": 0}
[2026年 03月 24日 星期二 03:55:01 CST] 知几-E 自动检查完成
[2026年 03月 24日 星期二 04:00:01 CST] 知几-E 自动检查开始...
{'weather_records': 189, 'market_records': 0, 'pending_opportunities': 0}
[2026-03-24 04:00:01.730271] 策略分析：{"strategy": "v2.1", "executed_at": "2026-03-23T20:00:01.730254", "opportunities_found": 0, "top_opportunities": [], "total_exposure": 0}
[2026年 03月 24日 星期二 04:00:01 CST] 知几-E 自动检查完成
[2026年 03月 24日 星期二 04:05:01 CST] 知几-E 自动检查开始...
{'weather_records': 189, 'market_records': 0, 'pending_opportunities': 0}
[2026-03-24 04:05:02.062387] 策略分析：{"strategy": "v2.1", "executed_at": "2026-03-23T20:05:02.062367", "opportunities_found": 0, "top_opportunities": [], "total_exposure": 0}
[2026年 03月 24日 星期二 04:05:02 CST] 知几-E 自动检查完成
[2026年 03月 24日 星期二 04:10:01 CST] 知几-E 自动检查开始...
{'weather_records': 189, 'market_records': 0, 'pending_opportunities': 0}
[2026-03-24 04:10:01.174687] 策略分析：{"strategy": "v2.1", "executed_at": "2026-03-23T20:10:01.174670", "opportunities_found": 0, "top_opportunities": [], "total_exposure": 0}
[2026年 03月 24日 星期二 04:10:01 CST] 知几-E 自动检查完成
[2026年 03月 24日 星期二 04:15:01 CST] 知几-E 自动检查开始...
{'weather_records': 189, 'market_records': 0, 'pending_opportunities': 0}
[2026-03-24 04:15:01.225653] 策略分析：{"strategy": "v2.1", "executed_at": "2026-03-23T20:15:01.225635", "opportunities_found": 0, "top_opportunities": [], "total_exposure": 0}
[2026年 03月 24日 星期二 04:15:01 CST] 知几-E 自动检查完成
[2026年 03月 24日 星期二 04:20:01 CST] 知几-E 自动检查开始...
{'weather_records': 189, 'market_records': 0, 'pending_opportunities': 0}
[2026-03-24 04:20:01.348586] 策略分析：{"strategy": "v2.1", "executed_at": "2026-03-23T20:20:01.348567", "opportunities_found": 0, "top_opportunities": [], "total_exposure": 0}
[2026年 03月 24日 星期二 04:20:01 CST] 知几-E 自动检查完成
[2026年 03月 24日 星期二 04:25:01 CST] 知几-E 自动检查开始...
{'weather_records': 189, 'market_records': 0, 'pending_opportunities': 0}
[2026-03-24 04:25:01.745126] 策略分析：{"strategy": "v2.1", "executed_at": "2026-03-23T20:25:01.745110", "opportunities_found": 0, "top_opportunities": [], "total_exposure": 0}
[2026年 03月 24日 星期二 04:25:01 CST] 知几-E 自动检查完成
[2026年 03月 24日 星期二 04:30:01 CST] 知几-E 自动检查开始...
{'weather_records': 189, 'market_records': 0, 'pending_opportunities': 0}
[2026-03-24 04:30:01.862224] 策略分析：{"strategy": "v2.1", "executed_at": "2026-03-23T20:30:01.862206", "opportunities_found": 0, "top_opportunities": [], "total_exposure": 0}
[2026年 03月 24日 星期二 04:30:01 CST] 知几-E 自动检查完成
[2026年 03月 24日 星期二 04:35:01 CST] 知几-E 自动检查开始...
{'weather_records': 189, 'market_records': 0, 'pending_opportunities': 0}
[2026-03-24 04:35:01.258254] 策略分析：{"strategy": "v2.1", "executed_at": "2026-03-23T20:35:01.258238", "opportunities_found": 0, "top_opportunities": [], "total_exposure": 0}
[2026年 03月 24日 星期二 04:35:01 CST] 知几-E 自动检查完成
[2026年 03月 24日 星期二 04:40:01 CST] 知几-E 自动检查开始...
{'weather_records': 189, 'market_records': 0, 'pending_opportunities': 0}
[2026-03-24 04:40:01.377177] 策略分析：{"strategy": "v2.1", "executed_at": "2026-03-23T20:40:01.377160", "opportunities_found": 0, "top_opportunities": [], "total_exposure": 0}
[2026年 03月 24日 星期二 04:40:01 CST] 知几-E 自动检查完成
[2026年 03月 24日 星期二 04:45:01 CST] 知几-E 自动检查开始...
{'weather_records': 189, 'market_records': 0, 'pending_opportunities': 0}
[2026-03-24 04:45:01.913386] 策略分析：{"strategy": "v2.1", "executed_at": "2026-03-23T20:45:01.913362", "opportunities_found": 0, "top_opportunities": [], "total_exposure": 0}
[2026年 03月 24日 星期二 04:45:01 CST] 知几-E 自动检查完成
[2026年 03月 24日 星期二 04:50:01 CST] 知几-E 自动检查开始...
{'weather_records': 189, 'market_records': 0, 'pending_opportunities': 0}
[2026-03-24 04:50:02.044448] 策略分析：{"strategy": "v2.1", "executed_at": "2026-03-23T20:50:02.044430", "opportunities_found": 0, "top_opportunities": [], "total_exposure": 0}
[2026年 03月 24日 星期二 04:50:02 CST] 知几-E 自动检查完成
[2026年 03月 24日 星期二 04:55:01 CST] 知几-E 自动检查开始...
{'weather_records': 189, 'market_records': 0, 'pending_opportunities': 0}
[2026-03-24 04:55:01.732008] 策略分析：{"strategy": "v2.1", "executed_at": "2026-03-23T20:55:01.731991", "opportunities_found": 0, "top_opportunities": [], "total_exposure": 0}
[2026年 03月 24日 星期二 04:55:01 CST] 知几-E 自动检查完成
[2026年 03月 24日 星期二 05:00:01 CST] 知几-E 自动检查开始...
{'weather_records': 189, 'market_records': 0, 'pending_opportunities': 0}
[2026-03-24 05:00:01.844110] 策略分析：{"strategy": "v2.1", "executed_at": "2026-03-23T21:00:01.844093", "opportunities_found": 0, "top_opportunities": [], "total_exposure": 0}
[2026年 03月 24日 星期二 05:00:01 CST] 知几-E 自动检查完成
[2026年 03月 24日 星期二 05:05:01 CST] 知几-E 自动检查开始...
{'weather_records': 189, 'market_records': 0, 'pending_opportunities': 0}
[2026-03-24 05:05:01.448144] 策略分析：{"strategy": "v2.1", "executed_at": "2026-03-23T21:05:01.448128", "opportunities_found": 0, "top_opportunities": [], "total_exposure": 0}
[2026年 03月 24日 星期二 05:05:01 CST] 知几-E 自动检查完成
[2026年 03月 24日 星期二 05:10:01 CST] 知几-E 自动检查开始...
{'weather_records': 189, 'market_records': 0, 'pending_opportunities': 0}
[2026-03-24 05:10:01.559697] 策略分析：{"strategy": "v2.1", "executed_at": "2026-03-23T21:10:01.559679", "opportunities_found": 0, "top_opportunities": [], "total_exposure": 0}
[2026年 03月 24日 星期二 05:10:01 CST] 知几-E 自动检查完成
[2026年 03月 24日 星期二 05:15:01 CST] 知几-E 自动检查开始...
{'weather_records': 189, 'market_records': 0, 'pending_opportunities': 0}
[2026-03-24 05:15:01.977840] 策略分析：{"strategy": "v2.1", "executed_at": "2026-03-23T21:15:01.977824", "opportunities_found": 0, "top_opportunities": [], "total_exposure": 0}
[2026年 03月 24日 星期二 05:15:01 CST] 知几-E 自动检查完成
[2026年 03月 24日 星期二 05:20:02 CST] 知几-E 自动检查开始...
{'weather_records': 189, 'market_records': 0, 'pending_opportunities': 0}
[2026-03-24 05:20:02.092770] 策略分析：{"strategy": "v2.1", "executed_at": "2026-03-23T21:20:02.092753", "opportunities_found": 0, "top_opportunities": [], "total_exposure": 0}
[2026年 03月 24日 星期二 05:20:02 CST] 知几-E 自动检查完成
[2026年 03月 24日 星期二 05:25:01 CST] 知几-E 自动检查开始...
{'weather_records': 189, 'market_records': 0, 'pending_opportunities': 0}
[2026-03-24 05:25:01.821088] 策略分析：{"strategy": "v2.1", "executed_at": "2026-03-23T21:25:01.821070", "opportunities_found": 0, "top_opportunities": [], "total_exposure": 0}
[2026年 03月 24日 星期二 05:25:01 CST] 知几-E 自动检查完成
[2026年 03月 24日 星期二 05:30:01 CST] 知几-E 自动检查开始...
{'weather_records': 189, 'market_records': 0, 'pending_opportunities': 0}
[2026-03-24 05:30:01.937681] 策略分析：{"strategy": "v2.1", "executed_at": "2026-03-23T21:30:01.937665", "opportunities_found": 0, "top_opportunities": [], "total_exposure": 0}
[2026年 03月 24日 星期二 05:30:01 CST] 知几-E 自动检查完成
[2026年 03月 24日 星期二 05:35:01 CST] 知几-E 自动检查开始...
{'weather_records': 189, 'market_records': 0, 'pending_opportunities': 0}
[2026-03-24 05:35:01.307167] 策略分析：{"strategy": "v2.1", "executed_at": "2026-03-23T21:35:01.307150", "opportunities_found": 0, "top_opportunities": [], "total_exposure": 0}
[2026年 03月 24日 星期二 05:35:01 CST] 知几-E 自动检查完成
[2026年 03月 24日 星期二 05:40:01 CST] 知几-E 自动检查开始...
{'weather_records': 189, 'market_records': 0, 'pending_opportunities': 0}
[2026-03-24 05:40:01.423276] 策略分析：{"strategy": "v2.1", "executed_at": "2026-03-23T21:40:01.423248", "opportunities_found": 0, "top_opportunities": [], "total_exposure": 0}
[2026年 03月 24日 星期二 05:40:01 CST] 知几-E 自动检查完成
[2026年 03月 24日 星期二 05:45:01 CST] 知几-E 自动检查开始...
{'weather_records': 189, 'market_records': 0, 'pending_opportunities': 0}
[2026-03-24 05:45:01.863967] 策略分析：{"strategy": "v2.1", "executed_at": "2026-03-23T21:45:01.863949", "opportunities_found": 0, "top_opportunities": [], "total_exposure": 0}
[2026年 03月 24日 星期二 05:45:01 CST] 知几-E 自动检查完成
[2026年 03月 24日 星期二 05:50:01 CST] 知几-E 自动检查开始...
{'weather_records': 189, 'market_records': 0, 'pending_opportunities': 0}
[2026-03-24 05:50:01.981199] 策略分析：{"strategy": "v2.1", "executed_at": "2026-03-23T21:50:01.981181", "opportunities_found": 0, "top_opportunities": [], "total_exposure": 0}
[2026年 03月 24日 星期二 05:50:01 CST] 知几-E 自动检查完成
[2026年 03月 24日 星期二 05:55:01 CST] 知几-E 自动检查开始...
{'weather_records': 189, 'market_records': 0, 'pending_opportunities': 0}
[2026-03-24 05:55:01.795602] 策略分析：{"strategy": "v2.1", "executed_at": "2026-03-23T21:55:01.795584", "opportunities_found": 0, "top_opportunities": [], "total_exposure": 0}
[2026年 03月 24日 星期二 05:55:01 CST] 知几-E 自动检查完成
[2026年 03月 24日 星期二 06:00:01 CST] 知几-E 自动检查开始...
{'weather_records': 189, 'market_records': 0, 'pending_opportunities': 0}
[2026-03-24 06:00:01.930252] 策略分析：{"strategy": "v2.1", "executed_at": "2026-03-23T22:00:01.930236", "opportunities_found": 0, "top_opportunities": [], "total_exposure": 0}
[2026年 03月 24日 星期二 06:00:01 CST] 知几-E 自动检查完成
[2026年 03月 24日 星期二 06:05:01 CST] 知几-E 自动检查开始...
{'weather_records': 189, 'market_records': 0, 'pending_opportunities': 0}
[2026-03-24 06:05:01.824364] 策略分析：{"strategy": "v2.1", "executed_at": "2026-03-23T22:05:01.824347", "opportunities_found": 0, "top_opportunities": [], "total_exposure": 0}
[2026年 03月 24日 星期二 06:05:01 CST] 知几-E 自动检查完成
[2026年 03月 24日 星期二 06:10:01 CST] 知几-E 自动检查开始...
{'weather_records': 189, 'market_records': 0, 'pending_opportunities': 0}
[2026-03-24 06:10:01.944087] 策略分析：{"strategy": "v2.1", "executed_at": "2026-03-23T22:10:01.944071", "opportunities_found": 0, "top_opportunities": [], "total_exposure": 0}
[2026年 03月 24日 星期二 06:10:01 CST] 知几-E 自动检查完成
[2026年 03月 24日 星期二 06:15:01 CST] 知几-E 自动检查开始...
{'weather_records': 189, 'market_records': 0, 'pending_opportunities': 0}
[2026-03-24 06:15:01.829281] 策略分析：{"strategy": "v2.1", "executed_at": "2026-03-23T22:15:01.829264", "opportunities_found": 0, "top_opportunities": [], "total_exposure": 0}
[2026年 03月 24日 星期二 06:15:01 CST] 知几-E 自动检查完成
[2026年 03月 24日 星期二 06:20:01 CST] 知几-E 自动检查开始...
{'weather_records': 189, 'market_records': 0, 'pending_opportunities': 0}
[2026-03-24 06:20:01.963213] 策略分析：{"strategy": "v2.1", "executed_at": "2026-03-23T22:20:01.963196", "opportunities_found": 0, "top_opportunities": [], "total_exposure": 0}
[2026年 03月 24日 星期二 06:20:01 CST] 知几-E 自动检查完成
[2026年 03月 24日 星期二 06:25:01 CST] 知几-E 自动检查开始...
{'weather_records': 189, 'market_records': 0, 'pending_opportunities': 0}
[2026-03-24 06:25:01.377432] 策略分析：{"strategy": "v2.1", "executed_at": "2026-03-23T22:25:01.377413", "opportunities_found": 0, "top_opportunities": [], "total_exposure": 0}
[2026年 03月 24日 星期二 06:25:01 CST] 知几-E 自动检查完成
[2026年 03月 24日 星期二 06:30:01 CST] 知几-E 自动检查开始...
{'weather_records': 189, 'market_records': 0, 'pending_opportunities': 0}
[2026-03-24 06:30:01.495817] 策略分析：{"strategy": "v2.1", "executed_at": "2026-03-23T22:30:01.495798", "opportunities_found": 0, "top_opportunities": [], "total_exposure": 0}
[2026年 03月 24日 星期二 06:30:01 CST] 知几-E 自动检查完成
[2026年 03月 24日 星期二 06:35:01 CST] 知几-E 自动检查开始...
{'weather_records': 189, 'market_records': 0, 'pending_opportunities': 0}
[2026-03-24 06:35:01.977735] 策略分析：{"strategy": "v2.1", "executed_at": "2026-03-23T22:35:01.977717", "opportunities_found": 0, "top_opportunities": [], "total_exposure": 0}
[2026年 03月 24日 星期二 06:35:01 CST] 知几-E 自动检查完成
[2026年 03月 24日 星期二 06:40:02 CST] 知几-E 自动检查开始...
{'weather_records': 189, 'market_records': 0, 'pending_opportunities': 0}
[2026-03-24 06:40:02.094913] 策略分析：{"strategy": "v2.1", "executed_at": "2026-03-23T22:40:02.094895", "opportunities_found": 0, "top_opportunities": [], "total_exposure": 0}
[2026年 03月 24日 星期二 06:40:02 CST] 知几-E 自动检查完成
[2026年 03月 24日 星期二 06:45:01 CST] 知几-E 自动检查开始...
{'weather_records': 189, 'market_records': 0, 'pending_opportunities': 0}
[2026-03-24 06:45:01.493093] 策略分析：{"strategy": "v2.1", "executed_at": "2026-03-23T22:45:01.493072", "opportunities_found": 0, "top_opportunities": [], "total_exposure": 0}
[2026年 03月 24日 星期二 06:45:01 CST] 知几-E 自动检查完成
[2026年 03月 24日 星期二 06:50:01 CST] 知几-E 自动检查开始...
{'weather_records': 189, 'market_records': 0, 'pending_opportunities': 0}
[2026-03-24 06:50:01.602161] 策略分析：{"strategy": "v2.1", "executed_at": "2026-03-23T22:50:01.602144", "opportunities_found": 0, "top_opportunities": [], "total_exposure": 0}
[2026年 03月 24日 星期二 06:50:01 CST] 知几-E 自动检查完成
[2026年 03月 24日 星期二 06:55:01 CST] 知几-E 自动检查开始...
{'weather_records': 189, 'market_records': 0, 'pending_opportunities': 0}
[2026-03-24 06:55:02.035481] 策略分析：{"strategy": "v2.1", "executed_at": "2026-03-23T22:55:02.035465", "opportunities_found": 0, "top_opportunities": [], "total_exposure": 0}
[2026年 03月 24日 星期二 06:55:02 CST] 知几-E 自动检查完成
[2026年 03月 24日 星期二 07:00:01 CST] 知几-E 自动检查开始...
{'weather_records': 189, 'market_records': 0, 'pending_opportunities': 0}
[2026-03-24 07:00:01.167120] 策略分析：{"strategy": "v2.1", "executed_at": "2026-03-23T23:00:01.167103", "opportunities_found": 0, "top_opportunities": [], "total_exposure": 0}
[2026年 03月 24日 星期二 07:00:01 CST] 知几-E 自动检查完成
[2026年 03月 24日 星期二 07:05:01 CST] 知几-E 自动检查开始...
{'weather_records': 189, 'market_records': 0, 'pending_opportunities': 0}
[2026-03-24 07:05:01.531144] 策略分析：{"strategy": "v2.1", "executed_at": "2026-03-23T23:05:01.531128", "opportunities_found": 0, "top_opportunities": [], "total_exposure": 0}
[2026年 03月 24日 星期二 07:05:01 CST] 知几-E 自动检查完成
[2026年 03月 24日 星期二 07:10:01 CST] 知几-E 自动检查开始...
{'weather_records': 189, 'market_records': 0, 'pending_opportunities': 0}
[2026-03-24 07:10:01.640076] 策略分析：{"strategy": "v2.1", "executed_at": "2026-03-23T23:10:01.640059", "opportunities_found": 0, "top_opportunities": [], "total_exposure": 0}
[2026年 03月 24日 星期二 07:10:01 CST] 知几-E 自动检查完成
[2026年 03月 24日 星期二 07:15:01 CST] 知几-E 自动检查开始...
{'weather_records': 189, 'market_records': 0, 'pending_opportunities': 0}
[2026-03-24 07:15:02.015706] 策略分析：{"strategy": "v2.1", "executed_at": "2026-03-23T23:15:02.015689", "opportunities_found": 0, "top_opportunities": [], "total_exposure": 0}
[2026年 03月 24日 星期二 07:15:02 CST] 知几-E 自动检查完成
[2026年 03月 24日 星期二 07:20:01 CST] 知几-E 自动检查开始...
{'weather_records': 189, 'market_records': 0, 'pending_opportunities': 0}
[2026-03-24 07:20:01.141800] 策略分析：{"strategy": "v2.1", "executed_at": "2026-03-23T23:20:01.141783", "opportunities_found": 0, "top_opportunities": [], "total_exposure": 0}
[2026年 03月 24日 星期二 07:20:01 CST] 知几-E 自动检查完成
[2026年 03月 24日 星期二 07:25:01 CST] 知几-E 自动检查开始...
{'weather_records': 189, 'market_records': 0, 'pending_opportunities': 0}
[2026-03-24 07:25:01.646278] 策略分析：{"strategy": "v2.1", "executed_at": "2026-03-23T23:25:01.646261", "opportunities_found": 0, "top_opportunities": [], "total_exposure": 0}
[2026年 03月 24日 星期二 07:25:01 CST] 知几-E 自动检查完成
[2026年 03月 24日 星期二 07:30:01 CST] 知几-E 自动检查开始...
{'weather_records': 189, 'market_records': 0, 'pending_opportunities': 0}
[2026-03-24 07:30:01.766240] 策略分析：{"strategy": "v2.1", "executed_at": "2026-03-23T23:30:01.766222", "opportunities_found": 0, "top_opportunities": [], "total_exposure": 0}
[2026年 03月 24日 星期二 07:30:01 CST] 知几-E 自动检查完成
[2026年 03月 24日 星期二 07:35:01 CST] 知几-E 自动检查开始...
{'weather_records': 189, 'market_records': 0, 'pending_opportunities': 0}
[2026-03-24 07:35:01.240354] 策略分析：{"strategy": "v2.1", "executed_at": "2026-03-23T23:35:01.240332", "opportunities_found": 0, "top_opportunities": [], "total_exposure": 0}
[2026年 03月 24日 星期二 07:35:01 CST] 知几-E 自动检查完成
[2026年 03月 24日 星期二 07:40:01 CST] 知几-E 自动检查开始...
{'weather_records': 189, 'market_records': 0, 'pending_opportunities': 0}
[2026-03-24 07:40:01.352881] 策略分析：{"strategy": "v2.1", "executed_at": "2026-03-23T23:40:01.352864", "opportunities_found": 0, "top_opportunities": [], "total_exposure": 0}
[2026年 03月 24日 星期二 07:40:01 CST] 知几-E 自动检查完成
[2026年 03月 24日 星期二 07:45:01 CST] 知几-E 自动检查开始...
{'weather_records': 189, 'market_records': 0, 'pending_opportunities': 0}
[2026-03-24 07:45:01.275124] 策略分析：{"strategy": "v2.1", "executed_at": "2026-03-23T23:45:01.275107", "opportunities_found": 0, "top_opportunities": [], "total_exposure": 0}
[2026年 03月 24日 星期二 07:45:01 CST] 知几-E 自动检查完成
[2026年 03月 24日 星期二 07:50:01 CST] 知几-E 自动检查开始...
{'weather_records': 189, 'market_records': 0, 'pending_opportunities': 0}
[2026-03-24 07:50:01.394719] 策略分析：{"strategy": "v2.1", "executed_at": "2026-03-23T23:50:01.394700", "opportunities_found": 0, "top_opportunities": [], "total_exposure": 0}
[2026年 03月 24日 星期二 07:50:01 CST] 知几-E 自动检查完成
[2026年 03月 24日 星期二 07:55:01 CST] 知几-E 自动检查开始...
{'weather_records': 189, 'market_records': 0, 'pending_opportunities': 0}
[2026-03-24 07:55:01.790894] 策略分析：{"strategy": "v2.1", "executed_at": "2026-03-23T23:55:01.790878", "opportunities_found": 0, "top_opportunities": [], "total_exposure": 0}
[2026年 03月 24日 星期二 07:55:01 CST] 知几-E 自动检查完成
[2026年 03月 24日 星期二 08:00:01 CST] 随机延迟 207秒...
[2026年 03月 24日 星期二 08:03:28 CST] 知几-E 自动检查开始...
{'weather_records': 189, 'market_records': 0, 'pending_opportunities': 0}
[2026-03-24 08:03:28.894760] 策略分析：{"strategy": "v2.1", "executed_at": "2026-03-24T00:03:28.894741", "opportunities_found": 0, "top_opportunities": [], "total_exposure": 0}
[2026年 03月 24日 星期二 08:03:28 CST] 知几-E 自动检查完成
[2026年 03月 24日 星期二 08:05:01 CST] 随机延迟 299秒...
[2026年 03月 24日 星期二 08:10:00 CST] 知几-E 自动检查开始...
{'weather_records': 189, 'market_records': 0, 'pending_opportunities': 0}
[2026-03-24 08:10:00.972831] 策略分析：{"strategy": "v2.1", "executed_at": "2026-03-24T00:10:00.972814", "opportunities_found": 0, "top_opportunities": [], "total_exposure": 0}
[2026年 03月 24日 星期二 08:10:00 CST] 知几-E 自动检查完成
[2026年 03月 24日 星期二 08:10:00 CST] 随机延迟 236秒...
[2026年 03月 24日 星期二 08:13:57 CST] 知几-E 自动检查开始...
{'weather_records': 189, 'market_records': 0, 'pending_opportunities': 0}
[2026-03-24 08:13:57.060048] 策略分析：{"strategy": "v2.1", "executed_at": "2026-03-24T00:13:57.060026", "opportunities_found": 0, "top_opportunities": [], "total_exposure": 0}
[2026年 03月 24日 星期二 08:13:57 CST] 知几-E 自动检查完成
[2026年 03月 24日 星期二 08:15:01 CST] 随机延迟 295秒...
[2026年 03月 24日 星期二 08:19:56 CST] 知几-E 自动检查开始...
{'weather_records': 189, 'market_records': 0, 'pending_opportunities': 0}
[2026-03-24 08:19:56.155602] 策略分析：{"strategy": "v2.1", "executed_at": "2026-03-24T00:19:56.155586", "opportunities_found": 0, "top_opportunities": [], "total_exposure": 0}
[2026年 03月 24日 星期二 08:19:56 CST] 知几-E 自动检查完成
[2026年 03月 24日 星期二 08:20:01 CST] 随机延迟 257秒...
[2026年 03月 24日 星期二 08:24:18 CST] 知几-E 自动检查开始...
{'weather_records': 189, 'market_records': 0, 'pending_opportunities': 0}
[2026-03-24 08:24:18.260782] 策略分析：{"strategy": "v2.1", "executed_at": "2026-03-24T00:24:18.260765", "opportunities_found": 0, "top_opportunities": [], "total_exposure": 0}
[2026年 03月 24日 星期二 08:24:18 CST] 知几-E 自动检查完成
[2026年 03月 24日 星期二 08:25:01 CST] 随机延迟 126秒...
[2026年 03月 24日 星期二 08:27:07 CST] 知几-E 自动检查开始...
{'weather_records': 189, 'market_records': 0, 'pending_opportunities': 0}
[2026-03-24 08:27:07.345891] 策略分析：{"strategy": "v2.1", "executed_at": "2026-03-24T00:27:07.345876", "opportunities_found": 0, "top_opportunities": [], "total_exposure": 0}
[2026年 03月 24日 星期二 08:27:07 CST] 知几-E 自动检查完成
[2026年 03月 24日 星期二 08:30:01 CST] 随机延迟 283秒...
[2026年 03月 24日 星期二 08:34:44 CST] 知几-E 自动检查开始...
{'weather_records': 189, 'market_records': 0, 'pending_opportunities': 0}
[2026-03-24 08:34:44.459890] 策略分析：{"strategy": "v2.1", "executed_at": "2026-03-24T00:34:44.459873", "opportunities_found": 0, "top_opportunities": [], "total_exposure": 0}
[2026年 03月 24日 星期二 08:34:44 CST] 知几-E 自动检查完成
[2026年 03月 24日 星期二 08:35:01 CST] 随机延迟 228秒...
[2026年 03月 24日 星期二 08:38:49 CST] 知几-E 自动检查开始...
{'weather_records': 189, 'market_records': 0, 'pending_opportunities': 0}
[2026-03-24 08:38:49.570645] 策略分析：{"strategy": "v2.1", "executed_at": "2026-03-24T00:38:49.570629", "opportunities_found": 0, "top_opportunities": [], "total_exposure": 0}
[2026年 03月 24日 星期二 08:38:49 CST] 知几-E 自动检查完成
[2026年 03月 24日 星期二 08:40:01 CST] 随机延迟 285秒...
[2026年 03月 24日 星期二 08:44:46 CST] 知几-E 自动检查开始...
{'weather_records': 189, 'market_records': 0, 'pending_opportunities': 0}
[2026-03-24 08:44:46.690998] 策略分析：{"strategy": "v2.1", "executed_at": "2026-03-24T00:44:46.690970", "opportunities_found": 0, "top_opportunities": [], "total_exposure": 0}
[2026年 03月 24日 星期二 08:44:46 CST] 知几-E 自动检查完成
[2026年 03月 24日 星期二 08:45:01 CST] 随机延迟 145秒...
[2026年 03月 24日 星期二 08:47:26 CST] 知几-E 自动检查开始...
{'weather_records': 189, 'market_records': 0, 'pending_opportunities': 0}
[2026-03-24 08:47:26.826404] 策略分析：{"strategy": "v2.1", "executed_at": "2026-03-24T00:47:26.826351", "opportunities_found": 0, "top_opportunities": [], "total_exposure": 0}
[2026年 03月 24日 星期二 08:47:26 CST] 知几-E 自动检查完成
[2026年 03月 24日 星期二 08:50:01 CST] 随机延迟 275秒...
[2026年 03月 24日 星期二 08:54:36 CST] 知几-E 自动检查开始...
{'weather_records': 189, 'market_records': 0, 'pending_opportunities': 0}
[2026-03-24 08:54:36.959063] 策略分析：{"strategy": "v2.1", "executed_at": "2026-03-24T00:54:36.959047", "opportunities_found": 0, "top_opportunities": [], "total_exposure": 0}
[2026年 03月 24日 星期二 08:54:36 CST] 知几-E 自动检查完成
[2026年 03月 24日 星期二 08:55:01 CST] 随机延迟 292秒...
[2026年 03月 24日 星期二 08:59:54 CST] 知几-E 自动检查开始...
{'weather_records': 189, 'market_records': 0, 'pending_opportunities': 0}
[2026-03-24 08:59:54.067295] 策略分析：{"strategy": "v2.1", "executed_at": "2026-03-24T00:59:54.067273", "opportunities_found": 0, "top_opportunities": [], "total_exposure": 0}
[2026年 03月 24日 星期二 08:59:54 CST] 知几-E 自动检查完成
[2026年 03月 24日 星期二 09:00:01 CST] 随机延迟 298秒...
[2026年 03月 24日 星期二 09:04:59 CST] 知几-E 自动检查开始...
{'weather_records': 189, 'market_records': 0, 'pending_opportunities': 0}
[2026-03-24 09:04:59.183150] 策略分析：{"strategy": "v2.1", "executed_at": "2026-03-24T01:04:59.183132", "opportunities_found": 0, "top_opportunities": [], "total_exposure": 0}
[2026年 03月 24日 星期二 09:04:59 CST] 知几-E 自动检查完成
[2026年 03月 24日 星期二 09:05:01 CST] 随机延迟 193秒...
[2026年 03月 24日 星期二 09:08:14 CST] 知几-E 自动检查开始...
{'weather_records': 189, 'market_records': 0, 'pending_opportunities': 0}
[2026-03-24 09:08:14.286850] 策略分析：{"strategy": "v2.1", "executed_at": "2026-03-24T01:08:14.286826", "opportunities_found": 0, "top_opportunities": [], "total_exposure": 0}
[2026年 03月 24日 星期二 09:08:14 CST] 知几-E 自动检查完成
[2026年 03月 24日 星期二 09:10:01 CST] 随机延迟 236秒...
[2026年 03月 24日 星期二 09:13:57 CST] 知几-E 自动检查开始...
{'weather_records': 189, 'market_records': 0, 'pending_opportunities': 0}
[2026-03-24 09:13:57.427530] 策略分析：{"strategy": "v2.1", "executed_at": "2026-03-24T01:13:57.427504", "opportunities_found": 0, "top_opportunities": [], "total_exposure": 0}
[2026年 03月 24日 星期二 09:13:57 CST] 知几-E 自动检查完成
[2026年 03月 24日 星期二 09:15:01 CST] 随机延迟 200秒...
[2026年 03月 24日 星期二 09:18:21 CST] 知几-E 自动检查开始...
{'weather_records': 189, 'market_records': 0, 'pending_opportunities': 0}
[2026-03-24 09:18:21.542456] 策略分析：{"strategy": "v2.1", "executed_at": "2026-03-24T01:18:21.542440", "opportunities_found": 0, "top_opportunities": [], "total_exposure": 0}
[2026年 03月 24日 星期二 09:18:21 CST] 知几-E 自动检查完成
[2026年 03月 24日 星期二 09:20:01 CST] 随机延迟 127秒...
[2026年 03月 24日 星期二 09:22:08 CST] 知几-E 自动检查开始...
{'weather_records': 189, 'market_records': 0, 'pending_opportunities': 0}
[2026-03-24 09:22:08.660419] 策略分析：{"strategy": "v2.1", "executed_at": "2026-03-24T01:22:08.660391", "opportunities_found": 0, "top_opportunities": [], "total_exposure": 0}
[2026年 03月 24日 星期二 09:22:08 CST] 知几-E 自动检查完成
[2026年 03月 24日 星期二 09:25:01 CST] 随机延迟 238秒...
[2026年 03月 24日 星期二 09:28:59 CST] 知几-E 自动检查开始...
{'weather_records': 189, 'market_records': 0, 'pending_opportunities': 0}
[2026-03-24 09:28:59.784584] 策略分析：{"strategy": "v2.1", "executed_at": "2026-03-24T01:28:59.784563", "opportunities_found": 0, "top_opportunities": [], "total_exposure": 0}
[2026年 03月 24日 星期二 09:28:59 CST] 知几-E 自动检查完成
[2026年 03月 24日 星期二 09:30:01 CST] 随机延迟 207秒...
[2026年 03月 24日 星期二 09:33:28 CST] 知几-E 自动检查开始...
{'weather_records': 189, 'market_records': 0, 'pending_opportunities': 0}
[2026-03-24 09:33:28.924703] 策略分析：{"strategy": "v2.1", "executed_at": "2026-03-24T01:33:28.924681", "opportunities_found": 0, "top_opportunities": [], "total_exposure": 0}
[2026年 03月 24日 星期二 09:33:28 CST] 知几-E 自动检查完成
[2026年 03月 24日 星期二 09:35:01 CST] 随机延迟 192秒...
[2026年 03月 24日 星期二 09:38:13 CST] 知几-E 自动检查开始...
{'weather_records': 189, 'market_records': 0, 'pending_opportunities': 0}
[2026-03-24 09:38:14.044613] 策略分析：{"strategy": "v2.1", "executed_at": "2026-03-24T01:38:14.044589", "opportunities_found": 0, "top_opportunities": [], "total_exposure": 0}
[2026年 03月 24日 星期二 09:38:14 CST] 知几-E 自动检查完成
[2026年 03月 24日 星期二 09:40:01 CST] 随机延迟 292秒...
[2026年 03月 24日 星期二 09:44:53 CST] 知几-E 自动检查开始...
{'weather_records': 189, 'market_records': 0, 'pending_opportunities': 0}
[2026-03-24 09:44:53.178558] 策略分析：{"strategy": "v2.1", "executed_at": "2026-03-24T01:44:53.178539", "opportunities_found": 0, "top_opportunities": [], "total_exposure": 0}
[2026年 03月 24日 星期二 09:44:53 CST] 知几-E 自动检查完成
[2026年 03月 24日 星期二 09:45:01 CST] 随机延迟 247秒...
[2026年 03月 24日 星期二 09:49:08 CST] 知几-E 自动检查开始...
{'weather_records': 189, 'market_records': 0, 'pending_opportunities': 0}
[2026-03-24 09:49:08.285394] 策略分析：{"strategy": "v2.1", "executed_at": "2026-03-24T01:49:08.285370", "opportunities_found": 0, "top_opportunities": [], "total_exposure": 0}
[2026年 03月 24日 星期二 09:49:08 CST] 知几-E 自动检查完成
[2026年 03月 24日 星期二 09:50:01 CST] 随机延迟 293秒...
