[2026年 03月 25日 星期三 00:00:01 CST] 随机延迟 263秒...
[2026年 03月 25日 星期三 00:04:24 CST] 知几-E 自动检查开始...
{'weather_records': 189, 'market_records': 0, 'pending_opportunities': 0}
[2026-03-25 00:04:24.800167] 策略分析：{"strategy": "v2.1", "executed_at": "2026-03-24T16:04:24.800151", "opportunities_found": 0, "top_opportunities": [], "total_exposure": 0}
[2026年 03月 25日 星期三 00:04:24 CST] 知几-E 自动检查完成
[2026年 03月 25日 星期三 00:05:01 CST] 随机延迟 245秒...
[2026年 03月 25日 星期三 00:09:06 CST] 知几-E 自动检查开始...
{'weather_records': 189, 'market_records': 0, 'pending_opportunities': 0}
[2026-03-25 00:09:06.884963] 策略分析：{"strategy": "v2.1", "executed_at": "2026-03-24T16:09:06.884947", "opportunities_found": 0, "top_opportunities": [], "total_exposure": 0}
[2026年 03月 25日 星期三 00:09:06 CST] 知几-E 自动检查完成
[2026年 03月 25日 星期三 00:10:01 CST] 随机延迟 182秒...
[2026年 03月 25日 星期三 00:13:03 CST] 知几-E 自动检查开始...
{'weather_records': 189, 'market_records': 0, 'pending_opportunities': 0}
[2026-03-25 00:13:03.998477] 策略分析：{"strategy": "v2.1", "executed_at": "2026-03-24T16:13:03.998462", "opportunities_found": 0, "top_opportunities": [], "total_exposure": 0}
[2026年 03月 25日 星期三 00:13:04 CST] 知几-E 自动检查完成
[2026年 03月 25日 星期三 00:15:01 CST] 随机延迟 138秒...
[2026年 03月 25日 星期三 00:17:19 CST] 知几-E 自动检查开始...
{'weather_records': 189, 'market_records': 0, 'pending_opportunities': 0}
[2026-03-25 00:17:19.085164] 策略分析：{"strategy": "v2.1", "executed_at": "2026-03-24T16:17:19.085148", "opportunities_found": 0, "top_opportunities": [], "total_exposure": 0}
[2026年 03月 25日 星期三 00:17:19 CST] 知几-E 自动检查完成
[2026年 03月 25日 星期三 00:20:01 CST] 随机延迟 245秒...
[2026年 03月 25日 星期三 00:24:06 CST] 知几-E 自动检查开始...
{'weather_records': 189, 'market_records': 0, 'pending_opportunities': 0}
[2026-03-25 00:24:06.193020] 策略分析：{"strategy": "v2.1", "executed_at": "2026-03-24T16:24:06.193002", "opportunities_found": 0, "top_opportunities": [], "total_exposure": 0}
[2026年 03月 25日 星期三 00:24:06 CST] 知几-E 自动检查完成
[2026年 03月 25日 星期三 00:25:01 CST] 随机延迟 291秒...
[2026年 03月 25日 星期三 00:29:52 CST] 知几-E 自动检查开始...
{'weather_records': 189, 'market_records': 0, 'pending_opportunities': 0}
[2026-03-25 00:29:52.277727] 策略分析：{"strategy": "v2.1", "executed_at": "2026-03-24T16:29:52.277711", "opportunities_found": 0, "top_opportunities": [], "total_exposure": 0}
[2026年 03月 25日 星期三 00:29:52 CST] 知几-E 自动检查完成
[2026年 03月 25日 星期三 00:30:01 CST] 随机延迟 259秒...
[2026年 03月 25日 星期三 00:34:20 CST] 知几-E 自动检查开始...
{'weather_records': 189, 'market_records': 0, 'pending_opportunities': 0}
[2026-03-25 00:34:20.375994] 策略分析：{"strategy": "v2.1", "executed_at": "2026-03-24T16:34:20.375978", "opportunities_found": 0, "top_opportunities": [], "total_exposure": 0}
[2026年 03月 25日 星期三 00:34:20 CST] 知几-E 自动检查完成
[2026年 03月 25日 星期三 00:35:01 CST] 随机延迟 191秒...
[2026年 03月 25日 星期三 00:38:12 CST] 知几-E 自动检查开始...
{'weather_records': 189, 'market_records': 0, 'pending_opportunities': 0}
[2026-03-25 00:38:12.466354] 策略分析：{"strategy": "v2.1", "executed_at": "2026-03-24T16:38:12.466338", "opportunities_found": 0, "top_opportunities": [], "total_exposure": 0}
[2026年 03月 25日 星期三 00:38:12 CST] 知几-E 自动检查完成
[2026年 03月 25日 星期三 00:40:01 CST] 随机延迟 165秒...
[2026年 03月 25日 星期三 00:42:46 CST] 知几-E 自动检查开始...
{'weather_records': 189, 'market_records': 0, 'pending_opportunities': 0}
[2026-03-25 00:42:46.569161] 策略分析：{"strategy": "v2.1", "executed_at": "2026-03-24T16:42:46.569146", "opportunities_found": 0, "top_opportunities": [], "total_exposure": 0}
[2026年 03月 25日 星期三 00:42:46 CST] 知几-E 自动检查完成
[2026年 03月 25日 星期三 00:45:01 CST] 随机延迟 292秒...
[2026年 03月 25日 星期三 00:49:53 CST] 知几-E 自动检查开始...
{'weather_records': 189, 'market_records': 0, 'pending_opportunities': 0}
[2026-03-25 00:49:53.660246] 策略分析：{"strategy": "v2.1", "executed_at": "2026-03-24T16:49:53.660230", "opportunities_found": 0, "top_opportunities": [], "total_exposure": 0}
[2026年 03月 25日 星期三 00:49:53 CST] 知几-E 自动检查完成
[2026年 03月 25日 星期三 00:50:01 CST] 随机延迟 161秒...
[2026年 03月 25日 星期三 00:52:42 CST] 知几-E 自动检查开始...
{'weather_records': 189, 'market_records': 0, 'pending_opportunities': 0}
[2026-03-25 00:52:42.761773] 策略分析：{"strategy": "v2.1", "executed_at": "2026-03-24T16:52:42.761756", "opportunities_found": 0, "top_opportunities": [], "total_exposure": 0}
[2026年 03月 25日 星期三 00:52:42 CST] 知几-E 自动检查完成
[2026年 03月 25日 星期三 00:55:01 CST] 随机延迟 299秒...
[2026年 03月 25日 星期三 01:00:00 CST] 知几-E 自动检查开始...
{'weather_records': 189, 'market_records': 0, 'pending_opportunities': 0}
[2026-03-25 01:00:00.848017] 策略分析：{"strategy": "v2.1", "executed_at": "2026-03-24T17:00:00.848002", "opportunities_found": 0, "top_opportunities": [], "total_exposure": 0}
[2026年 03月 25日 星期三 01:00:00 CST] 知几-E 自动检查完成
[2026年 03月 25日 星期三 01:00:00 CST] 随机延迟 250秒...
[2026年 03月 25日 星期三 01:04:10 CST] 知几-E 自动检查开始...
{'weather_records': 189, 'market_records': 0, 'pending_opportunities': 0}
[2026-03-25 01:04:10.940990] 策略分析：{"strategy": "v2.1", "executed_at": "2026-03-24T17:04:10.940974", "opportunities_found": 0, "top_opportunities": [], "total_exposure": 0}
[2026年 03月 25日 星期三 01:04:10 CST] 知几-E 自动检查完成
[2026年 03月 25日 星期三 01:05:01 CST] 随机延迟 180秒...
[2026年 03月 25日 星期三 01:08:01 CST] 知几-E 自动检查开始...
{'weather_records': 189, 'market_records': 0, 'pending_opportunities': 0}
[2026-03-25 01:08:02.021585] 策略分析：{"strategy": "v2.1", "executed_at": "2026-03-24T17:08:02.021569", "opportunities_found": 0, "top_opportunities": [], "total_exposure": 0}
[2026年 03月 25日 星期三 01:08:02 CST] 知几-E 自动检查完成
[2026年 03月 25日 星期三 01:10:01 CST] 随机延迟 201秒...
[2026年 03月 25日 星期三 01:13:22 CST] 知几-E 自动检查开始...
{'weather_records': 189, 'market_records': 0, 'pending_opportunities': 0}
[2026-03-25 01:13:22.120634] 策略分析：{"strategy": "v2.1", "executed_at": "2026-03-24T17:13:22.120618", "opportunities_found": 0, "top_opportunities": [], "total_exposure": 0}
[2026年 03月 25日 星期三 01:13:22 CST] 知几-E 自动检查完成
[2026年 03月 25日 星期三 01:15:01 CST] 随机延迟 257秒...
[2026年 03月 25日 星期三 01:19:18 CST] 知几-E 自动检查开始...
{'weather_records': 189, 'market_records': 0, 'pending_opportunities': 0}
[2026-03-25 01:19:18.213207] 策略分析：{"strategy": "v2.1", "executed_at": "2026-03-24T17:19:18.213191", "opportunities_found": 0, "top_opportunities": [], "total_exposure": 0}
[2026年 03月 25日 星期三 01:19:18 CST] 知几-E 自动检查完成
[2026年 03月 25日 星期三 01:20:01 CST] 随机延迟 261秒...
[2026年 03月 25日 星期三 01:24:22 CST] 知几-E 自动检查开始...
{'weather_records': 189, 'market_records': 0, 'pending_opportunities': 0}
[2026-03-25 01:24:22.304848] 策略分析：{"strategy": "v2.1", "executed_at": "2026-03-24T17:24:22.304832", "opportunities_found": 0, "top_opportunities": [], "total_exposure": 0}
[2026年 03月 25日 星期三 01:24:22 CST] 知几-E 自动检查完成
[2026年 03月 25日 星期三 01:25:01 CST] 随机延迟 280秒...
[2026年 03月 25日 星期三 01:29:41 CST] 知几-E 自动检查开始...
{'weather_records': 189, 'market_records': 0, 'pending_opportunities': 0}
[2026-03-25 01:29:41.420426] 策略分析：{"strategy": "v2.1", "executed_at": "2026-03-24T17:29:41.420411", "opportunities_found": 0, "top_opportunities": [], "total_exposure": 0}
[2026年 03月 25日 星期三 01:29:41 CST] 知几-E 自动检查完成
[2026年 03月 25日 星期三 01:30:01 CST] 随机延迟 246秒...
[2026年 03月 25日 星期三 01:34:07 CST] 知几-E 自动检查开始...
{'weather_records': 189, 'market_records': 0, 'pending_opportunities': 0}
[2026-03-25 01:34:07.554162] 策略分析：{"strategy": "v2.1", "executed_at": "2026-03-24T17:34:07.554146", "opportunities_found": 0, "top_opportunities": [], "total_exposure": 0}
[2026年 03月 25日 星期三 01:34:07 CST] 知几-E 自动检查完成
[2026年 03月 25日 星期三 01:35:01 CST] 随机延迟 175秒...
[2026年 03月 25日 星期三 01:37:56 CST] 知几-E 自动检查开始...
{'weather_records': 189, 'market_records': 0, 'pending_opportunities': 0}
[2026-03-25 01:37:56.672662] 策略分析：{"strategy": "v2.1", "executed_at": "2026-03-24T17:37:56.672646", "opportunities_found": 0, "top_opportunities": [], "total_exposure": 0}
[2026年 03月 25日 星期三 01:37:56 CST] 知几-E 自动检查完成
[2026年 03月 25日 星期三 01:40:01 CST] 随机延迟 145秒...
[2026年 03月 25日 星期三 01:42:26 CST] 知几-E 自动检查开始...
{'weather_records': 189, 'market_records': 0, 'pending_opportunities': 0}
[2026-03-25 01:42:26.807514] 策略分析：{"strategy": "v2.1", "executed_at": "2026-03-24T17:42:26.807498", "opportunities_found": 0, "top_opportunities": [], "total_exposure": 0}
[2026年 03月 25日 星期三 01:42:26 CST] 知几-E 自动检查完成
[2026年 03月 25日 星期三 01:45:01 CST] 随机延迟 195秒...
[2026年 03月 25日 星期三 01:48:16 CST] 知几-E 自动检查开始...
{'weather_records': 189, 'market_records': 0, 'pending_opportunities': 0}
[2026-03-25 01:48:16.910715] 策略分析：{"strategy": "v2.1", "executed_at": "2026-03-24T17:48:16.910700", "opportunities_found": 0, "top_opportunities": [], "total_exposure": 0}
[2026年 03月 25日 星期三 01:48:16 CST] 知几-E 自动检查完成
[2026年 03月 25日 星期三 01:50:01 CST] 随机延迟 298秒...
[2026年 03月 25日 星期三 01:54:59 CST] 知几-E 自动检查开始...
{'weather_records': 189, 'market_records': 0, 'pending_opportunities': 0}
[2026-03-25 01:55:00.034940] 策略分析：{"strategy": "v2.1", "executed_at": "2026-03-24T17:55:00.034925", "opportunities_found": 0, "top_opportunities": [], "total_exposure": 0}
[2026年 03月 25日 星期三 01:55:00 CST] 知几-E 自动检查完成
[2026年 03月 25日 星期三 01:55:00 CST] 随机延迟 168秒...
[2026年 03月 25日 星期三 01:57:48 CST] 知几-E 自动检查开始...
{'weather_records': 189, 'market_records': 0, 'pending_opportunities': 0}
[2026-03-25 01:57:48.110065] 策略分析：{"strategy": "v2.1", "executed_at": "2026-03-24T17:57:48.110048", "opportunities_found": 0, "top_opportunities": [], "total_exposure": 0}
[2026年 03月 25日 星期三 01:57:48 CST] 知几-E 自动检查完成
[2026年 03月 25日 星期三 02:00:01 CST] 随机延迟 264秒...
[2026年 03月 25日 星期三 02:04:25 CST] 知几-E 自动检查开始...
{'weather_records': 189, 'market_records': 0, 'pending_opportunities': 0}
[2026-03-25 02:04:25.213849] 策略分析：{"strategy": "v2.1", "executed_at": "2026-03-24T18:04:25.213832", "opportunities_found": 0, "top_opportunities": [], "total_exposure": 0}
[2026年 03月 25日 星期三 02:04:25 CST] 知几-E 自动检查完成
[2026年 03月 25日 星期三 02:05:01 CST] 随机延迟 234秒...
[2026年 03月 25日 星期三 02:08:55 CST] 知几-E 自动检查开始...
{'weather_records': 189, 'market_records': 0, 'pending_opportunities': 0}
[2026-03-25 02:08:55.293660] 策略分析：{"strategy": "v2.1", "executed_at": "2026-03-24T18:08:55.293643", "opportunities_found": 0, "top_opportunities": [], "total_exposure": 0}
[2026年 03月 25日 星期三 02:08:55 CST] 知几-E 自动检查完成
[2026年 03月 25日 星期三 02:10:01 CST] 随机延迟 132秒...
[2026年 03月 25日 星期三 02:12:13 CST] 知几-E 自动检查开始...
{'weather_records': 189, 'market_records': 0, 'pending_opportunities': 0}
[2026-03-25 02:12:13.396646] 策略分析：{"strategy": "v2.1", "executed_at": "2026-03-24T18:12:13.396629", "opportunities_found": 0, "top_opportunities": [], "total_exposure": 0}
[2026年 03月 25日 星期三 02:12:13 CST] 知几-E 自动检查完成
[2026年 03月 25日 星期三 02:15:01 CST] 随机延迟 204秒...
[2026年 03月 25日 星期三 02:18:25 CST] 知几-E 自动检查开始...
{'weather_records': 189, 'market_records': 0, 'pending_opportunities': 0}
[2026-03-25 02:18:25.481483] 策略分析：{"strategy": "v2.1", "executed_at": "2026-03-24T18:18:25.481467", "opportunities_found": 0, "top_opportunities": [], "total_exposure": 0}
[2026年 03月 25日 星期三 02:18:25 CST] 知几-E 自动检查完成
[2026年 03月 25日 星期三 02:20:01 CST] 随机延迟 241秒...
[2026年 03月 25日 星期三 02:24:02 CST] 知几-E 自动检查开始...
{'weather_records': 189, 'market_records': 0, 'pending_opportunities': 0}
[2026-03-25 02:24:02.592408] 策略分析：{"strategy": "v2.1", "executed_at": "2026-03-24T18:24:02.592392", "opportunities_found": 0, "top_opportunities": [], "total_exposure": 0}
[2026年 03月 25日 星期三 02:24:02 CST] 知几-E 自动检查完成
[2026年 03月 25日 星期三 02:25:01 CST] 随机延迟 200秒...
[2026年 03月 25日 星期三 02:28:21 CST] 知几-E 自动检查开始...
{'weather_records': 189, 'market_records': 0, 'pending_opportunities': 0}
[2026-03-25 02:28:21.683769] 策略分析：{"strategy": "v2.1", "executed_at": "2026-03-24T18:28:21.683753", "opportunities_found": 0, "top_opportunities": [], "total_exposure": 0}
[2026年 03月 25日 星期三 02:28:21 CST] 知几-E 自动检查完成
[2026年 03月 25日 星期三 02:30:01 CST] 随机延迟 234秒...
[2026年 03月 25日 星期三 02:33:55 CST] 知几-E 自动检查开始...
{'weather_records': 189, 'market_records': 0, 'pending_opportunities': 0}
[2026-03-25 02:33:55.790891] 策略分析：{"strategy": "v2.1", "executed_at": "2026-03-24T18:33:55.790875", "opportunities_found": 0, "top_opportunities": [], "total_exposure": 0}
[2026年 03月 25日 星期三 02:33:55 CST] 知几-E 自动检查完成
[2026年 03月 25日 星期三 02:35:01 CST] 随机延迟 215秒...
[2026年 03月 25日 星期三 02:38:36 CST] 知几-E 自动检查开始...
{'weather_records': 189, 'market_records': 0, 'pending_opportunities': 0}
[2026-03-25 02:38:36.873229] 策略分析：{"strategy": "v2.1", "executed_at": "2026-03-24T18:38:36.873214", "opportunities_found": 0, "top_opportunities": [], "total_exposure": 0}
[2026年 03月 25日 星期三 02:38:36 CST] 知几-E 自动检查完成
[2026年 03月 25日 星期三 02:40:01 CST] 随机延迟 225秒...
[2026年 03月 25日 星期三 02:43:46 CST] 知几-E 自动检查开始...
{'weather_records': 189, 'market_records': 0, 'pending_opportunities': 0}
[2026-03-25 02:43:46.959623] 策略分析：{"strategy": "v2.1", "executed_at": "2026-03-24T18:43:46.959607", "opportunities_found": 0, "top_opportunities": [], "total_exposure": 0}
[2026年 03月 25日 星期三 02:43:46 CST] 知几-E 自动检查完成
[2026年 03月 25日 星期三 02:45:01 CST] 随机延迟 287秒...
[2026年 03月 25日 星期三 02:49:48 CST] 知几-E 自动检查开始...
{'weather_records': 189, 'market_records': 0, 'pending_opportunities': 0}
[2026-03-25 02:49:49.042484] 策略分析：{"strategy": "v2.1", "executed_at": "2026-03-24T18:49:49.042469", "opportunities_found": 0, "top_opportunities": [], "total_exposure": 0}
[2026年 03月 25日 星期三 02:49:49 CST] 知几-E 自动检查完成
[2026年 03月 25日 星期三 02:50:01 CST] 随机延迟 180秒...
[2026年 03月 25日 星期三 02:53:01 CST] 知几-E 自动检查开始...
{'weather_records': 189, 'market_records': 0, 'pending_opportunities': 0}
[2026-03-25 02:53:01.153172] 策略分析：{"strategy": "v2.1", "executed_at": "2026-03-24T18:53:01.153157", "opportunities_found": 0, "top_opportunities": [], "total_exposure": 0}
[2026年 03月 25日 星期三 02:53:01 CST] 知几-E 自动检查完成
[2026年 03月 25日 星期三 02:55:01 CST] 随机延迟 139秒...
[2026年 03月 25日 星期三 02:57:20 CST] 知几-E 自动检查开始...
{'weather_records': 189, 'market_records': 0, 'pending_opportunities': 0}
[2026-03-25 02:57:20.239256] 策略分析：{"strategy": "v2.1", "executed_at": "2026-03-24T18:57:20.239241", "opportunities_found": 0, "top_opportunities": [], "total_exposure": 0}
[2026年 03月 25日 星期三 02:57:20 CST] 知几-E 自动检查完成
[2026年 03月 25日 星期三 03:00:01 CST] 随机延迟 142秒...
[2026年 03月 25日 星期三 03:02:23 CST] 知几-E 自动检查开始...
{'weather_records': 189, 'market_records': 0, 'pending_opportunities': 0}
[2026-03-25 03:02:23.346298] 策略分析：{"strategy": "v2.1", "executed_at": "2026-03-24T19:02:23.346282", "opportunities_found": 0, "top_opportunities": [], "total_exposure": 0}
[2026年 03月 25日 星期三 03:02:23 CST] 知几-E 自动检查完成
[2026年 03月 25日 星期三 03:05:01 CST] 随机延迟 255秒...
[2026年 03月 25日 星期三 03:09:16 CST] 知几-E 自动检查开始...
{'weather_records': 189, 'market_records': 0, 'pending_opportunities': 0}
[2026-03-25 03:09:16.430256] 策略分析：{"strategy": "v2.1", "executed_at": "2026-03-24T19:09:16.430240", "opportunities_found": 0, "top_opportunities": [], "total_exposure": 0}
[2026年 03月 25日 星期三 03:09:16 CST] 知几-E 自动检查完成
[2026年 03月 25日 星期三 03:10:01 CST] 随机延迟 141秒...
[2026年 03月 25日 星期三 03:12:22 CST] 知几-E 自动检查开始...
{'weather_records': 189, 'market_records': 0, 'pending_opportunities': 0}
[2026-03-25 03:12:22.533791] 策略分析：{"strategy": "v2.1", "executed_at": "2026-03-24T19:12:22.533774", "opportunities_found": 0, "top_opportunities": [], "total_exposure": 0}
[2026年 03月 25日 星期三 03:12:22 CST] 知几-E 自动检查完成
[2026年 03月 25日 星期三 03:15:01 CST] 随机延迟 287秒...
[2026年 03月 25日 星期三 03:19:48 CST] 知几-E 自动检查开始...
{'weather_records': 189, 'market_records': 0, 'pending_opportunities': 0}
[2026-03-25 03:19:48.623177] 策略分析：{"strategy": "v2.1", "executed_at": "2026-03-24T19:19:48.623161", "opportunities_found": 0, "top_opportunities": [], "total_exposure": 0}
[2026年 03月 25日 星期三 03:19:48 CST] 知几-E 自动检查完成
[2026年 03月 25日 星期三 03:20:01 CST] 随机延迟 191秒...
[2026年 03月 25日 星期三 03:23:12 CST] 知几-E 自动检查开始...
{'weather_records': 189, 'market_records': 0, 'pending_opportunities': 0}
[2026-03-25 03:23:12.731883] 策略分析：{"strategy": "v2.1", "executed_at": "2026-03-24T19:23:12.731868", "opportunities_found": 0, "top_opportunities": [], "total_exposure": 0}
[2026年 03月 25日 星期三 03:23:12 CST] 知几-E 自动检查完成
[2026年 03月 25日 星期三 03:25:01 CST] 随机延迟 224秒...
[2026年 03月 25日 星期三 03:28:45 CST] 知几-E 自动检查开始...
{'weather_records': 189, 'market_records': 0, 'pending_opportunities': 0}
[2026-03-25 03:28:45.821967] 策略分析：{"strategy": "v2.1", "executed_at": "2026-03-24T19:28:45.821951", "opportunities_found": 0, "top_opportunities": [], "total_exposure": 0}
[2026年 03月 25日 星期三 03:28:45 CST] 知几-E 自动检查完成
[2026年 03月 25日 星期三 03:30:01 CST] 随机延迟 194秒...
[2026年 03月 25日 星期三 03:33:15 CST] 知几-E 自动检查开始...
{'weather_records': 189, 'market_records': 0, 'pending_opportunities': 0}
[2026-03-25 03:33:15.927118] 策略分析：{"strategy": "v2.1", "executed_at": "2026-03-24T19:33:15.927102", "opportunities_found": 0, "top_opportunities": [], "total_exposure": 0}
[2026年 03月 25日 星期三 03:33:15 CST] 知几-E 自动检查完成
[2026年 03月 25日 星期三 03:35:01 CST] 随机延迟 210秒...
[2026年 03月 25日 星期三 03:38:31 CST] 知几-E 自动检查开始...
{'weather_records': 189, 'market_records': 0, 'pending_opportunities': 0}
[2026-03-25 03:38:32.013259] 策略分析：{"strategy": "v2.1", "executed_at": "2026-03-24T19:38:32.013242", "opportunities_found": 0, "top_opportunities": [], "total_exposure": 0}
[2026年 03月 25日 星期三 03:38:32 CST] 知几-E 自动检查完成
[2026年 03月 25日 星期三 03:40:01 CST] 随机延迟 270秒...
[2026年 03月 25日 星期三 03:44:31 CST] 知几-E 自动检查开始...
{'weather_records': 189, 'market_records': 0, 'pending_opportunities': 0}
[2026-03-25 03:44:31.115172] 策略分析：{"strategy": "v2.1", "executed_at": "2026-03-24T19:44:31.115156", "opportunities_found": 0, "top_opportunities": [], "total_exposure": 0}
[2026年 03月 25日 星期三 03:44:31 CST] 知几-E 自动检查完成
[2026年 03月 25日 星期三 03:45:01 CST] 随机延迟 208秒...
[2026年 03月 25日 星期三 03:48:29 CST] 知几-E 自动检查开始...
{'weather_records': 189, 'market_records': 0, 'pending_opportunities': 0}
[2026-03-25 03:48:29.198876] 策略分析：{"strategy": "v2.1", "executed_at": "2026-03-24T19:48:29.198860", "opportunities_found": 0, "top_opportunities": [], "total_exposure": 0}
[2026年 03月 25日 星期三 03:48:29 CST] 知几-E 自动检查完成
[2026年 03月 25日 星期三 03:50:01 CST] 随机延迟 252秒...
[2026年 03月 25日 星期三 03:54:13 CST] 知几-E 自动检查开始...
{'weather_records': 189, 'market_records': 0, 'pending_opportunities': 0}
[2026-03-25 03:54:13.302472] 策略分析：{"strategy": "v2.1", "executed_at": "2026-03-24T19:54:13.302456", "opportunities_found": 0, "top_opportunities": [], "total_exposure": 0}
[2026年 03月 25日 星期三 03:54:13 CST] 知几-E 自动检查完成
[2026年 03月 25日 星期三 03:55:01 CST] 随机延迟 135秒...
[2026年 03月 25日 星期三 03:57:16 CST] 知几-E 自动检查开始...
{'weather_records': 189, 'market_records': 0, 'pending_opportunities': 0}
[2026-03-25 03:57:16.387186] 策略分析：{"strategy": "v2.1", "executed_at": "2026-03-24T19:57:16.387170", "opportunities_found": 0, "top_opportunities": [], "total_exposure": 0}
[2026年 03月 25日 星期三 03:57:16 CST] 知几-E 自动检查完成
[2026年 03月 25日 星期三 04:00:01 CST] 随机延迟 151秒...
[2026年 03月 25日 星期三 04:02:32 CST] 知几-E 自动检查开始...
{'weather_records': 189, 'market_records': 0, 'pending_opportunities': 0}
[2026-03-25 04:02:32.489693] 策略分析：{"strategy": "v2.1", "executed_at": "2026-03-24T20:02:32.489677", "opportunities_found": 0, "top_opportunities": [], "total_exposure": 0}
[2026年 03月 25日 星期三 04:02:32 CST] 知几-E 自动检查完成
[2026年 03月 25日 星期三 04:05:01 CST] 随机延迟 289秒...
[2026年 03月 25日 星期三 04:09:50 CST] 知几-E 自动检查开始...
{'weather_records': 189, 'market_records': 0, 'pending_opportunities': 0}
[2026-03-25 04:09:50.578949] 策略分析：{"strategy": "v2.1", "executed_at": "2026-03-24T20:09:50.578933", "opportunities_found": 0, "top_opportunities": [], "total_exposure": 0}
[2026年 03月 25日 星期三 04:09:50 CST] 知几-E 自动检查完成
[2026年 03月 25日 星期三 04:10:01 CST] 随机延迟 185秒...
[2026年 03月 25日 星期三 04:13:06 CST] 知几-E 自动检查开始...
{'weather_records': 189, 'market_records': 0, 'pending_opportunities': 0}
[2026-03-25 04:13:06.687062] 策略分析：{"strategy": "v2.1", "executed_at": "2026-03-24T20:13:06.687046", "opportunities_found": 0, "top_opportunities": [], "total_exposure": 0}
[2026年 03月 25日 星期三 04:13:06 CST] 知几-E 自动检查完成
[2026年 03月 25日 星期三 04:15:01 CST] 随机延迟 241秒...
[2026年 03月 25日 星期三 04:19:02 CST] 知几-E 自动检查开始...
{'weather_records': 189, 'market_records': 0, 'pending_opportunities': 0}
[2026-03-25 04:19:02.775301] 策略分析：{"strategy": "v2.1", "executed_at": "2026-03-24T20:19:02.775285", "opportunities_found": 0, "top_opportunities": [], "total_exposure": 0}
[2026年 03月 25日 星期三 04:19:02 CST] 知几-E 自动检查完成
[2026年 03月 25日 星期三 04:20:01 CST] 随机延迟 163秒...
[2026年 03月 25日 星期三 04:22:44 CST] 知几-E 自动检查开始...
{'weather_records': 189, 'market_records': 0, 'pending_opportunities': 0}
[2026-03-25 04:22:44.882099] 策略分析：{"strategy": "v2.1", "executed_at": "2026-03-24T20:22:44.882083", "opportunities_found": 0, "top_opportunities": [], "total_exposure": 0}
[2026年 03月 25日 星期三 04:22:44 CST] 知几-E 自动检查完成
[2026年 03月 25日 星期三 04:25:01 CST] 随机延迟 141秒...
[2026年 03月 25日 星期三 04:27:22 CST] 知几-E 自动检查开始...
{'weather_records': 189, 'market_records': 0, 'pending_opportunities': 0}
[2026-03-25 04:27:22.970170] 策略分析：{"strategy": "v2.1", "executed_at": "2026-03-24T20:27:22.970154", "opportunities_found": 0, "top_opportunities": [], "total_exposure": 0}
[2026年 03月 25日 星期三 04:27:22 CST] 知几-E 自动检查完成
[2026年 03月 25日 星期三 04:30:02 CST] 随机延迟 172秒...
[2026年 03月 25日 星期三 04:32:54 CST] 知几-E 自动检查开始...
{'weather_records': 189, 'market_records': 0, 'pending_opportunities': 0}
[2026-03-25 04:32:54.083213] 策略分析：{"strategy": "v2.1", "executed_at": "2026-03-24T20:32:54.083197", "opportunities_found": 0, "top_opportunities": [], "total_exposure": 0}
[2026年 03月 25日 星期三 04:32:54 CST] 知几-E 自动检查完成
[2026年 03月 25日 星期三 04:35:01 CST] 随机延迟 222秒...
[2026年 03月 25日 星期三 04:38:43 CST] 知几-E 自动检查开始...
{'weather_records': 189, 'market_records': 0, 'pending_opportunities': 0}
[2026-03-25 04:38:43.163986] 策略分析：{"strategy": "v2.1", "executed_at": "2026-03-24T20:38:43.163969", "opportunities_found": 0, "top_opportunities": [], "total_exposure": 0}
[2026年 03月 25日 星期三 04:38:43 CST] 知几-E 自动检查完成
[2026年 03月 25日 星期三 04:40:01 CST] 随机延迟 280秒...
[2026年 03月 25日 星期三 04:44:41 CST] 知几-E 自动检查开始...
{'weather_records': 189, 'market_records': 0, 'pending_opportunities': 0}
[2026-03-25 04:44:41.285746] 策略分析：{"strategy": "v2.1", "executed_at": "2026-03-24T20:44:41.285729", "opportunities_found": 0, "top_opportunities": [], "total_exposure": 0}
[2026年 03月 25日 星期三 04:44:41 CST] 知几-E 自动检查完成
[2026年 03月 25日 星期三 04:45:01 CST] 随机延迟 236秒...
[2026年 03月 25日 星期三 04:48:57 CST] 知几-E 自动检查开始...
{'weather_records': 189, 'market_records': 0, 'pending_opportunities': 0}
[2026-03-25 04:48:57.405107] 策略分析：{"strategy": "v2.1", "executed_at": "2026-03-24T20:48:57.405089", "opportunities_found": 0, "top_opportunities": [], "total_exposure": 0}
[2026年 03月 25日 星期三 04:48:57 CST] 知几-E 自动检查完成
[2026年 03月 25日 星期三 04:50:01 CST] 随机延迟 240秒...
[2026年 03月 25日 星期三 04:54:01 CST] 知几-E 自动检查开始...
{'weather_records': 189, 'market_records': 0, 'pending_opportunities': 0}
[2026-03-25 04:54:01.540416] 策略分析：{"strategy": "v2.1", "executed_at": "2026-03-24T20:54:01.540400", "opportunities_found": 0, "top_opportunities": [], "total_exposure": 0}
[2026年 03月 25日 星期三 04:54:01 CST] 知几-E 自动检查完成
[2026年 03月 25日 星期三 04:55:01 CST] 随机延迟 196秒...
[2026年 03月 25日 星期三 04:58:17 CST] 知几-E 自动检查开始...
{'weather_records': 189, 'market_records': 0, 'pending_opportunities': 0}
[2026-03-25 04:58:17.649704] 策略分析：{"strategy": "v2.1", "executed_at": "2026-03-24T20:58:17.649688", "opportunities_found": 0, "top_opportunities": [], "total_exposure": 0}
[2026年 03月 25日 星期三 04:58:17 CST] 知几-E 自动检查完成
[2026年 03月 25日 星期三 05:00:01 CST] 随机延迟 183秒...
[2026年 03月 25日 星期三 05:03:04 CST] 知几-E 自动检查开始...
{'weather_records': 189, 'market_records': 0, 'pending_opportunities': 0}
[2026-03-25 05:03:04.775976] 策略分析：{"strategy": "v2.1", "executed_at": "2026-03-24T21:03:04.775960", "opportunities_found": 0, "top_opportunities": [], "total_exposure": 0}
[2026年 03月 25日 星期三 05:03:04 CST] 知几-E 自动检查完成
[2026年 03月 25日 星期三 05:05:01 CST] 随机延迟 282秒...
[2026年 03月 25日 星期三 05:09:43 CST] 知几-E 自动检查开始...
{'weather_records': 189, 'market_records': 0, 'pending_opportunities': 0}
[2026-03-25 05:09:43.882445] 策略分析：{"strategy": "v2.1", "executed_at": "2026-03-24T21:09:43.882430", "opportunities_found": 0, "top_opportunities": [], "total_exposure": 0}
[2026年 03月 25日 星期三 05:09:43 CST] 知几-E 自动检查完成
[2026年 03月 25日 星期三 05:10:01 CST] 随机延迟 122秒...
[2026年 03月 25日 星期三 05:12:03 CST] 知几-E 自动检查开始...
{'weather_records': 189, 'market_records': 0, 'pending_opportunities': 0}
[2026-03-25 05:12:04.004827] 策略分析：{"strategy": "v2.1", "executed_at": "2026-03-24T21:12:04.004810", "opportunities_found": 0, "top_opportunities": [], "total_exposure": 0}
[2026年 03月 25日 星期三 05:12:04 CST] 知几-E 自动检查完成
[2026年 03月 25日 星期三 05:15:01 CST] 随机延迟 171秒...
[2026年 03月 25日 星期三 05:17:52 CST] 知几-E 自动检查开始...
{'weather_records': 189, 'market_records': 0, 'pending_opportunities': 0}
[2026-03-25 05:17:52.094594] 策略分析：{"strategy": "v2.1", "executed_at": "2026-03-24T21:17:52.094578", "opportunities_found": 0, "top_opportunities": [], "total_exposure": 0}
[2026年 03月 25日 星期三 05:17:52 CST] 知几-E 自动检查完成
[2026年 03月 25日 星期三 05:20:01 CST] 随机延迟 298秒...
[2026年 03月 25日 星期三 05:24:59 CST] 知几-E 自动检查开始...
{'weather_records': 189, 'market_records': 0, 'pending_opportunities': 0}
[2026-03-25 05:24:59.199856] 策略分析：{"strategy": "v2.1", "executed_at": "2026-03-24T21:24:59.199840", "opportunities_found": 0, "top_opportunities": [], "total_exposure": 0}
[2026年 03月 25日 星期三 05:24:59 CST] 知几-E 自动检查完成
[2026年 03月 25日 星期三 05:25:01 CST] 随机延迟 212秒...
[2026年 03月 25日 星期三 05:28:33 CST] 知几-E 自动检查开始...
{'weather_records': 189, 'market_records': 0, 'pending_opportunities': 0}
[2026-03-25 05:28:33.282892] 策略分析：{"strategy": "v2.1", "executed_at": "2026-03-24T21:28:33.282877", "opportunities_found": 0, "top_opportunities": [], "total_exposure": 0}
[2026年 03月 25日 星期三 05:28:33 CST] 知几-E 自动检查完成
[2026年 03月 25日 星期三 05:30:01 CST] 随机延迟 219秒...
[2026年 03月 25日 星期三 05:33:40 CST] 知几-E 自动检查开始...
{'weather_records': 189, 'market_records': 0, 'pending_opportunities': 0}
[2026-03-25 05:33:40.389090] 策略分析：{"strategy": "v2.1", "executed_at": "2026-03-24T21:33:40.389074", "opportunities_found": 0, "top_opportunities": [], "total_exposure": 0}
[2026年 03月 25日 星期三 05:33:40 CST] 知几-E 自动检查完成
[2026年 03月 25日 星期三 05:35:01 CST] 随机延迟 171秒...
[2026年 03月 25日 星期三 05:37:52 CST] 知几-E 自动检查开始...
{'weather_records': 189, 'market_records': 0, 'pending_opportunities': 0}
[2026-03-25 05:37:52.474993] 策略分析：{"strategy": "v2.1", "executed_at": "2026-03-24T21:37:52.474978", "opportunities_found": 0, "top_opportunities": [], "total_exposure": 0}
[2026年 03月 25日 星期三 05:37:52 CST] 知几-E 自动检查完成
[2026年 03月 25日 星期三 05:40:01 CST] 随机延迟 198秒...
[2026年 03月 25日 星期三 05:43:19 CST] 知几-E 自动检查开始...
{'weather_records': 189, 'market_records': 0, 'pending_opportunities': 0}
[2026-03-25 05:43:19.577112] 策略分析：{"strategy": "v2.1", "executed_at": "2026-03-24T21:43:19.577095", "opportunities_found": 0, "top_opportunities": [], "total_exposure": 0}
[2026年 03月 25日 星期三 05:43:19 CST] 知几-E 自动检查完成
[2026年 03月 25日 星期三 05:45:01 CST] 随机延迟 172秒...
[2026年 03月 25日 星期三 05:47:53 CST] 知几-E 自动检查开始...
{'weather_records': 189, 'market_records': 0, 'pending_opportunities': 0}
[2026-03-25 05:47:53.661871] 策略分析：{"strategy": "v2.1", "executed_at": "2026-03-24T21:47:53.661855", "opportunities_found": 0, "top_opportunities": [], "total_exposure": 0}
[2026年 03月 25日 星期三 05:47:53 CST] 知几-E 自动检查完成
[2026年 03月 25日 星期三 05:50:01 CST] 随机延迟 187秒...
[2026年 03月 25日 星期三 05:53:08 CST] 知几-E 自动检查开始...
{'weather_records': 189, 'market_records': 0, 'pending_opportunities': 0}
[2026-03-25 05:53:08.771709] 策略分析：{"strategy": "v2.1", "executed_at": "2026-03-24T21:53:08.771693", "opportunities_found": 0, "top_opportunities": [], "total_exposure": 0}
[2026年 03月 25日 星期三 05:53:08 CST] 知几-E 自动检查完成
[2026年 03月 25日 星期三 05:55:01 CST] 随机延迟 184秒...
[2026年 03月 25日 星期三 05:58:05 CST] 知几-E 自动检查开始...
{'weather_records': 189, 'market_records': 0, 'pending_opportunities': 0}
[2026-03-25 05:58:05.855311] 策略分析：{"strategy": "v2.1", "executed_at": "2026-03-24T21:58:05.855294", "opportunities_found": 0, "top_opportunities": [], "total_exposure": 0}
[2026年 03月 25日 星期三 05:58:05 CST] 知几-E 自动检查完成
[2026年 03月 25日 星期三 06:00:01 CST] 随机延迟 293秒...
[2026年 03月 25日 星期三 06:04:54 CST] 知几-E 自动检查开始...
{'weather_records': 189, 'market_records': 0, 'pending_opportunities': 0}
[2026-03-25 06:04:54.964432] 策略分析：{"strategy": "v2.1", "executed_at": "2026-03-24T22:04:54.964412", "opportunities_found": 0, "top_opportunities": [], "total_exposure": 0}
[2026年 03月 25日 星期三 06:04:54 CST] 知几-E 自动检查完成
[2026年 03月 25日 星期三 06:05:01 CST] 随机延迟 194秒...
[2026年 03月 25日 星期三 06:08:15 CST] 知几-E 自动检查开始...
{'weather_records': 189, 'market_records': 0, 'pending_opportunities': 0}
[2026-03-25 06:08:16.056150] 策略分析：{"strategy": "v2.1", "executed_at": "2026-03-24T22:08:16.056134", "opportunities_found": 0, "top_opportunities": [], "total_exposure": 0}
[2026年 03月 25日 星期三 06:08:16 CST] 知几-E 自动检查完成
[2026年 03月 25日 星期三 06:10:01 CST] 随机延迟 135秒...
[2026年 03月 25日 星期三 06:12:16 CST] 知几-E 自动检查开始...
{'weather_records': 189, 'market_records': 0, 'pending_opportunities': 0}
[2026-03-25 06:12:16.166467] 策略分析：{"strategy": "v2.1", "executed_at": "2026-03-24T22:12:16.166448", "opportunities_found": 0, "top_opportunities": [], "total_exposure": 0}
[2026年 03月 25日 星期三 06:12:16 CST] 知几-E 自动检查完成
[2026年 03月 25日 星期三 06:15:01 CST] 随机延迟 154秒...
[2026年 03月 25日 星期三 06:17:35 CST] 知几-E 自动检查开始...
{'weather_records': 189, 'market_records': 0, 'pending_opportunities': 0}
[2026-03-25 06:17:35.255958] 策略分析：{"strategy": "v2.1", "executed_at": "2026-03-24T22:17:35.255942", "opportunities_found": 0, "top_opportunities": [], "total_exposure": 0}
[2026年 03月 25日 星期三 06:17:35 CST] 知几-E 自动检查完成
[2026年 03月 25日 星期三 06:20:01 CST] 随机延迟 126秒...
[2026年 03月 25日 星期三 06:22:07 CST] 知几-E 自动检查开始...
{'weather_records': 189, 'market_records': 0, 'pending_opportunities': 0}
[2026-03-25 06:22:07.365438] 策略分析：{"strategy": "v2.1", "executed_at": "2026-03-24T22:22:07.365423", "opportunities_found": 0, "top_opportunities": [], "total_exposure": 0}
[2026年 03月 25日 星期三 06:22:07 CST] 知几-E 自动检查完成
[2026年 03月 25日 星期三 06:25:01 CST] 随机延迟 124秒...
[2026年 03月 25日 星期三 06:27:05 CST] 知几-E 自动检查开始...
{'weather_records': 189, 'market_records': 0, 'pending_opportunities': 0}
[2026-03-25 06:27:05.450979] 策略分析：{"strategy": "v2.1", "executed_at": "2026-03-24T22:27:05.450964", "opportunities_found": 0, "top_opportunities": [], "total_exposure": 0}
[2026年 03月 25日 星期三 06:27:05 CST] 知几-E 自动检查完成
[2026年 03月 25日 星期三 06:30:01 CST] 随机延迟 237秒...
[2026年 03月 25日 星期三 06:33:58 CST] 知几-E 自动检查开始...
{'weather_records': 189, 'market_records': 0, 'pending_opportunities': 0}
[2026-03-25 06:33:58.556885] 策略分析：{"strategy": "v2.1", "executed_at": "2026-03-24T22:33:58.556869", "opportunities_found": 0, "top_opportunities": [], "total_exposure": 0}
[2026年 03月 25日 星期三 06:33:58 CST] 知几-E 自动检查完成
[2026年 03月 25日 星期三 06:35:01 CST] 随机延迟 261秒...
[2026年 03月 25日 星期三 06:39:22 CST] 知几-E 自动检查开始...
{'weather_records': 189, 'market_records': 0, 'pending_opportunities': 0}
[2026-03-25 06:39:22.642471] 策略分析：{"strategy": "v2.1", "executed_at": "2026-03-24T22:39:22.642456", "opportunities_found": 0, "top_opportunities": [], "total_exposure": 0}
[2026年 03月 25日 星期三 06:39:22 CST] 知几-E 自动检查完成
[2026年 03月 25日 星期三 06:40:01 CST] 随机延迟 187秒...
[2026年 03月 25日 星期三 06:43:08 CST] 知几-E 自动检查开始...
{'weather_records': 189, 'market_records': 0, 'pending_opportunities': 0}
[2026-03-25 06:43:08.750057] 策略分析：{"strategy": "v2.1", "executed_at": "2026-03-24T22:43:08.750041", "opportunities_found": 0, "top_opportunities": [], "total_exposure": 0}
[2026年 03月 25日 星期三 06:43:08 CST] 知几-E 自动检查完成
[2026年 03月 25日 星期三 06:45:01 CST] 随机延迟 280秒...
[2026年 03月 25日 星期三 06:49:41 CST] 知几-E 自动检查开始...
{'weather_records': 189, 'market_records': 0, 'pending_opportunities': 0}
[2026-03-25 06:49:41.833467] 策略分析：{"strategy": "v2.1", "executed_at": "2026-03-24T22:49:41.833452", "opportunities_found": 0, "top_opportunities": [], "total_exposure": 0}
[2026年 03月 25日 星期三 06:49:41 CST] 知几-E 自动检查完成
[2026年 03月 25日 星期三 06:50:01 CST] 随机延迟 290秒...
[2026年 03月 25日 星期三 06:54:51 CST] 知几-E 自动检查开始...
{'weather_records': 189, 'market_records': 0, 'pending_opportunities': 0}
[2026-03-25 06:54:51.939610] 策略分析：{"strategy": "v2.1", "executed_at": "2026-03-24T22:54:51.939594", "opportunities_found": 0, "top_opportunities": [], "total_exposure": 0}
[2026年 03月 25日 星期三 06:54:51 CST] 知几-E 自动检查完成
[2026年 03月 25日 星期三 06:55:01 CST] 随机延迟 149秒...
[2026年 03月 25日 星期三 06:57:30 CST] 知几-E 自动检查开始...
{'weather_records': 189, 'market_records': 0, 'pending_opportunities': 0}
[2026-03-25 06:57:31.023252] 策略分析：{"strategy": "v2.1", "executed_at": "2026-03-24T22:57:31.023236", "opportunities_found": 0, "top_opportunities": [], "total_exposure": 0}
[2026年 03月 25日 星期三 06:57:31 CST] 知几-E 自动检查完成
[2026年 03月 25日 星期三 07:00:01 CST] 随机延迟 174秒...
[2026年 03月 25日 星期三 07:02:55 CST] 知几-E 自动检查开始...
{'weather_records': 189, 'market_records': 0, 'pending_opportunities': 0}
[2026-03-25 07:02:55.153482] 策略分析：{"strategy": "v2.1", "executed_at": "2026-03-24T23:02:55.153466", "opportunities_found": 0, "top_opportunities": [], "total_exposure": 0}
[2026年 03月 25日 星期三 07:02:55 CST] 知几-E 自动检查完成
[2026年 03月 25日 星期三 07:05:01 CST] 随机延迟 155秒...
[2026年 03月 25日 星期三 07:07:36 CST] 知几-E 自动检查开始...
{'weather_records': 189, 'market_records': 0, 'pending_opportunities': 0}
[2026-03-25 07:07:36.241516] 策略分析：{"strategy": "v2.1", "executed_at": "2026-03-24T23:07:36.241500", "opportunities_found": 0, "top_opportunities": [], "total_exposure": 0}
[2026年 03月 25日 星期三 07:07:36 CST] 知几-E 自动检查完成
[2026年 03月 25日 星期三 07:10:01 CST] 随机延迟 198秒...
[2026年 03月 25日 星期三 07:13:19 CST] 知几-E 自动检查开始...
{'weather_records': 189, 'market_records': 0, 'pending_opportunities': 0}
[2026-03-25 07:13:19.350902] 策略分析：{"strategy": "v2.1", "executed_at": "2026-03-24T23:13:19.350885", "opportunities_found": 0, "top_opportunities": [], "total_exposure": 0}
[2026年 03月 25日 星期三 07:13:19 CST] 知几-E 自动检查完成
[2026年 03月 25日 星期三 07:15:01 CST] 随机延迟 296秒...
[2026年 03月 25日 星期三 07:19:57 CST] 知几-E 自动检查开始...
{'weather_records': 189, 'market_records': 0, 'pending_opportunities': 0}
[2026-03-25 07:19:57.440894] 策略分析：{"strategy": "v2.1", "executed_at": "2026-03-24T23:19:57.440878", "opportunities_found": 0, "top_opportunities": [], "total_exposure": 0}
[2026年 03月 25日 星期三 07:19:57 CST] 知几-E 自动检查完成
[2026年 03月 25日 星期三 07:20:01 CST] 随机延迟 266秒...
[2026年 03月 25日 星期三 07:24:27 CST] 知几-E 自动检查开始...
{'weather_records': 189, 'market_records': 0, 'pending_opportunities': 0}
[2026-03-25 07:24:27.551791] 策略分析：{"strategy": "v2.1", "executed_at": "2026-03-24T23:24:27.551775", "opportunities_found": 0, "top_opportunities": [], "total_exposure": 0}
[2026年 03月 25日 星期三 07:24:27 CST] 知几-E 自动检查完成
[2026年 03月 25日 星期三 07:25:01 CST] 随机延迟 297秒...
[2026年 03月 25日 星期三 07:29:58 CST] 知几-E 自动检查开始...
{'weather_records': 189, 'market_records': 0, 'pending_opportunities': 0}
[2026-03-25 07:29:58.636517] 策略分析：{"strategy": "v2.1", "executed_at": "2026-03-24T23:29:58.636500", "opportunities_found": 0, "top_opportunities": [], "total_exposure": 0}
[2026年 03月 25日 星期三 07:29:58 CST] 知几-E 自动检查完成
[2026年 03月 25日 星期三 07:30:01 CST] 随机延迟 174秒...
[2026年 03月 25日 星期三 07:32:55 CST] 知几-E 自动检查开始...
{'weather_records': 189, 'market_records': 0, 'pending_opportunities': 0}
[2026-03-25 07:32:55.759073] 策略分析：{"strategy": "v2.1", "executed_at": "2026-03-24T23:32:55.759057", "opportunities_found": 0, "top_opportunities": [], "total_exposure": 0}
[2026年 03月 25日 星期三 07:32:55 CST] 知几-E 自动检查完成
[2026年 03月 25日 星期三 07:35:01 CST] 随机延迟 205秒...
[2026年 03月 25日 星期三 07:38:26 CST] 知几-E 自动检查开始...
{'weather_records': 189, 'market_records': 0, 'pending_opportunities': 0}
[2026-03-25 07:38:26.875092] 策略分析：{"strategy": "v2.1", "executed_at": "2026-03-24T23:38:26.875071", "opportunities_found": 0, "top_opportunities": [], "total_exposure": 0}
[2026年 03月 25日 星期三 07:38:26 CST] 知几-E 自动检查完成
[2026年 03月 25日 星期三 07:40:01 CST] 随机延迟 181秒...
[2026年 03月 25日 星期三 07:43:02 CST] 知几-E 自动检查开始...
{'weather_records': 189, 'market_records': 0, 'pending_opportunities': 0}
[2026-03-25 07:43:03.002505] 策略分析：{"strategy": "v2.1", "executed_at": "2026-03-24T23:43:03.002489", "opportunities_found": 0, "top_opportunities": [], "total_exposure": 0}
[2026年 03月 25日 星期三 07:43:03 CST] 知几-E 自动检查完成
[2026年 03月 25日 星期三 07:45:01 CST] 随机延迟 273秒...
[2026年 03月 25日 星期三 07:49:34 CST] 知几-E 自动检查开始...
{'weather_records': 189, 'market_records': 0, 'pending_opportunities': 0}
[2026-03-25 07:49:34.085677] 策略分析：{"strategy": "v2.1", "executed_at": "2026-03-24T23:49:34.085661", "opportunities_found": 0, "top_opportunities": [], "total_exposure": 0}
[2026年 03月 25日 星期三 07:49:34 CST] 知几-E 自动检查完成
[2026年 03月 25日 星期三 07:50:01 CST] 随机延迟 154秒...
[2026年 03月 25日 星期三 07:52:35 CST] 知几-E 自动检查开始...
{'weather_records': 189, 'market_records': 0, 'pending_opportunities': 0}
[2026-03-25 07:52:35.193405] 策略分析：{"strategy": "v2.1", "executed_at": "2026-03-24T23:52:35.193387", "opportunities_found": 0, "top_opportunities": [], "total_exposure": 0}
[2026年 03月 25日 星期三 07:52:35 CST] 知几-E 自动检查完成
[2026年 03月 25日 星期三 07:55:01 CST] 随机延迟 230秒...
[2026年 03月 25日 星期三 07:58:51 CST] 知几-E 自动检查开始...
{'weather_records': 189, 'market_records': 0, 'pending_opportunities': 0}
[2026-03-25 07:58:51.278450] 策略分析：{"strategy": "v2.1", "executed_at": "2026-03-24T23:58:51.278434", "opportunities_found": 0, "top_opportunities": [], "total_exposure": 0}
[2026年 03月 25日 星期三 07:58:51 CST] 知几-E 自动检查完成
[2026年 03月 25日 星期三 08:00:01 CST] 随机延迟 278秒...
[2026年 03月 25日 星期三 08:04:39 CST] 知几-E 自动检查开始...
{'weather_records': 189, 'market_records': 0, 'pending_opportunities': 0}
[2026-03-25 08:04:39.427505] 策略分析：{"strategy": "v2.1", "executed_at": "2026-03-25T00:04:39.427489", "opportunities_found": 0, "top_opportunities": [], "total_exposure": 0}
[2026年 03月 25日 星期三 08:04:39 CST] 知几-E 自动检查完成
[2026年 03月 25日 星期三 08:05:01 CST] 随机延迟 196秒...
[2026年 03月 25日 星期三 08:08:17 CST] 知几-E 自动检查开始...
{'weather_records': 189, 'market_records': 0, 'pending_opportunities': 0}
[2026-03-25 08:08:17.513179] 策略分析：{"strategy": "v2.1", "executed_at": "2026-03-25T00:08:17.513156", "opportunities_found": 0, "top_opportunities": [], "total_exposure": 0}
[2026年 03月 25日 星期三 08:08:17 CST] 知几-E 自动检查完成
[2026年 03月 25日 星期三 08:10:01 CST] 随机延迟 239秒...
[2026年 03月 25日 星期三 08:14:00 CST] 知几-E 自动检查开始...
{'weather_records': 189, 'market_records': 0, 'pending_opportunities': 0}
[2026-03-25 08:14:00.627632] 策略分析：{"strategy": "v2.1", "executed_at": "2026-03-25T00:14:00.627616", "opportunities_found": 0, "top_opportunities": [], "total_exposure": 0}
[2026年 03月 25日 星期三 08:14:00 CST] 知几-E 自动检查完成
[2026年 03月 25日 星期三 08:15:01 CST] 随机延迟 213秒...
[2026年 03月 25日 星期三 08:18:34 CST] 知几-E 自动检查开始...
{'weather_records': 189, 'market_records': 0, 'pending_opportunities': 0}
[2026-03-25 08:18:34.713061] 策略分析：{"strategy": "v2.1", "executed_at": "2026-03-25T00:18:34.713044", "opportunities_found": 0, "top_opportunities": [], "total_exposure": 0}
[2026年 03月 25日 星期三 08:18:34 CST] 知几-E 自动检查完成
[2026年 03月 25日 星期三 08:20:01 CST] 随机延迟 298秒...
[2026年 03月 25日 星期三 08:24:59 CST] 知几-E 自动检查开始...
{'weather_records': 189, 'market_records': 0, 'pending_opportunities': 0}
[2026-03-25 08:24:59.815166] 策略分析：{"strategy": "v2.1", "executed_at": "2026-03-25T00:24:59.815150", "opportunities_found": 0, "top_opportunities": [], "total_exposure": 0}
[2026年 03月 25日 星期三 08:24:59 CST] 知几-E 自动检查完成
[2026年 03月 25日 星期三 08:25:01 CST] 随机延迟 122秒...
[2026年 03月 25日 星期三 08:27:03 CST] 知几-E 自动检查开始...
{'weather_records': 189, 'market_records': 0, 'pending_opportunities': 0}
[2026-03-25 08:27:03.897866] 策略分析：{"strategy": "v2.1", "executed_at": "2026-03-25T00:27:03.897850", "opportunities_found": 0, "top_opportunities": [], "total_exposure": 0}
[2026年 03月 25日 星期三 08:27:03 CST] 知几-E 自动检查完成
[2026年 03月 25日 星期三 08:30:01 CST] 随机延迟 164秒...
[2026年 03月 25日 星期三 08:32:45 CST] 知几-E 自动检查开始...
{'weather_records': 189, 'market_records': 0, 'pending_opportunities': 0}
[2026-03-25 08:32:46.008818] 策略分析：{"strategy": "v2.1", "executed_at": "2026-03-25T00:32:46.008803", "opportunities_found": 0, "top_opportunities": [], "total_exposure": 0}
[2026年 03月 25日 星期三 08:32:46 CST] 知几-E 自动检查完成
[2026年 03月 25日 星期三 08:35:01 CST] 随机延迟 274秒...
[2026年 03月 25日 星期三 08:39:10 CST] 随机延迟 16秒...
[2026年 03月 25日 星期三 08:39:26 CST] 知几-E 自动检查开始...
{'weather_records': 189, 'market_records': 0, 'pending_opportunities': 0}
[2026-03-25 08:39:26.937218] 策略分析：{"strategy": "v2.1", "executed_at": "2026-03-25T00:39:26.937202", "opportunities_found": 0, "top_opportunities": [], "total_exposure": 0}
[2026年 03月 25日 星期三 08:39:26 CST] 知几-E 自动检查完成
[2026年 03月 25日 星期三 08:40:01 CST] 随机延迟 27秒...
[2026年 03月 25日 星期三 08:40:28 CST] 知几-E 自动检查开始...
{'weather_records': 189, 'market_records': 0, 'pending_opportunities': 0}
[2026-03-25 08:40:28.142708] 策略分析：{"strategy": "v2.1", "executed_at": "2026-03-25T00:40:28.142692", "opportunities_found": 0, "top_opportunities": [], "total_exposure": 0}
[2026年 03月 25日 星期三 08:40:28 CST] 知几-E 自动检查完成
[2026年 03月 25日 星期三 08:40:42 CST] 开始知几-E 数据采集...
/home/nicola/.openclaw/workspace/polymarket-data/weather-models/wmo_collector.py:66: DeprecationWarning: datetime.datetime.utcnow() is deprecated and scheduled for removal in a future version. Use timezone-aware objects to represent datetimes in UTC: datetime.datetime.now(datetime.UTC).
  "fetched_at": datetime.utcnow().isoformat(),
Fetching beijing...
Fetching shanghai...
Fetching chongqing...
Fetching shenzhen...
Fetching guangzhou...
Fetching chengdu...
Fetching wuhan...
Fetching xian...
Fetching hangzhou...
Fetching nanjing...
Fetching new_york...
Fetching london...
Fetching tokyo...
Fetching paris...
Fetching berlin...
Fetching moscow...
Fetching sydney...
Fetching mumbai...
Fetching singapore...
Error fetching singapore: HTTPSConnectionPool(host='api.open-meteo.com', port=443): Max retries exceeded with url: /v1/forecast?latitude=1.3521&longitude=103.8198&daily=temperature_2m_max%2Ctemperature_2m_min%2Cprecipitation_sum%2Cweathercode&timezone=auto&forecast_days=7 (Caused by SSLError(SSLEOFError(8, '[SSL: UNEXPECTED_EOF_WHILE_READING] EOF occurred in violation of protocol (_ssl.c:1000)')))
Fetching dubai...
Fetching hong_kong...
Fetching taipei...
Fetching seoul...
Fetching bangkok...
Fetching jakarta...
Fetching manila...
Fetching kuala_lumpur...
Fetching hanoi...
✅ Saved 27 cities to daily_forecasts_20260325.jsonl
/home/nicola/.openclaw/workspace/skills/zhiji/strategy_v21.py:124: DeprecationWarning: datetime.datetime.utcnow() is deprecated and scheduled for removal in a future version. Use timezone-aware objects to represent datetimes in UTC: datetime.datetime.now(datetime.UTC).
  "executed_at": datetime.utcnow().isoformat(),
{
  "strategy": "v2.1",
  "executed_at": "2026-03-25T00:41:18.580987",
  "opportunities_found": 0,
  "top_opportunities": [],
  "total_exposure": 0
}
[2026年 03月 25日 星期三 08:41:18 CST] 知几-E 任务完成
[2026年 03月 25日 星期三 08:41:35 CST] 开始知几-E 数据采集...
/home/nicola/.openclaw/workspace/polymarket-data/weather-models/wmo_collector.py:66: DeprecationWarning: datetime.datetime.utcnow() is deprecated and scheduled for removal in a future version. Use timezone-aware objects to represent datetimes in UTC: datetime.datetime.now(datetime.UTC).
  "fetched_at": datetime.utcnow().isoformat(),
Fetching beijing...
Fetching shanghai...
Fetching chongqing...
Fetching shenzhen...
Fetching guangzhou...
Fetching chengdu...
Fetching wuhan...
Fetching xian...
Fetching hangzhou...
Fetching nanjing...
Fetching new_york...
Fetching london...
Fetching tokyo...
Fetching paris...
Fetching berlin...
Fetching moscow...
Fetching sydney...
Fetching mumbai...
Fetching singapore...
Fetching dubai...
Fetching hong_kong...
Fetching taipei...
Fetching seoul...
Fetching bangkok...
Fetching jakarta...
Fetching manila...
Fetching kuala_lumpur...
Fetching hanoi...
✅ Saved 28 cities to daily_forecasts_20260325.jsonl
[2026年 03月 25日 星期三 08:45:14 CST] Start Zhiji-E data collection...
/home/nicola/.openclaw/workspace/polymarket-data/weather-models/wmo_collector.py:66: DeprecationWarning: datetime.datetime.utcnow() is deprecated and scheduled for removal in a future version. Use timezone-aware objects to represent datetimes in UTC: datetime.datetime.now(datetime.UTC).
  "fetched_at": datetime.utcnow().isoformat(),
Fetching beijing...
Fetching shanghai...
Fetching chongqing...
Fetching shenzhen...
Fetching guangzhou...
Fetching chengdu...
Fetching wuhan...
Fetching xian...
Fetching hangzhou...
Fetching nanjing...
Fetching new_york...
Fetching london...
Fetching tokyo...
Fetching paris...
Fetching berlin...
Fetching moscow...
Fetching sydney...
Fetching mumbai...
Fetching singapore...
Error fetching singapore: HTTPSConnectionPool(host='api.open-meteo.com', port=443): Max retries exceeded with url: /v1/forecast?latitude=1.3521&longitude=103.8198&daily=temperature_2m_max%2Ctemperature_2m_min%2Cprecipitation_sum%2Cweathercode&timezone=auto&forecast_days=7 (Caused by SSLError(SSLEOFError(8, '[SSL: UNEXPECTED_EOF_WHILE_READING] EOF occurred in violation of protocol (_ssl.c:1000)')))
Fetching dubai...
Fetching hong_kong...
Fetching taipei...
Fetching seoul...
Fetching bangkok...
Fetching jakarta...
Error fetching jakarta: HTTPSConnectionPool(host='api.open-meteo.com', port=443): Max retries exceeded with url: /v1/forecast?latitude=-6.2088&longitude=106.8456&daily=temperature_2m_max%2Ctemperature_2m_min%2Cprecipitation_sum%2Cweathercode&timezone=auto&forecast_days=7 (Caused by SSLError(SSLEOFError(8, '[SSL: UNEXPECTED_EOF_WHILE_READING] EOF occurred in violation of protocol (_ssl.c:1000)')))
Fetching manila...
Fetching kuala_lumpur...
Error fetching kuala_lumpur: HTTPSConnectionPool(host='api.open-meteo.com', port=443): Max retries exceeded with url: /v1/forecast?latitude=3.139&longitude=101.6869&daily=temperature_2m_max%2Ctemperature_2m_min%2Cprecipitation_sum%2Cweathercode&timezone=auto&forecast_days=7 (Caused by SSLError(SSLEOFError(8, '[SSL: UNEXPECTED_EOF_WHILE_READING] EOF occurred in violation of protocol (_ssl.c:1000)')))
Fetching hanoi...
Error fetching hanoi: HTTPSConnectionPool(host='api.open-meteo.com', port=443): Max retries exceeded with url: /v1/forecast?latitude=21.0285&longitude=105.8542&daily=temperature_2m_max%2Ctemperature_2m_min%2Cprecipitation_sum%2Cweathercode&timezone=auto&forecast_days=7 (Caused by SSLError(SSLEOFError(8, '[SSL: UNEXPECTED_EOF_WHILE_READING] EOF occurred in violation of protocol (_ssl.c:1000)')))
✅ Saved 24 cities to daily_forecasts_20260325.jsonl
/home/nicola/.openclaw/workspace/skills/zhiji/strategy_v21.py:124: DeprecationWarning: datetime.datetime.utcnow() is deprecated and scheduled for removal in a future version. Use timezone-aware objects to represent datetimes in UTC: datetime.datetime.now(datetime.UTC).
  "executed_at": datetime.utcnow().isoformat(),
{
  "strategy": "v2.1",
  "executed_at": "2026-03-25T00:45:53.976694",
  "opportunities_found": 0,
  "top_opportunities": [],
  "total_exposure": 0
}
[2026年 03月 25日 星期三 08:45:53 CST] Zhiji-E task completed
[2026年 03月 25日 星期三 10:23:25 CST] 随机延迟 12秒...
[2026年 03月 25日 星期三 10:23:37 CST] 知几-E 自动检查开始...
{'weather_records': 189, 'market_records': 0, 'pending_opportunities': 0}
[2026-03-25 10:23:37.663579] 策略分析：{"strategy": "v2.1", "executed_at": "2026-03-25T02:23:37.663563", "opportunities_found": 0, "top_opportunities": [], "total_exposure": 0}
[2026年 03月 25日 星期三 10:23:37 CST] 知几-E 自动检查完成
[2026年 03月 25日 星期三 10:25:01 CST] 随机延迟 17秒...
[2026年 03月 25日 星期三 10:25:18 CST] 知几-E 自动检查开始...
{'weather_records': 189, 'market_records': 0, 'pending_opportunities': 0}
[2026-03-25 10:25:18.264062] 策略分析：{"strategy": "v2.1", "executed_at": "2026-03-25T02:25:18.264046", "opportunities_found": 0, "top_opportunities": [], "total_exposure": 0}
[2026年 03月 25日 星期三 10:25:18 CST] 知几-E 自动检查完成
[2026年 03月 25日 星期三 10:30:01 CST] 随机延迟 17秒...
[2026年 03月 25日 星期三 10:30:18 CST] 知几-E 自动检查开始...
{'weather_records': 189, 'market_records': 0, 'pending_opportunities': 0}
[2026-03-25 10:30:18.431444] 策略分析：{"strategy": "v2.1", "executed_at": "2026-03-25T02:30:18.431428", "opportunities_found": 0, "top_opportunities": [], "total_exposure": 0}
[2026年 03月 25日 星期三 10:30:18 CST] 知几-E 自动检查完成
[2026年 03月 25日 星期三 10:35:01 CST] 随机延迟 5秒...
[2026年 03月 25日 星期三 10:35:06 CST] 知几-E 自动检查开始...
{'weather_records': 189, 'market_records': 0, 'pending_opportunities': 0}
[2026-03-25 10:35:06.588124] 策略分析：{"strategy": "v2.1", "executed_at": "2026-03-25T02:35:06.588108", "opportunities_found": 0, "top_opportunities": [], "total_exposure": 0}
[2026年 03月 25日 星期三 10:35:06 CST] 知几-E 自动检查完成
[2026年 03月 25日 星期三 10:40:01 CST] 随机延迟 28秒...
[2026年 03月 25日 星期三 10:40:29 CST] 知几-E 自动检查开始...
{'weather_records': 189, 'market_records': 0, 'pending_opportunities': 0}
[2026-03-25 10:40:29.757420] 策略分析：{"strategy": "v2.1", "executed_at": "2026-03-25T02:40:29.757404", "opportunities_found": 0, "top_opportunities": [], "total_exposure": 0}
[2026年 03月 25日 星期三 10:40:29 CST] 知几-E 自动检查完成
[2026年 03月 25日 星期三 10:45:01 CST] 随机延迟 6秒...
[2026年 03月 25日 星期三 10:45:07 CST] 知几-E 自动检查开始...
{'weather_records': 189, 'market_records': 0, 'pending_opportunities': 0}
[2026-03-25 10:45:07.912157] 策略分析：{"strategy": "v2.1", "executed_at": "2026-03-25T02:45:07.912142", "opportunities_found": 0, "top_opportunities": [], "total_exposure": 0}
[2026年 03月 25日 星期三 10:45:07 CST] 知几-E 自动检查完成
[2026年 03月 25日 星期三 10:50:01 CST] 随机延迟 27秒...
[2026年 03月 25日 星期三 10:50:28 CST] 知几-E 自动检查开始...
{'weather_records': 189, 'market_records': 0, 'pending_opportunities': 0}
[2026-03-25 10:50:28.095687] 策略分析：{"strategy": "v2.1", "executed_at": "2026-03-25T02:50:28.095668", "opportunities_found": 0, "top_opportunities": [], "total_exposure": 0}
[2026年 03月 25日 星期三 10:50:28 CST] 知几-E 自动检查完成
[2026年 03月 25日 星期三 10:55:01 CST] 随机延迟 17秒...
[2026年 03月 25日 星期三 10:55:18 CST] 知几-E 自动检查开始...
{'weather_records': 189, 'market_records': 0, 'pending_opportunities': 0}
[2026-03-25 10:55:18.252286] 策略分析：{"strategy": "v2.1", "executed_at": "2026-03-25T02:55:18.252269", "opportunities_found": 0, "top_opportunities": [], "total_exposure": 0}
[2026年 03月 25日 星期三 10:55:18 CST] 知几-E 自动检查完成
[2026年 03月 25日 星期三 11:00:01 CST] 随机延迟 5秒...
[2026年 03月 25日 星期三 11:00:06 CST] 知几-E 自动检查开始...
{'weather_records': 189, 'market_records': 0, 'pending_opportunities': 0}
[2026-03-25 11:00:06.421781] 策略分析：{"strategy": "v2.1", "executed_at": "2026-03-25T03:00:06.421764", "opportunities_found": 0, "top_opportunities": [], "total_exposure": 0}
[2026年 03月 25日 星期三 11:00:06 CST] 知几-E 自动检查完成
[2026年 03月 25日 星期三 11:05:01 CST] 随机延迟 25秒...
[2026年 03月 25日 星期三 11:05:26 CST] 知几-E 自动检查开始...
{'weather_records': 189, 'market_records': 0, 'pending_opportunities': 0}
[2026-03-25 11:05:26.580268] 策略分析：{"strategy": "v2.1", "executed_at": "2026-03-25T03:05:26.580251", "opportunities_found": 0, "top_opportunities": [], "total_exposure": 0}
[2026年 03月 25日 星期三 11:05:26 CST] 知几-E 自动检查完成
[2026年 03月 25日 星期三 11:10:01 CST] 随机延迟 9秒...
[2026年 03月 25日 星期三 11:10:10 CST] 知几-E 自动检查开始...
{'weather_records': 189, 'market_records': 0, 'pending_opportunities': 0}
[2026-03-25 11:10:10.750122] 策略分析：{"strategy": "v2.1", "executed_at": "2026-03-25T03:10:10.750106", "opportunities_found": 0, "top_opportunities": [], "total_exposure": 0}
[2026年 03月 25日 星期三 11:10:10 CST] 知几-E 自动检查完成
[2026年 03月 25日 星期三 11:15:01 CST] 随机延迟 7秒...
[2026年 03月 25日 星期三 11:15:08 CST] 知几-E 自动检查开始...
{'weather_records': 189, 'market_records': 0, 'pending_opportunities': 0}
[2026-03-25 11:15:08.918521] 策略分析：{"strategy": "v2.1", "executed_at": "2026-03-25T03:15:08.918506", "opportunities_found": 0, "top_opportunities": [], "total_exposure": 0}
[2026年 03月 25日 星期三 11:15:08 CST] 知几-E 自动检查完成
[2026年 03月 25日 星期三 11:20:02 CST] 随机延迟 20秒...
[2026年 03月 25日 星期三 11:20:22 CST] 知几-E 自动检查开始...
{'weather_records': 189, 'market_records': 0, 'pending_opportunities': 0}
[2026-03-25 11:20:22.105480] 策略分析：{"strategy": "v2.1", "executed_at": "2026-03-25T03:20:22.105465", "opportunities_found": 0, "top_opportunities": [], "total_exposure": 0}
[2026年 03月 25日 星期三 11:20:22 CST] 知几-E 自动检查完成
[2026年 03月 25日 星期三 11:25:01 CST] 随机延迟 16秒...
[2026年 03月 25日 星期三 11:25:17 CST] 知几-E 自动检查开始...
{'weather_records': 189, 'market_records': 0, 'pending_opportunities': 0}
[2026-03-25 11:25:17.275222] 策略分析：{"strategy": "v2.1", "executed_at": "2026-03-25T03:25:17.275207", "opportunities_found": 0, "top_opportunities": [], "total_exposure": 0}
[2026年 03月 25日 星期三 11:25:17 CST] 知几-E 自动检查完成
[2026年 03月 25日 星期三 11:30:01 CST] 随机延迟 20秒...
[2026年 03月 25日 星期三 11:30:21 CST] 知几-E 自动检查开始...
{'weather_records': 189, 'market_records': 0, 'pending_opportunities': 0}
[2026-03-25 11:30:21.455925] 策略分析：{"strategy": "v2.1", "executed_at": "2026-03-25T03:30:21.455910", "opportunities_found": 0, "top_opportunities": [], "total_exposure": 0}
[2026年 03月 25日 星期三 11:30:21 CST] 知几-E 自动检查完成
[2026年 03月 25日 星期三 11:35:01 CST] 随机延迟 11秒...
[2026年 03月 25日 星期三 11:35:12 CST] 知几-E 自动检查开始...
{'weather_records': 189, 'market_records': 0, 'pending_opportunities': 0}
[2026-03-25 11:35:12.611653] 策略分析：{"strategy": "v2.1", "executed_at": "2026-03-25T03:35:12.611636", "opportunities_found": 0, "top_opportunities": [], "total_exposure": 0}
[2026年 03月 25日 星期三 11:35:12 CST] 知几-E 自动检查完成
[2026年 03月 25日 星期三 11:40:01 CST] 随机延迟 11秒...
[2026年 03月 25日 星期三 11:40:12 CST] 知几-E 自动检查开始...
{'weather_records': 189, 'market_records': 0, 'pending_opportunities': 0}
[2026-03-25 11:40:12.784245] 策略分析：{"strategy": "v2.1", "executed_at": "2026-03-25T03:40:12.784229", "opportunities_found": 0, "top_opportunities": [], "total_exposure": 0}
[2026年 03月 25日 星期三 11:40:12 CST] 知几-E 自动检查完成
[2026年 03月 25日 星期三 11:45:01 CST] 随机延迟 29秒...
[2026年 03月 25日 星期三 11:45:30 CST] 知几-E 自动检查开始...
{'weather_records': 189, 'market_records': 0, 'pending_opportunities': 0}
[2026-03-25 11:45:30.935250] 策略分析：{"strategy": "v2.1", "executed_at": "2026-03-25T03:45:30.935235", "opportunities_found": 0, "top_opportunities": [], "total_exposure": 0}
[2026年 03月 25日 星期三 11:45:30 CST] 知几-E 自动检查完成
[2026年 03月 25日 星期三 11:50:01 CST] 随机延迟 20秒...
[2026年 03月 25日 星期三 11:50:21 CST] 知几-E 自动检查开始...
{'weather_records': 189, 'market_records': 0, 'pending_opportunities': 0}
[2026-03-25 11:50:21.101430] 策略分析：{"strategy": "v2.1", "executed_at": "2026-03-25T03:50:21.101414", "opportunities_found": 0, "top_opportunities": [], "total_exposure": 0}
[2026年 03月 25日 星期三 11:50:21 CST] 知几-E 自动检查完成
[2026年 03月 25日 星期三 11:55:01 CST] 随机延迟 19秒...
[2026年 03月 25日 星期三 11:55:20 CST] 知几-E 自动检查开始...
{'weather_records': 189, 'market_records': 0, 'pending_opportunities': 0}
[2026-03-25 11:55:20.250528] 策略分析：{"strategy": "v2.1", "executed_at": "2026-03-25T03:55:20.250512", "opportunities_found": 0, "top_opportunities": [], "total_exposure": 0}
[2026年 03月 25日 星期三 11:55:20 CST] 知几-E 自动检查完成
[2026年 03月 25日 星期三 12:00:01 CST] 随机延迟 5秒...
[2026年 03月 25日 星期三 12:00:06 CST] 知几-E 自动检查开始...
{'weather_records': 189, 'market_records': 0, 'pending_opportunities': 0}
[2026-03-25 12:00:06.422440] 策略分析：{"strategy": "v2.1", "executed_at": "2026-03-25T04:00:06.422424", "opportunities_found": 0, "top_opportunities": [], "total_exposure": 0}
[2026年 03月 25日 星期三 12:00:06 CST] 知几-E 自动检查完成
[2026年 03月 25日 星期三 12:05:01 CST] 随机延迟 14秒...
[2026年 03月 25日 星期三 12:05:15 CST] 知几-E 自动检查开始...
{'weather_records': 189, 'market_records': 0, 'pending_opportunities': 0}
[2026-03-25 12:05:15.574635] 策略分析：{"strategy": "v2.1", "executed_at": "2026-03-25T04:05:15.574619", "opportunities_found": 0, "top_opportunities": [], "total_exposure": 0}
[2026年 03月 25日 星期三 12:05:15 CST] 知几-E 自动检查完成
[2026年 03月 25日 星期三 12:10:01 CST] 随机延迟 24秒...
[2026年 03月 25日 星期三 12:10:25 CST] 知几-E 自动检查开始...
{'weather_records': 189, 'market_records': 0, 'pending_opportunities': 0}
[2026-03-25 12:10:25.750865] 策略分析：{"strategy": "v2.1", "executed_at": "2026-03-25T04:10:25.750849", "opportunities_found": 0, "top_opportunities": [], "total_exposure": 0}
[2026年 03月 25日 星期三 12:10:25 CST] 知几-E 自动检查完成
[2026年 03月 25日 星期三 12:15:01 CST] 随机延迟 20秒...
[2026年 03月 25日 星期三 12:15:21 CST] 知几-E 自动检查开始...
{'weather_records': 189, 'market_records': 0, 'pending_opportunities': 0}
[2026-03-25 12:15:21.927384] 策略分析：{"strategy": "v2.1", "executed_at": "2026-03-25T04:15:21.927363", "opportunities_found": 0, "top_opportunities": [], "total_exposure": 0}
[2026年 03月 25日 星期三 12:15:21 CST] 知几-E 自动检查完成
[2026年 03月 25日 星期三 12:20:01 CST] 随机延迟 3秒...
[2026年 03月 25日 星期三 12:20:04 CST] 知几-E 自动检查开始...
{'weather_records': 189, 'market_records': 0, 'pending_opportunities': 0}
[2026-03-25 12:20:04.294708] 策略分析：{"strategy": "v2.1", "executed_at": "2026-03-25T04:20:04.294692", "opportunities_found": 0, "top_opportunities": [], "total_exposure": 0}
[2026年 03月 25日 星期三 12:20:04 CST] 知几-E 自动检查完成
[2026年 03月 25日 星期三 12:25:01 CST] 随机延迟 20秒...
[2026年 03月 25日 星期三 12:25:21 CST] 知几-E 自动检查开始...
{'weather_records': 189, 'market_records': 0, 'pending_opportunities': 0}
[2026-03-25 12:25:21.594151] 策略分析：{"strategy": "v2.1", "executed_at": "2026-03-25T04:25:21.594134", "opportunities_found": 0, "top_opportunities": [], "total_exposure": 0}
[2026年 03月 25日 星期三 12:25:21 CST] 知几-E 自动检查完成
[2026年 03月 25日 星期三 12:30:01 CST] 随机延迟 1秒...
[2026年 03月 25日 星期三 12:30:02 CST] 知几-E 自动检查开始...
{'weather_records': 189, 'market_records': 0, 'pending_opportunities': 0}
[2026-03-25 12:30:02.934081] 策略分析：{"strategy": "v2.1", "executed_at": "2026-03-25T04:30:02.934065", "opportunities_found": 0, "top_opportunities": [], "total_exposure": 0}
[2026年 03月 25日 星期三 12:30:02 CST] 知几-E 自动检查完成
[2026年 03月 25日 星期三 12:35:01 CST] 随机延迟 11秒...
[2026年 03月 25日 星期三 12:35:12 CST] 知几-E 自动检查开始...
{'weather_records': 189, 'market_records': 0, 'pending_opportunities': 0}
[2026-03-25 12:35:12.234014] 策略分析：{"strategy": "v2.1", "executed_at": "2026-03-25T04:35:12.233998", "opportunities_found": 0, "top_opportunities": [], "total_exposure": 0}
[2026年 03月 25日 星期三 12:35:12 CST] 知几-E 自动检查完成
[2026年 03月 25日 星期三 12:40:01 CST] 随机延迟 16秒...
[2026年 03月 25日 星期三 12:40:17 CST] 知几-E 自动检查开始...
{'weather_records': 189, 'market_records': 0, 'pending_opportunities': 0}
[2026-03-25 12:40:17.548096] 策略分析：{"strategy": "v2.1", "executed_at": "2026-03-25T04:40:17.548080", "opportunities_found": 0, "top_opportunities": [], "total_exposure": 0}
[2026年 03月 25日 星期三 12:40:17 CST] 知几-E 自动检查完成
[2026年 03月 25日 星期三 12:45:01 CST] 随机延迟 2秒...
[2026年 03月 25日 星期三 12:45:03 CST] 知几-E 自动检查开始...
{'weather_records': 189, 'market_records': 0, 'pending_opportunities': 0}
[2026-03-25 12:45:03.850921] 策略分析：{"strategy": "v2.1", "executed_at": "2026-03-25T04:45:03.850904", "opportunities_found": 0, "top_opportunities": [], "total_exposure": 0}
[2026年 03月 25日 星期三 12:45:03 CST] 知几-E 自动检查完成
[2026年 03月 25日 星期三 12:50:01 CST] 随机延迟 19秒...
[2026年 03月 25日 星期三 12:50:20 CST] 知几-E 自动检查开始...
{'weather_records': 189, 'market_records': 0, 'pending_opportunities': 0}
[2026-03-25 12:50:20.190666] 策略分析：{"strategy": "v2.1", "executed_at": "2026-03-25T04:50:20.190650", "opportunities_found": 0, "top_opportunities": [], "total_exposure": 0}
[2026年 03月 25日 星期三 12:50:20 CST] 知几-E 自动检查完成
[2026年 03月 25日 星期三 12:55:01 CST] 随机延迟 28秒...
[2026年 03月 25日 星期三 12:55:29 CST] 知几-E 自动检查开始...
{'weather_records': 189, 'market_records': 0, 'pending_opportunities': 0}
[2026-03-25 12:55:29.480941] 策略分析：{"strategy": "v2.1", "executed_at": "2026-03-25T04:55:29.480925", "opportunities_found": 0, "top_opportunities": [], "total_exposure": 0}
[2026年 03月 25日 星期三 12:55:29 CST] 知几-E 自动检查完成
[2026年 03月 25日 星期三 13:00:01 CST] 随机延迟 13秒...
[2026年 03月 25日 星期三 13:00:14 CST] 知几-E 自动检查开始...
{'weather_records': 189, 'market_records': 0, 'pending_opportunities': 0}
[2026-03-25 13:00:14.804480] 策略分析：{"strategy": "v2.1", "executed_at": "2026-03-25T05:00:14.804464", "opportunities_found": 0, "top_opportunities": [], "total_exposure": 0}
[2026年 03月 25日 星期三 13:00:14 CST] 知几-E 自动检查完成
[2026年 03月 25日 星期三 13:05:01 CST] 随机延迟 14秒...
[2026年 03月 25日 星期三 13:05:15 CST] 知几-E 自动检查开始...
{'weather_records': 189, 'market_records': 0, 'pending_opportunities': 0}
[2026-03-25 13:05:15.141383] 策略分析：{"strategy": "v2.1", "executed_at": "2026-03-25T05:05:15.141366", "opportunities_found": 0, "top_opportunities": [], "total_exposure": 0}
[2026年 03月 25日 星期三 13:05:15 CST] 知几-E 自动检查完成
[2026年 03月 25日 星期三 13:10:01 CST] 随机延迟 26秒...
[2026年 03月 25日 星期三 13:10:27 CST] 知几-E 自动检查开始...
{'weather_records': 189, 'market_records': 0, 'pending_opportunities': 0}
[2026-03-25 13:10:27.524864] 策略分析：{"strategy": "v2.1", "executed_at": "2026-03-25T05:10:27.524849", "opportunities_found": 0, "top_opportunities": [], "total_exposure": 0}
[2026年 03月 25日 星期三 13:10:27 CST] 知几-E 自动检查完成
[2026年 03月 25日 星期三 13:15:01 CST] 随机延迟 17秒...
[2026年 03月 25日 星期三 13:15:18 CST] 知几-E 自动检查开始...
{'weather_records': 189, 'market_records': 0, 'pending_opportunities': 0}
[2026-03-25 13:15:18.865408] 策略分析：{"strategy": "v2.1", "executed_at": "2026-03-25T05:15:18.865393", "opportunities_found": 0, "top_opportunities": [], "total_exposure": 0}
[2026年 03月 25日 星期三 13:15:18 CST] 知几-E 自动检查完成
[2026年 03月 25日 星期三 13:20:01 CST] 随机延迟 15秒...
[2026年 03月 25日 星期三 13:20:16 CST] 知几-E 自动检查开始...
{'weather_records': 189, 'market_records': 0, 'pending_opportunities': 0}
[2026-03-25 13:20:16.232198] 策略分析：{"strategy": "v2.1", "executed_at": "2026-03-25T05:20:16.232182", "opportunities_found": 0, "top_opportunities": [], "total_exposure": 0}
[2026年 03月 25日 星期三 13:20:16 CST] 知几-E 自动检查完成
[2026年 03月 25日 星期三 13:25:01 CST] 随机延迟 15秒...
[2026年 03月 25日 星期三 13:25:16 CST] 知几-E 自动检查开始...
{'weather_records': 189, 'market_records': 0, 'pending_opportunities': 0}
[2026-03-25 13:25:16.576190] 策略分析：{"strategy": "v2.1", "executed_at": "2026-03-25T05:25:16.576173", "opportunities_found": 0, "top_opportunities": [], "total_exposure": 0}
[2026年 03月 25日 星期三 13:25:16 CST] 知几-E 自动检查完成
[2026年 03月 25日 星期三 13:30:01 CST] 随机延迟 21秒...
[2026年 03月 25日 星期三 13:30:22 CST] 知几-E 自动检查开始...
{'weather_records': 189, 'market_records': 0, 'pending_opportunities': 0}
[2026-03-25 13:30:22.940623] 策略分析：{"strategy": "v2.1", "executed_at": "2026-03-25T05:30:22.940608", "opportunities_found": 0, "top_opportunities": [], "total_exposure": 0}
[2026年 03月 25日 星期三 13:30:22 CST] 知几-E 自动检查完成
[2026年 03月 25日 星期三 13:35:01 CST] 随机延迟 9秒...
[2026年 03月 25日 星期三 13:35:10 CST] 知几-E 自动检查开始...
{'weather_records': 189, 'market_records': 0, 'pending_opportunities': 0}
[2026-03-25 13:35:10.289792] 策略分析：{"strategy": "v2.1", "executed_at": "2026-03-25T05:35:10.289778", "opportunities_found": 0, "top_opportunities": [], "total_exposure": 0}
[2026年 03月 25日 星期三 13:35:10 CST] 知几-E 自动检查完成
[2026年 03月 25日 星期三 13:40:01 CST] 随机延迟 22秒...
[2026年 03月 25日 星期三 13:40:23 CST] 知几-E 自动检查开始...
{'weather_records': 189, 'market_records': 0, 'pending_opportunities': 0}
[2026-03-25 13:40:23.699634] 策略分析：{"strategy": "v2.1", "executed_at": "2026-03-25T05:40:23.699618", "opportunities_found": 0, "top_opportunities": [], "total_exposure": 0}
[2026年 03月 25日 星期三 13:40:23 CST] 知几-E 自动检查完成
[2026年 03月 25日 星期三 13:45:01 CST] 随机延迟 4秒...
[2026年 03月 25日 星期三 13:45:05 CST] 知几-E 自动检查开始...
{'weather_records': 189, 'market_records': 0, 'pending_opportunities': 0}
[2026-03-25 13:45:06.055180] 策略分析：{"strategy": "v2.1", "executed_at": "2026-03-25T05:45:06.055164", "opportunities_found": 0, "top_opportunities": [], "total_exposure": 0}
[2026年 03月 25日 星期三 13:45:06 CST] 知几-E 自动检查完成
[2026年 03月 25日 星期三 13:50:01 CST] 随机延迟 13秒...
[2026年 03月 25日 星期三 13:50:14 CST] 知几-E 自动检查开始...
{'weather_records': 189, 'market_records': 0, 'pending_opportunities': 0}
[2026-03-25 13:50:14.415680] 策略分析：{"strategy": "v2.1", "executed_at": "2026-03-25T05:50:14.415664", "opportunities_found": 0, "top_opportunities": [], "total_exposure": 0}
[2026年 03月 25日 星期三 13:50:14 CST] 知几-E 自动检查完成
[2026年 03月 25日 星期三 13:55:01 CST] 随机延迟 15秒...
[2026年 03月 25日 星期三 13:55:16 CST] 知几-E 自动检查开始...
{'weather_records': 189, 'market_records': 0, 'pending_opportunities': 0}
[2026-03-25 13:55:16.758947] 策略分析：{"strategy": "v2.1", "executed_at": "2026-03-25T05:55:16.758930", "opportunities_found": 0, "top_opportunities": [], "total_exposure": 0}
[2026年 03月 25日 星期三 13:55:16 CST] 知几-E 自动检查完成
[2026年 03月 25日 星期三 14:00:01 CST] 随机延迟 0秒...
[2026年 03月 25日 星期三 14:00:01 CST] 知几-E 自动检查开始...
{'weather_records': 189, 'market_records': 0, 'pending_opportunities': 0}
[2026-03-25 14:00:01.139747] 策略分析：{"strategy": "v2.1", "executed_at": "2026-03-25T06:00:01.139731", "opportunities_found": 0, "top_opportunities": [], "total_exposure": 0}
[2026年 03月 25日 星期三 14:00:01 CST] 知几-E 自动检查完成
[2026年 03月 25日 星期三 14:05:01 CST] 随机延迟 20秒...
[2026年 03月 25日 星期三 14:05:21 CST] 知几-E 自动检查开始...
{'weather_records': 189, 'market_records': 0, 'pending_opportunities': 0}
[2026-03-25 14:05:21.567453] 策略分析：{"strategy": "v2.1", "executed_at": "2026-03-25T06:05:21.567438", "opportunities_found": 0, "top_opportunities": [], "total_exposure": 0}
[2026年 03月 25日 星期三 14:05:21 CST] 知几-E 自动检查完成
[2026年 03月 25日 星期三 14:10:01 CST] 随机延迟 7秒...
[2026年 03月 25日 星期三 14:10:08 CST] 知几-E 自动检查开始...
{'weather_records': 189, 'market_records': 0, 'pending_opportunities': 0}
[2026-03-25 14:10:08.889546] 策略分析：{"strategy": "v2.1", "executed_at": "2026-03-25T06:10:08.889530", "opportunities_found": 0, "top_opportunities": [], "total_exposure": 0}
[2026年 03月 25日 星期三 14:10:08 CST] 知几-E 自动检查完成
[2026年 03月 25日 星期三 14:15:01 CST] 随机延迟 10秒...
[2026年 03月 25日 星期三 14:15:11 CST] 知几-E 自动检查开始...
{'weather_records': 189, 'market_records': 0, 'pending_opportunities': 0}
[2026-03-25 14:15:11.182936] 策略分析：{"strategy": "v2.1", "executed_at": "2026-03-25T06:15:11.182920", "opportunities_found": 0, "top_opportunities": [], "total_exposure": 0}
[2026年 03月 25日 星期三 14:15:11 CST] 知几-E 自动检查完成
[2026年 03月 25日 星期三 14:20:01 CST] 随机延迟 1秒...
[2026年 03月 25日 星期三 14:20:02 CST] 知几-E 自动检查开始...
{'weather_records': 189, 'market_records': 0, 'pending_opportunities': 0}
[2026-03-25 14:20:02.496539] 策略分析：{"strategy": "v2.1", "executed_at": "2026-03-25T06:20:02.496522", "opportunities_found": 0, "top_opportunities": [], "total_exposure": 0}
[2026年 03月 25日 星期三 14:20:02 CST] 知几-E 自动检查完成
[2026年 03月 25日 星期三 14:25:01 CST] 随机延迟 19秒...
[2026年 03月 25日 星期三 14:25:20 CST] 知几-E 自动检查开始...
{'weather_records': 189, 'market_records': 0, 'pending_opportunities': 0}
[2026-03-25 14:25:20.798617] 策略分析：{"strategy": "v2.1", "executed_at": "2026-03-25T06:25:20.798601", "opportunities_found": 0, "top_opportunities": [], "total_exposure": 0}
[2026年 03月 25日 星期三 14:25:20 CST] 知几-E 自动检查完成
[2026年 03月 25日 星期三 14:30:01 CST] 随机延迟 0秒...
[2026年 03月 25日 星期三 14:30:01 CST] 知几-E 自动检查开始...
{'weather_records': 189, 'market_records': 0, 'pending_opportunities': 0}
[2026-03-25 14:30:01.131133] 策略分析：{"strategy": "v2.1", "executed_at": "2026-03-25T06:30:01.131117", "opportunities_found": 0, "top_opportunities": [], "total_exposure": 0}
[2026年 03月 25日 星期三 14:30:01 CST] 知几-E 自动检查完成
[2026年 03月 25日 星期三 14:35:01 CST] 随机延迟 8秒...
[2026年 03月 25日 星期三 14:35:09 CST] 知几-E 自动检查开始...
{'weather_records': 189, 'market_records': 0, 'pending_opportunities': 0}
[2026-03-25 14:35:09.433153] 策略分析：{"strategy": "v2.1", "executed_at": "2026-03-25T06:35:09.433135", "opportunities_found": 0, "top_opportunities": [], "total_exposure": 0}
[2026年 03月 25日 星期三 14:35:09 CST] 知几-E 自动检查完成
[2026年 03月 25日 星期三 14:40:01 CST] 随机延迟 12秒...
[2026年 03月 25日 星期三 14:40:13 CST] 知几-E 自动检查开始...
{'weather_records': 189, 'market_records': 0, 'pending_opportunities': 0}
[2026-03-25 14:40:13.751410] 策略分析：{"strategy": "v2.1", "executed_at": "2026-03-25T06:40:13.751388", "opportunities_found": 0, "top_opportunities": [], "total_exposure": 0}
[2026年 03月 25日 星期三 14:40:13 CST] 知几-E 自动检查完成
[2026年 03月 25日 星期三 14:45:02 CST] 随机延迟 8秒...
[2026年 03月 25日 星期三 14:45:10 CST] 知几-E 自动检查开始...
{'weather_records': 189, 'market_records': 0, 'pending_opportunities': 0}
[2026-03-25 14:45:10.063825] 策略分析：{"strategy": "v2.1", "executed_at": "2026-03-25T06:45:10.063809", "opportunities_found": 0, "top_opportunities": [], "total_exposure": 0}
[2026年 03月 25日 星期三 14:45:10 CST] 知几-E 自动检查完成
[2026年 03月 25日 星期三 14:50:01 CST] 随机延迟 8秒...
[2026年 03月 25日 星期三 14:50:09 CST] 知几-E 自动检查开始...
{'weather_records': 189, 'market_records': 0, 'pending_opportunities': 0}
[2026-03-25 14:50:09.371308] 策略分析：{"strategy": "v2.1", "executed_at": "2026-03-25T06:50:09.371291", "opportunities_found": 0, "top_opportunities": [], "total_exposure": 0}
[2026年 03月 25日 星期三 14:50:09 CST] 知几-E 自动检查完成
[2026年 03月 25日 星期三 14:55:01 CST] 随机延迟 11秒...
[2026年 03月 25日 星期三 14:55:12 CST] 知几-E 自动检查开始...
{'weather_records': 189, 'market_records': 0, 'pending_opportunities': 0}
[2026-03-25 14:55:12.700527] 策略分析：{"strategy": "v2.1", "executed_at": "2026-03-25T06:55:12.700511", "opportunities_found": 0, "top_opportunities": [], "total_exposure": 0}
[2026年 03月 25日 星期三 14:55:12 CST] 知几-E 自动检查完成
[2026年 03月 25日 星期三 15:00:01 CST] 随机延迟 9秒...
[2026年 03月 25日 星期三 15:00:10 CST] 知几-E 自动检查开始...
{'weather_records': 189, 'market_records': 0, 'pending_opportunities': 0}
[2026-03-25 15:00:11.044613] 策略分析：{"strategy": "v2.1", "executed_at": "2026-03-25T07:00:11.044597", "opportunities_found": 0, "top_opportunities": [], "total_exposure": 0}
[2026年 03月 25日 星期三 15:00:11 CST] 知几-E 自动检查完成
[2026年 03月 25日 星期三 15:05:01 CST] 随机延迟 2秒...
[2026年 03月 25日 星期三 15:05:03 CST] 知几-E 自动检查开始...
{'weather_records': 189, 'market_records': 0, 'pending_opportunities': 0}
[2026-03-25 15:05:03.372297] 策略分析：{"strategy": "v2.1", "executed_at": "2026-03-25T07:05:03.372281", "opportunities_found": 0, "top_opportunities": [], "total_exposure": 0}
[2026年 03月 25日 星期三 15:05:03 CST] 知几-E 自动检查完成
[2026年 03月 25日 星期三 15:10:01 CST] 随机延迟 1秒...
[2026年 03月 25日 星期三 15:10:02 CST] 知几-E 自动检查开始...
{'weather_records': 189, 'market_records': 0, 'pending_opportunities': 0}
[2026-03-25 15:10:02.739524] 策略分析：{"strategy": "v2.1", "executed_at": "2026-03-25T07:10:02.739508", "opportunities_found": 0, "top_opportunities": [], "total_exposure": 0}
[2026年 03月 25日 星期三 15:10:02 CST] 知几-E 自动检查完成
[2026年 03月 25日 星期三 15:15:01 CST] 随机延迟 4秒...
[2026年 03月 25日 星期三 15:15:05 CST] 知几-E 自动检查开始...
{'weather_records': 189, 'market_records': 0, 'pending_opportunities': 0}
[2026-03-25 15:15:05.088449] 策略分析：{"strategy": "v2.1", "executed_at": "2026-03-25T07:15:05.088433", "opportunities_found": 0, "top_opportunities": [], "total_exposure": 0}
[2026年 03月 25日 星期三 15:15:05 CST] 知几-E 自动检查完成
[2026年 03月 25日 星期三 15:20:01 CST] 随机延迟 0秒...
[2026年 03月 25日 星期三 15:20:01 CST] 知几-E 自动检查开始...
{'weather_records': 189, 'market_records': 0, 'pending_opportunities': 0}
[2026-03-25 15:20:01.463756] 策略分析：{"strategy": "v2.1", "executed_at": "2026-03-25T07:20:01.463740", "opportunities_found": 0, "top_opportunities": [], "total_exposure": 0}
[2026年 03月 25日 星期三 15:20:01 CST] 知几-E 自动检查完成
[2026年 03月 25日 星期三 15:25:01 CST] 随机延迟 14秒...
[2026年 03月 25日 星期三 15:25:15 CST] 知几-E 自动检查开始...
{'weather_records': 189, 'market_records': 0, 'pending_opportunities': 0}
[2026-03-25 15:25:15.799463] 策略分析：{"strategy": "v2.1", "executed_at": "2026-03-25T07:25:15.799447", "opportunities_found": 0, "top_opportunities": [], "total_exposure": 0}
[2026年 03月 25日 星期三 15:25:15 CST] 知几-E 自动检查完成
[2026年 03月 25日 星期三 15:29:56 CST] 随机延迟 4秒...
[2026年 03月 25日 星期三 15:30:00 CST] 知几-E 自动检查开始...
{'weather_records': 189, 'market_records': 0, 'pending_opportunities': 0}
[2026-03-25 15:30:00.410023] 策略分析：{"strategy": "v2.1", "executed_at": "2026-03-25T07:30:00.410006", "opportunities_found": 0, "top_opportunities": [], "total_exposure": 0}
[2026年 03月 25日 星期三 15:30:00 CST] 知几-E 自动检查完成
[2026年 03月 25日 星期三 15:30:01 CST] 随机延迟 5秒...
[2026年 03月 25日 星期三 15:30:06 CST] 知几-E 自动检查开始...
{'weather_records': 189, 'market_records': 0, 'pending_opportunities': 0}
[2026-03-25 15:30:06.179831] 策略分析：{"strategy": "v2.1", "executed_at": "2026-03-25T07:30:06.179816", "opportunities_found": 0, "top_opportunities": [], "total_exposure": 0}
[2026年 03月 25日 星期三 15:30:06 CST] 知几-E 自动检查完成
[2026年 03月 25日 星期三 15:34:06 CST] 随机延迟 22秒...
[2026年 03月 25日 星期三 15:34:28 CST] 知几-E 自动检查开始...
{'weather_records': 189, 'market_records': 0, 'pending_opportunities': 0}
[2026-03-25 15:34:28.533141] 策略分析：{"strategy": "v2.1", "executed_at": "2026-03-25T07:34:28.533125", "opportunities_found": 0, "top_opportunities": [], "total_exposure": 0}
[2026年 03月 25日 星期三 15:34:28 CST] 知几-E 自动检查完成
[2026年 03月 25日 星期三 15:35:01 CST] 随机延迟 2秒...
[2026年 03月 25日 星期三 15:35:03 CST] 知几-E 自动检查开始...
{'weather_records': 189, 'market_records': 0, 'pending_opportunities': 0}
[2026-03-25 15:35:03.561055] 策略分析：{"strategy": "v2.1", "executed_at": "2026-03-25T07:35:03.561039", "opportunities_found": 0, "top_opportunities": [], "total_exposure": 0}
[2026年 03月 25日 星期三 15:35:03 CST] 知几-E 自动检查完成
[2026年 03月 25日 星期三 15:40:01 CST] 随机延迟 6秒...
[2026年 03月 25日 星期三 15:40:07 CST] 知几-E 自动检查开始...
{'weather_records': 189, 'market_records': 0, 'pending_opportunities': 0}
[2026-03-25 15:40:07.941662] 策略分析：{"strategy": "v2.1", "executed_at": "2026-03-25T07:40:07.941646", "opportunities_found": 0, "top_opportunities": [], "total_exposure": 0}
[2026年 03月 25日 星期三 15:40:07 CST] 知几-E 自动检查完成
[2026年 03月 25日 星期三 15:45:01 CST] 随机延迟 18秒...
[2026年 03月 25日 星期三 15:45:19 CST] 知几-E 自动检查开始...
{'weather_records': 189, 'market_records': 0, 'pending_opportunities': 0}
[2026-03-25 15:45:19.304701] 策略分析：{"strategy": "v2.1", "executed_at": "2026-03-25T07:45:19.304683", "opportunities_found": 0, "top_opportunities": [], "total_exposure": 0}
[2026年 03月 25日 星期三 15:45:19 CST] 知几-E 自动检查完成
[2026年 03月 25日 星期三 15:50:01 CST] 随机延迟 16秒...
[2026年 03月 25日 星期三 15:50:17 CST] 知几-E 自动检查开始...
{'weather_records': 189, 'market_records': 0, 'pending_opportunities': 0}
[2026-03-25 15:50:17.661207] 策略分析：{"strategy": "v2.1", "executed_at": "2026-03-25T07:50:17.661190", "opportunities_found": 0, "top_opportunities": [], "total_exposure": 0}
[2026年 03月 25日 星期三 15:50:17 CST] 知几-E 自动检查完成
[2026年 03月 25日 星期三 20:49:03 CST] Start Zhiji-E data collection...
/home/nicola/.openclaw/workspace/polymarket-data/weather-models/wmo_collector.py:66: DeprecationWarning: datetime.datetime.utcnow() is deprecated and scheduled for removal in a future version. Use timezone-aware objects to represent datetimes in UTC: datetime.datetime.now(datetime.UTC).
  "fetched_at": datetime.utcnow().isoformat(),
Fetching beijing...
Fetching shanghai...
Fetching chongqing...
Fetching shenzhen...
Fetching guangzhou...
Fetching chengdu...
Fetching wuhan...
Fetching xian...
Error fetching xian: HTTPSConnectionPool(host='api.open-meteo.com', port=443): Max retries exceeded with url: /v1/forecast?latitude=34.3416&longitude=108.9398&daily=temperature_2m_max%2Ctemperature_2m_min%2Cprecipitation_sum%2Cweathercode&timezone=auto&forecast_days=7 (Caused by SSLError(SSLEOFError(8, '[SSL: UNEXPECTED_EOF_WHILE_READING] EOF occurred in violation of protocol (_ssl.c:1000)')))
Fetching hangzhou...
Fetching nanjing...
Fetching new_york...
Error fetching new_york: HTTPSConnectionPool(host='api.open-meteo.com', port=443): Max retries exceeded with url: /v1/forecast?latitude=40.7128&longitude=-74.006&daily=temperature_2m_max%2Ctemperature_2m_min%2Cprecipitation_sum%2Cweathercode&timezone=auto&forecast_days=7 (Caused by SSLError(SSLEOFError(8, '[SSL: UNEXPECTED_EOF_WHILE_READING] EOF occurred in violation of protocol (_ssl.c:1000)')))
Fetching london...
Fetching tokyo...
Fetching paris...
Fetching berlin...
Fetching moscow...
Fetching sydney...
Fetching mumbai...
Fetching singapore...
Fetching dubai...
Fetching hong_kong...
Error fetching hong_kong: HTTPSConnectionPool(host='api.open-meteo.com', port=443): Max retries exceeded with url: /v1/forecast?latitude=22.3193&longitude=114.1694&daily=temperature_2m_max%2Ctemperature_2m_min%2Cprecipitation_sum%2Cweathercode&timezone=auto&forecast_days=7 (Caused by SSLError(SSLEOFError(8, '[SSL: UNEXPECTED_EOF_WHILE_READING] EOF occurred in violation of protocol (_ssl.c:1000)')))
Fetching taipei...
Fetching seoul...
Fetching bangkok...
Fetching jakarta...
Fetching manila...
Fetching kuala_lumpur...
Fetching hanoi...
✅ Saved 25 cities to daily_forecasts_20260325.jsonl
/home/nicola/.openclaw/workspace/skills/zhiji/strategy_v21.py:124: DeprecationWarning: datetime.datetime.utcnow() is deprecated and scheduled for removal in a future version. Use timezone-aware objects to represent datetimes in UTC: datetime.datetime.now(datetime.UTC).
  "executed_at": datetime.utcnow().isoformat(),
{
  "strategy": "v2.1",
  "executed_at": "2026-03-25T12:49:49.021636",
  "opportunities_found": 0,
  "top_opportunities": [],
  "total_exposure": 0
}
[2026年 03月 25日 星期三 20:49:49 CST] Zhiji-E task completed
